Mplus VERSION 8.11
MUTHEN & MUTHEN
01/13/2025   4:48 PM

INPUT INSTRUCTIONS

  TITLE:
     Traditional path analysis for estimating joint effects
     and prolongued exposure effect.
     - K = 2 (waves)
     - Model correctly specified

  DATA:
      FILE = repList_condition18.dat;
      TYPE = MONTECARLO;

  VARIABLE:
      NAMES = C0 L1 A1 L2 A2 Y
              Pr_A1 Pr_A2 ps1 ps2 W W_correct;
      USEVARIABLES = C0-Y;
      MISSING = .;
      CATEGORICAL = A1 A2;

  ANALYSIS:
     ESTIMATOR = ML;
     LINK = PROBIT;

  MODEL:
      ! Lagged effects on Y
      Y ON A1*0.2 A2*0.4 (B_A1Y B_A2Y);
      Y ON L1*0.15 L2*0.3 (B_L1Y B_L2Y);
      Y ON C0*0.1 (B_C0Y);

      ! Lagged effects on L
      L2 ON L1*0.3 A1*0.4 C0*0.1 (B_L1L2 B_A1L2 B_C0L2);
      L1 ON C0*0.1;

      ! Lagged effects on A
      A2 ON C0 A1 L1 L2;
      A1 ON C0 L1;

      ! Variance
      C0;

      ! Residual variances
      L1 L2 Y;

      ! Thresholds
      [A1$1 A2$1] (tau1 tau2);

  MODEL CONSTRAINT:
      NEW(JTE_A1*0.32);
      JTE_A1 = B_A1L2*B_L2Y + B_A1Y;

      NEW(AvN*0.72);
      AvN = JTE_A1 + B_A2Y;

  SAVEDATA:
      RESULTS = results_correct_condition18.dat;



INPUT READING TERMINATED NORMALLY




Traditional path analysis for estimating joint effects
and prolongued exposure effect.
- K = 2 (waves)
- Model correctly specified

SUMMARY OF ANALYSIS

Number of groups                                                 1
Average number of observations                                 500

Number of replications
    Requested                                                 1000
    Completed                                                 1000

Number of dependent variables                                    5
Number of independent variables                                  1
Number of continuous latent variables                            0

Observed dependent variables

  Continuous
   L1          L2          Y

  Binary and ordered categorical (ordinal)
   A1          A2

Observed independent variables
   C0


Estimator                                                       ML
Information matrix                                        OBSERVED
Optimization Specifications for the Quasi-Newton Algorithm for
Continuous Outcomes
  Maximum number of iterations                                 100
  Convergence criterion                                  0.100D-05
Optimization Specifications for the EM Algorithm
  Maximum number of iterations                                 500
  Convergence criteria
    Loglikelihood change                                 0.100D-02
    Relative loglikelihood change                        0.100D-05
    Derivative                                           0.100D-02
Optimization Specifications for the M step of the EM Algorithm for
Categorical Latent variables
  Number of M step iterations                                    1
  M step convergence criterion                           0.100D-02
  Basis for M step termination                           ITERATION
Optimization Specifications for the M step of the EM Algorithm for
Censored, Binary or Ordered Categorical (Ordinal), Unordered
Categorical (Nominal) and Count Outcomes
  Number of M step iterations                                    1
  M step convergence criterion                           0.100D-02
  Basis for M step termination                           ITERATION
  Maximum value for logit thresholds                            10
  Minimum value for logit thresholds                           -10
  Minimum expected cell size for chi-square              0.100D-01
Maximum number of iterations for H1                           2000
Convergence criterion for H1                             0.100D-03
Optimization algorithm                                         EMA
Integration Specifications
  Type                                                    STANDARD
  Number of integration points                                  15
  Dimensions of numerical integration                            0
  Adaptive quadrature                                           ON
Link                                                        PROBIT
Cholesky                                                        ON

Input data file(s)
  Multiple data files from
    repList_condition18.dat
Input data format  FREE


SUMMARY OF DATA FOR THE FIRST REPLICATION

     Number of missing data patterns             1
     Number of y missing data patterns           1
     Number of u missing data patterns           1


SUMMARY OF MISSING DATA PATTERNS FOR THE FIRST REPLICATION


     MISSING DATA PATTERNS FOR Y (x = not missing)

           1
 L1        x
 L2        x
 Y         x
 C0        x


     MISSING DATA PATTERN FREQUENCIES FOR Y

    Pattern   Frequency
          1         500


COVARIANCE COVERAGE OF DATA FOR THE FIRST REPLICATION

Minimum covariance coverage value   0.100


     PROPORTION OF DATA PRESENT FOR Y


           Covariance Coverage
              L1            L2            Y             C0
              ________      ________      ________      ________
 L1             1.000
 L2             1.000         1.000
 Y              1.000         1.000         1.000
 C0             1.000         1.000         1.000         1.000


UNIVARIATE PROPORTIONS FOR CATEGORICAL VARIABLES

NOTE:  These are average results over 1000 data sets.

    A1
      Category 1    0.100
      Category 2    0.900
    A2
      Category 1    0.099
      Category 2    0.901


SAMPLE STATISTICS

NOTE:  These are average results over 1000 data sets.


     SAMPLE STATISTICS


           Means
              L1            L2            Y             C0
              ________      ________      ________      ________
                1.400         2.181         1.806         3.999


           Covariances
              L1            L2            Y             C0
              ________      ________      ________      ________
 L1             1.005
 L2             0.328         1.129
 Y              0.286         0.437         1.228
 C0             0.099         0.134         0.163         1.000


           Correlations
              L1            L2            Y             C0
              ________      ________      ________      ________
 L1             1.000
 L2             0.308         1.000
 Y              0.257         0.371         1.000
 C0             0.099         0.126         0.147         1.000




MODEL FIT INFORMATION

Number of Free Parameters                       25

Loglikelihood

    H0 Value

        Mean                             -3130.369
        Std Dev                             39.326
        Number of successful computations     1000

             Proportions                   Percentiles
        Expected    Observed         Expected       Observed
           0.990       0.984        -3221.853      -3227.367
           0.980       0.980        -3211.132      -3216.456
           0.950       0.956        -3195.056      -3192.360
           0.900       0.899        -3180.769      -3181.379
           0.800       0.803        -3163.465      -3163.269
           0.700       0.702        -3150.991      -3150.865
           0.500       0.494        -3130.369      -3130.865
           0.300       0.291        -3109.746      -3110.742
           0.200       0.190        -3097.272      -3098.507
           0.100       0.100        -3079.968      -3080.366
           0.050       0.048        -3065.681      -3065.918
           0.020       0.023        -3049.605      -3048.536
           0.010       0.012        -3038.884      -3035.291

Information Criteria

    Akaike (AIC)

        Mean                              6310.737
        Std Dev                             78.652
        Number of successful computations     1000

             Proportions                   Percentiles
        Expected    Observed         Expected       Observed
           0.990       0.988         6127.769       6117.933
           0.980       0.977         6149.209       6145.188
           0.950       0.952         6181.362       6181.623
           0.900       0.900         6209.936       6209.636
           0.800       0.810         6244.543       6246.572
           0.700       0.709         6269.492       6271.171
           0.500       0.506         6310.737       6311.644
           0.300       0.298         6351.982       6351.441
           0.200       0.197         6376.931       6376.217
           0.100       0.101         6411.538       6411.582
           0.050       0.044         6440.112       6431.178
           0.020       0.020         6472.265       6471.008
           0.010       0.016         6493.705       6503.370

    Bayesian (BIC)

        Mean                              6416.102
        Std Dev                             78.652
        Number of successful computations     1000

             Proportions                   Percentiles
        Expected    Observed         Expected       Observed
           0.990       0.988         6233.134       6223.298
           0.980       0.977         6254.574       6250.553
           0.950       0.952         6286.727       6286.988
           0.900       0.900         6315.302       6315.001
           0.800       0.810         6349.909       6351.937
           0.700       0.709         6374.857       6376.536
           0.500       0.506         6416.102       6417.009
           0.300       0.298         6457.347       6456.807
           0.200       0.197         6482.296       6481.582
           0.100       0.101         6516.903       6516.947
           0.050       0.044         6545.477       6536.543
           0.020       0.020         6577.630       6576.373
           0.010       0.016         6599.071       6608.735

    Sample-Size Adjusted BIC (n* = (n + 2) / 24)

        Mean                              6336.751
        Std Dev                             78.652
        Number of successful computations     1000

             Proportions                   Percentiles
        Expected    Observed         Expected       Observed
           0.990       0.988         6153.782       6143.947
           0.980       0.977         6175.223       6171.202
           0.950       0.952         6207.376       6207.637
           0.900       0.900         6235.950       6235.649
           0.800       0.810         6270.557       6272.586
           0.700       0.709         6295.506       6297.184
           0.500       0.506         6336.751       6337.658
           0.300       0.298         6377.996       6377.455
           0.200       0.197         6402.944       6402.231
           0.100       0.101         6437.551       6437.596
           0.050       0.044         6466.125       6457.192
           0.020       0.020         6498.278       6497.022
           0.010       0.016         6519.719       6529.383



MODEL RESULTS

                              ESTIMATES              S. E.     M. S. E.  95%  % Sig
                 Population   Average   Std. Dev.   Average             Cover Coeff

 Y          ON
  A1                  0.200     0.2056     0.1525     0.1540     0.0233 0.958 0.265
  A2                  0.400     0.4030     0.1579     0.1552     0.0249 0.947 0.743
  L1                  0.150     0.1510     0.0482     0.0474     0.0023 0.945 0.887
  L2                  0.300     0.3003     0.0467     0.0453     0.0022 0.939 1.000
  C0                  0.100     0.0978     0.0446     0.0452     0.0020 0.955 0.594

 L2         ON
  L1                  0.300     0.2992     0.0453     0.0453     0.0020 0.953 1.000
  A1                  0.400     0.4030     0.1470     0.1515     0.0216 0.954 0.764
  C0                  0.100     0.0986     0.0450     0.0449     0.0020 0.947 0.588

 L1         ON
  C0                  0.100     0.0994     0.0461     0.0446     0.0021 0.945 0.593

 A2         ON
  C0                  0.000     0.0583     0.0811     0.0830     0.0100 0.903 0.097
  A1                  0.000     0.4338     0.2391     0.2311     0.2453 0.516 0.484
  L1                  0.000     0.1311     0.0865     0.0874     0.0247 0.686 0.314
  L2                  0.000     0.2640     0.0817     0.0845     0.0764 0.093 0.907

 A1         ON
  C0                  0.000     0.0537     0.0798     0.0797     0.0092 0.901 0.099
  L1                  0.000     0.2608     0.0824     0.0816     0.0748 0.104 0.896

 Means
  C0                  4.030     3.9993     0.0441     0.0447     0.0029 0.894 1.000

 Intercepts
  L1                  1.412     1.0025     0.1896     0.1839     0.2037 0.407 1.000
  L2                  2.161     1.0048     0.2254     0.2255     1.3880 0.002 0.993
  Y                   1.831     0.0001     0.2467     0.2518     3.4122 0.000 0.044

 Thresholds
  A1$1               -1.372    -0.7619     0.3197     0.3279     0.4745 0.523 0.645
  A2$1               -1.185    -0.0253     0.3986     0.3890     1.5027 0.161 0.051

 Variances
  C0                  0.500     0.9999     0.0639     0.0632     0.2540 0.000 1.000

 Residual Variances
  L1                  0.500     0.9929     0.0641     0.0628     0.2470 0.000 1.000
  L2                  0.500     0.9911     0.0623     0.0627     0.2451 0.000 1.000
  Y                   0.500     0.9915     0.0610     0.0627     0.2453 0.000 1.000

New/Additional Parameters
  JTE_A1              0.320     0.3269     0.1585     0.1599     0.0251 0.950 0.536
  AVN                 0.720     0.7299     0.2103     0.2090     0.0443 0.948 0.937


QUALITY OF NUMERICAL RESULTS

     Average Condition Number for the Information Matrix      0.612E-04
       (ratio of smallest to largest eigenvalue)


TECHNICAL 1 OUTPUT


     PARAMETER SPECIFICATION


           TAU
              A1$1          A2$1
              ________      ________
                   24            25


           NU
              A1            A2            L1            L2            Y
              ________      ________      ________      ________      ________
                    0             0             0             0             0


           NU
              C0
              ________
                    0


           LAMBDA
              A1            A2            L1            L2            Y
              ________      ________      ________      ________      ________
 A1                 0             0             0             0             0
 A2                 0             0             0             0             0
 L1                 0             0             0             0             0
 L2                 0             0             0             0             0
 Y                  0             0             0             0             0
 C0                 0             0             0             0             0


           LAMBDA
              C0
              ________
 A1                 0
 A2                 0
 L1                 0
 L2                 0
 Y                  0
 C0                 0


           THETA
              A1            A2            L1            L2            Y
              ________      ________      ________      ________      ________
 A1                 0
 A2                 0             0
 L1                 0             0             0
 L2                 0             0             0             0
 Y                  0             0             0             0             0
 C0                 0             0             0             0             0


           THETA
              C0
              ________
 C0                 0


           ALPHA
              A1            A2            L1            L2            Y
              ________      ________      ________      ________      ________
                    0             0             1             2             3


           ALPHA
              C0
              ________
                    4


           BETA
              A1            A2            L1            L2            Y
              ________      ________      ________      ________      ________
 A1                 0             0             5             0             0
 A2                 7             0             8             9             0
 L1                 0             0             0             0             0
 L2                12             0            13             0             0
 Y                 15            16            17            18             0
 C0                 0             0             0             0             0


           BETA
              C0
              ________
 A1                 6
 A2                10
 L1                11
 L2                14
 Y                 19
 C0                 0


           PSI
              A1            A2            L1            L2            Y
              ________      ________      ________      ________      ________
 A1                 0
 A2                 0             0
 L1                 0             0            20
 L2                 0             0             0            21
 Y                  0             0             0             0            22
 C0                 0             0             0             0             0


           PSI
              C0
              ________
 C0                23


     PARAMETER SPECIFICATION FOR THE ADDITIONAL PARAMETERS


           NEW/ADDITIONAL PARAMETERS
              JTE_A1        AVN
              ________      ________
                   26            27


     STARTING VALUES


           TAU
              A1$1          A2$1
              ________      ________
               -1.372        -1.185


           NU
              A1            A2            L1            L2            Y
              ________      ________      ________      ________      ________
                0.000         0.000         0.000         0.000         0.000


           NU
              C0
              ________
                0.000


           LAMBDA
              A1            A2            L1            L2            Y
              ________      ________      ________      ________      ________
 A1             1.000         0.000         0.000         0.000         0.000
 A2             0.000         1.000         0.000         0.000         0.000
 L1             0.000         0.000         1.000         0.000         0.000
 L2             0.000         0.000         0.000         1.000         0.000
 Y              0.000         0.000         0.000         0.000         1.000
 C0             0.000         0.000         0.000         0.000         0.000


           LAMBDA
              C0
              ________
 A1             0.000
 A2             0.000
 L1             0.000
 L2             0.000
 Y              0.000
 C0             1.000


           THETA
              A1            A2            L1            L2            Y
              ________      ________      ________      ________      ________
 A1             0.000
 A2             0.000         0.000
 L1             0.000         0.000         0.000
 L2             0.000         0.000         0.000         0.000
 Y              0.000         0.000         0.000         0.000         0.000
 C0             0.000         0.000         0.000         0.000         0.000


           THETA
              C0
              ________
 C0             0.000


           ALPHA
              A1            A2            L1            L2            Y
              ________      ________      ________      ________      ________
                0.000         0.000         1.412         2.161         1.831


           ALPHA
              C0
              ________
                4.030


           BETA
              A1            A2            L1            L2            Y
              ________      ________      ________      ________      ________
 A1             0.000         0.000         0.000         0.000         0.000
 A2             0.000         0.000         0.000         0.000         0.000
 L1             0.000         0.000         0.000         0.000         0.000
 L2             0.400         0.000         0.300         0.000         0.000
 Y              0.200         0.400         0.150         0.300         0.000
 C0             0.000         0.000         0.000         0.000         0.000


           BETA
              C0
              ________
 A1             0.000
 A2             0.000
 L1             0.100
 L2             0.100
 Y              0.100
 C0             0.000


           PSI
              A1            A2            L1            L2            Y
              ________      ________      ________      ________      ________
 A1             1.000
 A2             0.000         1.000
 L1             0.000         0.000         0.500
 L2             0.000         0.000         0.000         0.500
 Y              0.000         0.000         0.000         0.000         0.500
 C0             0.000         0.000         0.000         0.000         0.000


           PSI
              C0
              ________
 C0             0.500


     STARTING VALUES FOR THE ADDITIONAL PARAMETERS


           NEW/ADDITIONAL PARAMETERS
              JTE_A1        AVN
              ________      ________
                0.320         0.720


RESULTS SAVING INFORMATION

  Order of data

    Replication number
    Parameter estimates
     (saved in order shown in Technical 1 output)
    Standard errors
     (saved in order shown in Technical 1 output)
    Number of Free Parameters
    H0 Loglikelihood
    Akaike (AIC)
    Bayesian (BIC)
    Sample-Size Adjusted BIC
    Entropy
    Condition Number

  Save file
    results_correct_condition18.dat

  Save file format           Free


     Beginning Time:  16:48:44
        Ending Time:  16:49:48
       Elapsed Time:  00:01:04



MUTHEN & MUTHEN
3463 Stoner Ave.
Los Angeles, CA  90066

Tel: (310) 391-9971
Fax: (310) 391-8971
Web: www.StatModel.com
Support: Support@StatModel.com

Copyright (c) 1998-2024 Muthen & Muthen
