Mplus VERSION 8.11
MUTHEN & MUTHEN
01/13/2025   5:09 PM

INPUT INSTRUCTIONS

  TITLE:
     Traditional path analysis for estimating joint effects
     and prolongued exposure effect.
     - K = 2 (waves)
     - Model correctly specified
  DATA:
      FILE = repList_condition27.dat;
      TYPE = MONTECARLO;

  VARIABLE:
      NAMES = C0 L1 A1 L2 A2 Y
              Pr_A1 Pr_A2 ps1 ps2 W W_correct;
      USEVARIABLES = C0-Y L1L1 L2L2;
      MISSING = .;
      CATEGORICAL = A1 A2;

  DEFINE:
      CENTER L1 L2 (GRANDMEAN);
      L1L1 = L1**2;
      L2L2 = L2**2;

  ANALYSIS:
     ESTIMATOR = ML;
     LINK = PROBIT;

  MODEL:
      ! Lagged effects on Y
      Y ON A1*0.2 A2*0.4 (B_A1Y B_A2Y);
      Y ON L1*0.15 L2*0.3 (B_L1Y B_L2Y);
      Y ON C0*0.1 (B_C0Y);

      ! Lagged effects on L
      L2 ON L1*0.3 A1*0.4 C0*0.1 (B_L1L2 B_A1L2 B_C0L2);
      L1 ON C0*0.1;

      ! Lagged effects on A
      A2 ON C0 A1 L1 L2 L1L1 L2L2;
      A1 ON C0 L1 L1L1;

      ! Variance
      C0;

      ! Residual variances
      L1 L2 Y;

      ! Thresholds
      [A1$1 A2$1] (tau1 tau2);

  MODEL CONSTRAINT:
      NEW(JTE_A1*0.32);
      JTE_A1 = B_A1L2*B_L2Y + B_A1Y;

      NEW(AvN*0.72);
      AvN = JTE_A1 + B_A2Y;

  SAVEDATA:
      RESULTS = results_correct_condition27.dat;



INPUT READING TERMINATED NORMALLY




Traditional path analysis for estimating joint effects
and prolongued exposure effect.
- K = 2 (waves)
- Model correctly specified

SUMMARY OF ANALYSIS

Number of groups                                                 1
Average number of observations                                 500

Number of replications
    Requested                                                 1000
    Completed                                                 1000

Number of dependent variables                                    5
Number of independent variables                                  3
Number of continuous latent variables                            0

Observed dependent variables

  Continuous
   L1          L2          Y

  Binary and ordered categorical (ordinal)
   A1          A2

Observed independent variables
   C0          L1L1        L2L2

Variables with special functions

  Centering (GRANDMEAN)
   L1          L2


Estimator                                                       ML
Information matrix                                        OBSERVED
Optimization Specifications for the Quasi-Newton Algorithm for
Continuous Outcomes
  Maximum number of iterations                                 100
  Convergence criterion                                  0.100D-05
Optimization Specifications for the EM Algorithm
  Maximum number of iterations                                 500
  Convergence criteria
    Loglikelihood change                                 0.100D-02
    Relative loglikelihood change                        0.100D-05
    Derivative                                           0.100D-02
Optimization Specifications for the M step of the EM Algorithm for
Categorical Latent variables
  Number of M step iterations                                    1
  M step convergence criterion                           0.100D-02
  Basis for M step termination                           ITERATION
Optimization Specifications for the M step of the EM Algorithm for
Censored, Binary or Ordered Categorical (Ordinal), Unordered
Categorical (Nominal) and Count Outcomes
  Number of M step iterations                                    1
  M step convergence criterion                           0.100D-02
  Basis for M step termination                           ITERATION
  Maximum value for logit thresholds                            10
  Minimum value for logit thresholds                           -10
  Minimum expected cell size for chi-square              0.100D-01
Maximum number of iterations for H1                           2000
Convergence criterion for H1                             0.100D-03
Optimization algorithm                                         EMA
Integration Specifications
  Type                                                    STANDARD
  Number of integration points                                  15
  Dimensions of numerical integration                            0
  Adaptive quadrature                                           ON
Link                                                        PROBIT
Cholesky                                                        ON

Input data file(s)
  Multiple data files from
    repList_condition27.dat
Input data format  FREE


SUMMARY OF DATA FOR THE FIRST REPLICATION

     Number of missing data patterns             1
     Number of y missing data patterns           1
     Number of u missing data patterns           1


SUMMARY OF MISSING DATA PATTERNS FOR THE FIRST REPLICATION


     MISSING DATA PATTERNS FOR Y (x = not missing)

           1
 L1        x
 L2        x
 Y         x
 C0        x
 L1L1      x
 L2L2      x


     MISSING DATA PATTERN FREQUENCIES FOR Y

    Pattern   Frequency
          1         500


COVARIANCE COVERAGE OF DATA FOR THE FIRST REPLICATION

Minimum covariance coverage value   0.100


     PROPORTION OF DATA PRESENT FOR Y


           Covariance Coverage
              L1            L2            Y             C0            L1L1
              ________      ________      ________      ________      ________
 L1             1.000
 L2             1.000         1.000
 Y              1.000         1.000         1.000
 C0             1.000         1.000         1.000         1.000
 L1L1           1.000         1.000         1.000         1.000         1.000
 L2L2           1.000         1.000         1.000         1.000         1.000


           Covariance Coverage
              L2L2
              ________
 L2L2           1.000


UNIVARIATE PROPORTIONS FOR CATEGORICAL VARIABLES

NOTE:  These are average results over 1000 data sets.

    A1
      Category 1    0.100
      Category 2    0.900
    A2
      Category 1    0.099
      Category 2    0.901


SAMPLE STATISTICS

NOTE:  These are average results over 1000 data sets.


     SAMPLE STATISTICS


           Means
              L1            L2            Y             C0            L1L1
              ________      ________      ________      ________      ________
                0.000         0.000         1.804         3.998         1.008


           Means
              L2L2
              ________
                1.127


           Covariances
              L1            L2            Y             C0            L1L1
              ________      ________      ________      ________      ________
 L1             1.008
 L2             0.321         1.127
 Y              0.269         0.420         1.208
 C0             0.101         0.135         0.160         0.998
 L1L1           0.001         0.019         0.022        -0.003         2.027
 L2L2           0.012        -0.001         0.014        -0.002         0.194


           Covariances
              L2L2
              ________
 L2L2           2.544


           Correlations
              L1            L2            Y             C0            L1L1
              ________      ________      ________      ________      ________
 L1             1.000
 L2             0.301         1.000
 Y              0.244         0.360         1.000
 C0             0.101         0.127         0.146         1.000
 L1L1           0.001         0.013         0.014        -0.002         1.000
 L2L2           0.007         0.000         0.008        -0.001         0.085


           Correlations
              L2L2
              ________
 L2L2           1.000




MODEL FIT INFORMATION

Number of Free Parameters                       28

Loglikelihood

    H0 Value

        Mean                             -3129.085
        Std Dev                             36.577
        Number of successful computations     1000

             Proportions                   Percentiles
        Expected    Observed         Expected       Observed
           0.990       0.992        -3214.174      -3212.478
           0.980       0.980        -3204.203      -3205.006
           0.950       0.955        -3189.250      -3187.939
           0.900       0.900        -3175.962      -3176.241
           0.800       0.813        -3159.868      -3158.397
           0.700       0.702        -3148.266      -3148.156
           0.500       0.489        -3129.085      -3129.912
           0.300       0.288        -3109.904      -3111.309
           0.200       0.201        -3098.302      -3098.203
           0.100       0.103        -3082.208      -3081.899
           0.050       0.055        -3068.920      -3066.719
           0.020       0.022        -3053.967      -3052.821
           0.010       0.011        -3043.996      -3041.011

Information Criteria

    Akaike (AIC)

        Mean                              6314.170
        Std Dev                             73.154
        Number of successful computations     1000

             Proportions                   Percentiles
        Expected    Observed         Expected       Observed
           0.990       0.989         6143.993       6136.553
           0.980       0.978         6163.934       6160.447
           0.950       0.945         6193.839       6188.840
           0.900       0.897         6220.416       6218.502
           0.800       0.799         6252.604       6251.962
           0.700       0.712         6275.808       6278.490
           0.500       0.511         6314.170       6315.755
           0.300       0.298         6352.532       6351.777
           0.200       0.187         6375.736       6372.698
           0.100       0.100         6407.923       6407.497
           0.050       0.045         6434.500       6431.760
           0.020       0.020         6464.405       6461.569
           0.010       0.008         6484.347       6480.124

    Bayesian (BIC)

        Mean                              6432.179
        Std Dev                             73.154
        Number of successful computations     1000

             Proportions                   Percentiles
        Expected    Observed         Expected       Observed
           0.990       0.989         6262.002       6254.562
           0.980       0.978         6281.943       6278.456
           0.950       0.945         6311.849       6306.849
           0.900       0.897         6338.425       6336.511
           0.800       0.799         6370.613       6369.971
           0.700       0.712         6393.817       6396.499
           0.500       0.511         6432.179       6433.764
           0.300       0.298         6470.541       6469.787
           0.200       0.187         6493.745       6490.707
           0.100       0.100         6525.933       6525.506
           0.050       0.045         6552.509       6549.769
           0.020       0.020         6582.414       6579.578
           0.010       0.008         6602.356       6598.133

    Sample-Size Adjusted BIC (n* = (n + 2) / 24)

        Mean                              6343.305
        Std Dev                             73.154
        Number of successful computations     1000

             Proportions                   Percentiles
        Expected    Observed         Expected       Observed
           0.990       0.989         6173.128       6165.688
           0.980       0.978         6193.070       6189.583
           0.950       0.945         6222.975       6217.975
           0.900       0.897         6249.551       6247.637
           0.800       0.799         6281.739       6281.097
           0.700       0.712         6304.943       6307.625
           0.500       0.511         6343.305       6344.890
           0.300       0.298         6381.667       6380.913
           0.200       0.187         6404.871       6401.834
           0.100       0.100         6437.059       6436.633
           0.050       0.045         6463.635       6460.895
           0.020       0.020         6493.541       6490.705
           0.010       0.008         6513.482       6509.259



MODEL RESULTS

                              ESTIMATES              S. E.     M. S. E.  95%  % Sig
                 Population   Average   Std. Dev.   Average             Cover Coeff

 Y          ON
  A1                  0.200     0.1989     0.1499     0.1520     0.0225 0.958 0.246
  A2                  0.400     0.4006     0.1523     0.1523     0.0232 0.950 0.753
  L1                  0.150     0.1480     0.0474     0.0468     0.0022 0.942 0.901
  L2                  0.300     0.3004     0.0455     0.0448     0.0021 0.947 1.000
  C0                  0.100     0.0974     0.0454     0.0452     0.0021 0.947 0.575

 L2         ON
  L1                  0.300     0.2987     0.0457     0.0449     0.0021 0.947 1.000
  A1                  0.400     0.4139     0.1482     0.1500     0.0221 0.965 0.792
  C0                  0.100     0.1006     0.0445     0.0450     0.0020 0.952 0.606

 L1         ON
  C0                  0.100     0.1012     0.0453     0.0447     0.0021 0.955 0.620

 A2         ON
  C0                  0.000     0.0555     0.0848     0.0838     0.0103 0.906 0.094
  A1                  0.000     0.4339     0.2423     0.2355     0.2469 0.517 0.483
  L1                  0.000     0.1324     0.1146     0.1058     0.0306 0.789 0.211
  L2                  0.000     0.2663     0.1348     0.1214     0.0891 0.413 0.587
  L1L1                0.000     0.1453     0.0904     0.0857     0.0293 0.676 0.324
  L2L2                0.000     0.2782     0.1098     0.0993     0.0894 0.095 0.905

 A1         ON
  C0                  0.000     0.0490     0.0821     0.0803     0.0091 0.902 0.098
  L1                  0.000     0.2597     0.1268     0.1134     0.0835 0.351 0.649
  L1L1                0.000     0.2691     0.1116     0.1000     0.0849 0.144 0.856

 Means
  C0                  3.979     3.9983     0.0461     0.0447     0.0025 0.912 1.000

 Intercepts
  L1                  0.000    -0.4048     0.1813     0.1843     0.1967 0.399 0.601
  L2                  0.000    -0.7743     0.2188     0.2265     0.6474 0.072 0.928
  Y                   1.697     0.8750     0.2592     0.2579     0.7433 0.111 0.925

 Thresholds
  A1$1               -1.299    -0.9325     0.3403     0.3327     0.2501 0.788 0.798
  A2$1               -1.313    -0.4359     0.4109     0.4035     0.9380 0.423 0.182

 Variances
  C0                  0.500     0.9983     0.0630     0.0631     0.2523 0.000 1.000

 Residual Variances
  L1                  0.500     0.9959     0.0621     0.0630     0.2498 0.000 1.000
  L2                  0.500     0.9925     0.0639     0.0628     0.2467 0.000 1.000
  Y                   0.500     0.9877     0.0604     0.0625     0.2415 0.000 1.000

New/Additional Parameters
  JTE_A1              0.320     0.3234     0.1533     0.1576     0.0235 0.961 0.533
  AVN                 0.720     0.7240     0.2077     0.2072     0.0431 0.948 0.938


QUALITY OF NUMERICAL RESULTS

     Average Condition Number for the Information Matrix      0.789E-04
       (ratio of smallest to largest eigenvalue)


TECHNICAL 1 OUTPUT


     PARAMETER SPECIFICATION


           TAU
              A1$1          A2$1
              ________      ________
                   27            28


           NU
              A1            A2            L1            L2            Y
              ________      ________      ________      ________      ________
                    0             0             0             0             0


           NU
              C0            L1L1          L2L2
              ________      ________      ________
                    0             0             0


           LAMBDA
              A1            A2            L1            L2            Y
              ________      ________      ________      ________      ________
 A1                 0             0             0             0             0
 A2                 0             0             0             0             0
 L1                 0             0             0             0             0
 L2                 0             0             0             0             0
 Y                  0             0             0             0             0
 C0                 0             0             0             0             0
 L1L1               0             0             0             0             0
 L2L2               0             0             0             0             0


           LAMBDA
              C0            L1L1          L2L2
              ________      ________      ________
 A1                 0             0             0
 A2                 0             0             0
 L1                 0             0             0
 L2                 0             0             0
 Y                  0             0             0
 C0                 0             0             0
 L1L1               0             0             0
 L2L2               0             0             0


           THETA
              A1            A2            L1            L2            Y
              ________      ________      ________      ________      ________
 A1                 0
 A2                 0             0
 L1                 0             0             0
 L2                 0             0             0             0
 Y                  0             0             0             0             0
 C0                 0             0             0             0             0
 L1L1               0             0             0             0             0
 L2L2               0             0             0             0             0


           THETA
              C0            L1L1          L2L2
              ________      ________      ________
 C0                 0
 L1L1               0             0
 L2L2               0             0             0


           ALPHA
              A1            A2            L1            L2            Y
              ________      ________      ________      ________      ________
                    0             0             1             2             3


           ALPHA
              C0            L1L1          L2L2
              ________      ________      ________
                    4             0             0


           BETA
              A1            A2            L1            L2            Y
              ________      ________      ________      ________      ________
 A1                 0             0             5             0             0
 A2                 8             0             9            10             0
 L1                 0             0             0             0             0
 L2                15             0            16             0             0
 Y                 18            19            20            21             0
 C0                 0             0             0             0             0
 L1L1               0             0             0             0             0
 L2L2               0             0             0             0             0


           BETA
              C0            L1L1          L2L2
              ________      ________      ________
 A1                 6             7             0
 A2                11            12            13
 L1                14             0             0
 L2                17             0             0
 Y                 22             0             0
 C0                 0             0             0
 L1L1               0             0             0
 L2L2               0             0             0


           PSI
              A1            A2            L1            L2            Y
              ________      ________      ________      ________      ________
 A1                 0
 A2                 0             0
 L1                 0             0            23
 L2                 0             0             0            24
 Y                  0             0             0             0            25
 C0                 0             0             0             0             0
 L1L1               0             0             0             0             0
 L2L2               0             0             0             0             0


           PSI
              C0            L1L1          L2L2
              ________      ________      ________
 C0                26
 L1L1               0             0
 L2L2               0             0             0


     PARAMETER SPECIFICATION FOR THE ADDITIONAL PARAMETERS


           NEW/ADDITIONAL PARAMETERS
              JTE_A1        AVN
              ________      ________
                   29            30


     STARTING VALUES


           TAU
              A1$1          A2$1
              ________      ________
               -1.299        -1.313


           NU
              A1            A2            L1            L2            Y
              ________      ________      ________      ________      ________
                0.000         0.000         0.000         0.000         0.000


           NU
              C0            L1L1          L2L2
              ________      ________      ________
                0.000         0.000         0.000


           LAMBDA
              A1            A2            L1            L2            Y
              ________      ________      ________      ________      ________
 A1             1.000         0.000         0.000         0.000         0.000
 A2             0.000         1.000         0.000         0.000         0.000
 L1             0.000         0.000         1.000         0.000         0.000
 L2             0.000         0.000         0.000         1.000         0.000
 Y              0.000         0.000         0.000         0.000         1.000
 C0             0.000         0.000         0.000         0.000         0.000
 L1L1           0.000         0.000         0.000         0.000         0.000
 L2L2           0.000         0.000         0.000         0.000         0.000


           LAMBDA
              C0            L1L1          L2L2
              ________      ________      ________
 A1             0.000         0.000         0.000
 A2             0.000         0.000         0.000
 L1             0.000         0.000         0.000
 L2             0.000         0.000         0.000
 Y              0.000         0.000         0.000
 C0             1.000         0.000         0.000
 L1L1           0.000         1.000         0.000
 L2L2           0.000         0.000         1.000


           THETA
              A1            A2            L1            L2            Y
              ________      ________      ________      ________      ________
 A1             0.000
 A2             0.000         0.000
 L1             0.000         0.000         0.000
 L2             0.000         0.000         0.000         0.000
 Y              0.000         0.000         0.000         0.000         0.000
 C0             0.000         0.000         0.000         0.000         0.000
 L1L1           0.000         0.000         0.000         0.000         0.000
 L2L2           0.000         0.000         0.000         0.000         0.000


           THETA
              C0            L1L1          L2L2
              ________      ________      ________
 C0             0.000
 L1L1           0.000         0.000
 L2L2           0.000         0.000         0.000


           ALPHA
              A1            A2            L1            L2            Y
              ________      ________      ________      ________      ________
                0.000         0.000         0.000         0.000         1.697


           ALPHA
              C0            L1L1          L2L2
              ________      ________      ________
                3.979         0.000         0.000


           BETA
              A1            A2            L1            L2            Y
              ________      ________      ________      ________      ________
 A1             0.000         0.000         0.000         0.000         0.000
 A2             0.000         0.000         0.000         0.000         0.000
 L1             0.000         0.000         0.000         0.000         0.000
 L2             0.400         0.000         0.300         0.000         0.000
 Y              0.200         0.400         0.150         0.300         0.000
 C0             0.000         0.000         0.000         0.000         0.000
 L1L1           0.000         0.000         0.000         0.000         0.000
 L2L2           0.000         0.000         0.000         0.000         0.000


           BETA
              C0            L1L1          L2L2
              ________      ________      ________
 A1             0.000         0.000         0.000
 A2             0.000         0.000         0.000
 L1             0.100         0.000         0.000
 L2             0.100         0.000         0.000
 Y              0.100         0.000         0.000
 C0             0.000         0.000         0.000
 L1L1           0.000         0.000         0.000
 L2L2           0.000         0.000         0.000


           PSI
              A1            A2            L1            L2            Y
              ________      ________      ________      ________      ________
 A1             1.000
 A2             0.000         1.000
 L1             0.000         0.000         0.500
 L2             0.000         0.000         0.000         0.500
 Y              0.000         0.000         0.000         0.000         0.500
 C0             0.000         0.000         0.000         0.000         0.000
 L1L1           0.000         0.000         0.000         0.000         0.000
 L2L2           0.000         0.000         0.000         0.000         0.000


           PSI
              C0            L1L1          L2L2
              ________      ________      ________
 C0             0.500
 L1L1           0.000         0.500
 L2L2           0.000         0.000         0.500


     STARTING VALUES FOR THE ADDITIONAL PARAMETERS


           NEW/ADDITIONAL PARAMETERS
              JTE_A1        AVN
              ________      ________
                0.320         0.720


RESULTS SAVING INFORMATION

  Order of data

    Replication number
    Parameter estimates
     (saved in order shown in Technical 1 output)
    Standard errors
     (saved in order shown in Technical 1 output)
    Number of Free Parameters
    H0 Loglikelihood
    Akaike (AIC)
    Bayesian (BIC)
    Sample-Size Adjusted BIC
    Entropy
    Condition Number

  Save file
    results_correct_condition27.dat

  Save file format           Free


     Beginning Time:  17:09:40
        Ending Time:  17:11:02
       Elapsed Time:  00:01:22



MUTHEN & MUTHEN
3463 Stoner Ave.
Los Angeles, CA  90066

Tel: (310) 391-9971
Fax: (310) 391-8971
Web: www.StatModel.com
Support: Support@StatModel.com

Copyright (c) 1998-2024 Muthen & Muthen
