Mplus VERSION 8.11
MUTHEN & MUTHEN
01/13/2025   5:24 PM

INPUT INSTRUCTIONS

  TITLE:
     Traditional path analysis for estimating joint effects
     and prolongued exposure effect.
     - K = 2 (waves)
     - Model correctly specified

  DATA:
      FILE = repList_condition7.dat;
      TYPE = MONTECARLO;

  VARIABLE:
      NAMES = C0 L1 A1 L2 A2 Y
              Pr_A1 Pr_A2 ps1 ps2 W W_correct;
      USEVARIABLES = C0-Y C0C0 L1L1 L2L2;
      MISSING = .;
      CATEGORICAL = A1 A2;

  DEFINE:
      CENTER C0 L1 L2 (GRANDMEAN);
      C0C0 = C0**2;
      L1L1 = L1**2;
      L2L2 = L2**2;

  ANALYSIS:
     ESTIMATOR = ML;
     LINK = PROBIT;

  MODEL:
      ! Lagged effects on Y
      Y ON A1*0.2 A2*0.4 (B_A1Y B_A2Y);
      Y ON L1*0.15 L2*0.3 (B_L1Y B_L2Y);
      Y ON C0*0.1 (B_C0Y);
      Y ON C0C0*0.1 L1L1*0.15 L2L2*0.3;

      ! Lagged effects on L
      L2 ON L1*0.3 A1*0.4 C0*0.1 (B_L1L2 B_A1L2 B_C0L2);
      L1 ON C0*0.1;

      ! Lagged effects on A
      A2 ON C0 A1 L1 L2;
      A1 ON C0 L1;

      ! Variance
      C0;

      ! Residual variances
      L1 L2 Y;

      ! Thresholds
      [A1$1 A2$1] (tau1 tau2);

  MODEL CONSTRAINT:
      NEW(JTE_A1*0.32);
      JTE_A1 = B_A1L2*B_L2Y + B_A1Y;

      NEW(AvN*0.72);
      AvN = JTE_A1 + B_A2Y;

  SAVEDATA:
      RESULTS = results_correct_condition7.dat;



INPUT READING TERMINATED NORMALLY




Traditional path analysis for estimating joint effects
and prolongued exposure effect.
- K = 2 (waves)
- Model correctly specified

SUMMARY OF ANALYSIS

Number of groups                                                 1
Average number of observations                                 150

Number of replications
    Requested                                                 1000
    Completed                                                 1000

Number of dependent variables                                    5
Number of independent variables                                  4
Number of continuous latent variables                            0

Observed dependent variables

  Continuous
   L1          L2          Y

  Binary and ordered categorical (ordinal)
   A1          A2

Observed independent variables
   C0          C0C0        L1L1        L2L2

Variables with special functions

  Centering (GRANDMEAN)
   C0          L1          L2


Estimator                                                       ML
Information matrix                                        OBSERVED
Optimization Specifications for the Quasi-Newton Algorithm for
Continuous Outcomes
  Maximum number of iterations                                 100
  Convergence criterion                                  0.100D-05
Optimization Specifications for the EM Algorithm
  Maximum number of iterations                                 500
  Convergence criteria
    Loglikelihood change                                 0.100D-02
    Relative loglikelihood change                        0.100D-05
    Derivative                                           0.100D-02
Optimization Specifications for the M step of the EM Algorithm for
Categorical Latent variables
  Number of M step iterations                                    1
  M step convergence criterion                           0.100D-02
  Basis for M step termination                           ITERATION
Optimization Specifications for the M step of the EM Algorithm for
Censored, Binary or Ordered Categorical (Ordinal), Unordered
Categorical (Nominal) and Count Outcomes
  Number of M step iterations                                    1
  M step convergence criterion                           0.100D-02
  Basis for M step termination                           ITERATION
  Maximum value for logit thresholds                            10
  Minimum value for logit thresholds                           -10
  Minimum expected cell size for chi-square              0.100D-01
Maximum number of iterations for H1                           2000
Convergence criterion for H1                             0.100D-03
Optimization algorithm                                         EMA
Integration Specifications
  Type                                                    STANDARD
  Number of integration points                                  15
  Dimensions of numerical integration                            0
  Adaptive quadrature                                           ON
Link                                                        PROBIT
Cholesky                                                        ON

Input data file(s)
  Multiple data files from
    repList_condition7.dat
Input data format  FREE


SUMMARY OF DATA FOR THE FIRST REPLICATION

     Number of missing data patterns             1
     Number of y missing data patterns           1
     Number of u missing data patterns           1


SUMMARY OF MISSING DATA PATTERNS FOR THE FIRST REPLICATION


     MISSING DATA PATTERNS FOR Y (x = not missing)

           1
 L1        x
 L2        x
 Y         x
 C0        x
 C0C0      x
 L1L1      x
 L2L2      x


     MISSING DATA PATTERN FREQUENCIES FOR Y

    Pattern   Frequency
          1         150


COVARIANCE COVERAGE OF DATA FOR THE FIRST REPLICATION

Minimum covariance coverage value   0.100


     PROPORTION OF DATA PRESENT FOR Y


           Covariance Coverage
              L1            L2            Y             C0            C0C0
              ________      ________      ________      ________      ________
 L1             1.000
 L2             1.000         1.000
 Y              1.000         1.000         1.000
 C0             1.000         1.000         1.000         1.000
 C0C0           1.000         1.000         1.000         1.000         1.000
 L1L1           1.000         1.000         1.000         1.000         1.000
 L2L2           1.000         1.000         1.000         1.000         1.000


           Covariance Coverage
              L1L1          L2L2
              ________      ________
 L1L1           1.000
 L2L2           1.000         1.000


UNIVARIATE PROPORTIONS FOR CATEGORICAL VARIABLES

NOTE:  These are average results over 1000 data sets.

    A1
      Category 1    0.900
      Category 2    0.100
    A2
      Category 1    0.900
      Category 2    0.100


SAMPLE STATISTICS

NOTE:  These are average results over 1000 data sets.


     SAMPLE STATISTICS


           Means
              L1            L2            Y             C0            C0C0
              ________      ________      ________      ________      ________
                0.000         0.000         1.812         0.000         0.986


           Means
              L1L1          L2L2
              ________      ________
                1.008         1.127


           Covariances
              L1            L2            Y             C0            C0C0
              ________      ________      ________      ________      ________
 L1             1.008
 L2             0.330         1.127
 Y              0.287         0.438         1.550
 C0             0.101         0.134         0.166         0.986
 C0C0           0.001         0.006         0.212        -0.007         1.928
 L1L1          -0.004         0.005         0.384        -0.001         0.021
 L2L2           0.011         0.007         0.818        -0.002         0.044


           Covariances
              L1L1          L2L2
              ________      ________
 L1L1           2.027
 L2L2           0.223         2.535


           Correlations
              L1            L2            Y             C0            C0C0
              ________      ________      ________      ________      ________
 L1             1.000
 L2             0.310         1.000
 Y              0.230         0.331         1.000
 C0             0.101         0.127         0.134         1.000
 C0C0           0.001         0.004         0.123        -0.005         1.000
 L1L1          -0.003         0.004         0.217        -0.001         0.010
 L2L2           0.007         0.004         0.413        -0.001         0.020


           Correlations
              L1L1          L2L2
              ________      ________
 L1L1           1.000
 L2L2           0.099         1.000




MODEL FIT INFORMATION

Number of Free Parameters                       28

Loglikelihood

    H0 Value

        Mean                              -928.458
        Std Dev                             21.513
        Number of successful computations     1000

             Proportions                   Percentiles
        Expected    Observed         Expected       Observed
           0.990       0.990         -978.504       -978.899
           0.980       0.979         -972.640       -972.903
           0.950       0.953         -963.845       -962.532
           0.900       0.898         -956.030       -956.527
           0.800       0.800         -946.564       -946.752
           0.700       0.692         -939.740       -940.391
           0.500       0.507         -928.458       -928.239
           0.300       0.311         -917.177       -916.777
           0.200       0.200         -910.353       -910.397
           0.100       0.102         -900.887       -900.629
           0.050       0.050         -893.071       -893.238
           0.020       0.017         -884.277       -884.881
           0.010       0.009         -878.412       -879.408

Information Criteria

    Akaike (AIC)

        Mean                              1912.917
        Std Dev                             43.026
        Number of successful computations     1000

             Proportions                   Percentiles
        Expected    Observed         Expected       Observed
           0.990       0.991         1812.824       1812.946
           0.980       0.983         1824.553       1825.433
           0.950       0.950         1842.142       1841.453
           0.900       0.898         1857.774       1857.253
           0.800       0.800         1876.706       1876.347
           0.700       0.689         1890.353       1889.409
           0.500       0.493         1912.917       1912.454
           0.300       0.308         1935.480       1936.604
           0.200       0.200         1949.128       1948.887
           0.100       0.102         1968.059       1968.674
           0.050       0.047         1983.691       1980.850
           0.020       0.021         2001.280       2001.617
           0.010       0.010         2013.009       2011.580

    Bayesian (BIC)

        Mean                              1997.214
        Std Dev                             43.026
        Number of successful computations     1000

             Proportions                   Percentiles
        Expected    Observed         Expected       Observed
           0.990       0.991         1897.122       1897.244
           0.980       0.983         1908.851       1909.730
           0.950       0.950         1926.440       1925.751
           0.900       0.898         1942.072       1941.551
           0.800       0.800         1961.003       1960.644
           0.700       0.689         1974.651       1973.707
           0.500       0.493         1997.214       1996.751
           0.300       0.308         2019.777       2020.902
           0.200       0.200         2033.425       2033.184
           0.100       0.102         2052.357       2052.972
           0.050       0.047         2067.989       2065.148
           0.020       0.021         2085.578       2085.915
           0.010       0.010         2097.307       2095.877

    Sample-Size Adjusted BIC (n* = (n + 2) / 24)

        Mean                              1908.600
        Std Dev                             43.026
        Number of successful computations     1000

             Proportions                   Percentiles
        Expected    Observed         Expected       Observed
           0.990       0.991         1808.507       1808.629
           0.980       0.983         1820.236       1821.116
           0.950       0.950         1837.826       1837.137
           0.900       0.898         1853.457       1852.936
           0.800       0.800         1872.389       1872.030
           0.700       0.689         1886.037       1885.092
           0.500       0.493         1908.600       1908.137
           0.300       0.308         1931.163       1932.287
           0.200       0.200         1944.811       1944.570
           0.100       0.102         1963.742       1964.358
           0.050       0.047         1979.374       1976.533
           0.020       0.021         1996.963       1997.300
           0.010       0.010         2008.692       2007.263



MODEL RESULTS

                              ESTIMATES              S. E.     M. S. E.  95%  % Sig
                 Population   Average   Std. Dev.   Average             Cover Coeff

 Y          ON
  A1                  0.200     0.2128     0.3059     0.2843     0.0937 0.934 0.133
  A2                  0.400     0.4029     0.2951     0.2850     0.0870 0.941 0.304
  L1                  0.150     0.1480     0.0931     0.0864     0.0087 0.927 0.398
  L2                  0.300     0.2989     0.0905     0.0827     0.0082 0.922 0.929
  C0                  0.100     0.1039     0.0862     0.0832     0.0074 0.934 0.252
  C0C0                0.100     0.1004     0.0645     0.0608     0.0042 0.927 0.403
  L1L1                0.150     0.1490     0.0599     0.0596     0.0036 0.956 0.704
  L2L2                0.300     0.2994     0.0553     0.0534     0.0031 0.943 0.999

 L2         ON
  L1                  0.300     0.2992     0.0825     0.0825     0.0068 0.954 0.946
  A1                  0.400     0.3903     0.2837     0.2796     0.0805 0.950 0.308
  C0                  0.100     0.1002     0.0837     0.0825     0.0070 0.940 0.235

 L1         ON
  C0                  0.100     0.1026     0.0824     0.0821     0.0068 0.954 0.250

 A2         ON
  C0                  0.000     0.0542     0.1719     0.1616     0.0325 0.944 0.056
  A1                  0.000     0.3335     0.7636     0.9440     0.6936 0.775 0.225
  L1                  0.000     0.1337     0.1721     0.1690     0.0475 0.892 0.108
  L2                  0.000     0.2862     0.1721     0.1645     0.1115 0.599 0.401

 A1         ON
  C0                  0.000     0.0540     0.1573     0.1526     0.0276 0.943 0.057
  L1                  0.000     0.2785     0.1601     0.1558     0.1032 0.571 0.429

 Means
  C0                  0.000     0.0000     0.0000     0.0809     0.0000 1.000 0.000

 Intercepts
  L1                  0.000     0.0000     0.0000     0.0811     0.0000 1.000 0.000
  L2                  0.000    -0.0393     0.0298     0.0850     0.0024 1.000 0.000
  Y                   1.920     1.1636     0.1370     0.1296     0.5916 0.000 1.000

 Thresholds
  A1$1                1.107     1.3770     0.1748     0.1581     0.1035 0.649 1.000
  A2$1                1.073     1.5021     0.2071     0.1837     0.2273 0.324 1.000

 Variances
  C0                  0.500     0.9860     0.1155     0.1139     0.2495 0.000 1.000

 Residual Variances
  L1                  0.500     0.9907     0.1182     0.1144     0.2547 0.000 1.000
  L2                  0.500     0.9751     0.1155     0.1126     0.2390 0.001 1.000
  Y                   0.500     0.9363     0.1084     0.1081     0.2021 0.002 1.000

New/Additional Parameters
  JTE_A1              0.320     0.3304     0.3148     0.2953     0.0991 0.923 0.217
  AVN                 0.720     0.7333     0.4030     0.3864     0.1624 0.932 0.492


QUALITY OF NUMERICAL RESULTS

     Average Condition Number for the Information Matrix      0.211E-03
       (ratio of smallest to largest eigenvalue)


TECHNICAL 1 OUTPUT


     PARAMETER SPECIFICATION


           TAU
              A1$1          A2$1
              ________      ________
                   27            28


           NU
              A1            A2            L1            L2            Y
              ________      ________      ________      ________      ________
                    0             0             0             0             0


           NU
              C0            C0C0          L1L1          L2L2
              ________      ________      ________      ________
                    0             0             0             0


           LAMBDA
              A1            A2            L1            L2            Y
              ________      ________      ________      ________      ________
 A1                 0             0             0             0             0
 A2                 0             0             0             0             0
 L1                 0             0             0             0             0
 L2                 0             0             0             0             0
 Y                  0             0             0             0             0
 C0                 0             0             0             0             0
 C0C0               0             0             0             0             0
 L1L1               0             0             0             0             0
 L2L2               0             0             0             0             0


           LAMBDA
              C0            C0C0          L1L1          L2L2
              ________      ________      ________      ________
 A1                 0             0             0             0
 A2                 0             0             0             0
 L1                 0             0             0             0
 L2                 0             0             0             0
 Y                  0             0             0             0
 C0                 0             0             0             0
 C0C0               0             0             0             0
 L1L1               0             0             0             0
 L2L2               0             0             0             0


           THETA
              A1            A2            L1            L2            Y
              ________      ________      ________      ________      ________
 A1                 0
 A2                 0             0
 L1                 0             0             0
 L2                 0             0             0             0
 Y                  0             0             0             0             0
 C0                 0             0             0             0             0
 C0C0               0             0             0             0             0
 L1L1               0             0             0             0             0
 L2L2               0             0             0             0             0


           THETA
              C0            C0C0          L1L1          L2L2
              ________      ________      ________      ________
 C0                 0
 C0C0               0             0
 L1L1               0             0             0
 L2L2               0             0             0             0


           ALPHA
              A1            A2            L1            L2            Y
              ________      ________      ________      ________      ________
                    0             0             1             2             3


           ALPHA
              C0            C0C0          L1L1          L2L2
              ________      ________      ________      ________
                    4             0             0             0


           BETA
              A1            A2            L1            L2            Y
              ________      ________      ________      ________      ________
 A1                 0             0             5             0             0
 A2                 7             0             8             9             0
 L1                 0             0             0             0             0
 L2                12             0            13             0             0
 Y                 15            16            17            18             0
 C0                 0             0             0             0             0
 C0C0               0             0             0             0             0
 L1L1               0             0             0             0             0
 L2L2               0             0             0             0             0


           BETA
              C0            C0C0          L1L1          L2L2
              ________      ________      ________      ________
 A1                 6             0             0             0
 A2                10             0             0             0
 L1                11             0             0             0
 L2                14             0             0             0
 Y                 19            20            21            22
 C0                 0             0             0             0
 C0C0               0             0             0             0
 L1L1               0             0             0             0
 L2L2               0             0             0             0


           PSI
              A1            A2            L1            L2            Y
              ________      ________      ________      ________      ________
 A1                 0
 A2                 0             0
 L1                 0             0            23
 L2                 0             0             0            24
 Y                  0             0             0             0            25
 C0                 0             0             0             0             0
 C0C0               0             0             0             0             0
 L1L1               0             0             0             0             0
 L2L2               0             0             0             0             0


           PSI
              C0            C0C0          L1L1          L2L2
              ________      ________      ________      ________
 C0                26
 C0C0               0             0
 L1L1               0             0             0
 L2L2               0             0             0             0


     PARAMETER SPECIFICATION FOR THE ADDITIONAL PARAMETERS


           NEW/ADDITIONAL PARAMETERS
              JTE_A1        AVN
              ________      ________
                   29            30


     STARTING VALUES


           TAU
              A1$1          A2$1
              ________      ________
                1.107         1.073


           NU
              A1            A2            L1            L2            Y
              ________      ________      ________      ________      ________
                0.000         0.000         0.000         0.000         0.000


           NU
              C0            C0C0          L1L1          L2L2
              ________      ________      ________      ________
                0.000         0.000         0.000         0.000


           LAMBDA
              A1            A2            L1            L2            Y
              ________      ________      ________      ________      ________
 A1             1.000         0.000         0.000         0.000         0.000
 A2             0.000         1.000         0.000         0.000         0.000
 L1             0.000         0.000         1.000         0.000         0.000
 L2             0.000         0.000         0.000         1.000         0.000
 Y              0.000         0.000         0.000         0.000         1.000
 C0             0.000         0.000         0.000         0.000         0.000
 C0C0           0.000         0.000         0.000         0.000         0.000
 L1L1           0.000         0.000         0.000         0.000         0.000
 L2L2           0.000         0.000         0.000         0.000         0.000


           LAMBDA
              C0            C0C0          L1L1          L2L2
              ________      ________      ________      ________
 A1             0.000         0.000         0.000         0.000
 A2             0.000         0.000         0.000         0.000
 L1             0.000         0.000         0.000         0.000
 L2             0.000         0.000         0.000         0.000
 Y              0.000         0.000         0.000         0.000
 C0             1.000         0.000         0.000         0.000
 C0C0           0.000         1.000         0.000         0.000
 L1L1           0.000         0.000         1.000         0.000
 L2L2           0.000         0.000         0.000         1.000


           THETA
              A1            A2            L1            L2            Y
              ________      ________      ________      ________      ________
 A1             0.000
 A2             0.000         0.000
 L1             0.000         0.000         0.000
 L2             0.000         0.000         0.000         0.000
 Y              0.000         0.000         0.000         0.000         0.000
 C0             0.000         0.000         0.000         0.000         0.000
 C0C0           0.000         0.000         0.000         0.000         0.000
 L1L1           0.000         0.000         0.000         0.000         0.000
 L2L2           0.000         0.000         0.000         0.000         0.000


           THETA
              C0            C0C0          L1L1          L2L2
              ________      ________      ________      ________
 C0             0.000
 C0C0           0.000         0.000
 L1L1           0.000         0.000         0.000
 L2L2           0.000         0.000         0.000         0.000


           ALPHA
              A1            A2            L1            L2            Y
              ________      ________      ________      ________      ________
                0.000         0.000         0.000         0.000         1.920


           ALPHA
              C0            C0C0          L1L1          L2L2
              ________      ________      ________      ________
                0.000         0.000         0.000         0.000


           BETA
              A1            A2            L1            L2            Y
              ________      ________      ________      ________      ________
 A1             0.000         0.000         0.000         0.000         0.000
 A2             0.000         0.000         0.000         0.000         0.000
 L1             0.000         0.000         0.000         0.000         0.000
 L2             0.400         0.000         0.300         0.000         0.000
 Y              0.200         0.400         0.150         0.300         0.000
 C0             0.000         0.000         0.000         0.000         0.000
 C0C0           0.000         0.000         0.000         0.000         0.000
 L1L1           0.000         0.000         0.000         0.000         0.000
 L2L2           0.000         0.000         0.000         0.000         0.000


           BETA
              C0            C0C0          L1L1          L2L2
              ________      ________      ________      ________
 A1             0.000         0.000         0.000         0.000
 A2             0.000         0.000         0.000         0.000
 L1             0.100         0.000         0.000         0.000
 L2             0.100         0.000         0.000         0.000
 Y              0.100         0.100         0.150         0.300
 C0             0.000         0.000         0.000         0.000
 C0C0           0.000         0.000         0.000         0.000
 L1L1           0.000         0.000         0.000         0.000
 L2L2           0.000         0.000         0.000         0.000


           PSI
              A1            A2            L1            L2            Y
              ________      ________      ________      ________      ________
 A1             1.000
 A2             0.000         1.000
 L1             0.000         0.000         0.500
 L2             0.000         0.000         0.000         0.500
 Y              0.000         0.000         0.000         0.000         0.500
 C0             0.000         0.000         0.000         0.000         0.000
 C0C0           0.000         0.000         0.000         0.000         0.000
 L1L1           0.000         0.000         0.000         0.000         0.000
 L2L2           0.000         0.000         0.000         0.000         0.000


           PSI
              C0            C0C0          L1L1          L2L2
              ________      ________      ________      ________
 C0             0.500
 C0C0           0.000         0.500
 L1L1           0.000         0.000         0.500
 L2L2           0.000         0.000         0.000         0.500


     STARTING VALUES FOR THE ADDITIONAL PARAMETERS


           NEW/ADDITIONAL PARAMETERS
              JTE_A1        AVN
              ________      ________
                0.320         0.720


RESULTS SAVING INFORMATION

  Order of data

    Replication number
    Parameter estimates
     (saved in order shown in Technical 1 output)
    Standard errors
     (saved in order shown in Technical 1 output)
    Number of Free Parameters
    H0 Loglikelihood
    Akaike (AIC)
    Bayesian (BIC)
    Sample-Size Adjusted BIC
    Entropy
    Condition Number

  Save file
    results_correct_condition7.dat

  Save file format           Free


     Beginning Time:  17:24:31
        Ending Time:  17:25:12
       Elapsed Time:  00:00:41



MUTHEN & MUTHEN
3463 Stoner Ave.
Los Angeles, CA  90066

Tel: (310) 391-9971
Fax: (310) 391-8971
Web: www.StatModel.com
Support: Support@StatModel.com

Copyright (c) 1998-2024 Muthen & Muthen
