Mplus VERSION 8.11
MUTHEN & MUTHEN
01/13/2025   5:25 PM

INPUT INSTRUCTIONS

  TITLE:
     Traditional path analysis for estimating joint effects
     and prolongued exposure effect.
     - K = 2 (waves)
     - Model correctly specified

  DATA:
      FILE = repList_condition8.dat;
      TYPE = MONTECARLO;

  VARIABLE:
      NAMES = C0 L1 A1 L2 A2 Y
              Pr_A1 Pr_A2 ps1 ps2 W W_correct;
      USEVARIABLES = C0-Y C0C0 L1L1 L2L2;
      MISSING = .;
      CATEGORICAL = A1 A2;

  DEFINE:
      CENTER C0 L1 L2 (GRANDMEAN);
      C0C0 = C0**2;
      L1L1 = L1**2;
      L2L2 = L2**2;

  ANALYSIS:
     ESTIMATOR = ML;
     LINK = PROBIT;

  MODEL:
      ! Lagged effects on Y
      Y ON A1*0.2 A2*0.4 (B_A1Y B_A2Y);
      Y ON L1*0.15 L2*0.3 (B_L1Y B_L2Y);
      Y ON C0*0.1 (B_C0Y);
      Y ON C0C0*0.1 L1L1*0.15 L2L2*0.3;

      ! Lagged effects on L
      L2 ON L1*0.3 A1*0.4 C0*0.1 (B_L1L2 B_A1L2 B_C0L2);
      L1 ON C0*0.1;

      ! Lagged effects on A
      A2 ON C0 A1 L1 L2;
      A1 ON C0 L1;

      ! Variance
      C0;

      ! Residual variances
      L1 L2 Y;

      ! Thresholds
      [A1$1 A2$1] (tau1 tau2);

  MODEL CONSTRAINT:
      NEW(JTE_A1*0.32);
      JTE_A1 = B_A1L2*B_L2Y + B_A1Y;

      NEW(AvN*0.72);
      AvN = JTE_A1 + B_A2Y;

  SAVEDATA:
      RESULTS = results_correct_condition8.dat;



INPUT READING TERMINATED NORMALLY




Traditional path analysis for estimating joint effects
and prolongued exposure effect.
- K = 2 (waves)
- Model correctly specified

SUMMARY OF ANALYSIS

Number of groups                                                 1
Average number of observations                                 150

Number of replications
    Requested                                                 1000
    Completed                                                 1000

Number of dependent variables                                    5
Number of independent variables                                  4
Number of continuous latent variables                            0

Observed dependent variables

  Continuous
   L1          L2          Y

  Binary and ordered categorical (ordinal)
   A1          A2

Observed independent variables
   C0          C0C0        L1L1        L2L2

Variables with special functions

  Centering (GRANDMEAN)
   C0          L1          L2


Estimator                                                       ML
Information matrix                                        OBSERVED
Optimization Specifications for the Quasi-Newton Algorithm for
Continuous Outcomes
  Maximum number of iterations                                 100
  Convergence criterion                                  0.100D-05
Optimization Specifications for the EM Algorithm
  Maximum number of iterations                                 500
  Convergence criteria
    Loglikelihood change                                 0.100D-02
    Relative loglikelihood change                        0.100D-05
    Derivative                                           0.100D-02
Optimization Specifications for the M step of the EM Algorithm for
Categorical Latent variables
  Number of M step iterations                                    1
  M step convergence criterion                           0.100D-02
  Basis for M step termination                           ITERATION
Optimization Specifications for the M step of the EM Algorithm for
Censored, Binary or Ordered Categorical (Ordinal), Unordered
Categorical (Nominal) and Count Outcomes
  Number of M step iterations                                    1
  M step convergence criterion                           0.100D-02
  Basis for M step termination                           ITERATION
  Maximum value for logit thresholds                            10
  Minimum value for logit thresholds                           -10
  Minimum expected cell size for chi-square              0.100D-01
Maximum number of iterations for H1                           2000
Convergence criterion for H1                             0.100D-03
Optimization algorithm                                         EMA
Integration Specifications
  Type                                                    STANDARD
  Number of integration points                                  15
  Dimensions of numerical integration                            0
  Adaptive quadrature                                           ON
Link                                                        PROBIT
Cholesky                                                        ON

Input data file(s)
  Multiple data files from
    repList_condition8.dat
Input data format  FREE


SUMMARY OF DATA FOR THE FIRST REPLICATION

     Number of missing data patterns             1
     Number of y missing data patterns           1
     Number of u missing data patterns           1


SUMMARY OF MISSING DATA PATTERNS FOR THE FIRST REPLICATION


     MISSING DATA PATTERNS FOR Y (x = not missing)

           1
 L1        x
 L2        x
 Y         x
 C0        x
 C0C0      x
 L1L1      x
 L2L2      x


     MISSING DATA PATTERN FREQUENCIES FOR Y

    Pattern   Frequency
          1         150


COVARIANCE COVERAGE OF DATA FOR THE FIRST REPLICATION

Minimum covariance coverage value   0.100


     PROPORTION OF DATA PRESENT FOR Y


           Covariance Coverage
              L1            L2            Y             C0            C0C0
              ________      ________      ________      ________      ________
 L1             1.000
 L2             1.000         1.000
 Y              1.000         1.000         1.000
 C0             1.000         1.000         1.000         1.000
 C0C0           1.000         1.000         1.000         1.000         1.000
 L1L1           1.000         1.000         1.000         1.000         1.000
 L2L2           1.000         1.000         1.000         1.000         1.000


           Covariance Coverage
              L1L1          L2L2
              ________      ________
 L1L1           1.000
 L2L2           1.000         1.000


UNIVARIATE PROPORTIONS FOR CATEGORICAL VARIABLES

NOTE:  These are average results over 1000 data sets.

    A1
      Category 1    0.497
      Category 2    0.503
    A2
      Category 1    0.497
      Category 2    0.503


SAMPLE STATISTICS

NOTE:  These are average results over 1000 data sets.


     SAMPLE STATISTICS


           Means
              L1            L2            Y             C0            C0C0
              ________      ________      ________      ________      ________
                0.000         0.000         2.121         0.000         0.985


           Means
              L1L1          L2L2
              ________      ________
                1.006         1.175


           Covariances
              L1            L2            Y             C0            C0C0
              ________      ________      ________      ________      ________
 L1             1.006
 L2             0.366         1.175
 Y              0.341         0.512         1.657
 C0             0.099         0.143         0.179         0.985
 C0C0          -0.004         0.000         0.214        -0.006         1.923
 L1L1          -0.002         0.001         0.383        -0.004         0.026
 L2L2          -0.001        -0.008         0.858        -0.004         0.050


           Covariances
              L1L1          L2L2
              ________      ________
 L1L1           2.031
 L2L2           0.270         2.730


           Correlations
              L1            L2            Y             C0            C0C0
              ________      ________      ________      ________      ________
 L1             1.000
 L2             0.337         1.000
 Y              0.264         0.367         1.000
 C0             0.100         0.133         0.140         1.000
 C0C0          -0.003         0.000         0.120        -0.004         1.000
 L1L1          -0.001         0.000         0.209        -0.003         0.013
 L2L2           0.000        -0.005         0.403        -0.002         0.022


           Correlations
              L1L1          L2L2
              ________      ________
 L1L1           1.000
 L2L2           0.115         1.000




MODEL FIT INFORMATION

Number of Free Parameters                       28

Loglikelihood

    H0 Value

        Mean                             -1027.862
        Std Dev                             18.069
        Number of successful computations     1000

             Proportions                   Percentiles
        Expected    Observed         Expected       Observed
           0.990       0.990        -1069.895      -1070.937
           0.980       0.978        -1064.970      -1066.680
           0.950       0.945        -1057.583      -1058.206
           0.900       0.896        -1051.019      -1051.638
           0.800       0.802        -1043.068      -1042.998
           0.700       0.699        -1037.337      -1037.389
           0.500       0.513        -1027.862      -1027.465
           0.300       0.295        -1018.386      -1018.760
           0.200       0.187        -1012.655      -1013.380
           0.100       0.098        -1004.705      -1004.882
           0.050       0.055         -998.140       -997.762
           0.020       0.020         -990.754       -991.246
           0.010       0.010         -985.828       -987.596

Information Criteria

    Akaike (AIC)

        Mean                              2111.723
        Std Dev                             36.138
        Number of successful computations     1000

             Proportions                   Percentiles
        Expected    Observed         Expected       Observed
           0.990       0.990         2027.656       2026.642
           0.980       0.980         2037.507       2037.441
           0.950       0.945         2052.280       2051.469
           0.900       0.902         2065.409       2065.423
           0.800       0.813         2081.310       2082.522
           0.700       0.705         2092.773       2093.482
           0.500       0.487         2111.723       2110.857
           0.300       0.301         2130.674       2130.729
           0.200       0.198         2142.137       2141.630
           0.100       0.104         2158.037       2159.028
           0.050       0.055         2171.166       2172.160
           0.020       0.022         2185.939       2188.465
           0.010       0.010         2195.791       2195.301

    Bayesian (BIC)

        Mean                              2196.021
        Std Dev                             36.138
        Number of successful computations     1000

             Proportions                   Percentiles
        Expected    Observed         Expected       Observed
           0.990       0.990         2111.954       2110.939
           0.980       0.980         2121.805       2121.738
           0.950       0.945         2136.578       2135.767
           0.900       0.902         2149.707       2149.721
           0.800       0.813         2165.608       2166.820
           0.700       0.705         2177.070       2177.780
           0.500       0.487         2196.021       2195.155
           0.300       0.301         2214.972       2215.027
           0.200       0.198         2226.435       2225.928
           0.100       0.104         2242.335       2243.326
           0.050       0.055         2255.464       2256.457
           0.020       0.022         2270.237       2272.763
           0.010       0.010         2280.088       2279.599

    Sample-Size Adjusted BIC (n* = (n + 2) / 24)

        Mean                              2107.406
        Std Dev                             36.138
        Number of successful computations     1000

             Proportions                   Percentiles
        Expected    Observed         Expected       Observed
           0.990       0.990         2023.339       2022.325
           0.980       0.980         2033.190       2033.124
           0.950       0.945         2047.964       2047.153
           0.900       0.902         2061.092       2061.107
           0.800       0.813         2076.993       2078.205
           0.700       0.705         2088.456       2089.165
           0.500       0.487         2107.406       2106.540
           0.300       0.301         2126.357       2126.413
           0.200       0.198         2137.820       2137.313
           0.100       0.104         2153.721       2154.712
           0.050       0.055         2166.849       2167.843
           0.020       0.022         2181.623       2184.148
           0.010       0.010         2191.474       2190.984



MODEL RESULTS

                              ESTIMATES              S. E.     M. S. E.  95%  % Sig
                 Population   Average   Std. Dev.   Average             Cover Coeff

 Y          ON
  A1                  0.200     0.1987     0.1751     0.1739     0.0306 0.947 0.213
  A2                  0.400     0.4013     0.1782     0.1768     0.0317 0.936 0.607
  L1                  0.150     0.1513     0.0948     0.0888     0.0090 0.939 0.414
  L2                  0.300     0.2956     0.0947     0.0845     0.0090 0.917 0.908
  C0                  0.100     0.0987     0.0881     0.0837     0.0077 0.927 0.236
  C0C0                0.100     0.1010     0.0657     0.0609     0.0043 0.930 0.394
  L1L1                0.150     0.1463     0.0621     0.0597     0.0039 0.943 0.676
  L2L2                0.300     0.2994     0.0546     0.0516     0.0030 0.945 0.998

 L2         ON
  L1                  0.300     0.3059     0.0840     0.0840     0.0071 0.948 0.950
  A1                  0.400     0.3922     0.1718     0.1677     0.0295 0.945 0.625
  C0                  0.100     0.1005     0.0865     0.0825     0.0075 0.941 0.250

 L1         ON
  C0                  0.100     0.1010     0.0816     0.0821     0.0067 0.956 0.240

 A2         ON
  C0                  0.000     0.0687     0.1176     0.1138     0.0185 0.894 0.106
  A1                  0.000     0.5047     0.2300     0.2280     0.3076 0.382 0.618
  L1                  0.000     0.1565     0.1245     0.1211     0.0400 0.768 0.232
  L2                  0.000     0.3236     0.1153     0.1161     0.1180 0.176 0.824

 A1         ON
  C0                  0.000     0.0643     0.1097     0.1079     0.0162 0.910 0.090
  L1                  0.000     0.3204     0.1159     0.1105     0.1161 0.172 0.828

 Means
  C0                  0.000     0.0000     0.0001     0.0809     0.0000 1.000 0.000

 Intercepts
  L1                  0.000     0.0000     0.0001     0.0811     0.0000 1.000 0.000
  L2                  0.000    -0.1973     0.0885     0.1166     0.0468 0.647 0.353
  Y                   2.060     1.2205     0.1741     0.1691     0.7348 0.002 1.000

 Thresholds
  A1$1               -0.074    -0.0083     0.1068     0.1050     0.0157 0.909 0.062
  A2$1                0.104     0.2441     0.1606     0.1586     0.0454 0.874 0.340

 Variances
  C0                  0.500     0.9849     0.1131     0.1137     0.2479 0.000 1.000

 Residual Variances
  L1                  0.500     0.9894     0.1159     0.1142     0.2529 0.000 1.000
  L2                  0.500     0.9739     0.1185     0.1125     0.2386 0.000 1.000
  Y                   0.500     0.9437     0.1117     0.1090     0.2093 0.000 1.000

New/Additional Parameters
  JTE_A1              0.320     0.3143     0.1811     0.1797     0.0328 0.956 0.427
  AVN                 0.720     0.7155     0.2153     0.2221     0.0463 0.959 0.899


QUALITY OF NUMERICAL RESULTS

     Average Condition Number for the Information Matrix      0.226E-03
       (ratio of smallest to largest eigenvalue)


TECHNICAL 1 OUTPUT


     PARAMETER SPECIFICATION


           TAU
              A1$1          A2$1
              ________      ________
                   27            28


           NU
              A1            A2            L1            L2            Y
              ________      ________      ________      ________      ________
                    0             0             0             0             0


           NU
              C0            C0C0          L1L1          L2L2
              ________      ________      ________      ________
                    0             0             0             0


           LAMBDA
              A1            A2            L1            L2            Y
              ________      ________      ________      ________      ________
 A1                 0             0             0             0             0
 A2                 0             0             0             0             0
 L1                 0             0             0             0             0
 L2                 0             0             0             0             0
 Y                  0             0             0             0             0
 C0                 0             0             0             0             0
 C0C0               0             0             0             0             0
 L1L1               0             0             0             0             0
 L2L2               0             0             0             0             0


           LAMBDA
              C0            C0C0          L1L1          L2L2
              ________      ________      ________      ________
 A1                 0             0             0             0
 A2                 0             0             0             0
 L1                 0             0             0             0
 L2                 0             0             0             0
 Y                  0             0             0             0
 C0                 0             0             0             0
 C0C0               0             0             0             0
 L1L1               0             0             0             0
 L2L2               0             0             0             0


           THETA
              A1            A2            L1            L2            Y
              ________      ________      ________      ________      ________
 A1                 0
 A2                 0             0
 L1                 0             0             0
 L2                 0             0             0             0
 Y                  0             0             0             0             0
 C0                 0             0             0             0             0
 C0C0               0             0             0             0             0
 L1L1               0             0             0             0             0
 L2L2               0             0             0             0             0


           THETA
              C0            C0C0          L1L1          L2L2
              ________      ________      ________      ________
 C0                 0
 C0C0               0             0
 L1L1               0             0             0
 L2L2               0             0             0             0


           ALPHA
              A1            A2            L1            L2            Y
              ________      ________      ________      ________      ________
                    0             0             1             2             3


           ALPHA
              C0            C0C0          L1L1          L2L2
              ________      ________      ________      ________
                    4             0             0             0


           BETA
              A1            A2            L1            L2            Y
              ________      ________      ________      ________      ________
 A1                 0             0             5             0             0
 A2                 7             0             8             9             0
 L1                 0             0             0             0             0
 L2                12             0            13             0             0
 Y                 15            16            17            18             0
 C0                 0             0             0             0             0
 C0C0               0             0             0             0             0
 L1L1               0             0             0             0             0
 L2L2               0             0             0             0             0


           BETA
              C0            C0C0          L1L1          L2L2
              ________      ________      ________      ________
 A1                 6             0             0             0
 A2                10             0             0             0
 L1                11             0             0             0
 L2                14             0             0             0
 Y                 19            20            21            22
 C0                 0             0             0             0
 C0C0               0             0             0             0
 L1L1               0             0             0             0
 L2L2               0             0             0             0


           PSI
              A1            A2            L1            L2            Y
              ________      ________      ________      ________      ________
 A1                 0
 A2                 0             0
 L1                 0             0            23
 L2                 0             0             0            24
 Y                  0             0             0             0            25
 C0                 0             0             0             0             0
 C0C0               0             0             0             0             0
 L1L1               0             0             0             0             0
 L2L2               0             0             0             0             0


           PSI
              C0            C0C0          L1L1          L2L2
              ________      ________      ________      ________
 C0                26
 C0C0               0             0
 L1L1               0             0             0
 L2L2               0             0             0             0


     PARAMETER SPECIFICATION FOR THE ADDITIONAL PARAMETERS


           NEW/ADDITIONAL PARAMETERS
              JTE_A1        AVN
              ________      ________
                   29            30


     STARTING VALUES


           TAU
              A1$1          A2$1
              ________      ________
               -0.074         0.104


           NU
              A1            A2            L1            L2            Y
              ________      ________      ________      ________      ________
                0.000         0.000         0.000         0.000         0.000


           NU
              C0            C0C0          L1L1          L2L2
              ________      ________      ________      ________
                0.000         0.000         0.000         0.000


           LAMBDA
              A1            A2            L1            L2            Y
              ________      ________      ________      ________      ________
 A1             1.000         0.000         0.000         0.000         0.000
 A2             0.000         1.000         0.000         0.000         0.000
 L1             0.000         0.000         1.000         0.000         0.000
 L2             0.000         0.000         0.000         1.000         0.000
 Y              0.000         0.000         0.000         0.000         1.000
 C0             0.000         0.000         0.000         0.000         0.000
 C0C0           0.000         0.000         0.000         0.000         0.000
 L1L1           0.000         0.000         0.000         0.000         0.000
 L2L2           0.000         0.000         0.000         0.000         0.000


           LAMBDA
              C0            C0C0          L1L1          L2L2
              ________      ________      ________      ________
 A1             0.000         0.000         0.000         0.000
 A2             0.000         0.000         0.000         0.000
 L1             0.000         0.000         0.000         0.000
 L2             0.000         0.000         0.000         0.000
 Y              0.000         0.000         0.000         0.000
 C0             1.000         0.000         0.000         0.000
 C0C0           0.000         1.000         0.000         0.000
 L1L1           0.000         0.000         1.000         0.000
 L2L2           0.000         0.000         0.000         1.000


           THETA
              A1            A2            L1            L2            Y
              ________      ________      ________      ________      ________
 A1             0.000
 A2             0.000         0.000
 L1             0.000         0.000         0.000
 L2             0.000         0.000         0.000         0.000
 Y              0.000         0.000         0.000         0.000         0.000
 C0             0.000         0.000         0.000         0.000         0.000
 C0C0           0.000         0.000         0.000         0.000         0.000
 L1L1           0.000         0.000         0.000         0.000         0.000
 L2L2           0.000         0.000         0.000         0.000         0.000


           THETA
              C0            C0C0          L1L1          L2L2
              ________      ________      ________      ________
 C0             0.000
 C0C0           0.000         0.000
 L1L1           0.000         0.000         0.000
 L2L2           0.000         0.000         0.000         0.000


           ALPHA
              A1            A2            L1            L2            Y
              ________      ________      ________      ________      ________
                0.000         0.000         0.000         0.000         2.060


           ALPHA
              C0            C0C0          L1L1          L2L2
              ________      ________      ________      ________
                0.000         0.000         0.000         0.000


           BETA
              A1            A2            L1            L2            Y
              ________      ________      ________      ________      ________
 A1             0.000         0.000         0.000         0.000         0.000
 A2             0.000         0.000         0.000         0.000         0.000
 L1             0.000         0.000         0.000         0.000         0.000
 L2             0.400         0.000         0.300         0.000         0.000
 Y              0.200         0.400         0.150         0.300         0.000
 C0             0.000         0.000         0.000         0.000         0.000
 C0C0           0.000         0.000         0.000         0.000         0.000
 L1L1           0.000         0.000         0.000         0.000         0.000
 L2L2           0.000         0.000         0.000         0.000         0.000


           BETA
              C0            C0C0          L1L1          L2L2
              ________      ________      ________      ________
 A1             0.000         0.000         0.000         0.000
 A2             0.000         0.000         0.000         0.000
 L1             0.100         0.000         0.000         0.000
 L2             0.100         0.000         0.000         0.000
 Y              0.100         0.100         0.150         0.300
 C0             0.000         0.000         0.000         0.000
 C0C0           0.000         0.000         0.000         0.000
 L1L1           0.000         0.000         0.000         0.000
 L2L2           0.000         0.000         0.000         0.000


           PSI
              A1            A2            L1            L2            Y
              ________      ________      ________      ________      ________
 A1             1.000
 A2             0.000         1.000
 L1             0.000         0.000         0.500
 L2             0.000         0.000         0.000         0.500
 Y              0.000         0.000         0.000         0.000         0.500
 C0             0.000         0.000         0.000         0.000         0.000
 C0C0           0.000         0.000         0.000         0.000         0.000
 L1L1           0.000         0.000         0.000         0.000         0.000
 L2L2           0.000         0.000         0.000         0.000         0.000


           PSI
              C0            C0C0          L1L1          L2L2
              ________      ________      ________      ________
 C0             0.500
 C0C0           0.000         0.500
 L1L1           0.000         0.000         0.500
 L2L2           0.000         0.000         0.000         0.500


     STARTING VALUES FOR THE ADDITIONAL PARAMETERS


           NEW/ADDITIONAL PARAMETERS
              JTE_A1        AVN
              ________      ________
                0.320         0.720


RESULTS SAVING INFORMATION

  Order of data

    Replication number
    Parameter estimates
     (saved in order shown in Technical 1 output)
    Standard errors
     (saved in order shown in Technical 1 output)
    Number of Free Parameters
    H0 Loglikelihood
    Akaike (AIC)
    Bayesian (BIC)
    Sample-Size Adjusted BIC
    Entropy
    Condition Number

  Save file
    results_correct_condition8.dat

  Save file format           Free


     Beginning Time:  17:25:42
        Ending Time:  17:26:26
       Elapsed Time:  00:00:44



MUTHEN & MUTHEN
3463 Stoner Ave.
Los Angeles, CA  90066

Tel: (310) 391-9971
Fax: (310) 391-8971
Web: www.StatModel.com
Support: Support@StatModel.com

Copyright (c) 1998-2024 Muthen & Muthen
