Mplus VERSION 8.11
MUTHEN & MUTHEN
01/13/2025   5:04 PM

INPUT INSTRUCTIONS

  TITLE:
     Traditional path analysis for estimating joint effects
     and prolongued exposure effect.
     - K = 2 (waves)
     - All effects assumed linear

  DATA:
      FILE = repList_condition24.dat;
      TYPE = MONTECARLO;

  VARIABLE:
      NAMES = C0 L1 A1 L2 A2 Y
              Pr_A1 Pr_A2 ps1 ps2 W W_correct;
      USEVARIABLES = C0-Y;
      MISSING = .;
      CATEGORICAL = A1 A2;

  ANALYSIS:
     ESTIMATOR = ML;
     LINK = PROBIT;

  MODEL:
      ! Lagged effects on Y
      Y ON A1*0.2 A2*0.4 (B_A1Y B_A2Y);
      Y ON L1*0.15 L2*0.3 (B_L1Y B_L2Y);
      Y ON C0*0.1 (B_C0Y);

      ! Lagged effects on L
      L2 ON L1*0.3 A1*0.4 C0*0.1 (B_L1L2 B_A1L2 B_C0L2);
      L1 ON C0*0.1;

      ! Lagged effects on A
      A2 ON C0 A1 L1 L2;
      A1 ON C0 L1;

      ! Variance
      C0;

      ! Residual variances
      L1 L2 Y;

      ! Thresholds
      [A1$1 A2$1] (tau1 tau2);

  MODEL CONSTRAINT:
      NEW(JTE_A1*0.32);
      JTE_A1 = B_A1L2*B_L2Y + B_A1Y;

      NEW(AvN*0.72);
      AvN = JTE_A1 + B_A2Y;

  SAVEDATA:
      RESULTS = results_condition24.dat;



INPUT READING TERMINATED NORMALLY




Traditional path analysis for estimating joint effects
and prolongued exposure effect.
- K = 2 (waves)
- All effects assumed linear

SUMMARY OF ANALYSIS

Number of groups                                                 1
Average number of observations                                 500

Number of replications
    Requested                                                 1000
    Completed                                                 1000

Number of dependent variables                                    5
Number of independent variables                                  1
Number of continuous latent variables                            0

Observed dependent variables

  Continuous
   L1          L2          Y

  Binary and ordered categorical (ordinal)
   A1          A2

Observed independent variables
   C0


Estimator                                                       ML
Information matrix                                        OBSERVED
Optimization Specifications for the Quasi-Newton Algorithm for
Continuous Outcomes
  Maximum number of iterations                                 100
  Convergence criterion                                  0.100D-05
Optimization Specifications for the EM Algorithm
  Maximum number of iterations                                 500
  Convergence criteria
    Loglikelihood change                                 0.100D-02
    Relative loglikelihood change                        0.100D-05
    Derivative                                           0.100D-02
Optimization Specifications for the M step of the EM Algorithm for
Categorical Latent variables
  Number of M step iterations                                    1
  M step convergence criterion                           0.100D-02
  Basis for M step termination                           ITERATION
Optimization Specifications for the M step of the EM Algorithm for
Censored, Binary or Ordered Categorical (Ordinal), Unordered
Categorical (Nominal) and Count Outcomes
  Number of M step iterations                                    1
  M step convergence criterion                           0.100D-02
  Basis for M step termination                           ITERATION
  Maximum value for logit thresholds                            10
  Minimum value for logit thresholds                           -10
  Minimum expected cell size for chi-square              0.100D-01
Maximum number of iterations for H1                           2000
Convergence criterion for H1                             0.100D-03
Optimization algorithm                                         EMA
Integration Specifications
  Type                                                    STANDARD
  Number of integration points                                  15
  Dimensions of numerical integration                            0
  Adaptive quadrature                                           ON
Link                                                        PROBIT
Cholesky                                                        ON

Input data file(s)
  Multiple data files from
    repList_condition24.dat
Input data format  FREE


SUMMARY OF DATA FOR THE FIRST REPLICATION

     Number of missing data patterns             1
     Number of y missing data patterns           1
     Number of u missing data patterns           1


SUMMARY OF MISSING DATA PATTERNS FOR THE FIRST REPLICATION


     MISSING DATA PATTERNS FOR Y (x = not missing)

           1
 L1        x
 L2        x
 Y         x
 C0        x


     MISSING DATA PATTERN FREQUENCIES FOR Y

    Pattern   Frequency
          1         500


COVARIANCE COVERAGE OF DATA FOR THE FIRST REPLICATION

Minimum covariance coverage value   0.100


     PROPORTION OF DATA PRESENT FOR Y


           Covariance Coverage
              L1            L2            Y             C0
              ________      ________      ________      ________
 L1             1.000
 L2             1.000         1.000
 Y              1.000         1.000         1.000
 C0             1.000         1.000         1.000         1.000


UNIVARIATE PROPORTIONS FOR CATEGORICAL VARIABLES

NOTE:  These are average results over 1000 data sets.

    A1
      Category 1    0.100
      Category 2    0.900
    A2
      Category 1    0.099
      Category 2    0.901


SAMPLE STATISTICS

NOTE:  These are average results over 1000 data sets.


     SAMPLE STATISTICS


           Means
              L1            L2            Y             C0
              ________      ________      ________      ________
                1.400         2.180         2.394         3.999


           Covariances
              L1            L2            Y             C0
              ________      ________      ________      ________
 L1             1.009
 L2             0.330         1.130
 Y              0.284         0.436         1.527
 C0             0.099         0.132         0.164         0.998


           Correlations
              L1            L2            Y             C0
              ________      ________      ________      ________
 L1             1.000
 L2             0.309         1.000
 Y              0.229         0.332         1.000
 C0             0.098         0.124         0.133         1.000




MODEL FIT INFORMATION

Number of Free Parameters                       25

Loglikelihood

    H0 Value

        Mean                             -3199.346
        Std Dev                             42.394
        Number of successful computations     1000

             Proportions                   Percentiles
        Expected    Observed         Expected       Observed
           0.990       0.993        -3297.967      -3292.129
           0.980       0.982        -3286.411      -3285.349
           0.950       0.943        -3269.080      -3274.676
           0.900       0.895        -3253.678      -3254.920
           0.800       0.796        -3235.025      -3236.502
           0.700       0.697        -3221.577      -3221.825
           0.500       0.512        -3199.346      -3198.331
           0.300       0.308        -3177.114      -3176.094
           0.200       0.208        -3163.667      -3162.031
           0.100       0.099        -3145.014      -3145.475
           0.050       0.042        -3129.612      -3132.066
           0.020       0.020        -3112.281      -3119.259
           0.010       0.008        -3100.725      -3104.074

Information Criteria

    Akaike (AIC)

        Mean                              6448.692
        Std Dev                             84.788
        Number of successful computations     1000

             Proportions                   Percentiles
        Expected    Observed         Expected       Observed
           0.990       0.992         6251.449       6256.935
           0.980       0.980         6274.562       6274.340
           0.950       0.958         6309.224       6314.111
           0.900       0.901         6340.027       6339.311
           0.800       0.792         6377.334       6373.268
           0.700       0.692         6404.229       6401.400
           0.500       0.488         6448.692       6446.514
           0.300       0.303         6493.155       6493.571
           0.200       0.204         6520.049       6521.953
           0.100       0.105         6557.356       6558.662
           0.050       0.057         6588.160       6597.839
           0.020       0.018         6622.821       6620.442
           0.010       0.007         6645.934       6631.775

    Bayesian (BIC)

        Mean                              6554.057
        Std Dev                             84.788
        Number of successful computations     1000

             Proportions                   Percentiles
        Expected    Observed         Expected       Observed
           0.990       0.992         6356.814       6362.301
           0.980       0.980         6379.928       6379.705
           0.950       0.958         6414.589       6419.476
           0.900       0.901         6445.393       6444.676
           0.800       0.792         6482.699       6478.634
           0.700       0.692         6509.594       6506.765
           0.500       0.488         6554.057       6551.880
           0.300       0.303         6598.520       6598.936
           0.200       0.204         6625.415       6627.318
           0.100       0.105         6662.721       6664.028
           0.050       0.057         6693.525       6703.205
           0.020       0.018         6728.186       6725.807
           0.010       0.007         6751.299       6737.140

    Sample-Size Adjusted BIC (n* = (n + 2) / 24)

        Mean                              6474.705
        Std Dev                             84.788
        Number of successful computations     1000

             Proportions                   Percentiles
        Expected    Observed         Expected       Observed
           0.990       0.992         6277.463       6282.949
           0.980       0.980         6300.576       6300.353
           0.950       0.958         6335.237       6340.125
           0.900       0.901         6366.041       6365.324
           0.800       0.792         6403.348       6399.282
           0.700       0.692         6430.243       6427.414
           0.500       0.488         6474.705       6472.528
           0.300       0.303         6519.168       6519.585
           0.200       0.204         6546.063       6547.967
           0.100       0.105         6583.370       6584.676
           0.050       0.057         6614.173       6623.853
           0.020       0.018         6648.835       6646.455
           0.010       0.007         6671.948       6657.789



MODEL RESULTS

                              ESTIMATES              S. E.     M. S. E.  95%  % Sig
                 Population   Average   Std. Dev.   Average             Cover Coeff

 Y          ON
  A1                  0.200     0.1096     0.1857     0.1757     0.0426 0.912 0.109
  A2                  0.400     0.2565     0.1956     0.1772     0.0588 0.838 0.330
  L1                  0.150     0.1552     0.0574     0.0541     0.0033 0.933 0.794
  L2                  0.300     0.3116     0.0617     0.0518     0.0039 0.892 1.000
  C0                  0.100     0.1028     0.0527     0.0518     0.0028 0.936 0.529

 L2         ON
  L1                  0.300     0.2999     0.0473     0.0451     0.0022 0.938 1.000
  A1                  0.400     0.4003     0.1522     0.1512     0.0231 0.947 0.751
  C0                  0.100     0.0971     0.0459     0.0450     0.0021 0.944 0.569

 L1         ON
  C0                  0.100     0.0987     0.0453     0.0448     0.0020 0.946 0.607

 A2         ON
  C0                  0.000     0.0496     0.0820     0.0830     0.0092 0.918 0.082
  A1                  0.000     0.4391     0.2357     0.2300     0.2483 0.506 0.494
  L1                  0.000     0.1362     0.0869     0.0872     0.0261 0.654 0.346
  L2                  0.000     0.2663     0.0883     0.0846     0.0787 0.118 0.882

 A1         ON
  C0                  0.000     0.0567     0.0803     0.0797     0.0097 0.890 0.110
  L1                  0.000     0.2571     0.0838     0.0813     0.0731 0.120 0.880

 Means
  C0                  4.024     3.9992     0.0436     0.0447     0.0025 0.917 1.000

 Intercepts
  L1                  1.320     1.0049     0.1861     0.1845     0.1339 0.601 0.999
  L2                  2.120     1.0116     0.2328     0.2253     1.2835 0.003 0.991
  Y                   2.382     0.7559     0.3143     0.2878     2.7415 0.001 0.717

 Thresholds
  A1$1               -1.196    -0.7509     0.3337     0.3278     0.3098 0.717 0.627
  A2$1               -1.233    -0.0437     0.3851     0.3884     1.5629 0.143 0.052

 Variances
  C0                  0.500     0.9981     0.0632     0.0631     0.2521 0.000 1.000

 Residual Variances
  L1                  0.500     0.9976     0.0627     0.0631     0.2516 0.000 1.000
  L2                  0.500     0.9916     0.0621     0.0627     0.2455 0.000 1.000
  Y                   0.500     1.2980     0.0928     0.0821     0.6455 0.000 1.000

New/Additional Parameters
  JTE_A1              0.320     0.2348     0.1797     0.1812     0.0395 0.929 0.257
  AVN                 0.720     0.4913     0.2538     0.2374     0.1167 0.824 0.543


QUALITY OF NUMERICAL RESULTS

     Average Condition Number for the Information Matrix      0.679E-04
       (ratio of smallest to largest eigenvalue)


TECHNICAL 1 OUTPUT


     PARAMETER SPECIFICATION


           TAU
              A1$1          A2$1
              ________      ________
                   24            25


           NU
              A1            A2            L1            L2            Y
              ________      ________      ________      ________      ________
                    0             0             0             0             0


           NU
              C0
              ________
                    0


           LAMBDA
              A1            A2            L1            L2            Y
              ________      ________      ________      ________      ________
 A1                 0             0             0             0             0
 A2                 0             0             0             0             0
 L1                 0             0             0             0             0
 L2                 0             0             0             0             0
 Y                  0             0             0             0             0
 C0                 0             0             0             0             0


           LAMBDA
              C0
              ________
 A1                 0
 A2                 0
 L1                 0
 L2                 0
 Y                  0
 C0                 0


           THETA
              A1            A2            L1            L2            Y
              ________      ________      ________      ________      ________
 A1                 0
 A2                 0             0
 L1                 0             0             0
 L2                 0             0             0             0
 Y                  0             0             0             0             0
 C0                 0             0             0             0             0


           THETA
              C0
              ________
 C0                 0


           ALPHA
              A1            A2            L1            L2            Y
              ________      ________      ________      ________      ________
                    0             0             1             2             3


           ALPHA
              C0
              ________
                    4


           BETA
              A1            A2            L1            L2            Y
              ________      ________      ________      ________      ________
 A1                 0             0             5             0             0
 A2                 7             0             8             9             0
 L1                 0             0             0             0             0
 L2                12             0            13             0             0
 Y                 15            16            17            18             0
 C0                 0             0             0             0             0


           BETA
              C0
              ________
 A1                 6
 A2                10
 L1                11
 L2                14
 Y                 19
 C0                 0


           PSI
              A1            A2            L1            L2            Y
              ________      ________      ________      ________      ________
 A1                 0
 A2                 0             0
 L1                 0             0            20
 L2                 0             0             0            21
 Y                  0             0             0             0            22
 C0                 0             0             0             0             0


           PSI
              C0
              ________
 C0                23


     PARAMETER SPECIFICATION FOR THE ADDITIONAL PARAMETERS


           NEW/ADDITIONAL PARAMETERS
              JTE_A1        AVN
              ________      ________
                   26            27


     STARTING VALUES


           TAU
              A1$1          A2$1
              ________      ________
               -1.196        -1.233


           NU
              A1            A2            L1            L2            Y
              ________      ________      ________      ________      ________
                0.000         0.000         0.000         0.000         0.000


           NU
              C0
              ________
                0.000


           LAMBDA
              A1            A2            L1            L2            Y
              ________      ________      ________      ________      ________
 A1             1.000         0.000         0.000         0.000         0.000
 A2             0.000         1.000         0.000         0.000         0.000
 L1             0.000         0.000         1.000         0.000         0.000
 L2             0.000         0.000         0.000         1.000         0.000
 Y              0.000         0.000         0.000         0.000         1.000
 C0             0.000         0.000         0.000         0.000         0.000


           LAMBDA
              C0
              ________
 A1             0.000
 A2             0.000
 L1             0.000
 L2             0.000
 Y              0.000
 C0             1.000


           THETA
              A1            A2            L1            L2            Y
              ________      ________      ________      ________      ________
 A1             0.000
 A2             0.000         0.000
 L1             0.000         0.000         0.000
 L2             0.000         0.000         0.000         0.000
 Y              0.000         0.000         0.000         0.000         0.000
 C0             0.000         0.000         0.000         0.000         0.000


           THETA
              C0
              ________
 C0             0.000


           ALPHA
              A1            A2            L1            L2            Y
              ________      ________      ________      ________      ________
                0.000         0.000         1.320         2.120         2.382


           ALPHA
              C0
              ________
                4.024


           BETA
              A1            A2            L1            L2            Y
              ________      ________      ________      ________      ________
 A1             0.000         0.000         0.000         0.000         0.000
 A2             0.000         0.000         0.000         0.000         0.000
 L1             0.000         0.000         0.000         0.000         0.000
 L2             0.400         0.000         0.300         0.000         0.000
 Y              0.200         0.400         0.150         0.300         0.000
 C0             0.000         0.000         0.000         0.000         0.000


           BETA
              C0
              ________
 A1             0.000
 A2             0.000
 L1             0.100
 L2             0.100
 Y              0.100
 C0             0.000


           PSI
              A1            A2            L1            L2            Y
              ________      ________      ________      ________      ________
 A1             1.000
 A2             0.000         1.000
 L1             0.000         0.000         0.500
 L2             0.000         0.000         0.000         0.500
 Y              0.000         0.000         0.000         0.000         0.500
 C0             0.000         0.000         0.000         0.000         0.000


           PSI
              C0
              ________
 C0             0.500


     STARTING VALUES FOR THE ADDITIONAL PARAMETERS


           NEW/ADDITIONAL PARAMETERS
              JTE_A1        AVN
              ________      ________
                0.320         0.720


RESULTS SAVING INFORMATION

  Order of data

    Replication number
    Parameter estimates
     (saved in order shown in Technical 1 output)
    Standard errors
     (saved in order shown in Technical 1 output)
    Number of Free Parameters
    H0 Loglikelihood
    Akaike (AIC)
    Bayesian (BIC)
    Sample-Size Adjusted BIC
    Entropy
    Condition Number

  Save file
    results_condition24.dat

  Save file format           Free


     Beginning Time:  17:04:03
        Ending Time:  17:05:06
       Elapsed Time:  00:01:03



MUTHEN & MUTHEN
3463 Stoner Ave.
Los Angeles, CA  90066

Tel: (310) 391-9971
Fax: (310) 391-8971
Web: www.StatModel.com
Support: Support@StatModel.com

Copyright (c) 1998-2024 Muthen & Muthen
