Mplus VERSION 8.11
MUTHEN & MUTHEN
01/13/2025   5:13 PM

INPUT INSTRUCTIONS

  TITLE:
     Traditional path analysis for estimating joint effects
     and prolongued exposure effect.
     - K = 2 (waves)
     - All effects assumed linear

  DATA:
      FILE = repList_condition28.dat;
      TYPE = MONTECARLO;

  VARIABLE:
      NAMES = C0 L1 A1 L2 A2 Y
              Pr_A1 Pr_A2 ps1 ps2 W W_correct;
      USEVARIABLES = C0-Y;
      MISSING = .;
      CATEGORICAL = A1 A2;

  ANALYSIS:
     ESTIMATOR = ML;
     LINK = PROBIT;

  MODEL:
      ! Lagged effects on Y
      Y ON A1*0.2 A2*0.4 (B_A1Y B_A2Y);
      Y ON L1*0.15 L2*0.3 (B_L1Y B_L2Y);
      Y ON C0*0.1 (B_C0Y);

      ! Lagged effects on L
      L2 ON L1*0.3 A1*0.4 C0*0.1 (B_L1L2 B_A1L2 B_C0L2);
      L1 ON C0*0.1;

      ! Lagged effects on A
      A2 ON C0 A1 L1 L2;
      A1 ON C0 L1;

      ! Variance
      C0;

      ! Residual variances
      L1 L2 Y;

      ! Thresholds
      [A1$1 A2$1] (tau1 tau2);

  MODEL CONSTRAINT:
      NEW(JTE_A1*0.32);
      JTE_A1 = B_A1L2*B_L2Y + B_A1Y;

      NEW(AvN*0.72);
      AvN = JTE_A1 + B_A2Y;

  SAVEDATA:
      RESULTS = results_condition28.dat;



INPUT READING TERMINATED NORMALLY




Traditional path analysis for estimating joint effects
and prolongued exposure effect.
- K = 2 (waves)
- All effects assumed linear

SUMMARY OF ANALYSIS

Number of groups                                                 1
Average number of observations                                 500

Number of replications
    Requested                                                 1000
    Completed                                                 1000

Number of dependent variables                                    5
Number of independent variables                                  1
Number of continuous latent variables                            0

Observed dependent variables

  Continuous
   L1          L2          Y

  Binary and ordered categorical (ordinal)
   A1          A2

Observed independent variables
   C0


Estimator                                                       ML
Information matrix                                        OBSERVED
Optimization Specifications for the Quasi-Newton Algorithm for
Continuous Outcomes
  Maximum number of iterations                                 100
  Convergence criterion                                  0.100D-05
Optimization Specifications for the EM Algorithm
  Maximum number of iterations                                 500
  Convergence criteria
    Loglikelihood change                                 0.100D-02
    Relative loglikelihood change                        0.100D-05
    Derivative                                           0.100D-02
Optimization Specifications for the M step of the EM Algorithm for
Categorical Latent variables
  Number of M step iterations                                    1
  M step convergence criterion                           0.100D-02
  Basis for M step termination                           ITERATION
Optimization Specifications for the M step of the EM Algorithm for
Censored, Binary or Ordered Categorical (Ordinal), Unordered
Categorical (Nominal) and Count Outcomes
  Number of M step iterations                                    1
  M step convergence criterion                           0.100D-02
  Basis for M step termination                           ITERATION
  Maximum value for logit thresholds                            10
  Minimum value for logit thresholds                           -10
  Minimum expected cell size for chi-square              0.100D-01
Maximum number of iterations for H1                           2000
Convergence criterion for H1                             0.100D-03
Optimization algorithm                                         EMA
Integration Specifications
  Type                                                    STANDARD
  Number of integration points                                  15
  Dimensions of numerical integration                            0
  Adaptive quadrature                                           ON
Link                                                        PROBIT
Cholesky                                                        ON

Input data file(s)
  Multiple data files from
    repList_condition28.dat
Input data format  FREE


SUMMARY OF DATA FOR THE FIRST REPLICATION

     Number of missing data patterns             1
     Number of y missing data patterns           1
     Number of u missing data patterns           1


SUMMARY OF MISSING DATA PATTERNS FOR THE FIRST REPLICATION


     MISSING DATA PATTERNS FOR Y (x = not missing)

           1
 L1        x
 L2        x
 Y         x
 C0        x


     MISSING DATA PATTERN FREQUENCIES FOR Y

    Pattern   Frequency
          1         500


COVARIANCE COVERAGE OF DATA FOR THE FIRST REPLICATION

Minimum covariance coverage value   0.100


     PROPORTION OF DATA PRESENT FOR Y


           Covariance Coverage
              L1            L2            Y             C0
              ________      ________      ________      ________
 L1             1.000
 L2             1.000         1.000
 Y              1.000         1.000         1.000
 C0             1.000         1.000         1.000         1.000


UNIVARIATE PROPORTIONS FOR CATEGORICAL VARIABLES

NOTE:  These are average results over 1000 data sets.

    A1
      Category 1    0.899
      Category 2    0.101
    A2
      Category 1    0.900
      Category 2    0.100


SAMPLE STATISTICS

NOTE:  These are average results over 1000 data sets.


     SAMPLE STATISTICS


           Means
              L1            L2            Y             C0
              ________      ________      ________      ________
                1.501         2.299         2.056         4.000


           Covariances
              L1            L2            Y             C0
              ________      ________      ________      ________
 L1             1.031
 L2             0.372         1.412
 Y              0.507         0.920         2.430
 C0             0.101         0.148         0.229         0.998


           Correlations
              L1            L2            Y             C0
              ________      ________      ________      ________
 L1             1.000
 L2             0.308         1.000
 Y              0.320         0.496         1.000
 C0             0.099         0.125         0.147         1.000




MODEL FIT INFORMATION

Number of Free Parameters                       25

Loglikelihood

    H0 Value

        Mean                             -3247.328
        Std Dev                             61.822
        Number of successful computations     1000

             Proportions                   Percentiles
        Expected    Observed         Expected       Observed
           0.990       0.988        -3391.144      -3399.103
           0.980       0.979        -3374.292      -3375.933
           0.950       0.947        -3349.019      -3351.247
           0.900       0.893        -3326.559      -3328.261
           0.800       0.794        -3299.357      -3300.087
           0.700       0.706        -3279.748      -3278.362
           0.500       0.511        -3247.328      -3245.397
           0.300       0.316        -3214.909      -3212.204
           0.200       0.201        -3195.299      -3195.171
           0.100       0.095        -3168.097      -3170.711
           0.050       0.046        -3145.637      -3147.996
           0.020       0.018        -3120.365      -3127.006
           0.010       0.006        -3103.512      -3114.553

Information Criteria

    Akaike (AIC)

        Mean                              6544.656
        Std Dev                            123.644
        Number of successful computations     1000

             Proportions                   Percentiles
        Expected    Observed         Expected       Observed
           0.990       0.994         6257.024       6269.146
           0.980       0.982         6290.729       6303.423
           0.950       0.954         6341.275       6343.663
           0.900       0.905         6386.195       6387.264
           0.800       0.799         6440.598       6439.366
           0.700       0.684         6479.818       6474.330
           0.500       0.489         6544.656       6540.690
           0.300       0.294         6609.495       6606.646
           0.200       0.206         6648.715       6649.368
           0.100       0.107         6703.118       6705.733
           0.050       0.053         6748.038       6751.319
           0.020       0.021         6798.583       6801.819
           0.010       0.012         6832.289       6841.018

    Bayesian (BIC)

        Mean                              6650.022
        Std Dev                            123.644
        Number of successful computations     1000

             Proportions                   Percentiles
        Expected    Observed         Expected       Observed
           0.990       0.994         6362.389       6374.511
           0.980       0.982         6396.094       6408.789
           0.950       0.954         6446.640       6449.029
           0.900       0.905         6491.560       6492.629
           0.800       0.799         6545.963       6544.731
           0.700       0.684         6585.183       6579.695
           0.500       0.489         6650.022       6646.055
           0.300       0.294         6714.860       6712.011
           0.200       0.206         6754.080       6754.733
           0.100       0.107         6808.483       6811.098
           0.050       0.053         6853.403       6856.684
           0.020       0.021         6903.949       6907.184
           0.010       0.012         6937.654       6946.384

    Sample-Size Adjusted BIC (n* = (n + 2) / 24)

        Mean                              6570.670
        Std Dev                            123.644
        Number of successful computations     1000

             Proportions                   Percentiles
        Expected    Observed         Expected       Observed
           0.990       0.994         6283.038       6295.159
           0.980       0.982         6316.743       6329.437
           0.950       0.954         6367.289       6369.677
           0.900       0.905         6412.208       6413.278
           0.800       0.799         6466.612       6465.379
           0.700       0.684         6505.831       6500.344
           0.500       0.489         6570.670       6566.704
           0.300       0.294         6635.509       6632.660
           0.200       0.206         6674.729       6675.382
           0.100       0.107         6729.132       6731.746
           0.050       0.053         6774.052       6777.332
           0.020       0.021         6824.597       6827.832
           0.010       0.012         6858.302       6867.032



MODEL RESULTS

                              ESTIMATES              S. E.     M. S. E.  95%  % Sig
                 Population   Average   Std. Dev.   Average             Cover Coeff

 Y          ON
  A1                  0.200     0.5721     0.2167     0.1966     0.1854 0.524 0.817
  A2                  0.400     1.5896     0.2558     0.2063     1.4806 0.000 1.000
  L1                  0.150     0.1850     0.0656     0.0577     0.0055 0.885 0.871
  L2                  0.300     0.3823     0.0731     0.0526     0.0121 0.636 1.000
  C0                  0.100     0.1002     0.0611     0.0552     0.0037 0.915 0.437

 L2         ON
  L1                  0.300     0.2887     0.0581     0.0495     0.0035 0.890 1.000
  A1                  0.400     0.9192     0.2028     0.1674     0.3107 0.156 0.995
  C0                  0.100     0.1029     0.0512     0.0491     0.0026 0.935 0.558

 L1         ON
  C0                  0.100     0.1008     0.0472     0.0452     0.0022 0.947 0.596

 A2         ON
  C0                  0.000     0.0541     0.0849     0.0868     0.0101 0.910 0.090
  A1                  0.000     0.6298     0.2260     0.2437     0.4476 0.252 0.748
  L1                  0.000     0.1521     0.0991     0.0867     0.0329 0.591 0.409
  L2                  0.000     0.4525     0.1293     0.0821     0.2214 0.001 0.999

 A1         ON
  C0                  0.000     0.0576     0.0800     0.0786     0.0097 0.888 0.112
  L1                  0.000     0.3389     0.1034     0.0765     0.1256 0.024 0.976

 Means
  C0                  3.971     3.9998     0.0447     0.0446     0.0028 0.906 1.000

 Intercepts
  L1                  1.529     1.0978     0.1930     0.1864     0.2234 0.364 1.000
  L2                  2.297     1.3610     0.2192     0.2084     0.9248 0.009 1.000
  Y                   2.021     0.2808     0.3250     0.2458     3.1336 0.000 0.286

 Thresholds
  A1$1                1.299     2.1071     0.3820     0.3467     0.7987 0.358 1.000
  A2$1                1.233     3.1223     0.4982     0.4165     3.8171 0.004 1.000

 Variances
  C0                  0.500     0.9977     0.0633     0.0631     0.2517 0.000 1.000

 Residual Variances
  L1                  0.500     1.0185     0.0665     0.0644     0.2733 0.000 1.000
  L2                  0.500     1.1836     0.0820     0.0749     0.4741 0.000 1.000
  Y                   0.500     1.4794     0.1923     0.0936     0.9961 0.000 1.000

New/Additional Parameters
  JTE_A1              0.320     0.9255     0.2762     0.2049     0.4429 0.228 0.982
  AVN                 0.720     2.5152     0.3648     0.2514     3.3556 0.000 1.000


QUALITY OF NUMERICAL RESULTS

     Average Condition Number for the Information Matrix      0.669E-04
       (ratio of smallest to largest eigenvalue)


TECHNICAL 1 OUTPUT


     PARAMETER SPECIFICATION


           TAU
              A1$1          A2$1
              ________      ________
                   24            25


           NU
              A1            A2            L1            L2            Y
              ________      ________      ________      ________      ________
                    0             0             0             0             0


           NU
              C0
              ________
                    0


           LAMBDA
              A1            A2            L1            L2            Y
              ________      ________      ________      ________      ________
 A1                 0             0             0             0             0
 A2                 0             0             0             0             0
 L1                 0             0             0             0             0
 L2                 0             0             0             0             0
 Y                  0             0             0             0             0
 C0                 0             0             0             0             0


           LAMBDA
              C0
              ________
 A1                 0
 A2                 0
 L1                 0
 L2                 0
 Y                  0
 C0                 0


           THETA
              A1            A2            L1            L2            Y
              ________      ________      ________      ________      ________
 A1                 0
 A2                 0             0
 L1                 0             0             0
 L2                 0             0             0             0
 Y                  0             0             0             0             0
 C0                 0             0             0             0             0


           THETA
              C0
              ________
 C0                 0


           ALPHA
              A1            A2            L1            L2            Y
              ________      ________      ________      ________      ________
                    0             0             1             2             3


           ALPHA
              C0
              ________
                    4


           BETA
              A1            A2            L1            L2            Y
              ________      ________      ________      ________      ________
 A1                 0             0             5             0             0
 A2                 7             0             8             9             0
 L1                 0             0             0             0             0
 L2                12             0            13             0             0
 Y                 15            16            17            18             0
 C0                 0             0             0             0             0


           BETA
              C0
              ________
 A1                 6
 A2                10
 L1                11
 L2                14
 Y                 19
 C0                 0


           PSI
              A1            A2            L1            L2            Y
              ________      ________      ________      ________      ________
 A1                 0
 A2                 0             0
 L1                 0             0            20
 L2                 0             0             0            21
 Y                  0             0             0             0            22
 C0                 0             0             0             0             0


           PSI
              C0
              ________
 C0                23


     PARAMETER SPECIFICATION FOR THE ADDITIONAL PARAMETERS


           NEW/ADDITIONAL PARAMETERS
              JTE_A1        AVN
              ________      ________
                   26            27


     STARTING VALUES


           TAU
              A1$1          A2$1
              ________      ________
                1.299         1.233


           NU
              A1            A2            L1            L2            Y
              ________      ________      ________      ________      ________
                0.000         0.000         0.000         0.000         0.000


           NU
              C0
              ________
                0.000


           LAMBDA
              A1            A2            L1            L2            Y
              ________      ________      ________      ________      ________
 A1             1.000         0.000         0.000         0.000         0.000
 A2             0.000         1.000         0.000         0.000         0.000
 L1             0.000         0.000         1.000         0.000         0.000
 L2             0.000         0.000         0.000         1.000         0.000
 Y              0.000         0.000         0.000         0.000         1.000
 C0             0.000         0.000         0.000         0.000         0.000


           LAMBDA
              C0
              ________
 A1             0.000
 A2             0.000
 L1             0.000
 L2             0.000
 Y              0.000
 C0             1.000


           THETA
              A1            A2            L1            L2            Y
              ________      ________      ________      ________      ________
 A1             0.000
 A2             0.000         0.000
 L1             0.000         0.000         0.000
 L2             0.000         0.000         0.000         0.000
 Y              0.000         0.000         0.000         0.000         0.000
 C0             0.000         0.000         0.000         0.000         0.000


           THETA
              C0
              ________
 C0             0.000


           ALPHA
              A1            A2            L1            L2            Y
              ________      ________      ________      ________      ________
                0.000         0.000         1.529         2.297         2.021


           ALPHA
              C0
              ________
                3.971


           BETA
              A1            A2            L1            L2            Y
              ________      ________      ________      ________      ________
 A1             0.000         0.000         0.000         0.000         0.000
 A2             0.000         0.000         0.000         0.000         0.000
 L1             0.000         0.000         0.000         0.000         0.000
 L2             0.400         0.000         0.300         0.000         0.000
 Y              0.200         0.400         0.150         0.300         0.000
 C0             0.000         0.000         0.000         0.000         0.000


           BETA
              C0
              ________
 A1             0.000
 A2             0.000
 L1             0.100
 L2             0.100
 Y              0.100
 C0             0.000


           PSI
              A1            A2            L1            L2            Y
              ________      ________      ________      ________      ________
 A1             1.000
 A2             0.000         1.000
 L1             0.000         0.000         0.500
 L2             0.000         0.000         0.000         0.500
 Y              0.000         0.000         0.000         0.000         0.500
 C0             0.000         0.000         0.000         0.000         0.000


           PSI
              C0
              ________
 C0             0.500


     STARTING VALUES FOR THE ADDITIONAL PARAMETERS


           NEW/ADDITIONAL PARAMETERS
              JTE_A1        AVN
              ________      ________
                0.320         0.720


RESULTS SAVING INFORMATION

  Order of data

    Replication number
    Parameter estimates
     (saved in order shown in Technical 1 output)
    Standard errors
     (saved in order shown in Technical 1 output)
    Number of Free Parameters
    H0 Loglikelihood
    Akaike (AIC)
    Bayesian (BIC)
    Sample-Size Adjusted BIC
    Entropy
    Condition Number

  Save file
    results_condition28.dat

  Save file format           Free


     Beginning Time:  17:13:23
        Ending Time:  17:14:20
       Elapsed Time:  00:00:57



MUTHEN & MUTHEN
3463 Stoner Ave.
Los Angeles, CA  90066

Tel: (310) 391-9971
Fax: (310) 391-8971
Web: www.StatModel.com
Support: Support@StatModel.com

Copyright (c) 1998-2024 Muthen & Muthen
