Mplus VERSION 8.11
MUTHEN & MUTHEN
01/13/2025   5:22 PM

INPUT INSTRUCTIONS

  TITLE:
     Traditional path analysis for estimating joint effects
     and prolongued exposure effect.
     - K = 2 (waves)
     - All effects assumed linear

  DATA:
      FILE = repList_condition5.dat;
      TYPE = MONTECARLO;

  VARIABLE:
      NAMES = C0 L1 A1 L2 A2 Y
              Pr_A1 Pr_A2 ps1 ps2 W W_correct;
      USEVARIABLES = C0-Y;
      MISSING = .;
      CATEGORICAL = A1 A2;

  ANALYSIS:
     ESTIMATOR = ML;
     LINK = PROBIT;

  MODEL:
      ! Lagged effects on Y
      Y ON A1*0.2 A2*0.4 (B_A1Y B_A2Y);
      Y ON L1*0.15 L2*0.3 (B_L1Y B_L2Y);
      Y ON C0*0.1 (B_C0Y);

      ! Lagged effects on L
      L2 ON L1*0.3 A1*0.4 C0*0.1 (B_L1L2 B_A1L2 B_C0L2);
      L1 ON C0*0.1;

      ! Lagged effects on A
      A2 ON C0 A1 L1 L2;
      A1 ON C0 L1;

      ! Variance
      C0;

      ! Residual variances
      L1 L2 Y;

      ! Thresholds
      [A1$1 A2$1] (tau1 tau2);

  MODEL CONSTRAINT:
      NEW(JTE_A1*0.32);
      JTE_A1 = B_A1L2*B_L2Y + B_A1Y;

      NEW(AvN*0.72);
      AvN = JTE_A1 + B_A2Y;

  SAVEDATA:
      RESULTS = results_condition5.dat;



INPUT READING TERMINATED NORMALLY




Traditional path analysis for estimating joint effects
and prolongued exposure effect.
- K = 2 (waves)
- All effects assumed linear

SUMMARY OF ANALYSIS

Number of groups                                                 1
Average number of observations                                 150

Number of replications
    Requested                                                 1000
    Completed                                                 1000

Number of dependent variables                                    5
Number of independent variables                                  1
Number of continuous latent variables                            0

Observed dependent variables

  Continuous
   L1          L2          Y

  Binary and ordered categorical (ordinal)
   A1          A2

Observed independent variables
   C0


Estimator                                                       ML
Information matrix                                        OBSERVED
Optimization Specifications for the Quasi-Newton Algorithm for
Continuous Outcomes
  Maximum number of iterations                                 100
  Convergence criterion                                  0.100D-05
Optimization Specifications for the EM Algorithm
  Maximum number of iterations                                 500
  Convergence criteria
    Loglikelihood change                                 0.100D-02
    Relative loglikelihood change                        0.100D-05
    Derivative                                           0.100D-02
Optimization Specifications for the M step of the EM Algorithm for
Categorical Latent variables
  Number of M step iterations                                    1
  M step convergence criterion                           0.100D-02
  Basis for M step termination                           ITERATION
Optimization Specifications for the M step of the EM Algorithm for
Censored, Binary or Ordered Categorical (Ordinal), Unordered
Categorical (Nominal) and Count Outcomes
  Number of M step iterations                                    1
  M step convergence criterion                           0.100D-02
  Basis for M step termination                           ITERATION
  Maximum value for logit thresholds                            10
  Minimum value for logit thresholds                           -10
  Minimum expected cell size for chi-square              0.100D-01
Maximum number of iterations for H1                           2000
Convergence criterion for H1                             0.100D-03
Optimization algorithm                                         EMA
Integration Specifications
  Type                                                    STANDARD
  Number of integration points                                  15
  Dimensions of numerical integration                            0
  Adaptive quadrature                                           ON
Link                                                        PROBIT
Cholesky                                                        ON

Input data file(s)
  Multiple data files from
    repList_condition5.dat
Input data format  FREE


SUMMARY OF DATA FOR THE FIRST REPLICATION

     Number of missing data patterns             1
     Number of y missing data patterns           1
     Number of u missing data patterns           1


SUMMARY OF MISSING DATA PATTERNS FOR THE FIRST REPLICATION


     MISSING DATA PATTERNS FOR Y (x = not missing)

           1
 L1        x
 L2        x
 Y         x
 C0        x


     MISSING DATA PATTERN FREQUENCIES FOR Y

    Pattern   Frequency
          1         150


COVARIANCE COVERAGE OF DATA FOR THE FIRST REPLICATION

Minimum covariance coverage value   0.100


     PROPORTION OF DATA PRESENT FOR Y


           Covariance Coverage
              L1            L2            Y             C0
              ________      ________      ________      ________
 L1             1.000
 L2             1.000         1.000
 Y              1.000         1.000         1.000
 C0             1.000         1.000         1.000         1.000


UNIVARIATE PROPORTIONS FOR CATEGORICAL VARIABLES

NOTE:  These are average results over 1000 data sets.

    A1
      Category 1    0.498
      Category 2    0.502
    A2
      Category 1    0.502
      Category 2    0.498


SAMPLE STATISTICS

NOTE:  These are average results over 1000 data sets.


     SAMPLE STATISTICS


           Means
              L1            L2            Y             C0
              ________      ________      ________      ________
                1.500         2.457         1.660         3.999


           Covariances
              L1            L2            Y             C0
              ________      ________      ________      ________
 L1             1.024
 L2             0.395         1.415
 Y              0.349         0.605         1.346
 C0             0.093         0.158         0.185         0.986


           Correlations
              L1            L2            Y             C0
              ________      ________      ________      ________
 L1             1.000
 L2             0.328         1.000
 Y              0.297         0.439         1.000
 C0             0.092         0.134         0.161         1.000




MODEL FIT INFORMATION

Number of Free Parameters                       25

Loglikelihood

    H0 Value

        Mean                             -1044.423
        Std Dev                             19.527
        Number of successful computations     1000

             Proportions                   Percentiles
        Expected    Observed         Expected       Observed
           0.990       0.994        -1089.849      -1087.597
           0.980       0.985        -1084.526      -1083.640
           0.950       0.946        -1076.543      -1076.813
           0.900       0.903        -1069.449      -1069.342
           0.800       0.817        -1060.857      -1060.113
           0.700       0.695        -1054.663      -1054.836
           0.500       0.491        -1044.423      -1045.006
           0.300       0.292        -1034.183      -1034.847
           0.200       0.188        -1027.989      -1029.168
           0.100       0.108        -1019.398      -1018.133
           0.050       0.058        -1012.304      -1011.253
           0.020       0.027        -1004.321      -1001.923
           0.010       0.016         -998.998       -995.591

Information Criteria

    Akaike (AIC)

        Mean                              2138.847
        Std Dev                             39.054
        Number of successful computations     1000

             Proportions                   Percentiles
        Expected    Observed         Expected       Observed
           0.990       0.984         2047.996       2040.313
           0.980       0.973         2058.642       2053.692
           0.950       0.942         2074.607       2072.385
           0.900       0.892         2088.795       2085.865
           0.800       0.812         2105.979       2107.603
           0.700       0.708         2118.367       2119.535
           0.500       0.509         2138.847       2139.787
           0.300       0.305         2159.326       2159.494
           0.200       0.183         2171.714       2170.169
           0.100       0.097         2188.898       2188.158
           0.050       0.054         2203.086       2203.622
           0.020       0.015         2219.051       2216.504
           0.010       0.006         2229.697       2225.137

    Bayesian (BIC)

        Mean                              2214.112
        Std Dev                             39.054
        Number of successful computations     1000

             Proportions                   Percentiles
        Expected    Observed         Expected       Observed
           0.990       0.984         2123.262       2115.579
           0.980       0.973         2133.908       2128.958
           0.950       0.942         2149.873       2147.651
           0.900       0.892         2164.061       2161.131
           0.800       0.812         2181.245       2182.869
           0.700       0.708         2193.633       2194.801
           0.500       0.509         2214.112       2215.053
           0.300       0.305         2234.592       2234.760
           0.200       0.183         2246.980       2245.435
           0.100       0.097         2264.164       2263.424
           0.050       0.054         2278.352       2278.888
           0.020       0.015         2294.317       2291.770
           0.010       0.006         2304.963       2300.403

    Sample-Size Adjusted BIC (n* = (n + 2) / 24)

        Mean                              2134.992
        Std Dev                             39.054
        Number of successful computations     1000

             Proportions                   Percentiles
        Expected    Observed         Expected       Observed
           0.990       0.984         2044.142       2036.458
           0.980       0.973         2054.788       2049.838
           0.950       0.942         2070.753       2068.530
           0.900       0.892         2084.941       2082.010
           0.800       0.812         2102.125       2103.749
           0.700       0.708         2114.512       2115.681
           0.500       0.509         2134.992       2135.933
           0.300       0.305         2155.472       2155.640
           0.200       0.183         2167.860       2166.315
           0.100       0.097         2185.043       2184.304
           0.050       0.054         2199.232       2199.767
           0.020       0.015         2215.197       2212.650
           0.010       0.006         2225.843       2221.283



MODEL RESULTS

                              ESTIMATES              S. E.     M. S. E.  95%  % Sig
                 Population   Average   Std. Dev.   Average             Cover Coeff

 Y          ON
  A1                  0.200     0.1938     0.1753     0.1727     0.0307 0.944 0.204
  A2                  0.400     0.4091     0.1823     0.1764     0.0333 0.941 0.631
  L1                  0.150     0.1471     0.0888     0.0869     0.0079 0.946 0.413
  L2                  0.300     0.3001     0.0781     0.0762     0.0061 0.938 0.972
  C0                  0.100     0.1003     0.0868     0.0827     0.0075 0.937 0.233

 L2         ON
  L1                  0.300     0.3282     0.1135     0.0913     0.0137 0.878 0.902
  A1                  0.400     0.3983     0.1929     0.1842     0.0372 0.936 0.584
  C0                  0.100     0.1143     0.0999     0.0907     0.0102 0.922 0.263

 L1         ON
  C0                  0.100     0.0943     0.0845     0.0828     0.0072 0.940 0.205

 A2         ON
  C0                  0.000     0.0589     0.1169     0.1148     0.0171 0.924 0.076
  A1                  0.000     0.5057     0.2231     0.2279     0.3055 0.392 0.608
  L1                  0.000     0.1625     0.1230     0.1200     0.0415 0.720 0.280
  L2                  0.000     0.3168     0.1107     0.1079     0.1126 0.152 0.848

 A1         ON
  C0                  0.000     0.0649     0.1109     0.1077     0.0165 0.903 0.097
  L1                  0.000     0.3070     0.1138     0.1092     0.1072 0.198 0.802

 Means
  C0                  3.914     3.9986     0.0802     0.0810     0.0136 0.821 1.000

 Intercepts
  L1                  1.381     1.1220     0.3475     0.3412     0.1876 0.890 0.892
  L2                  2.360     1.3041     0.4330     0.3869     1.3021 0.256 0.892
  Y                   1.714     0.0006     0.3810     0.3639     3.0796 0.008 0.063

 Thresholds
  A1$1                0.030     0.7154     0.4763     0.4612     0.6970 0.680 0.346
  A2$1                0.074     1.5047     0.5381     0.5254     2.3357 0.207 0.832

 Variances
  C0                  0.500     0.9865     0.1153     0.1139     0.2499 0.000 1.000

 Residual Variances
  L1                  0.500     1.0079     0.1181     0.1164     0.2719 0.001 1.000
  L2                  0.500     1.1794     0.1495     0.1362     0.4839 0.000 1.000
  Y                   0.500     0.9547     0.1096     0.1102     0.2188 0.003 1.000

New/Additional Parameters
  JTE_A1              0.320     0.3135     0.1868     0.1803     0.0349 0.941 0.414
  AVN                 0.720     0.7226     0.2261     0.2227     0.0511 0.948 0.891


QUALITY OF NUMERICAL RESULTS

     Average Condition Number for the Information Matrix      0.170E-03
       (ratio of smallest to largest eigenvalue)


TECHNICAL 1 OUTPUT


     PARAMETER SPECIFICATION


           TAU
              A1$1          A2$1
              ________      ________
                   24            25


           NU
              A1            A2            L1            L2            Y
              ________      ________      ________      ________      ________
                    0             0             0             0             0


           NU
              C0
              ________
                    0


           LAMBDA
              A1            A2            L1            L2            Y
              ________      ________      ________      ________      ________
 A1                 0             0             0             0             0
 A2                 0             0             0             0             0
 L1                 0             0             0             0             0
 L2                 0             0             0             0             0
 Y                  0             0             0             0             0
 C0                 0             0             0             0             0


           LAMBDA
              C0
              ________
 A1                 0
 A2                 0
 L1                 0
 L2                 0
 Y                  0
 C0                 0


           THETA
              A1            A2            L1            L2            Y
              ________      ________      ________      ________      ________
 A1                 0
 A2                 0             0
 L1                 0             0             0
 L2                 0             0             0             0
 Y                  0             0             0             0             0
 C0                 0             0             0             0             0


           THETA
              C0
              ________
 C0                 0


           ALPHA
              A1            A2            L1            L2            Y
              ________      ________      ________      ________      ________
                    0             0             1             2             3


           ALPHA
              C0
              ________
                    4


           BETA
              A1            A2            L1            L2            Y
              ________      ________      ________      ________      ________
 A1                 0             0             5             0             0
 A2                 7             0             8             9             0
 L1                 0             0             0             0             0
 L2                12             0            13             0             0
 Y                 15            16            17            18             0
 C0                 0             0             0             0             0


           BETA
              C0
              ________
 A1                 6
 A2                10
 L1                11
 L2                14
 Y                 19
 C0                 0


           PSI
              A1            A2            L1            L2            Y
              ________      ________      ________      ________      ________
 A1                 0
 A2                 0             0
 L1                 0             0            20
 L2                 0             0             0            21
 Y                  0             0             0             0            22
 C0                 0             0             0             0             0


           PSI
              C0
              ________
 C0                23


     PARAMETER SPECIFICATION FOR THE ADDITIONAL PARAMETERS


           NEW/ADDITIONAL PARAMETERS
              JTE_A1        AVN
              ________      ________
                   26            27


     STARTING VALUES


           TAU
              A1$1          A2$1
              ________      ________
                0.030         0.074


           NU
              A1            A2            L1            L2            Y
              ________      ________      ________      ________      ________
                0.000         0.000         0.000         0.000         0.000


           NU
              C0
              ________
                0.000


           LAMBDA
              A1            A2            L1            L2            Y
              ________      ________      ________      ________      ________
 A1             1.000         0.000         0.000         0.000         0.000
 A2             0.000         1.000         0.000         0.000         0.000
 L1             0.000         0.000         1.000         0.000         0.000
 L2             0.000         0.000         0.000         1.000         0.000
 Y              0.000         0.000         0.000         0.000         1.000
 C0             0.000         0.000         0.000         0.000         0.000


           LAMBDA
              C0
              ________
 A1             0.000
 A2             0.000
 L1             0.000
 L2             0.000
 Y              0.000
 C0             1.000


           THETA
              A1            A2            L1            L2            Y
              ________      ________      ________      ________      ________
 A1             0.000
 A2             0.000         0.000
 L1             0.000         0.000         0.000
 L2             0.000         0.000         0.000         0.000
 Y              0.000         0.000         0.000         0.000         0.000
 C0             0.000         0.000         0.000         0.000         0.000


           THETA
              C0
              ________
 C0             0.000


           ALPHA
              A1            A2            L1            L2            Y
              ________      ________      ________      ________      ________
                0.000         0.000         1.381         2.360         1.714


           ALPHA
              C0
              ________
                3.914


           BETA
              A1            A2            L1            L2            Y
              ________      ________      ________      ________      ________
 A1             0.000         0.000         0.000         0.000         0.000
 A2             0.000         0.000         0.000         0.000         0.000
 L1             0.000         0.000         0.000         0.000         0.000
 L2             0.400         0.000         0.300         0.000         0.000
 Y              0.200         0.400         0.150         0.300         0.000
 C0             0.000         0.000         0.000         0.000         0.000


           BETA
              C0
              ________
 A1             0.000
 A2             0.000
 L1             0.100
 L2             0.100
 Y              0.100
 C0             0.000


           PSI
              A1            A2            L1            L2            Y
              ________      ________      ________      ________      ________
 A1             1.000
 A2             0.000         1.000
 L1             0.000         0.000         0.500
 L2             0.000         0.000         0.000         0.500
 Y              0.000         0.000         0.000         0.000         0.500
 C0             0.000         0.000         0.000         0.000         0.000


           PSI
              C0
              ________
 C0             0.500


     STARTING VALUES FOR THE ADDITIONAL PARAMETERS


           NEW/ADDITIONAL PARAMETERS
              JTE_A1        AVN
              ________      ________
                0.320         0.720


RESULTS SAVING INFORMATION

  Order of data

    Replication number
    Parameter estimates
     (saved in order shown in Technical 1 output)
    Standard errors
     (saved in order shown in Technical 1 output)
    Number of Free Parameters
    H0 Loglikelihood
    Akaike (AIC)
    Bayesian (BIC)
    Sample-Size Adjusted BIC
    Entropy
    Condition Number

  Save file
    results_condition5.dat

  Save file format           Free


     Beginning Time:  17:22:33
        Ending Time:  17:23:11
       Elapsed Time:  00:00:38



MUTHEN & MUTHEN
3463 Stoner Ave.
Los Angeles, CA  90066

Tel: (310) 391-9971
Fax: (310) 391-8971
Web: www.StatModel.com
Support: Support@StatModel.com

Copyright (c) 1998-2024 Muthen & Muthen
