Mplus VERSION 8.11
MUTHEN & MUTHEN
01/13/2025   5:15 PM

INPUT INSTRUCTIONS

  TITLE:
     Traditional path analysis for estimating joint effects
     and prolongued exposure effect.
     - K = 2 (waves)
     - All effects assumed linear

  DATA:
      FILE = repList_condition29.dat;
      TYPE = MONTECARLO;

  VARIABLE:
      NAMES = C0 L1 A1 L2 A2 Y
              Pr_A1 Pr_A2 ps1 ps2 W W_correct;
      USEVARIABLES = C0-Y;
      MISSING = .;
      CATEGORICAL = A1 A2;

  ANALYSIS:
     ESTIMATOR = ML;
     LINK = PROBIT;

  MODEL:
      ! Lagged effects on Y
      Y ON A1*0.2 A2*0.4 (B_A1Y B_A2Y);
      Y ON L1*0.15 L2*0.3 (B_L1Y B_L2Y);
      Y ON C0*0.1 (B_C0Y);

      ! Lagged effects on L
      L2 ON L1*0.3 A1*0.4 C0*0.1 (B_L1L2 B_A1L2 B_C0L2);
      L1 ON C0*0.1;

      ! Lagged effects on A
      A2 ON C0 A1 L1 L2;
      A1 ON C0 L1;

      ! Variance
      C0;

      ! Residual variances
      L1 L2 Y;

      ! Thresholds
      [A1$1 A2$1] (tau1 tau2);

  MODEL CONSTRAINT:
      NEW(JTE_A1*0.32);
      JTE_A1 = B_A1L2*B_L2Y + B_A1Y;

      NEW(AvN*0.72);
      AvN = JTE_A1 + B_A2Y;

  SAVEDATA:
      RESULTS = results_condition29.dat;



INPUT READING TERMINATED NORMALLY




Traditional path analysis for estimating joint effects
and prolongued exposure effect.
- K = 2 (waves)
- All effects assumed linear

SUMMARY OF ANALYSIS

Number of groups                                                 1
Average number of observations                                 500

Number of replications
    Requested                                                 1000
    Completed                                                 1000

Number of dependent variables                                    5
Number of independent variables                                  1
Number of continuous latent variables                            0

Observed dependent variables

  Continuous
   L1          L2          Y

  Binary and ordered categorical (ordinal)
   A1          A2

Observed independent variables
   C0


Estimator                                                       ML
Information matrix                                        OBSERVED
Optimization Specifications for the Quasi-Newton Algorithm for
Continuous Outcomes
  Maximum number of iterations                                 100
  Convergence criterion                                  0.100D-05
Optimization Specifications for the EM Algorithm
  Maximum number of iterations                                 500
  Convergence criteria
    Loglikelihood change                                 0.100D-02
    Relative loglikelihood change                        0.100D-05
    Derivative                                           0.100D-02
Optimization Specifications for the M step of the EM Algorithm for
Categorical Latent variables
  Number of M step iterations                                    1
  M step convergence criterion                           0.100D-02
  Basis for M step termination                           ITERATION
Optimization Specifications for the M step of the EM Algorithm for
Censored, Binary or Ordered Categorical (Ordinal), Unordered
Categorical (Nominal) and Count Outcomes
  Number of M step iterations                                    1
  M step convergence criterion                           0.100D-02
  Basis for M step termination                           ITERATION
  Maximum value for logit thresholds                            10
  Minimum value for logit thresholds                           -10
  Minimum expected cell size for chi-square              0.100D-01
Maximum number of iterations for H1                           2000
Convergence criterion for H1                             0.100D-03
Optimization algorithm                                         EMA
Integration Specifications
  Type                                                    STANDARD
  Number of integration points                                  15
  Dimensions of numerical integration                            0
  Adaptive quadrature                                           ON
Link                                                        PROBIT
Cholesky                                                        ON

Input data file(s)
  Multiple data files from
    repList_condition29.dat
Input data format  FREE


SUMMARY OF DATA FOR THE FIRST REPLICATION

     Number of missing data patterns             1
     Number of y missing data patterns           1
     Number of u missing data patterns           1


SUMMARY OF MISSING DATA PATTERNS FOR THE FIRST REPLICATION


     MISSING DATA PATTERNS FOR Y (x = not missing)

           1
 L1        x
 L2        x
 Y         x
 C0        x


     MISSING DATA PATTERN FREQUENCIES FOR Y

    Pattern   Frequency
          1         500


COVARIANCE COVERAGE OF DATA FOR THE FIRST REPLICATION

Minimum covariance coverage value   0.100


     PROPORTION OF DATA PRESENT FOR Y


           Covariance Coverage
              L1            L2            Y             C0
              ________      ________      ________      ________
 L1             1.000
 L2             1.000         1.000
 Y              1.000         1.000         1.000
 C0             1.000         1.000         1.000         1.000


UNIVARIATE PROPORTIONS FOR CATEGORICAL VARIABLES

NOTE:  These are average results over 1000 data sets.

    A1
      Category 1    0.500
      Category 2    0.500
    A2
      Category 1    0.499
      Category 2    0.501


SAMPLE STATISTICS

NOTE:  These are average results over 1000 data sets.


     SAMPLE STATISTICS


           Means
              L1            L2            Y             C0
              ________      ________      ________      ________
                1.501         2.459         2.356         3.999


           Covariances
              L1            L2            Y             C0
              ________      ________      ________      ________
 L1             1.029
 L2             0.382         1.457
 Y              0.518         0.945         2.462
 C0             0.101         0.159         0.245         0.997


           Correlations
              L1            L2            Y             C0
              ________      ________      ________      ________
 L1             1.000
 L2             0.312         1.000
 Y              0.326         0.499         1.000
 C0             0.100         0.132         0.157         1.000




MODEL FIT INFORMATION

Number of Free Parameters                       25

Loglikelihood

    H0 Value

        Mean                             -3643.611
        Std Dev                             52.469
        Number of successful computations     1000

             Proportions                   Percentiles
        Expected    Observed         Expected       Observed
           0.990       0.980        -3765.669      -3802.049
           0.980       0.971        -3751.366      -3766.643
           0.950       0.948        -3729.916      -3733.627
           0.900       0.917        -3710.855      -3706.454
           0.800       0.822        -3687.768      -3683.362
           0.700       0.728        -3671.125      -3667.299
           0.500       0.514        -3643.611      -3641.804
           0.300       0.300        -3616.096      -3616.100
           0.200       0.185        -3599.453      -3602.265
           0.100       0.086        -3576.367      -3581.208
           0.050       0.043        -3557.305      -3559.953
           0.020       0.012        -3535.856      -3541.539
           0.010       0.002        -3521.553      -3534.042

Information Criteria

    Akaike (AIC)

        Mean                              7337.221
        Std Dev                            104.937
        Number of successful computations     1000

             Proportions                   Percentiles
        Expected    Observed         Expected       Observed
           0.990       0.998         7093.105       7117.032
           0.980       0.988         7121.711       7132.943
           0.950       0.957         7164.610       7169.175
           0.900       0.914         7202.733       7210.765
           0.800       0.815         7248.906       7253.544
           0.700       0.700         7282.192       7281.457
           0.500       0.486         7337.221       7333.530
           0.300       0.272         7392.250       7384.388
           0.200       0.178         7425.537       7416.407
           0.100       0.083         7471.709       7461.874
           0.050       0.052         7509.833       7513.450
           0.020       0.029         7552.731       7572.617
           0.010       0.020         7581.337       7640.843

    Bayesian (BIC)

        Mean                              7442.586
        Std Dev                            104.937
        Number of successful computations     1000

             Proportions                   Percentiles
        Expected    Observed         Expected       Observed
           0.990       0.998         7198.470       7222.397
           0.980       0.988         7227.076       7238.308
           0.950       0.957         7269.975       7274.540
           0.900       0.914         7308.099       7316.131
           0.800       0.815         7354.271       7358.909
           0.700       0.700         7387.557       7386.822
           0.500       0.486         7442.586       7438.895
           0.300       0.272         7497.616       7489.753
           0.200       0.178         7530.902       7521.772
           0.100       0.083         7577.074       7567.239
           0.050       0.052         7615.198       7618.815
           0.020       0.029         7658.097       7677.983
           0.010       0.020         7686.703       7746.208

    Sample-Size Adjusted BIC (n* = (n + 2) / 24)

        Mean                              7363.235
        Std Dev                            104.937
        Number of successful computations     1000

             Proportions                   Percentiles
        Expected    Observed         Expected       Observed
           0.990       0.998         7119.119       7143.046
           0.980       0.988         7147.725       7158.957
           0.950       0.957         7190.623       7195.188
           0.900       0.914         7228.747       7236.779
           0.800       0.815         7274.920       7279.558
           0.700       0.700         7308.206       7307.471
           0.500       0.486         7363.235       7359.544
           0.300       0.272         7418.264       7410.401
           0.200       0.178         7451.550       7442.420
           0.100       0.083         7497.723       7487.887
           0.050       0.052         7535.847       7539.464
           0.020       0.029         7578.745       7598.631
           0.010       0.020         7607.351       7666.856



MODEL RESULTS

                              ESTIMATES              S. E.     M. S. E.  95%  % Sig
                 Population   Average   Std. Dev.   Average             Cover Coeff

 Y          ON
  A1                  0.200     0.1799     0.1103     0.1216     0.0126 0.969 0.304
  A2                  0.400     0.7549     0.1206     0.1204     0.1405 0.186 1.000
  L1                  0.150     0.2365     0.0741     0.0591     0.0130 0.652 0.957
  L2                  0.300     0.4612     0.0877     0.0522     0.0337 0.238 1.000
  C0                  0.100     0.1090     0.0662     0.0571     0.0045 0.895 0.475

 L2         ON
  L1                  0.300     0.3034     0.0610     0.0495     0.0037 0.878 1.000
  A1                  0.400     0.6226     0.0995     0.1000     0.0594 0.405 1.000
  C0                  0.100     0.1073     0.0516     0.0495     0.0027 0.941 0.580

 L1         ON
  C0                  0.100     0.1009     0.0466     0.0452     0.0022 0.942 0.606

 A2         ON
  C0                  0.000     0.0600     0.0613     0.0604     0.0074 0.832 0.168
  A1                  0.000     0.5226     0.1179     0.1220     0.2870 0.013 0.987
  L1                  0.000     0.1226     0.0600     0.0626     0.0186 0.495 0.505
  L2                  0.000     0.2222     0.0563     0.0550     0.0525 0.018 0.982

 A1         ON
  C0                  0.000     0.0642     0.0567     0.0576     0.0073 0.793 0.207
  L1                  0.000     0.2332     0.0574     0.0573     0.0577 0.015 0.985

 Means
  C0                  4.011     3.9994     0.0457     0.0446     0.0022 0.934 1.000

 Intercepts
  L1                  1.417     1.0971     0.1896     0.1863     0.1381 0.607 1.000
  L2                  2.487     1.2626     0.2298     0.2112     1.5512 0.000 0.998
  Y                   2.309    -0.0398     0.3474     0.2512     5.6392 0.000 0.153

 Thresholds
  A1$1                0.036     0.6039     0.2471     0.2451     0.3841 0.358 0.700
  A2$1               -0.004     1.2126     0.2712     0.2715     1.5546 0.003 0.997

 Variances
  C0                  0.500     0.9969     0.0612     0.0630     0.2506 0.000 1.000

 Residual Variances
  L1                  0.500     1.0164     0.0643     0.0643     0.2709 0.000 1.000
  L2                  0.500     1.1981     0.0808     0.0758     0.4939 0.000 1.000
  Y                   0.500     1.5787     0.2196     0.0999     1.2118 0.000 1.000

New/Additional Parameters
  JTE_A1              0.320     0.4673     0.1190     0.1274     0.0358 0.801 0.973
  AVN                 0.720     1.2222     0.1436     0.1536     0.2728 0.078 1.000


QUALITY OF NUMERICAL RESULTS

     Average Condition Number for the Information Matrix      0.678E-04
       (ratio of smallest to largest eigenvalue)


TECHNICAL 1 OUTPUT


     PARAMETER SPECIFICATION


           TAU
              A1$1          A2$1
              ________      ________
                   24            25


           NU
              A1            A2            L1            L2            Y
              ________      ________      ________      ________      ________
                    0             0             0             0             0


           NU
              C0
              ________
                    0


           LAMBDA
              A1            A2            L1            L2            Y
              ________      ________      ________      ________      ________
 A1                 0             0             0             0             0
 A2                 0             0             0             0             0
 L1                 0             0             0             0             0
 L2                 0             0             0             0             0
 Y                  0             0             0             0             0
 C0                 0             0             0             0             0


           LAMBDA
              C0
              ________
 A1                 0
 A2                 0
 L1                 0
 L2                 0
 Y                  0
 C0                 0


           THETA
              A1            A2            L1            L2            Y
              ________      ________      ________      ________      ________
 A1                 0
 A2                 0             0
 L1                 0             0             0
 L2                 0             0             0             0
 Y                  0             0             0             0             0
 C0                 0             0             0             0             0


           THETA
              C0
              ________
 C0                 0


           ALPHA
              A1            A2            L1            L2            Y
              ________      ________      ________      ________      ________
                    0             0             1             2             3


           ALPHA
              C0
              ________
                    4


           BETA
              A1            A2            L1            L2            Y
              ________      ________      ________      ________      ________
 A1                 0             0             5             0             0
 A2                 7             0             8             9             0
 L1                 0             0             0             0             0
 L2                12             0            13             0             0
 Y                 15            16            17            18             0
 C0                 0             0             0             0             0


           BETA
              C0
              ________
 A1                 6
 A2                10
 L1                11
 L2                14
 Y                 19
 C0                 0


           PSI
              A1            A2            L1            L2            Y
              ________      ________      ________      ________      ________
 A1                 0
 A2                 0             0
 L1                 0             0            20
 L2                 0             0             0            21
 Y                  0             0             0             0            22
 C0                 0             0             0             0             0


           PSI
              C0
              ________
 C0                23


     PARAMETER SPECIFICATION FOR THE ADDITIONAL PARAMETERS


           NEW/ADDITIONAL PARAMETERS
              JTE_A1        AVN
              ________      ________
                   26            27


     STARTING VALUES


           TAU
              A1$1          A2$1
              ________      ________
                0.036        -0.004


           NU
              A1            A2            L1            L2            Y
              ________      ________      ________      ________      ________
                0.000         0.000         0.000         0.000         0.000


           NU
              C0
              ________
                0.000


           LAMBDA
              A1            A2            L1            L2            Y
              ________      ________      ________      ________      ________
 A1             1.000         0.000         0.000         0.000         0.000
 A2             0.000         1.000         0.000         0.000         0.000
 L1             0.000         0.000         1.000         0.000         0.000
 L2             0.000         0.000         0.000         1.000         0.000
 Y              0.000         0.000         0.000         0.000         1.000
 C0             0.000         0.000         0.000         0.000         0.000


           LAMBDA
              C0
              ________
 A1             0.000
 A2             0.000
 L1             0.000
 L2             0.000
 Y              0.000
 C0             1.000


           THETA
              A1            A2            L1            L2            Y
              ________      ________      ________      ________      ________
 A1             0.000
 A2             0.000         0.000
 L1             0.000         0.000         0.000
 L2             0.000         0.000         0.000         0.000
 Y              0.000         0.000         0.000         0.000         0.000
 C0             0.000         0.000         0.000         0.000         0.000


           THETA
              C0
              ________
 C0             0.000


           ALPHA
              A1            A2            L1            L2            Y
              ________      ________      ________      ________      ________
                0.000         0.000         1.417         2.487         2.309


           ALPHA
              C0
              ________
                4.011


           BETA
              A1            A2            L1            L2            Y
              ________      ________      ________      ________      ________
 A1             0.000         0.000         0.000         0.000         0.000
 A2             0.000         0.000         0.000         0.000         0.000
 L1             0.000         0.000         0.000         0.000         0.000
 L2             0.400         0.000         0.300         0.000         0.000
 Y              0.200         0.400         0.150         0.300         0.000
 C0             0.000         0.000         0.000         0.000         0.000


           BETA
              C0
              ________
 A1             0.000
 A2             0.000
 L1             0.100
 L2             0.100
 Y              0.100
 C0             0.000


           PSI
              A1            A2            L1            L2            Y
              ________      ________      ________      ________      ________
 A1             1.000
 A2             0.000         1.000
 L1             0.000         0.000         0.500
 L2             0.000         0.000         0.000         0.500
 Y              0.000         0.000         0.000         0.000         0.500
 C0             0.000         0.000         0.000         0.000         0.000


           PSI
              C0
              ________
 C0             0.500


     STARTING VALUES FOR THE ADDITIONAL PARAMETERS


           NEW/ADDITIONAL PARAMETERS
              JTE_A1        AVN
              ________      ________
                0.320         0.720


RESULTS SAVING INFORMATION

  Order of data

    Replication number
    Parameter estimates
     (saved in order shown in Technical 1 output)
    Standard errors
     (saved in order shown in Technical 1 output)
    Number of Free Parameters
    H0 Loglikelihood
    Akaike (AIC)
    Bayesian (BIC)
    Sample-Size Adjusted BIC
    Entropy
    Condition Number

  Save file
    results_condition29.dat

  Save file format           Free


     Beginning Time:  17:15:47
        Ending Time:  17:16:56
       Elapsed Time:  00:01:09



MUTHEN & MUTHEN
3463 Stoner Ave.
Los Angeles, CA  90066

Tel: (310) 391-9971
Fax: (310) 391-8971
Web: www.StatModel.com
Support: Support@StatModel.com

Copyright (c) 1998-2024 Muthen & Muthen
