Mplus VERSION 8.11
MUTHEN & MUTHEN
01/13/2025   5:26 PM

INPUT INSTRUCTIONS

  TITLE:
     Traditional path analysis for estimating joint effects
     and prolongued exposure effect.
     - K = 2 (waves)
     - All effects assumed linear

  DATA:
      FILE = repList_condition8.dat;
      TYPE = MONTECARLO;

  VARIABLE:
      NAMES = C0 L1 A1 L2 A2 Y
              Pr_A1 Pr_A2 ps1 ps2 W W_correct;
      USEVARIABLES = C0-Y;
      MISSING = .;
      CATEGORICAL = A1 A2;

  ANALYSIS:
     ESTIMATOR = MLR;
     LINK = PROBIT;

  MODEL:
      ! Lagged effects on Y
      Y ON A1*0.2 A2*0.4 (B_A1Y B_A2Y);
      Y ON L1*0.15 L2*0.3 (B_L1Y B_L2Y);
      Y ON C0*0.1 (B_C0Y);

      ! Lagged effects on L
      L2 ON L1*0.3 A1*0.4 C0*0.1 (B_L1L2 B_A1L2 B_C0L2);
      L1 ON C0*0.1;

      ! Lagged effects on A
      A2 ON C0 A1 L1 L2;
      A1 ON C0 L1;

      ! Variance
      C0;

      ! Residual variances
      L1 L2 Y;

      ! Thresholds
      [A1$1 A2$1] (tau1 tau2);

  MODEL CONSTRAINT:
      NEW(JTE_A1*0.32);
      JTE_A1 = B_A1L2*B_L2Y + B_A1Y;

      NEW(AvN*0.72);
      AvN = JTE_A1 + B_A2Y;

  SAVEDATA:
      RESULTS = results_condition8.dat;



INPUT READING TERMINATED NORMALLY




Traditional path analysis for estimating joint effects
and prolongued exposure effect.
- K = 2 (waves)
- All effects assumed linear

SUMMARY OF ANALYSIS

Number of groups                                                 1
Average number of observations                                 150

Number of replications
    Requested                                                 1000
    Completed                                                 1000

Number of dependent variables                                    5
Number of independent variables                                  1
Number of continuous latent variables                            0

Observed dependent variables

  Continuous
   L1          L2          Y

  Binary and ordered categorical (ordinal)
   A1          A2

Observed independent variables
   C0


Estimator                                                      MLR
Information matrix                                        OBSERVED
Optimization Specifications for the Quasi-Newton Algorithm for
Continuous Outcomes
  Maximum number of iterations                                 100
  Convergence criterion                                  0.100D-05
Optimization Specifications for the EM Algorithm
  Maximum number of iterations                                 500
  Convergence criteria
    Loglikelihood change                                 0.100D-02
    Relative loglikelihood change                        0.100D-05
    Derivative                                           0.100D-02
Optimization Specifications for the M step of the EM Algorithm for
Categorical Latent variables
  Number of M step iterations                                    1
  M step convergence criterion                           0.100D-02
  Basis for M step termination                           ITERATION
Optimization Specifications for the M step of the EM Algorithm for
Censored, Binary or Ordered Categorical (Ordinal), Unordered
Categorical (Nominal) and Count Outcomes
  Number of M step iterations                                    1
  M step convergence criterion                           0.100D-02
  Basis for M step termination                           ITERATION
  Maximum value for logit thresholds                            10
  Minimum value for logit thresholds                           -10
  Minimum expected cell size for chi-square              0.100D-01
Maximum number of iterations for H1                           2000
Convergence criterion for H1                             0.100D-03
Optimization algorithm                                         EMA
Integration Specifications
  Type                                                    STANDARD
  Number of integration points                                  15
  Dimensions of numerical integration                            0
  Adaptive quadrature                                           ON
Link                                                        PROBIT
Cholesky                                                        ON

Input data file(s)
  Multiple data files from
    repList_condition8.dat
Input data format  FREE


SUMMARY OF DATA FOR THE FIRST REPLICATION

     Number of missing data patterns             1
     Number of y missing data patterns           1
     Number of u missing data patterns           1


SUMMARY OF MISSING DATA PATTERNS FOR THE FIRST REPLICATION


     MISSING DATA PATTERNS FOR Y (x = not missing)

           1
 L1        x
 L2        x
 Y         x
 C0        x


     MISSING DATA PATTERN FREQUENCIES FOR Y

    Pattern   Frequency
          1         150


COVARIANCE COVERAGE OF DATA FOR THE FIRST REPLICATION

Minimum covariance coverage value   0.100


     PROPORTION OF DATA PRESENT FOR Y


           Covariance Coverage
              L1            L2            Y             C0
              ________      ________      ________      ________
 L1             1.000
 L2             1.000         1.000
 Y              1.000         1.000         1.000
 C0             1.000         1.000         1.000         1.000


UNIVARIATE PROPORTIONS FOR CATEGORICAL VARIABLES

NOTE:  These are average results over 1000 data sets.

    A1
      Category 1    0.497
      Category 2    0.503
    A2
      Category 1    0.497
      Category 2    0.503


SAMPLE STATISTICS

NOTE:  These are average results over 1000 data sets.


     SAMPLE STATISTICS


           Means
              L1            L2            Y             C0
              ________      ________      ________      ________
                1.400         2.022         2.121         3.998


           Covariances
              L1            L2            Y             C0
              ________      ________      ________      ________
 L1             1.006
 L2             0.366         1.175
 Y              0.341         0.512         1.657
 C0             0.099         0.143         0.179         0.985


           Correlations
              L1            L2            Y             C0
              ________      ________      ________      ________
 L1             1.000
 L2             0.337         1.000
 Y              0.264         0.367         1.000
 C0             0.100         0.133         0.140         1.000




MODEL FIT INFORMATION

Number of Free Parameters                       25

Loglikelihood

    H0 Value

        Mean                             -1050.910
        Std Dev                             20.210
        Number of successful computations     1000

             Proportions                   Percentiles
        Expected    Observed         Expected       Observed
           0.990       0.989        -1097.925      -1098.508
           0.980       0.977        -1092.416      -1093.397
           0.950       0.947        -1084.154      -1084.859
           0.900       0.899        -1076.812      -1077.150
           0.800       0.799        -1067.919      -1067.984
           0.700       0.697        -1061.508      -1062.058
           0.500       0.509        -1050.910      -1050.555
           0.300       0.298        -1040.312      -1040.411
           0.200       0.202        -1033.901      -1033.799
           0.100       0.097        -1025.009      -1025.312
           0.050       0.046        -1017.666      -1018.563
           0.020       0.017        -1009.404      -1011.116
           0.010       0.013        -1003.895      -1001.616

Information Criteria

    Akaike (AIC)

        Mean                              2151.820
        Std Dev                             40.421
        Number of successful computations     1000

             Proportions                   Percentiles
        Expected    Observed         Expected       Observed
           0.990       0.987         2057.790       2052.509
           0.980       0.983         2068.809       2072.134
           0.950       0.954         2085.333       2085.969
           0.900       0.903         2100.017       2100.105
           0.800       0.798         2117.803       2117.538
           0.700       0.702         2130.624       2130.747
           0.500       0.491         2151.820       2151.075
           0.300       0.303         2173.017       2173.965
           0.200       0.201         2185.838       2185.868
           0.100       0.101         2203.623       2203.773
           0.050       0.053         2218.308       2218.551
           0.020       0.023         2234.832       2236.297
           0.010       0.011         2245.851       2246.751

    Bayesian (BIC)

        Mean                              2227.086
        Std Dev                             40.421
        Number of successful computations     1000

             Proportions                   Percentiles
        Expected    Observed         Expected       Observed
           0.990       0.987         2133.056       2127.775
           0.980       0.983         2144.075       2147.400
           0.950       0.954         2160.599       2161.235
           0.900       0.903         2175.283       2175.370
           0.800       0.798         2193.068       2192.804
           0.700       0.702         2205.890       2206.013
           0.500       0.491         2227.086       2226.341
           0.300       0.303         2248.283       2249.231
           0.200       0.201         2261.104       2261.134
           0.100       0.101         2278.889       2279.039
           0.050       0.053         2293.574       2293.817
           0.020       0.023         2310.098       2311.562
           0.010       0.011         2321.117       2322.017

    Sample-Size Adjusted BIC (n* = (n + 2) / 24)

        Mean                              2147.966
        Std Dev                             40.421
        Number of successful computations     1000

             Proportions                   Percentiles
        Expected    Observed         Expected       Observed
           0.990       0.987         2053.936       2048.654
           0.980       0.983         2064.954       2068.280
           0.950       0.954         2081.478       2082.115
           0.900       0.903         2096.163       2096.250
           0.800       0.798         2113.948       2113.684
           0.700       0.702         2126.770       2126.893
           0.500       0.491         2147.966       2147.221
           0.300       0.303         2169.163       2170.110
           0.200       0.201         2181.984       2182.013
           0.100       0.101         2199.769       2199.918
           0.050       0.053         2214.454       2214.697
           0.020       0.023         2230.978       2232.442
           0.010       0.011         2241.996       2242.897



MODEL RESULTS

                              ESTIMATES              S. E.     M. S. E.  95%  % Sig
                 Population   Average   Std. Dev.   Average             Cover Coeff

 Y          ON
  A1                  0.200     0.1980     0.2024     0.1949     0.0409 0.940 0.190
  A2                  0.400     0.4004     0.2001     0.1968     0.0400 0.939 0.536
  L1                  0.150     0.1516     0.1094     0.1055     0.0120 0.940 0.313
  L2                  0.300     0.2951     0.1209     0.1171     0.0146 0.937 0.701
  C0                  0.100     0.0956     0.1003     0.0969     0.0101 0.936 0.190

 L2         ON
  L1                  0.300     0.3059     0.0840     0.0832     0.0071 0.944 0.948
  A1                  0.400     0.3922     0.1718     0.1677     0.0295 0.940 0.629
  C0                  0.100     0.1005     0.0865     0.0818     0.0075 0.929 0.263

 L1         ON
  C0                  0.100     0.1010     0.0816     0.0816     0.0067 0.950 0.236

 A2         ON
  C0                  0.000     0.0687     0.1176     0.1130     0.0185 0.893 0.107
  A1                  0.000     0.5047     0.2300     0.2274     0.3076 0.381 0.619
  L1                  0.000     0.1565     0.1245     0.1201     0.0400 0.767 0.233
  L2                  0.000     0.3236     0.1152     0.1151     0.1180 0.179 0.821

 A1         ON
  C0                  0.000     0.0643     0.1097     0.1074     0.0162 0.910 0.090
  L1                  0.000     0.3204     0.1159     0.1101     0.1161 0.177 0.823

 Means
  C0                  3.977     3.9979     0.0825     0.0809     0.0072 0.933 1.000

 Intercepts
  L1                  1.511     0.9964     0.3341     0.3362     0.3767 0.664 0.845
  L2                  1.914     0.9956     0.3644     0.3468     0.9769 0.256 0.795
  Y                   2.060     0.6261     0.4711     0.4492     2.2772 0.128 0.296

 Thresholds
  A1$1               -0.074     0.6978     0.4617     0.4564     0.8089 0.596 0.331
  A2$1                0.104     1.3913     0.5229     0.5039     1.9304 0.282 0.796

 Variances
  C0                  0.500     0.9849     0.1131     0.1120     0.2479 0.000 1.000

 Residual Variances
  L1                  0.500     0.9894     0.1159     0.1131     0.2529 0.000 1.000
  L2                  0.500     0.9739     0.1185     0.1110     0.2386 0.000 1.000
  Y                   0.500     1.2853     0.1699     0.1587     0.6456 0.000 1.000

New/Additional Parameters
  JTE_A1              0.320     0.3136     0.2089     0.2018     0.0436 0.940 0.369
  AVN                 0.720     0.7141     0.2421     0.2471     0.0586 0.958 0.810


QUALITY OF NUMERICAL RESULTS

     Average Condition Number for the Information Matrix      0.204E-03
       (ratio of smallest to largest eigenvalue)


TECHNICAL 1 OUTPUT


     PARAMETER SPECIFICATION


           TAU
              A1$1          A2$1
              ________      ________
                   24            25


           NU
              A1            A2            L1            L2            Y
              ________      ________      ________      ________      ________
                    0             0             0             0             0


           NU
              C0
              ________
                    0


           LAMBDA
              A1            A2            L1            L2            Y
              ________      ________      ________      ________      ________
 A1                 0             0             0             0             0
 A2                 0             0             0             0             0
 L1                 0             0             0             0             0
 L2                 0             0             0             0             0
 Y                  0             0             0             0             0
 C0                 0             0             0             0             0


           LAMBDA
              C0
              ________
 A1                 0
 A2                 0
 L1                 0
 L2                 0
 Y                  0
 C0                 0


           THETA
              A1            A2            L1            L2            Y
              ________      ________      ________      ________      ________
 A1                 0
 A2                 0             0
 L1                 0             0             0
 L2                 0             0             0             0
 Y                  0             0             0             0             0
 C0                 0             0             0             0             0


           THETA
              C0
              ________
 C0                 0


           ALPHA
              A1            A2            L1            L2            Y
              ________      ________      ________      ________      ________
                    0             0             1             2             3


           ALPHA
              C0
              ________
                    4


           BETA
              A1            A2            L1            L2            Y
              ________      ________      ________      ________      ________
 A1                 0             0             5             0             0
 A2                 7             0             8             9             0
 L1                 0             0             0             0             0
 L2                12             0            13             0             0
 Y                 15            16            17            18             0
 C0                 0             0             0             0             0


           BETA
              C0
              ________
 A1                 6
 A2                10
 L1                11
 L2                14
 Y                 19
 C0                 0


           PSI
              A1            A2            L1            L2            Y
              ________      ________      ________      ________      ________
 A1                 0
 A2                 0             0
 L1                 0             0            20
 L2                 0             0             0            21
 Y                  0             0             0             0            22
 C0                 0             0             0             0             0


           PSI
              C0
              ________
 C0                23


     PARAMETER SPECIFICATION FOR THE ADDITIONAL PARAMETERS


           NEW/ADDITIONAL PARAMETERS
              JTE_A1        AVN
              ________      ________
                   26            27


     STARTING VALUES


           TAU
              A1$1          A2$1
              ________      ________
               -0.074         0.104


           NU
              A1            A2            L1            L2            Y
              ________      ________      ________      ________      ________
                0.000         0.000         0.000         0.000         0.000


           NU
              C0
              ________
                0.000


           LAMBDA
              A1            A2            L1            L2            Y
              ________      ________      ________      ________      ________
 A1             1.000         0.000         0.000         0.000         0.000
 A2             0.000         1.000         0.000         0.000         0.000
 L1             0.000         0.000         1.000         0.000         0.000
 L2             0.000         0.000         0.000         1.000         0.000
 Y              0.000         0.000         0.000         0.000         1.000
 C0             0.000         0.000         0.000         0.000         0.000


           LAMBDA
              C0
              ________
 A1             0.000
 A2             0.000
 L1             0.000
 L2             0.000
 Y              0.000
 C0             1.000


           THETA
              A1            A2            L1            L2            Y
              ________      ________      ________      ________      ________
 A1             0.000
 A2             0.000         0.000
 L1             0.000         0.000         0.000
 L2             0.000         0.000         0.000         0.000
 Y              0.000         0.000         0.000         0.000         0.000
 C0             0.000         0.000         0.000         0.000         0.000


           THETA
              C0
              ________
 C0             0.000


           ALPHA
              A1            A2            L1            L2            Y
              ________      ________      ________      ________      ________
                0.000         0.000         1.511         1.914         2.060


           ALPHA
              C0
              ________
                3.977


           BETA
              A1            A2            L1            L2            Y
              ________      ________      ________      ________      ________
 A1             0.000         0.000         0.000         0.000         0.000
 A2             0.000         0.000         0.000         0.000         0.000
 L1             0.000         0.000         0.000         0.000         0.000
 L2             0.400         0.000         0.300         0.000         0.000
 Y              0.200         0.400         0.150         0.300         0.000
 C0             0.000         0.000         0.000         0.000         0.000


           BETA
              C0
              ________
 A1             0.000
 A2             0.000
 L1             0.100
 L2             0.100
 Y              0.100
 C0             0.000


           PSI
              A1            A2            L1            L2            Y
              ________      ________      ________      ________      ________
 A1             1.000
 A2             0.000         1.000
 L1             0.000         0.000         0.500
 L2             0.000         0.000         0.000         0.500
 Y              0.000         0.000         0.000         0.000         0.500
 C0             0.000         0.000         0.000         0.000         0.000


           PSI
              C0
              ________
 C0             0.500


     STARTING VALUES FOR THE ADDITIONAL PARAMETERS


           NEW/ADDITIONAL PARAMETERS
              JTE_A1        AVN
              ________      ________
                0.320         0.720


RESULTS SAVING INFORMATION

  Order of data

    Replication number
    Parameter estimates
     (saved in order shown in Technical 1 output)
    Standard errors
     (saved in order shown in Technical 1 output)
    Number of Free Parameters
    H0 Loglikelihood
    H0 Scaling Correction Factor for MLR
    Akaike (AIC)
    Bayesian (BIC)
    Sample-Size Adjusted BIC
    Entropy
    Condition Number

  Save file
    results_condition8.dat

  Save file format           Free


     Beginning Time:  17:26:26
        Ending Time:  17:27:00
       Elapsed Time:  00:00:34



MUTHEN & MUTHEN
3463 Stoner Ave.
Los Angeles, CA  90066

Tel: (310) 391-9971
Fax: (310) 391-8971
Web: www.StatModel.com
Support: Support@StatModel.com

Copyright (c) 1998-2024 Muthen & Muthen
