Mplus VERSION 8.11
MUTHEN & MUTHEN
01/13/2025   4:43 PM

INPUT INSTRUCTIONS

  TITLE:
     Traditional path analysis for estimating joint effects
     and prolongued exposure effect.
     - K = 2 (waves)
     - All effects assumed linear

  DATA:
      FILE = repList_condition14.dat;
      TYPE = MONTECARLO;

  VARIABLE:
      NAMES = C0 L1 A1 L2 A2 Y
              Pr_A1 Pr_A2 ps1 ps2 W W_correct;
      USEVARIABLES = C0-Y;
      MISSING = .;
      CATEGORICAL = A1 A2;

  ANALYSIS:
     ESTIMATOR = ML;
     LINK = PROBIT;

  MODEL:
      ! Lagged effects on Y
      Y ON A1*0.2 A2*0.4 (B_A1Y B_A2Y);
      Y ON L1*0.15 L2*0.3 (B_L1Y B_L2Y);
      Y ON C0*0.1 (B_C0Y);

      ! Lagged effects on L
      L2 ON L1*0.3 A1*0.4 C0*0.1 (B_L1L2 B_A1L2 B_C0L2);
      L1 ON C0*0.1;

      ! Lagged effects on A
      A2 ON C0 A1 L1 L2;
      A1 ON C0 L1;

      ! Variance
      C0;

      ! Residual variances
      L1 L2 Y;

      ! Thresholds
      [A1$1 A2$1] (tau1 tau2);

  MODEL CONSTRAINT:
      NEW(JTE_A1*0.32);
      JTE_A1 = B_A1L2*B_L2Y + B_A1Y;

      NEW(AvN*0.72);
      AvN = JTE_A1 + B_A2Y;

  SAVEDATA:
      RESULTS = results_condition14.dat;



INPUT READING TERMINATED NORMALLY




Traditional path analysis for estimating joint effects
and prolongued exposure effect.
- K = 2 (waves)
- All effects assumed linear

SUMMARY OF ANALYSIS

Number of groups                                                 1
Average number of observations                                 150

Number of replications
    Requested                                                 1000
    Completed                                                 1000

Number of dependent variables                                    5
Number of independent variables                                  1
Number of continuous latent variables                            0

Observed dependent variables

  Continuous
   L1          L2          Y

  Binary and ordered categorical (ordinal)
   A1          A2

Observed independent variables
   C0


Estimator                                                       ML
Information matrix                                        OBSERVED
Optimization Specifications for the Quasi-Newton Algorithm for
Continuous Outcomes
  Maximum number of iterations                                 100
  Convergence criterion                                  0.100D-05
Optimization Specifications for the EM Algorithm
  Maximum number of iterations                                 500
  Convergence criteria
    Loglikelihood change                                 0.100D-02
    Relative loglikelihood change                        0.100D-05
    Derivative                                           0.100D-02
Optimization Specifications for the M step of the EM Algorithm for
Categorical Latent variables
  Number of M step iterations                                    1
  M step convergence criterion                           0.100D-02
  Basis for M step termination                           ITERATION
Optimization Specifications for the M step of the EM Algorithm for
Censored, Binary or Ordered Categorical (Ordinal), Unordered
Categorical (Nominal) and Count Outcomes
  Number of M step iterations                                    1
  M step convergence criterion                           0.100D-02
  Basis for M step termination                           ITERATION
  Maximum value for logit thresholds                            10
  Minimum value for logit thresholds                           -10
  Minimum expected cell size for chi-square              0.100D-01
Maximum number of iterations for H1                           2000
Convergence criterion for H1                             0.100D-03
Optimization algorithm                                         EMA
Integration Specifications
  Type                                                    STANDARD
  Number of integration points                                  15
  Dimensions of numerical integration                            0
  Adaptive quadrature                                           ON
Link                                                        PROBIT
Cholesky                                                        ON

Input data file(s)
  Multiple data files from
    repList_condition14.dat
Input data format  FREE


SUMMARY OF DATA FOR THE FIRST REPLICATION

     Number of missing data patterns             1
     Number of y missing data patterns           1
     Number of u missing data patterns           1


SUMMARY OF MISSING DATA PATTERNS FOR THE FIRST REPLICATION


     MISSING DATA PATTERNS FOR Y (x = not missing)

           1
 L1        x
 L2        x
 Y         x
 C0        x


     MISSING DATA PATTERN FREQUENCIES FOR Y

    Pattern   Frequency
          1         150


COVARIANCE COVERAGE OF DATA FOR THE FIRST REPLICATION

Minimum covariance coverage value   0.100


     PROPORTION OF DATA PRESENT FOR Y


           Covariance Coverage
              L1            L2            Y             C0
              ________      ________      ________      ________
 L1             1.000
 L2             1.000         1.000
 Y              1.000         1.000         1.000
 C0             1.000         1.000         1.000         1.000


UNIVARIATE PROPORTIONS FOR CATEGORICAL VARIABLES

NOTE:  These are average results over 1000 data sets.

    A1
      Category 1    0.499
      Category 2    0.501
    A2
      Category 1    0.499
      Category 2    0.501


SAMPLE STATISTICS

NOTE:  These are average results over 1000 data sets.


     SAMPLE STATISTICS


           Means
              L1            L2            Y             C0
              ________      ________      ________      ________
                1.501         2.458         2.350         3.999


           Covariances
              L1            L2            Y             C0
              ________      ________      ________      ________
 L1             1.022
 L2             0.378         1.439
 Y              0.516         0.931         2.424
 C0             0.105         0.160         0.244         0.997


           Correlations
              L1            L2            Y             C0
              ________      ________      ________      ________
 L1             1.000
 L2             0.311         1.000
 Y              0.328         0.499         1.000
 C0             0.104         0.133         0.157         1.000




MODEL FIT INFORMATION

Number of Free Parameters                       25

Loglikelihood

    H0 Value

        Mean                             -1081.285
        Std Dev                             26.667
        Number of successful computations     1000

             Proportions                   Percentiles
        Expected    Observed         Expected       Observed
           0.990       0.981        -1143.320      -1152.452
           0.980       0.972        -1136.051      -1142.773
           0.950       0.941        -1125.149      -1127.299
           0.900       0.903        -1115.461      -1115.089
           0.800       0.811        -1103.728      -1102.860
           0.700       0.717        -1095.269      -1093.260
           0.500       0.517        -1081.285      -1079.988
           0.300       0.318        -1067.300      -1066.164
           0.200       0.187        -1058.841      -1059.481
           0.100       0.087        -1047.108      -1050.019
           0.050       0.042        -1037.420      -1039.797
           0.020       0.013        -1026.518      -1031.254
           0.010       0.004        -1019.249      -1024.372

Information Criteria

    Akaike (AIC)

        Mean                              2212.569
        Std Dev                             53.334
        Number of successful computations     1000

             Proportions                   Percentiles
        Expected    Observed         Expected       Observed
           0.990       0.996         2088.497       2095.858
           0.980       0.987         2103.036       2111.466
           0.950       0.958         2124.839       2128.765
           0.900       0.913         2144.216       2148.667
           0.800       0.813         2167.683       2168.807
           0.700       0.682         2184.601       2182.148
           0.500       0.483         2212.569       2209.798
           0.300       0.283         2240.538       2236.335
           0.200       0.189         2257.455       2255.439
           0.100       0.097         2280.922       2279.977
           0.050       0.059         2300.299       2303.609
           0.020       0.028         2322.102       2334.189
           0.010       0.019         2336.641       2354.673

    Bayesian (BIC)

        Mean                              2287.835
        Std Dev                             53.334
        Number of successful computations     1000

             Proportions                   Percentiles
        Expected    Observed         Expected       Observed
           0.990       0.996         2163.763       2171.123
           0.980       0.987         2178.302       2186.731
           0.950       0.958         2200.105       2204.030
           0.900       0.913         2219.482       2223.933
           0.800       0.813         2242.949       2244.073
           0.700       0.682         2259.866       2257.414
           0.500       0.483         2287.835       2285.063
           0.300       0.283         2315.804       2311.601
           0.200       0.189         2332.721       2330.705
           0.100       0.097         2356.188       2355.243
           0.050       0.059         2375.565       2378.875
           0.020       0.028         2397.368       2409.455
           0.010       0.019         2411.907       2429.939

    Sample-Size Adjusted BIC (n* = (n + 2) / 24)

        Mean                              2208.715
        Std Dev                             53.334
        Number of successful computations     1000

             Proportions                   Percentiles
        Expected    Observed         Expected       Observed
           0.990       0.996         2084.643       2092.003
           0.980       0.987         2099.182       2107.611
           0.950       0.958         2120.985       2124.910
           0.900       0.913         2140.361       2144.813
           0.800       0.813         2163.829       2164.953
           0.700       0.682         2180.746       2178.294
           0.500       0.483         2208.715       2205.943
           0.300       0.283         2236.683       2232.480
           0.200       0.189         2253.601       2251.584
           0.100       0.097         2277.068       2276.122
           0.050       0.059         2296.444       2299.755
           0.020       0.028         2318.248       2330.335
           0.010       0.019         2332.787       2350.819



MODEL RESULTS

                              ESTIMATES              S. E.     M. S. E.  95%  % Sig
                 Population   Average   Std. Dev.   Average             Cover Coeff

 Y          ON
  A1                  0.200     0.1886     0.2142     0.2190     0.0460 0.951 0.126
  A2                  0.400     0.7394     0.2138     0.2168     0.1609 0.636 0.913
  L1                  0.150     0.2387     0.1256     0.1067     0.0236 0.841 0.620
  L2                  0.300     0.4512     0.1485     0.0943     0.0449 0.592 0.971
  C0                  0.100     0.1049     0.1202     0.1029     0.0145 0.922 0.211

 L2         ON
  L1                  0.300     0.2994     0.1037     0.0902     0.0107 0.921 0.891
  A1                  0.400     0.6161     0.1767     0.1816     0.0779 0.768 0.929
  C0                  0.100     0.1073     0.0931     0.0899     0.0087 0.939 0.224

 L1         ON
  C0                  0.100     0.1053     0.0865     0.0822     0.0075 0.936 0.268

 A2         ON
  C0                  0.000     0.0605     0.1121     0.1130     0.0162 0.922 0.078
  A1                  0.000     0.5409     0.2411     0.2274     0.3506 0.339 0.661
  L1                  0.000     0.1236     0.1106     0.1176     0.0275 0.827 0.173
  L2                  0.000     0.2315     0.1072     0.1034     0.0651 0.389 0.611

 A1         ON
  C0                  0.000     0.0678     0.1102     0.1069     0.0167 0.899 0.101
  L1                  0.000     0.2417     0.1082     0.1065     0.0701 0.371 0.629

 Means
  C0                  3.866     3.9986     0.0806     0.0814     0.0241 0.632 1.000

 Intercepts
  L1                  1.400     1.0788     0.3577     0.3388     0.2311 0.817 0.876
  L2                  2.500     1.2690     0.4109     0.3831     1.6833 0.120 0.905
  Y                   2.343    -0.0064     0.6307     0.4514     5.9182 0.009 0.131

 Thresholds
  A1$1               -0.059     0.6287     0.4657     0.4537     0.6901 0.683 0.273
  A2$1               -0.044     1.2478     0.5142     0.5078     1.9341 0.259 0.701

 Variances
  C0                  0.500     0.9969     0.1189     0.1151     0.2610 0.001 1.000

 Residual Variances
  L1                  0.500     1.0032     0.1151     0.1158     0.2665 0.000 1.000
  L2                  0.500     1.1678     0.1440     0.1349     0.4667 0.000 1.000
  Y                   0.500     1.5018     0.3295     0.1734     1.1122 0.000 1.000

New/Additional Parameters
  JTE_A1              0.320     0.4679     0.2230     0.2297     0.0716 0.916 0.526
  AVN                 0.720     1.2074     0.2585     0.2758     0.3043 0.584 0.995


QUALITY OF NUMERICAL RESULTS

     Average Condition Number for the Information Matrix      0.189E-03
       (ratio of smallest to largest eigenvalue)


TECHNICAL 1 OUTPUT


     PARAMETER SPECIFICATION


           TAU
              A1$1          A2$1
              ________      ________
                   24            25


           NU
              A1            A2            L1            L2            Y
              ________      ________      ________      ________      ________
                    0             0             0             0             0


           NU
              C0
              ________
                    0


           LAMBDA
              A1            A2            L1            L2            Y
              ________      ________      ________      ________      ________
 A1                 0             0             0             0             0
 A2                 0             0             0             0             0
 L1                 0             0             0             0             0
 L2                 0             0             0             0             0
 Y                  0             0             0             0             0
 C0                 0             0             0             0             0


           LAMBDA
              C0
              ________
 A1                 0
 A2                 0
 L1                 0
 L2                 0
 Y                  0
 C0                 0


           THETA
              A1            A2            L1            L2            Y
              ________      ________      ________      ________      ________
 A1                 0
 A2                 0             0
 L1                 0             0             0
 L2                 0             0             0             0
 Y                  0             0             0             0             0
 C0                 0             0             0             0             0


           THETA
              C0
              ________
 C0                 0


           ALPHA
              A1            A2            L1            L2            Y
              ________      ________      ________      ________      ________
                    0             0             1             2             3


           ALPHA
              C0
              ________
                    4


           BETA
              A1            A2            L1            L2            Y
              ________      ________      ________      ________      ________
 A1                 0             0             5             0             0
 A2                 7             0             8             9             0
 L1                 0             0             0             0             0
 L2                12             0            13             0             0
 Y                 15            16            17            18             0
 C0                 0             0             0             0             0


           BETA
              C0
              ________
 A1                 6
 A2                10
 L1                11
 L2                14
 Y                 19
 C0                 0


           PSI
              A1            A2            L1            L2            Y
              ________      ________      ________      ________      ________
 A1                 0
 A2                 0             0
 L1                 0             0            20
 L2                 0             0             0            21
 Y                  0             0             0             0            22
 C0                 0             0             0             0             0


           PSI
              C0
              ________
 C0                23


     PARAMETER SPECIFICATION FOR THE ADDITIONAL PARAMETERS


           NEW/ADDITIONAL PARAMETERS
              JTE_A1        AVN
              ________      ________
                   26            27


     STARTING VALUES


           TAU
              A1$1          A2$1
              ________      ________
               -0.059        -0.044


           NU
              A1            A2            L1            L2            Y
              ________      ________      ________      ________      ________
                0.000         0.000         0.000         0.000         0.000


           NU
              C0
              ________
                0.000


           LAMBDA
              A1            A2            L1            L2            Y
              ________      ________      ________      ________      ________
 A1             1.000         0.000         0.000         0.000         0.000
 A2             0.000         1.000         0.000         0.000         0.000
 L1             0.000         0.000         1.000         0.000         0.000
 L2             0.000         0.000         0.000         1.000         0.000
 Y              0.000         0.000         0.000         0.000         1.000
 C0             0.000         0.000         0.000         0.000         0.000


           LAMBDA
              C0
              ________
 A1             0.000
 A2             0.000
 L1             0.000
 L2             0.000
 Y              0.000
 C0             1.000


           THETA
              A1            A2            L1            L2            Y
              ________      ________      ________      ________      ________
 A1             0.000
 A2             0.000         0.000
 L1             0.000         0.000         0.000
 L2             0.000         0.000         0.000         0.000
 Y              0.000         0.000         0.000         0.000         0.000
 C0             0.000         0.000         0.000         0.000         0.000


           THETA
              C0
              ________
 C0             0.000


           ALPHA
              A1            A2            L1            L2            Y
              ________      ________      ________      ________      ________
                0.000         0.000         1.400         2.500         2.343


           ALPHA
              C0
              ________
                3.866


           BETA
              A1            A2            L1            L2            Y
              ________      ________      ________      ________      ________
 A1             0.000         0.000         0.000         0.000         0.000
 A2             0.000         0.000         0.000         0.000         0.000
 L1             0.000         0.000         0.000         0.000         0.000
 L2             0.400         0.000         0.300         0.000         0.000
 Y              0.200         0.400         0.150         0.300         0.000
 C0             0.000         0.000         0.000         0.000         0.000


           BETA
              C0
              ________
 A1             0.000
 A2             0.000
 L1             0.100
 L2             0.100
 Y              0.100
 C0             0.000


           PSI
              A1            A2            L1            L2            Y
              ________      ________      ________      ________      ________
 A1             1.000
 A2             0.000         1.000
 L1             0.000         0.000         0.500
 L2             0.000         0.000         0.000         0.500
 Y              0.000         0.000         0.000         0.000         0.500
 C0             0.000         0.000         0.000         0.000         0.000


           PSI
              C0
              ________
 C0             0.500


     STARTING VALUES FOR THE ADDITIONAL PARAMETERS


           NEW/ADDITIONAL PARAMETERS
              JTE_A1        AVN
              ________      ________
                0.320         0.720


RESULTS SAVING INFORMATION

  Order of data

    Replication number
    Parameter estimates
     (saved in order shown in Technical 1 output)
    Standard errors
     (saved in order shown in Technical 1 output)
    Number of Free Parameters
    H0 Loglikelihood
    Akaike (AIC)
    Bayesian (BIC)
    Sample-Size Adjusted BIC
    Entropy
    Condition Number

  Save file
    results_condition14.dat

  Save file format           Free


     Beginning Time:  16:43:12
        Ending Time:  16:43:48
       Elapsed Time:  00:00:36



MUTHEN & MUTHEN
3463 Stoner Ave.
Los Angeles, CA  90066

Tel: (310) 391-9971
Fax: (310) 391-8971
Web: www.StatModel.com
Support: Support@StatModel.com

Copyright (c) 1998-2024 Muthen & Muthen
