Mplus VERSION 8.11
MUTHEN & MUTHEN
01/13/2025   4:54 PM

INPUT INSTRUCTIONS

  TITLE:
     Traditional path analysis for estimating joint effects
     and prolongued exposure effect.
     - K = 2 (waves)
     - All effects assumed linear

  DATA:
      FILE = repList_condition20.dat;
      TYPE = MONTECARLO;

  VARIABLE:
      NAMES = C0 L1 A1 L2 A2 Y
              Pr_A1 Pr_A2 ps1 ps2 W W_correct;
      USEVARIABLES = C0-Y;
      MISSING = .;
      CATEGORICAL = A1 A2;

  ANALYSIS:
     ESTIMATOR = ML;
     LINK = PROBIT;

  MODEL:
      ! Lagged effects on Y
      Y ON A1*0.2 A2*0.4 (B_A1Y B_A2Y);
      Y ON L1*0.15 L2*0.3 (B_L1Y B_L2Y);
      Y ON C0*0.1 (B_C0Y);

      ! Lagged effects on L
      L2 ON L1*0.3 A1*0.4 C0*0.1 (B_L1L2 B_A1L2 B_C0L2);
      L1 ON C0*0.1;

      ! Lagged effects on A
      A2 ON C0 A1 L1 L2;
      A1 ON C0 L1;

      ! Variance
      C0;

      ! Residual variances
      L1 L2 Y;

      ! Thresholds
      [A1$1 A2$1] (tau1 tau2);

  MODEL CONSTRAINT:
      NEW(JTE_A1*0.32);
      JTE_A1 = B_A1L2*B_L2Y + B_A1Y;

      NEW(AvN*0.72);
      AvN = JTE_A1 + B_A2Y;

  SAVEDATA:
      RESULTS = results_condition20.dat;



INPUT READING TERMINATED NORMALLY




Traditional path analysis for estimating joint effects
and prolongued exposure effect.
- K = 2 (waves)
- All effects assumed linear

SUMMARY OF ANALYSIS

Number of groups                                                 1
Average number of observations                                 500

Number of replications
    Requested                                                 1000
    Completed                                                 1000

Number of dependent variables                                    5
Number of independent variables                                  1
Number of continuous latent variables                            0

Observed dependent variables

  Continuous
   L1          L2          Y

  Binary and ordered categorical (ordinal)
   A1          A2

Observed independent variables
   C0


Estimator                                                       ML
Information matrix                                        OBSERVED
Optimization Specifications for the Quasi-Newton Algorithm for
Continuous Outcomes
  Maximum number of iterations                                 100
  Convergence criterion                                  0.100D-05
Optimization Specifications for the EM Algorithm
  Maximum number of iterations                                 500
  Convergence criteria
    Loglikelihood change                                 0.100D-02
    Relative loglikelihood change                        0.100D-05
    Derivative                                           0.100D-02
Optimization Specifications for the M step of the EM Algorithm for
Categorical Latent variables
  Number of M step iterations                                    1
  M step convergence criterion                           0.100D-02
  Basis for M step termination                           ITERATION
Optimization Specifications for the M step of the EM Algorithm for
Censored, Binary or Ordered Categorical (Ordinal), Unordered
Categorical (Nominal) and Count Outcomes
  Number of M step iterations                                    1
  M step convergence criterion                           0.100D-02
  Basis for M step termination                           ITERATION
  Maximum value for logit thresholds                            10
  Minimum value for logit thresholds                           -10
  Minimum expected cell size for chi-square              0.100D-01
Maximum number of iterations for H1                           2000
Convergence criterion for H1                             0.100D-03
Optimization algorithm                                         EMA
Integration Specifications
  Type                                                    STANDARD
  Number of integration points                                  15
  Dimensions of numerical integration                            0
  Adaptive quadrature                                           ON
Link                                                        PROBIT
Cholesky                                                        ON

Input data file(s)
  Multiple data files from
    repList_condition20.dat
Input data format  FREE


SUMMARY OF DATA FOR THE FIRST REPLICATION

     Number of missing data patterns             1
     Number of y missing data patterns           1
     Number of u missing data patterns           1


SUMMARY OF MISSING DATA PATTERNS FOR THE FIRST REPLICATION


     MISSING DATA PATTERNS FOR Y (x = not missing)

           1
 L1        x
 L2        x
 Y         x
 C0        x


     MISSING DATA PATTERN FREQUENCIES FOR Y

    Pattern   Frequency
          1         500


COVARIANCE COVERAGE OF DATA FOR THE FIRST REPLICATION

Minimum covariance coverage value   0.100


     PROPORTION OF DATA PRESENT FOR Y


           Covariance Coverage
              L1            L2            Y             C0
              ________      ________      ________      ________
 L1             1.000
 L2             1.000         1.000
 Y              1.000         1.000         1.000
 C0             1.000         1.000         1.000         1.000


UNIVARIATE PROPORTIONS FOR CATEGORICAL VARIABLES

NOTE:  These are average results over 1000 data sets.

    A1
      Category 1    0.500
      Category 2    0.500
    A2
      Category 1    0.502
      Category 2    0.498


SAMPLE STATISTICS

NOTE:  These are average results over 1000 data sets.


     SAMPLE STATISTICS


           Means
              L1            L2            Y             C0
              ________      ________      ________      ________
                1.500         2.460         1.660         4.002


           Covariances
              L1            L2            Y             C0
              ________      ________      ________      ________
 L1             1.028
 L2             0.388         1.412
 Y              0.352         0.603         1.356
 C0             0.098         0.154         0.185         0.995


           Correlations
              L1            L2            Y             C0
              ________      ________      ________      ________
 L1             1.000
 L2             0.322         1.000
 Y              0.298         0.435         1.000
 C0             0.097         0.130         0.159         1.000




MODEL FIT INFORMATION

Number of Free Parameters                       25

Loglikelihood

    H0 Value

        Mean                             -3513.818
        Std Dev                             37.220
        Number of successful computations     1000

             Proportions                   Percentiles
        Expected    Observed         Expected       Observed
           0.990       0.992        -3600.401      -3599.032
           0.980       0.986        -3590.255      -3586.629
           0.950       0.946        -3575.040      -3575.619
           0.900       0.897        -3561.518      -3562.625
           0.800       0.791        -3545.141      -3546.475
           0.700       0.693        -3533.335      -3534.189
           0.500       0.500        -3513.818      -3513.872
           0.300       0.310        -3494.300      -3493.033
           0.200       0.200        -3482.494      -3482.730
           0.100       0.095        -3466.117      -3466.966
           0.050       0.046        -3452.595      -3453.946
           0.020       0.025        -3437.380      -3433.557
           0.010       0.012        -3427.234      -3426.823

Information Criteria

    Akaike (AIC)

        Mean                              7077.635
        Std Dev                             74.439
        Number of successful computations     1000

             Proportions                   Percentiles
        Expected    Observed         Expected       Observed
           0.990       0.988         6904.467       6902.110
           0.980       0.975         6924.759       6915.450
           0.950       0.954         6955.190       6957.759
           0.900       0.905         6982.234       6983.328
           0.800       0.800         7014.987       7014.560
           0.700       0.690         7038.599       7035.725
           0.500       0.500         7077.635       7077.413
           0.300       0.307         7116.671       7118.336
           0.200       0.209         7140.283       7142.597
           0.100       0.103         7173.036       7174.726
           0.050       0.054         7200.080       7200.973
           0.020       0.014         7230.511       7223.249
           0.010       0.008         7250.803       7242.360

    Bayesian (BIC)

        Mean                              7183.000
        Std Dev                             74.439
        Number of successful computations     1000

             Proportions                   Percentiles
        Expected    Observed         Expected       Observed
           0.990       0.988         7009.833       7007.476
           0.980       0.975         7030.125       7020.815
           0.950       0.954         7060.555       7063.124
           0.900       0.905         7087.599       7088.693
           0.800       0.800         7120.352       7119.925
           0.700       0.690         7143.964       7141.090
           0.500       0.500         7183.000       7182.778
           0.300       0.307         7222.036       7223.701
           0.200       0.209         7245.648       7247.963
           0.100       0.103         7278.401       7280.091
           0.050       0.054         7305.445       7306.338
           0.020       0.014         7335.876       7328.614
           0.010       0.008         7356.168       7347.725

    Sample-Size Adjusted BIC (n* = (n + 2) / 24)

        Mean                              7103.649
        Std Dev                             74.439
        Number of successful computations     1000

             Proportions                   Percentiles
        Expected    Observed         Expected       Observed
           0.990       0.988         6930.481       6928.124
           0.980       0.975         6950.773       6941.463
           0.950       0.954         6981.204       6983.772
           0.900       0.905         7008.248       7009.342
           0.800       0.800         7041.001       7040.574
           0.700       0.690         7064.613       7061.738
           0.500       0.500         7103.649       7103.426
           0.300       0.307         7142.685       7144.349
           0.200       0.209         7166.297       7168.611
           0.100       0.103         7199.050       7200.739
           0.050       0.054         7226.094       7226.987
           0.020       0.014         7256.524       7249.262
           0.010       0.008         7276.816       7268.373



MODEL RESULTS

                              ESTIMATES              S. E.     M. S. E.  95%  % Sig
                 Population   Average   Std. Dev.   Average             Cover Coeff

 Y          ON
  A1                  0.200     0.2016     0.0978     0.0953     0.0096 0.937 0.565
  A2                  0.400     0.3973     0.0978     0.0972     0.0096 0.949 0.984
  L1                  0.150     0.1508     0.0486     0.0477     0.0024 0.945 0.876
  L2                  0.300     0.3002     0.0412     0.0418     0.0017 0.949 1.000
  C0                  0.100     0.0997     0.0459     0.0453     0.0021 0.945 0.613

 L2         ON
  L1                  0.300     0.3197     0.0633     0.0502     0.0044 0.864 0.999
  A1                  0.400     0.3982     0.0992     0.1016     0.0098 0.958 0.976
  C0                  0.100     0.1097     0.0491     0.0496     0.0025 0.942 0.591

 L1         ON
  C0                  0.100     0.0983     0.0458     0.0452     0.0021 0.943 0.572

 A2         ON
  C0                  0.000     0.0568     0.0636     0.0610     0.0073 0.840 0.160
  A1                  0.000     0.4992     0.1260     0.1223     0.2651 0.024 0.976
  L1                  0.000     0.1528     0.0634     0.0638     0.0274 0.339 0.661
  L2                  0.000     0.3049     0.0579     0.0572     0.0963 0.001 0.999

 A1         ON
  C0                  0.000     0.0593     0.0561     0.0580     0.0067 0.841 0.159
  L1                  0.000     0.3109     0.0601     0.0589     0.1003 0.000 1.000

 Means
  C0                  3.951     4.0018     0.0447     0.0446     0.0046 0.790 1.000

 Intercepts
  L1                  1.538     1.1058     0.1919     0.1866     0.2239 0.370 1.000
  L2                  2.501     1.3413     0.2200     0.2119     1.3926 0.000 1.000
  Y                   1.747    -0.0025     0.2086     0.2000     3.1041 0.000 0.062

 Thresholds
  A1$1               -0.022     0.7028     0.2410     0.2482     0.5837 0.155 0.822
  A2$1               -0.071     1.4521     0.2978     0.2792     2.4089 0.000 1.000

 Variances
  C0                  0.500     0.9949     0.0651     0.0629     0.2492 0.000 1.000

 Residual Variances
  L1                  0.500     1.0158     0.0638     0.0642     0.2701 0.000 1.000
  L2                  0.500     1.2054     0.0866     0.0762     0.5051 0.000 1.000
  Y                   0.500     0.9887     0.0622     0.0625     0.2427 0.000 1.000

New/Additional Parameters
  JTE_A1              0.320     0.3213     0.1016     0.0995     0.0103 0.943 0.891
  AVN                 0.720     0.7186     0.1220     0.1229     0.0149 0.949 1.000


QUALITY OF NUMERICAL RESULTS

     Average Condition Number for the Information Matrix      0.646E-04
       (ratio of smallest to largest eigenvalue)


TECHNICAL 1 OUTPUT


     PARAMETER SPECIFICATION


           TAU
              A1$1          A2$1
              ________      ________
                   24            25


           NU
              A1            A2            L1            L2            Y
              ________      ________      ________      ________      ________
                    0             0             0             0             0


           NU
              C0
              ________
                    0


           LAMBDA
              A1            A2            L1            L2            Y
              ________      ________      ________      ________      ________
 A1                 0             0             0             0             0
 A2                 0             0             0             0             0
 L1                 0             0             0             0             0
 L2                 0             0             0             0             0
 Y                  0             0             0             0             0
 C0                 0             0             0             0             0


           LAMBDA
              C0
              ________
 A1                 0
 A2                 0
 L1                 0
 L2                 0
 Y                  0
 C0                 0


           THETA
              A1            A2            L1            L2            Y
              ________      ________      ________      ________      ________
 A1                 0
 A2                 0             0
 L1                 0             0             0
 L2                 0             0             0             0
 Y                  0             0             0             0             0
 C0                 0             0             0             0             0


           THETA
              C0
              ________
 C0                 0


           ALPHA
              A1            A2            L1            L2            Y
              ________      ________      ________      ________      ________
                    0             0             1             2             3


           ALPHA
              C0
              ________
                    4


           BETA
              A1            A2            L1            L2            Y
              ________      ________      ________      ________      ________
 A1                 0             0             5             0             0
 A2                 7             0             8             9             0
 L1                 0             0             0             0             0
 L2                12             0            13             0             0
 Y                 15            16            17            18             0
 C0                 0             0             0             0             0


           BETA
              C0
              ________
 A1                 6
 A2                10
 L1                11
 L2                14
 Y                 19
 C0                 0


           PSI
              A1            A2            L1            L2            Y
              ________      ________      ________      ________      ________
 A1                 0
 A2                 0             0
 L1                 0             0            20
 L2                 0             0             0            21
 Y                  0             0             0             0            22
 C0                 0             0             0             0             0


           PSI
              C0
              ________
 C0                23


     PARAMETER SPECIFICATION FOR THE ADDITIONAL PARAMETERS


           NEW/ADDITIONAL PARAMETERS
              JTE_A1        AVN
              ________      ________
                   26            27


     STARTING VALUES


           TAU
              A1$1          A2$1
              ________      ________
               -0.022        -0.071


           NU
              A1            A2            L1            L2            Y
              ________      ________      ________      ________      ________
                0.000         0.000         0.000         0.000         0.000


           NU
              C0
              ________
                0.000


           LAMBDA
              A1            A2            L1            L2            Y
              ________      ________      ________      ________      ________
 A1             1.000         0.000         0.000         0.000         0.000
 A2             0.000         1.000         0.000         0.000         0.000
 L1             0.000         0.000         1.000         0.000         0.000
 L2             0.000         0.000         0.000         1.000         0.000
 Y              0.000         0.000         0.000         0.000         1.000
 C0             0.000         0.000         0.000         0.000         0.000


           LAMBDA
              C0
              ________
 A1             0.000
 A2             0.000
 L1             0.000
 L2             0.000
 Y              0.000
 C0             1.000


           THETA
              A1            A2            L1            L2            Y
              ________      ________      ________      ________      ________
 A1             0.000
 A2             0.000         0.000
 L1             0.000         0.000         0.000
 L2             0.000         0.000         0.000         0.000
 Y              0.000         0.000         0.000         0.000         0.000
 C0             0.000         0.000         0.000         0.000         0.000


           THETA
              C0
              ________
 C0             0.000


           ALPHA
              A1            A2            L1            L2            Y
              ________      ________      ________      ________      ________
                0.000         0.000         1.538         2.501         1.747


           ALPHA
              C0
              ________
                3.951


           BETA
              A1            A2            L1            L2            Y
              ________      ________      ________      ________      ________
 A1             0.000         0.000         0.000         0.000         0.000
 A2             0.000         0.000         0.000         0.000         0.000
 L1             0.000         0.000         0.000         0.000         0.000
 L2             0.400         0.000         0.300         0.000         0.000
 Y              0.200         0.400         0.150         0.300         0.000
 C0             0.000         0.000         0.000         0.000         0.000


           BETA
              C0
              ________
 A1             0.000
 A2             0.000
 L1             0.100
 L2             0.100
 Y              0.100
 C0             0.000


           PSI
              A1            A2            L1            L2            Y
              ________      ________      ________      ________      ________
 A1             1.000
 A2             0.000         1.000
 L1             0.000         0.000         0.500
 L2             0.000         0.000         0.000         0.500
 Y              0.000         0.000         0.000         0.000         0.500
 C0             0.000         0.000         0.000         0.000         0.000


           PSI
              C0
              ________
 C0             0.500


     STARTING VALUES FOR THE ADDITIONAL PARAMETERS


           NEW/ADDITIONAL PARAMETERS
              JTE_A1        AVN
              ________      ________
                0.320         0.720


RESULTS SAVING INFORMATION

  Order of data

    Replication number
    Parameter estimates
     (saved in order shown in Technical 1 output)
    Standard errors
     (saved in order shown in Technical 1 output)
    Number of Free Parameters
    H0 Loglikelihood
    Akaike (AIC)
    Bayesian (BIC)
    Sample-Size Adjusted BIC
    Entropy
    Condition Number

  Save file
    results_condition20.dat

  Save file format           Free


     Beginning Time:  16:54:53
        Ending Time:  16:55:48
       Elapsed Time:  00:00:55



MUTHEN & MUTHEN
3463 Stoner Ave.
Los Angeles, CA  90066

Tel: (310) 391-9971
Fax: (310) 391-8971
Web: www.StatModel.com
Support: Support@StatModel.com

Copyright (c) 1998-2024 Muthen & Muthen
