Mplus VERSION 8.11
MUTHEN & MUTHEN
01/13/2025   4:57 PM

INPUT INSTRUCTIONS

  TITLE:
     Traditional path analysis for estimating joint effects
     and prolongued exposure effect.
     - K = 2 (waves)
     - Model correctly specified

  DATA:
      FILE = repList_condition22.dat;
      TYPE = MONTECARLO;

  VARIABLE:
      NAMES = C0 L1 A1 L2 A2 Y
              Pr_A1 Pr_A2 ps1 ps2 W W_correct;
      USEVARIABLES = C0-Y C0C0 L1L1 L2L2;
      MISSING = .;
      CATEGORICAL = A1 A2;

  DEFINE:
      CENTER C0 L1 L2 (GRANDMEAN);
      C0C0 = C0**2;
      L1L1 = L1**2;
      L2L2 = L2**2;

  ANALYSIS:
     ESTIMATOR = ML;
     LINK = PROBIT;

  MODEL:
      ! Lagged effects on Y
      Y ON A1*0.2 A2*0.4 (B_A1Y B_A2Y);
      Y ON L1*0.15 L2*0.3 (B_L1Y B_L2Y);
      Y ON C0*0.1 (B_C0Y);
      Y ON C0C0*0.1 L1L1*0.15 L2L2*0.3;

      ! Lagged effects on L
      L2 ON L1*0.3 A1*0.4 C0*0.1 (B_L1L2 B_A1L2 B_C0L2);
      L1 ON C0*0.1;

      ! Lagged effects on A
      A2 ON C0 A1 L1 L2;
      A1 ON C0 L1;

      ! Variance
      C0;

      ! Residual variances
      L1 L2 Y;

      ! Thresholds
      [A1$1 A2$1] (tau1 tau2);

  MODEL CONSTRAINT:
      NEW(JTE_A1*0.32);
      JTE_A1 = B_A1L2*B_L2Y + B_A1Y;

      NEW(AvN*0.72);
      AvN = JTE_A1 + B_A2Y;

  SAVEDATA:
      RESULTS = results_correct_condition22.dat;



INPUT READING TERMINATED NORMALLY




Traditional path analysis for estimating joint effects
and prolongued exposure effect.
- K = 2 (waves)
- Model correctly specified

SUMMARY OF ANALYSIS

Number of groups                                                 1
Average number of observations                                 500

Number of replications
    Requested                                                 1000
    Completed                                                 1000

Number of dependent variables                                    5
Number of independent variables                                  4
Number of continuous latent variables                            0

Observed dependent variables

  Continuous
   L1          L2          Y

  Binary and ordered categorical (ordinal)
   A1          A2

Observed independent variables
   C0          C0C0        L1L1        L2L2

Variables with special functions

  Centering (GRANDMEAN)
   C0          L1          L2


Estimator                                                       ML
Information matrix                                        OBSERVED
Optimization Specifications for the Quasi-Newton Algorithm for
Continuous Outcomes
  Maximum number of iterations                                 100
  Convergence criterion                                  0.100D-05
Optimization Specifications for the EM Algorithm
  Maximum number of iterations                                 500
  Convergence criteria
    Loglikelihood change                                 0.100D-02
    Relative loglikelihood change                        0.100D-05
    Derivative                                           0.100D-02
Optimization Specifications for the M step of the EM Algorithm for
Categorical Latent variables
  Number of M step iterations                                    1
  M step convergence criterion                           0.100D-02
  Basis for M step termination                           ITERATION
Optimization Specifications for the M step of the EM Algorithm for
Censored, Binary or Ordered Categorical (Ordinal), Unordered
Categorical (Nominal) and Count Outcomes
  Number of M step iterations                                    1
  M step convergence criterion                           0.100D-02
  Basis for M step termination                           ITERATION
  Maximum value for logit thresholds                            10
  Minimum value for logit thresholds                           -10
  Minimum expected cell size for chi-square              0.100D-01
Maximum number of iterations for H1                           2000
Convergence criterion for H1                             0.100D-03
Optimization algorithm                                         EMA
Integration Specifications
  Type                                                    STANDARD
  Number of integration points                                  15
  Dimensions of numerical integration                            0
  Adaptive quadrature                                           ON
Link                                                        PROBIT
Cholesky                                                        ON

Input data file(s)
  Multiple data files from
    repList_condition22.dat
Input data format  FREE


SUMMARY OF DATA FOR THE FIRST REPLICATION

     Number of missing data patterns             1
     Number of y missing data patterns           1
     Number of u missing data patterns           1


SUMMARY OF MISSING DATA PATTERNS FOR THE FIRST REPLICATION


     MISSING DATA PATTERNS FOR Y (x = not missing)

           1
 L1        x
 L2        x
 Y         x
 C0        x
 C0C0      x
 L1L1      x
 L2L2      x


     MISSING DATA PATTERN FREQUENCIES FOR Y

    Pattern   Frequency
          1         500


COVARIANCE COVERAGE OF DATA FOR THE FIRST REPLICATION

Minimum covariance coverage value   0.100


     PROPORTION OF DATA PRESENT FOR Y


           Covariance Coverage
              L1            L2            Y             C0            C0C0
              ________      ________      ________      ________      ________
 L1             1.000
 L2             1.000         1.000
 Y              1.000         1.000         1.000
 C0             1.000         1.000         1.000         1.000
 C0C0           1.000         1.000         1.000         1.000         1.000
 L1L1           1.000         1.000         1.000         1.000         1.000
 L2L2           1.000         1.000         1.000         1.000         1.000


           Covariance Coverage
              L1L1          L2L2
              ________      ________
 L1L1           1.000
 L2L2           1.000         1.000


UNIVARIATE PROPORTIONS FOR CATEGORICAL VARIABLES

NOTE:  These are average results over 1000 data sets.

    A1
      Category 1    0.900
      Category 2    0.100
    A2
      Category 1    0.899
      Category 2    0.101


SAMPLE STATISTICS

NOTE:  These are average results over 1000 data sets.


     SAMPLE STATISTICS


           Means
              L1            L2            Y             C0            C0C0
              ________      ________      ________      ________      ________
                0.000         0.000         1.819         0.000         1.001


           Means
              L1L1          L2L2
              ________      ________
                1.007         1.128


           Covariances
              L1            L2            Y             C0            C0C0
              ________      ________      ________      ________      ________
 L1             1.007
 L2             0.329         1.128
 Y              0.286         0.442         1.562
 C0             0.101         0.136         0.164         1.001
 C0C0           0.000        -0.001         0.214        -0.004         1.998
 L1L1           0.000         0.006         0.388         0.002         0.023
 L2L2           0.011         0.008         0.822         0.001         0.038


           Covariances
              L1L1          L2L2
              ________      ________
 L1L1           2.018
 L2L2           0.224         2.546


           Correlations
              L1            L2            Y             C0            C0C0
              ________      ________      ________      ________      ________
 L1             1.000
 L2             0.309         1.000
 Y              0.228         0.333         1.000
 C0             0.100         0.128         0.132         1.000
 C0C0           0.000        -0.001         0.121        -0.002         1.000
 L1L1           0.000         0.004         0.219         0.002         0.012
 L2L2           0.007         0.005         0.412         0.000         0.017


           Correlations
              L1L1          L2L2
              ________      ________
 L1L1           1.000
 L2L2           0.099         1.000




MODEL FIT INFORMATION

Number of Free Parameters                       28

Loglikelihood

    H0 Value

        Mean                             -3130.762
        Std Dev                             37.551
        Number of successful computations     1000

             Proportions                   Percentiles
        Expected    Observed         Expected       Observed
           0.990       0.993        -3218.116      -3213.471
           0.980       0.984        -3207.880      -3205.545
           0.950       0.956        -3192.529      -3191.777
           0.900       0.902        -3178.887      -3178.820
           0.800       0.794        -3162.364      -3163.708
           0.700       0.703        -3150.453      -3150.213
           0.500       0.492        -3130.762      -3131.584
           0.300       0.297        -3111.070      -3111.914
           0.200       0.200        -3099.159      -3099.189
           0.100       0.106        -3082.637      -3081.168
           0.050       0.054        -3068.995      -3067.835
           0.020       0.018        -3053.644      -3056.909
           0.010       0.011        -3043.408      -3040.963

Information Criteria

    Akaike (AIC)

        Mean                              6317.523
        Std Dev                             75.101
        Number of successful computations     1000

             Proportions                   Percentiles
        Expected    Observed         Expected       Observed
           0.990       0.989         6142.815       6133.316
           0.980       0.982         6163.288       6168.569
           0.950       0.946         6193.989       6191.318
           0.900       0.894         6221.273       6217.503
           0.800       0.800         6254.318       6253.473
           0.700       0.703         6278.140       6279.020
           0.500       0.508         6317.523       6319.162
           0.300       0.297         6356.907       6356.150
           0.200       0.206         6380.729       6382.363
           0.100       0.098         6413.773       6413.335
           0.050       0.044         6441.058       6438.858
           0.020       0.016         6471.759       6464.844
           0.010       0.007         6492.232       6481.431

    Bayesian (BIC)

        Mean                              6435.532
        Std Dev                             75.101
        Number of successful computations     1000

             Proportions                   Percentiles
        Expected    Observed         Expected       Observed
           0.990       0.989         6260.824       6251.325
           0.980       0.982         6281.297       6286.578
           0.950       0.946         6311.998       6309.327
           0.900       0.894         6339.283       6335.512
           0.800       0.800         6372.327       6371.482
           0.700       0.703         6396.149       6397.029
           0.500       0.508         6435.532       6437.171
           0.300       0.297         6474.916       6474.159
           0.200       0.206         6498.738       6500.372
           0.100       0.098         6531.782       6531.344
           0.050       0.044         6559.067       6556.867
           0.020       0.016         6589.768       6582.853
           0.010       0.007         6610.241       6599.440

    Sample-Size Adjusted BIC (n* = (n + 2) / 24)

        Mean                              6346.659
        Std Dev                             75.101
        Number of successful computations     1000

             Proportions                   Percentiles
        Expected    Observed         Expected       Observed
           0.990       0.989         6171.950       6162.452
           0.980       0.982         6192.423       6197.704
           0.950       0.946         6223.124       6220.453
           0.900       0.894         6250.409       6246.638
           0.800       0.800         6283.453       6282.609
           0.700       0.703         6307.276       6308.155
           0.500       0.508         6346.659       6348.298
           0.300       0.297         6386.042       6385.285
           0.200       0.206         6409.864       6411.498
           0.100       0.098         6442.909       6442.470
           0.050       0.044         6470.193       6467.993
           0.020       0.016         6500.894       6493.980
           0.010       0.007         6521.367       6510.566



MODEL RESULTS

                              ESTIMATES              S. E.     M. S. E.  95%  % Sig
                 Population   Average   Std. Dev.   Average             Cover Coeff

 Y          ON
  A1                  0.200     0.2007     0.1564     0.1539     0.0244 0.947 0.261
  A2                  0.400     0.3969     0.1605     0.1544     0.0257 0.943 0.722
  L1                  0.150     0.1471     0.0480     0.0474     0.0023 0.944 0.867
  L2                  0.300     0.3027     0.0526     0.0454     0.0028 0.909 1.000
  C0                  0.100     0.0985     0.0459     0.0453     0.0021 0.945 0.590
  C0C0                0.100     0.0997     0.0321     0.0320     0.0010 0.940 0.869
  L1L1                0.150     0.1522     0.0325     0.0320     0.0011 0.942 0.997
  L2L2                0.300     0.2994     0.0288     0.0286     0.0008 0.951 1.000

 L2         ON
  L1                  0.300     0.2989     0.0447     0.0452     0.0020 0.957 1.000
  A1                  0.400     0.4036     0.1539     0.1511     0.0237 0.934 0.755
  C0                  0.100     0.1009     0.0447     0.0448     0.0020 0.952 0.625

 L1         ON
  C0                  0.100     0.1007     0.0436     0.0446     0.0019 0.952 0.640

 A2         ON
  C0                  0.000     0.0550     0.0831     0.0827     0.0099 0.899 0.101
  A1                  0.000     0.4296     0.2370     0.2302     0.2407 0.499 0.501
  L1                  0.000     0.1354     0.0878     0.0869     0.0260 0.672 0.328
  L2                  0.000     0.2668     0.0883     0.0843     0.0790 0.120 0.880

 A1         ON
  C0                  0.000     0.0495     0.0822     0.0797     0.0092 0.909 0.091
  L1                  0.000     0.2596     0.0814     0.0814     0.0740 0.094 0.906

 Means
  C0                  0.000     0.0000     0.0001     0.0447     0.0000 1.000 0.000

 Intercepts
  L1                  0.000     0.0000     0.0001     0.0446     0.0000 1.000 0.000
  L2                  0.000    -0.0403     0.0162     0.0469     0.0019 0.996 0.004
  Y                   1.832     1.1685     0.0763     0.0712     0.4464 0.000 1.000

 Thresholds
  A1$1                1.173     1.3390     0.0812     0.0821     0.0342 0.477 1.000
  A2$1                1.246     1.4424     0.1006     0.0930     0.0488 0.445 1.000

 Variances
  C0                  0.500     1.0007     0.0644     0.0633     0.2549 0.000 1.000

 Residual Variances
  L1                  0.500     0.9947     0.0622     0.0629     0.2486 0.000 1.000
  L2                  0.500     0.9890     0.0617     0.0626     0.2430 0.000 1.000
  Y                   0.500     0.9841     0.0613     0.0622     0.2381 0.000 1.000

New/Additional Parameters
  JTE_A1              0.320     0.3229     0.1619     0.1598     0.0262 0.949 0.529
  AVN                 0.720     0.7199     0.2166     0.2090     0.0469 0.949 0.932


QUALITY OF NUMERICAL RESULTS

     Average Condition Number for the Information Matrix      0.253E-03
       (ratio of smallest to largest eigenvalue)


TECHNICAL 1 OUTPUT


     PARAMETER SPECIFICATION


           TAU
              A1$1          A2$1
              ________      ________
                   27            28


           NU
              A1            A2            L1            L2            Y
              ________      ________      ________      ________      ________
                    0             0             0             0             0


           NU
              C0            C0C0          L1L1          L2L2
              ________      ________      ________      ________
                    0             0             0             0


           LAMBDA
              A1            A2            L1            L2            Y
              ________      ________      ________      ________      ________
 A1                 0             0             0             0             0
 A2                 0             0             0             0             0
 L1                 0             0             0             0             0
 L2                 0             0             0             0             0
 Y                  0             0             0             0             0
 C0                 0             0             0             0             0
 C0C0               0             0             0             0             0
 L1L1               0             0             0             0             0
 L2L2               0             0             0             0             0


           LAMBDA
              C0            C0C0          L1L1          L2L2
              ________      ________      ________      ________
 A1                 0             0             0             0
 A2                 0             0             0             0
 L1                 0             0             0             0
 L2                 0             0             0             0
 Y                  0             0             0             0
 C0                 0             0             0             0
 C0C0               0             0             0             0
 L1L1               0             0             0             0
 L2L2               0             0             0             0


           THETA
              A1            A2            L1            L2            Y
              ________      ________      ________      ________      ________
 A1                 0
 A2                 0             0
 L1                 0             0             0
 L2                 0             0             0             0
 Y                  0             0             0             0             0
 C0                 0             0             0             0             0
 C0C0               0             0             0             0             0
 L1L1               0             0             0             0             0
 L2L2               0             0             0             0             0


           THETA
              C0            C0C0          L1L1          L2L2
              ________      ________      ________      ________
 C0                 0
 C0C0               0             0
 L1L1               0             0             0
 L2L2               0             0             0             0


           ALPHA
              A1            A2            L1            L2            Y
              ________      ________      ________      ________      ________
                    0             0             1             2             3


           ALPHA
              C0            C0C0          L1L1          L2L2
              ________      ________      ________      ________
                    4             0             0             0


           BETA
              A1            A2            L1            L2            Y
              ________      ________      ________      ________      ________
 A1                 0             0             5             0             0
 A2                 7             0             8             9             0
 L1                 0             0             0             0             0
 L2                12             0            13             0             0
 Y                 15            16            17            18             0
 C0                 0             0             0             0             0
 C0C0               0             0             0             0             0
 L1L1               0             0             0             0             0
 L2L2               0             0             0             0             0


           BETA
              C0            C0C0          L1L1          L2L2
              ________      ________      ________      ________
 A1                 6             0             0             0
 A2                10             0             0             0
 L1                11             0             0             0
 L2                14             0             0             0
 Y                 19            20            21            22
 C0                 0             0             0             0
 C0C0               0             0             0             0
 L1L1               0             0             0             0
 L2L2               0             0             0             0


           PSI
              A1            A2            L1            L2            Y
              ________      ________      ________      ________      ________
 A1                 0
 A2                 0             0
 L1                 0             0            23
 L2                 0             0             0            24
 Y                  0             0             0             0            25
 C0                 0             0             0             0             0
 C0C0               0             0             0             0             0
 L1L1               0             0             0             0             0
 L2L2               0             0             0             0             0


           PSI
              C0            C0C0          L1L1          L2L2
              ________      ________      ________      ________
 C0                26
 C0C0               0             0
 L1L1               0             0             0
 L2L2               0             0             0             0


     PARAMETER SPECIFICATION FOR THE ADDITIONAL PARAMETERS


           NEW/ADDITIONAL PARAMETERS
              JTE_A1        AVN
              ________      ________
                   29            30


     STARTING VALUES


           TAU
              A1$1          A2$1
              ________      ________
                1.173         1.246


           NU
              A1            A2            L1            L2            Y
              ________      ________      ________      ________      ________
                0.000         0.000         0.000         0.000         0.000


           NU
              C0            C0C0          L1L1          L2L2
              ________      ________      ________      ________
                0.000         0.000         0.000         0.000


           LAMBDA
              A1            A2            L1            L2            Y
              ________      ________      ________      ________      ________
 A1             1.000         0.000         0.000         0.000         0.000
 A2             0.000         1.000         0.000         0.000         0.000
 L1             0.000         0.000         1.000         0.000         0.000
 L2             0.000         0.000         0.000         1.000         0.000
 Y              0.000         0.000         0.000         0.000         1.000
 C0             0.000         0.000         0.000         0.000         0.000
 C0C0           0.000         0.000         0.000         0.000         0.000
 L1L1           0.000         0.000         0.000         0.000         0.000
 L2L2           0.000         0.000         0.000         0.000         0.000


           LAMBDA
              C0            C0C0          L1L1          L2L2
              ________      ________      ________      ________
 A1             0.000         0.000         0.000         0.000
 A2             0.000         0.000         0.000         0.000
 L1             0.000         0.000         0.000         0.000
 L2             0.000         0.000         0.000         0.000
 Y              0.000         0.000         0.000         0.000
 C0             1.000         0.000         0.000         0.000
 C0C0           0.000         1.000         0.000         0.000
 L1L1           0.000         0.000         1.000         0.000
 L2L2           0.000         0.000         0.000         1.000


           THETA
              A1            A2            L1            L2            Y
              ________      ________      ________      ________      ________
 A1             0.000
 A2             0.000         0.000
 L1             0.000         0.000         0.000
 L2             0.000         0.000         0.000         0.000
 Y              0.000         0.000         0.000         0.000         0.000
 C0             0.000         0.000         0.000         0.000         0.000
 C0C0           0.000         0.000         0.000         0.000         0.000
 L1L1           0.000         0.000         0.000         0.000         0.000
 L2L2           0.000         0.000         0.000         0.000         0.000


           THETA
              C0            C0C0          L1L1          L2L2
              ________      ________      ________      ________
 C0             0.000
 C0C0           0.000         0.000
 L1L1           0.000         0.000         0.000
 L2L2           0.000         0.000         0.000         0.000


           ALPHA
              A1            A2            L1            L2            Y
              ________      ________      ________      ________      ________
                0.000         0.000         0.000         0.000         1.832


           ALPHA
              C0            C0C0          L1L1          L2L2
              ________      ________      ________      ________
                0.000         0.000         0.000         0.000


           BETA
              A1            A2            L1            L2            Y
              ________      ________      ________      ________      ________
 A1             0.000         0.000         0.000         0.000         0.000
 A2             0.000         0.000         0.000         0.000         0.000
 L1             0.000         0.000         0.000         0.000         0.000
 L2             0.400         0.000         0.300         0.000         0.000
 Y              0.200         0.400         0.150         0.300         0.000
 C0             0.000         0.000         0.000         0.000         0.000
 C0C0           0.000         0.000         0.000         0.000         0.000
 L1L1           0.000         0.000         0.000         0.000         0.000
 L2L2           0.000         0.000         0.000         0.000         0.000


           BETA
              C0            C0C0          L1L1          L2L2
              ________      ________      ________      ________
 A1             0.000         0.000         0.000         0.000
 A2             0.000         0.000         0.000         0.000
 L1             0.100         0.000         0.000         0.000
 L2             0.100         0.000         0.000         0.000
 Y              0.100         0.100         0.150         0.300
 C0             0.000         0.000         0.000         0.000
 C0C0           0.000         0.000         0.000         0.000
 L1L1           0.000         0.000         0.000         0.000
 L2L2           0.000         0.000         0.000         0.000


           PSI
              A1            A2            L1            L2            Y
              ________      ________      ________      ________      ________
 A1             1.000
 A2             0.000         1.000
 L1             0.000         0.000         0.500
 L2             0.000         0.000         0.000         0.500
 Y              0.000         0.000         0.000         0.000         0.500
 C0             0.000         0.000         0.000         0.000         0.000
 C0C0           0.000         0.000         0.000         0.000         0.000
 L1L1           0.000         0.000         0.000         0.000         0.000
 L2L2           0.000         0.000         0.000         0.000         0.000


           PSI
              C0            C0C0          L1L1          L2L2
              ________      ________      ________      ________
 C0             0.500
 C0C0           0.000         0.500
 L1L1           0.000         0.000         0.500
 L2L2           0.000         0.000         0.000         0.500


     STARTING VALUES FOR THE ADDITIONAL PARAMETERS


           NEW/ADDITIONAL PARAMETERS
              JTE_A1        AVN
              ________      ________
                0.320         0.720


RESULTS SAVING INFORMATION

  Order of data

    Replication number
    Parameter estimates
     (saved in order shown in Technical 1 output)
    Standard errors
     (saved in order shown in Technical 1 output)
    Number of Free Parameters
    H0 Loglikelihood
    Akaike (AIC)
    Bayesian (BIC)
    Sample-Size Adjusted BIC
    Entropy
    Condition Number

  Save file
    results_correct_condition22.dat

  Save file format           Free


     Beginning Time:  16:57:48
        Ending Time:  16:59:20
       Elapsed Time:  00:01:32



MUTHEN & MUTHEN
3463 Stoner Ave.
Los Angeles, CA  90066

Tel: (310) 391-9971
Fax: (310) 391-8971
Web: www.StatModel.com
Support: Support@StatModel.com

Copyright (c) 1998-2024 Muthen & Muthen
