Mplus VERSION 8.11
MUTHEN & MUTHEN
01/13/2025   4:42 PM

INPUT INSTRUCTIONS

  TITLE:
     Traditional path analysis for estimating joint effects
     and prolongued exposure effect.
     - K = 2 (waves)
     - Model correctly specified

  DATA:
      FILE = repList_condition14.dat;
      TYPE = MONTECARLO;

  VARIABLE:
      NAMES = C0 L1 A1 L2 A2 Y
              Pr_A1 Pr_A2 ps1 ps2 W W_correct;
      USEVARIABLES = C0-Y C0C0 L1L1 L2L2;
      MISSING = .;
      CATEGORICAL = A1 A2;

  DEFINE:
      CENTER C0 L1 L2 (GRANDMEAN);
      C0C0 = C0**2;
      L1L1 = L1**2;
      L2L2 = L2**2;

  ANALYSIS:
     ESTIMATOR = ML;
     LINK = PROBIT;

  MODEL:
      ! Lagged effects on Y
      Y ON A1*0.2 A2*0.4 (B_A1Y B_A2Y);
      Y ON L1*0.15 L2*0.3 (B_L1Y B_L2Y);
      Y ON C0*0.1 (B_C0Y);
      Y ON C0C0*0.1 L1L1*0.15 L2L2*0.3;

      ! Lagged effects on L
      L2 ON L1*0.3 A1*0.4 C0*0.1 (B_L1L2 B_A1L2 B_C0L2);
      L2 ON C0C0*0.1 L1L1*0.15;
      L1 ON C0*0.1 C0C0*0.1;

      ! Lagged effects on A
      A2 ON C0 A1 L1 L2 L1L1 L2L2;
      A1 ON C0 L1 L1L1;

      ! Variance
      C0;

      ! Residual variances
      L1 L2 Y;

      ! Thresholds
      [A1$1 A2$1] (tau1 tau2);

  MODEL CONSTRAINT:
      NEW(JTE_A1*0.32);
      JTE_A1 = B_A1L2*B_L2Y + B_A1Y;

      NEW(AvN*0.72);
      AvN = JTE_A1 + B_A2Y;

  SAVEDATA:
      RESULTS = results_correct_condition14.dat;



INPUT READING TERMINATED NORMALLY




Traditional path analysis for estimating joint effects
and prolongued exposure effect.
- K = 2 (waves)
- Model correctly specified

SUMMARY OF ANALYSIS

Number of groups                                                 1
Average number of observations                                 150

Number of replications
    Requested                                                 1000
    Completed                                                 1000

Number of dependent variables                                    5
Number of independent variables                                  4
Number of continuous latent variables                            0

Observed dependent variables

  Continuous
   L1          L2          Y

  Binary and ordered categorical (ordinal)
   A1          A2

Observed independent variables
   C0          C0C0        L1L1        L2L2

Variables with special functions

  Centering (GRANDMEAN)
   C0          L1          L2


Estimator                                                       ML
Information matrix                                        OBSERVED
Optimization Specifications for the Quasi-Newton Algorithm for
Continuous Outcomes
  Maximum number of iterations                                 100
  Convergence criterion                                  0.100D-05
Optimization Specifications for the EM Algorithm
  Maximum number of iterations                                 500
  Convergence criteria
    Loglikelihood change                                 0.100D-02
    Relative loglikelihood change                        0.100D-05
    Derivative                                           0.100D-02
Optimization Specifications for the M step of the EM Algorithm for
Categorical Latent variables
  Number of M step iterations                                    1
  M step convergence criterion                           0.100D-02
  Basis for M step termination                           ITERATION
Optimization Specifications for the M step of the EM Algorithm for
Censored, Binary or Ordered Categorical (Ordinal), Unordered
Categorical (Nominal) and Count Outcomes
  Number of M step iterations                                    1
  M step convergence criterion                           0.100D-02
  Basis for M step termination                           ITERATION
  Maximum value for logit thresholds                            10
  Minimum value for logit thresholds                           -10
  Minimum expected cell size for chi-square              0.100D-01
Maximum number of iterations for H1                           2000
Convergence criterion for H1                             0.100D-03
Optimization algorithm                                         EMA
Integration Specifications
  Type                                                    STANDARD
  Number of integration points                                  15
  Dimensions of numerical integration                            0
  Adaptive quadrature                                           ON
Link                                                        PROBIT
Cholesky                                                        ON

Input data file(s)
  Multiple data files from
    repList_condition14.dat
Input data format  FREE


SUMMARY OF DATA FOR THE FIRST REPLICATION

     Number of missing data patterns             1
     Number of y missing data patterns           1
     Number of u missing data patterns           1


SUMMARY OF MISSING DATA PATTERNS FOR THE FIRST REPLICATION


     MISSING DATA PATTERNS FOR Y (x = not missing)

           1
 L1        x
 L2        x
 Y         x
 C0        x
 C0C0      x
 L1L1      x
 L2L2      x


     MISSING DATA PATTERN FREQUENCIES FOR Y

    Pattern   Frequency
          1         150


COVARIANCE COVERAGE OF DATA FOR THE FIRST REPLICATION

Minimum covariance coverage value   0.100


     PROPORTION OF DATA PRESENT FOR Y


           Covariance Coverage
              L1            L2            Y             C0            C0C0
              ________      ________      ________      ________      ________
 L1             1.000
 L2             1.000         1.000
 Y              1.000         1.000         1.000
 C0             1.000         1.000         1.000         1.000
 C0C0           1.000         1.000         1.000         1.000         1.000
 L1L1           1.000         1.000         1.000         1.000         1.000
 L2L2           1.000         1.000         1.000         1.000         1.000


           Covariance Coverage
              L1L1          L2L2
              ________      ________
 L1L1           1.000
 L2L2           1.000         1.000


UNIVARIATE PROPORTIONS FOR CATEGORICAL VARIABLES

NOTE:  These are average results over 1000 data sets.

    A1
      Category 1    0.499
      Category 2    0.501
    A2
      Category 1    0.499
      Category 2    0.501


SAMPLE STATISTICS

NOTE:  These are average results over 1000 data sets.


     SAMPLE STATISTICS


           Means
              L1            L2            Y             C0            C0C0
              ________      ________      ________      ________      ________
                0.000         0.000         2.350         0.000         0.997


           Means
              L1L1          L2L2
              ________      ________
                1.022         1.439


           Covariances
              L1            L2            Y             C0            C0C0
              ________      ________      ________      ________      ________
 L1             1.022
 L2             0.378         1.439
 Y              0.516         0.931         2.424
 C0             0.105         0.160         0.244         0.997
 C0C0           0.199         0.291         0.459        -0.005         1.967
 L1L1           0.014         0.708         1.008         0.044         0.102
 L2L2           0.520         0.610         2.269         0.165         0.373


           Covariances
              L1L1          L2L2
              ________      ________
 L1L1           2.088
 L2L2           1.220         5.428


           Correlations
              L1            L2            Y             C0            C0C0
              ________      ________      ________      ________      ________
 L1             1.000
 L2             0.311         1.000
 Y              0.328         0.499         1.000
 C0             0.104         0.133         0.157         1.000
 C0C0           0.140         0.173         0.210        -0.003         1.000
 L1L1           0.009         0.408         0.448         0.031         0.050
 L2L2           0.221         0.218         0.626         0.071         0.114


           Correlations
              L1L1          L2L2
              ________      ________
 L1L1           1.000
 L2L2           0.362         1.000




MODEL FIT INFORMATION

Number of Free Parameters                       34

Loglikelihood

    H0 Value

        Mean                             -1014.792
        Std Dev                             17.722
        Number of successful computations     1000

             Proportions                   Percentiles
        Expected    Observed         Expected       Observed
           0.990       0.993        -1056.018      -1054.706
           0.980       0.982        -1051.187      -1050.707
           0.950       0.953        -1043.942      -1043.295
           0.900       0.892        -1037.504      -1038.533
           0.800       0.795        -1029.706      -1029.981
           0.700       0.698        -1024.085      -1024.301
           0.500       0.502        -1014.792      -1014.693
           0.300       0.301        -1005.499      -1005.482
           0.200       0.192         -999.877      -1000.411
           0.100       0.100         -992.080       -992.142
           0.050       0.048         -985.641       -986.011
           0.020       0.021         -978.397       -978.265
           0.010       0.013         -973.566       -973.019

Information Criteria

    Akaike (AIC)

        Mean                              2097.584
        Std Dev                             35.443
        Number of successful computations     1000

             Proportions                   Percentiles
        Expected    Observed         Expected       Observed
           0.990       0.987         2015.132       2007.748
           0.980       0.979         2024.794       2024.237
           0.950       0.952         2039.283       2039.721
           0.900       0.900         2052.160       2051.456
           0.800       0.808         2067.755       2068.558
           0.700       0.699         2078.997       2078.927
           0.500       0.498         2097.584       2097.332
           0.300       0.302         2116.170       2116.552
           0.200       0.205         2127.413       2127.835
           0.100       0.108         2143.008       2144.349
           0.050       0.047         2155.884       2154.567
           0.020       0.018         2170.374       2167.779
           0.010       0.007         2180.035       2175.828

    Bayesian (BIC)

        Mean                              2199.945
        Std Dev                             35.443
        Number of successful computations     1000

             Proportions                   Percentiles
        Expected    Observed         Expected       Observed
           0.990       0.987         2117.493       2110.110
           0.980       0.979         2127.155       2126.598
           0.950       0.952         2141.645       2142.082
           0.900       0.900         2154.521       2153.817
           0.800       0.808         2170.116       2170.919
           0.700       0.699         2181.359       2181.289
           0.500       0.498         2199.945       2199.694
           0.300       0.302         2218.532       2218.913
           0.200       0.205         2229.774       2230.197
           0.100       0.108         2245.369       2246.710
           0.050       0.047         2258.246       2256.929
           0.020       0.018         2272.735       2270.141
           0.010       0.007         2282.397       2278.190

    Sample-Size Adjusted BIC (n* = (n + 2) / 24)

        Mean                              2092.342
        Std Dev                             35.443
        Number of successful computations     1000

             Proportions                   Percentiles
        Expected    Observed         Expected       Observed
           0.990       0.987         2009.890       2002.506
           0.980       0.979         2019.552       2018.995
           0.950       0.952         2034.041       2034.479
           0.900       0.900         2046.918       2046.214
           0.800       0.808         2062.513       2063.316
           0.700       0.699         2073.755       2073.686
           0.500       0.498         2092.342       2092.090
           0.300       0.302         2110.928       2111.310
           0.200       0.205         2122.171       2122.593
           0.100       0.108         2137.766       2139.107
           0.050       0.047         2150.642       2149.326
           0.020       0.018         2165.132       2162.537
           0.010       0.007         2174.793       2170.586



MODEL RESULTS

                              ESTIMATES              S. E.     M. S. E.  95%  % Sig
                 Population   Average   Std. Dev.   Average             Cover Coeff

 Y          ON
  A1                  0.200     0.2030     0.1870     0.1775     0.0349 0.935 0.213
  A2                  0.400     0.3978     0.1836     0.1786     0.0337 0.951 0.597
  L1                  0.150     0.1541     0.0957     0.0895     0.0092 0.937 0.419
  L2                  0.300     0.3016     0.0947     0.0826     0.0090 0.905 0.922
  C0                  0.100     0.0984     0.0897     0.0834     0.0080 0.937 0.237
  C0C0                0.100     0.0983     0.0632     0.0617     0.0040 0.938 0.377
  L1L1                0.150     0.1476     0.0713     0.0692     0.0051 0.946 0.579
  L2L2                0.300     0.3004     0.0467     0.0427     0.0022 0.930 0.999

 L2         ON
  L1                  0.300     0.2976     0.0865     0.0839     0.0075 0.945 0.934
  A1                  0.400     0.3995     0.1700     0.1712     0.0289 0.954 0.633
  C0                  0.100     0.1033     0.0852     0.0829     0.0073 0.947 0.248
  C0C0                0.100     0.0965     0.0624     0.0610     0.0039 0.947 0.374
  L1L1                0.150     0.2978     0.0607     0.0603     0.0255 0.304 0.996

 L1         ON
  C0                  0.100     0.1063     0.0832     0.0820     0.0069 0.940 0.264
  C0C0                0.100     0.1008     0.0614     0.0600     0.0038 0.938 0.404

 A2         ON
  C0                  0.000     0.0667     0.1261     0.1221     0.0203 0.918 0.082
  A1                  0.000     0.5171     0.2637     0.2429     0.3369 0.446 0.554
  L1                  0.000     0.1580     0.1480     0.1420     0.0469 0.800 0.200
  L2                  0.000     0.3279     0.1583     0.1394     0.1325 0.359 0.641
  L1L1                0.000     0.1628     0.1261     0.1215     0.0424 0.763 0.237
  L2L2                0.000     0.3292     0.1108     0.0997     0.1206 0.043 0.957

 A1         ON
  C0                  0.000     0.0635     0.1146     0.1114     0.0172 0.920 0.080
  L1                  0.000     0.3211     0.1374     0.1253     0.1220 0.261 0.739
  L1L1                0.000     0.3258     0.1160     0.1052     0.1196 0.078 0.922

 Means
  C0                  0.000     0.0000     0.0001     0.0814     0.0000 1.000 0.000

 Intercepts
  L1                  0.000    -0.1004     0.0610     0.0999     0.0138 0.934 0.066
  L2                  0.000    -0.6007     0.1167     0.1350     0.3744 0.002 0.998
  Y                   2.343     1.3680     0.1658     0.1586     0.9785 0.000 1.000

 Thresholds
  A1$1               -0.059     0.2789     0.1451     0.1365     0.1354 0.311 0.521
  A2$1               -0.044     0.7138     0.2194     0.2071     0.6230 0.039 0.944

 Variances
  C0                  0.500     0.9969     0.1189     0.1151     0.2610 0.001 1.000

 Residual Variances
  L1                  0.500     0.9771     0.1110     0.1128     0.2399 0.000 1.000
  L2                  0.500     0.9644     0.1135     0.1114     0.2285 0.000 1.000
  Y                   0.500     0.9417     0.1102     0.1087     0.2072 0.000 1.000

New/Additional Parameters
  JTE_A1              0.320     0.3227     0.1901     0.1831     0.0361 0.946 0.430
  AVN                 0.720     0.7205     0.2320     0.2272     0.0538 0.947 0.875


QUALITY OF NUMERICAL RESULTS

     Average Condition Number for the Information Matrix      0.160E-03
       (ratio of smallest to largest eigenvalue)


TECHNICAL 1 OUTPUT


     PARAMETER SPECIFICATION


           TAU
              A1$1          A2$1
              ________      ________
                   33            34


           NU
              A1            A2            L1            L2            Y
              ________      ________      ________      ________      ________
                    0             0             0             0             0


           NU
              C0            C0C0          L1L1          L2L2
              ________      ________      ________      ________
                    0             0             0             0


           LAMBDA
              A1            A2            L1            L2            Y
              ________      ________      ________      ________      ________
 A1                 0             0             0             0             0
 A2                 0             0             0             0             0
 L1                 0             0             0             0             0
 L2                 0             0             0             0             0
 Y                  0             0             0             0             0
 C0                 0             0             0             0             0
 C0C0               0             0             0             0             0
 L1L1               0             0             0             0             0
 L2L2               0             0             0             0             0


           LAMBDA
              C0            C0C0          L1L1          L2L2
              ________      ________      ________      ________
 A1                 0             0             0             0
 A2                 0             0             0             0
 L1                 0             0             0             0
 L2                 0             0             0             0
 Y                  0             0             0             0
 C0                 0             0             0             0
 C0C0               0             0             0             0
 L1L1               0             0             0             0
 L2L2               0             0             0             0


           THETA
              A1            A2            L1            L2            Y
              ________      ________      ________      ________      ________
 A1                 0
 A2                 0             0
 L1                 0             0             0
 L2                 0             0             0             0
 Y                  0             0             0             0             0
 C0                 0             0             0             0             0
 C0C0               0             0             0             0             0
 L1L1               0             0             0             0             0
 L2L2               0             0             0             0             0


           THETA
              C0            C0C0          L1L1          L2L2
              ________      ________      ________      ________
 C0                 0
 C0C0               0             0
 L1L1               0             0             0
 L2L2               0             0             0             0


           ALPHA
              A1            A2            L1            L2            Y
              ________      ________      ________      ________      ________
                    0             0             1             2             3


           ALPHA
              C0            C0C0          L1L1          L2L2
              ________      ________      ________      ________
                    4             0             0             0


           BETA
              A1            A2            L1            L2            Y
              ________      ________      ________      ________      ________
 A1                 0             0             5             0             0
 A2                 8             0             9            10             0
 L1                 0             0             0             0             0
 L2                16             0            17             0             0
 Y                 21            22            23            24             0
 C0                 0             0             0             0             0
 C0C0               0             0             0             0             0
 L1L1               0             0             0             0             0
 L2L2               0             0             0             0             0


           BETA
              C0            C0C0          L1L1          L2L2
              ________      ________      ________      ________
 A1                 6             0             7             0
 A2                11             0            12            13
 L1                14            15             0             0
 L2                18            19            20             0
 Y                 25            26            27            28
 C0                 0             0             0             0
 C0C0               0             0             0             0
 L1L1               0             0             0             0
 L2L2               0             0             0             0


           PSI
              A1            A2            L1            L2            Y
              ________      ________      ________      ________      ________
 A1                 0
 A2                 0             0
 L1                 0             0            29
 L2                 0             0             0            30
 Y                  0             0             0             0            31
 C0                 0             0             0             0             0
 C0C0               0             0             0             0             0
 L1L1               0             0             0             0             0
 L2L2               0             0             0             0             0


           PSI
              C0            C0C0          L1L1          L2L2
              ________      ________      ________      ________
 C0                32
 C0C0               0             0
 L1L1               0             0             0
 L2L2               0             0             0             0


     PARAMETER SPECIFICATION FOR THE ADDITIONAL PARAMETERS


           NEW/ADDITIONAL PARAMETERS
              JTE_A1        AVN
              ________      ________
                   35            36


     STARTING VALUES


           TAU
              A1$1          A2$1
              ________      ________
               -0.059        -0.044


           NU
              A1            A2            L1            L2            Y
              ________      ________      ________      ________      ________
                0.000         0.000         0.000         0.000         0.000


           NU
              C0            C0C0          L1L1          L2L2
              ________      ________      ________      ________
                0.000         0.000         0.000         0.000


           LAMBDA
              A1            A2            L1            L2            Y
              ________      ________      ________      ________      ________
 A1             1.000         0.000         0.000         0.000         0.000
 A2             0.000         1.000         0.000         0.000         0.000
 L1             0.000         0.000         1.000         0.000         0.000
 L2             0.000         0.000         0.000         1.000         0.000
 Y              0.000         0.000         0.000         0.000         1.000
 C0             0.000         0.000         0.000         0.000         0.000
 C0C0           0.000         0.000         0.000         0.000         0.000
 L1L1           0.000         0.000         0.000         0.000         0.000
 L2L2           0.000         0.000         0.000         0.000         0.000


           LAMBDA
              C0            C0C0          L1L1          L2L2
              ________      ________      ________      ________
 A1             0.000         0.000         0.000         0.000
 A2             0.000         0.000         0.000         0.000
 L1             0.000         0.000         0.000         0.000
 L2             0.000         0.000         0.000         0.000
 Y              0.000         0.000         0.000         0.000
 C0             1.000         0.000         0.000         0.000
 C0C0           0.000         1.000         0.000         0.000
 L1L1           0.000         0.000         1.000         0.000
 L2L2           0.000         0.000         0.000         1.000


           THETA
              A1            A2            L1            L2            Y
              ________      ________      ________      ________      ________
 A1             0.000
 A2             0.000         0.000
 L1             0.000         0.000         0.000
 L2             0.000         0.000         0.000         0.000
 Y              0.000         0.000         0.000         0.000         0.000
 C0             0.000         0.000         0.000         0.000         0.000
 C0C0           0.000         0.000         0.000         0.000         0.000
 L1L1           0.000         0.000         0.000         0.000         0.000
 L2L2           0.000         0.000         0.000         0.000         0.000


           THETA
              C0            C0C0          L1L1          L2L2
              ________      ________      ________      ________
 C0             0.000
 C0C0           0.000         0.000
 L1L1           0.000         0.000         0.000
 L2L2           0.000         0.000         0.000         0.000


           ALPHA
              A1            A2            L1            L2            Y
              ________      ________      ________      ________      ________
                0.000         0.000         0.000         0.000         2.343


           ALPHA
              C0            C0C0          L1L1          L2L2
              ________      ________      ________      ________
                0.000         0.000         0.000         0.000


           BETA
              A1            A2            L1            L2            Y
              ________      ________      ________      ________      ________
 A1             0.000         0.000         0.000         0.000         0.000
 A2             0.000         0.000         0.000         0.000         0.000
 L1             0.000         0.000         0.000         0.000         0.000
 L2             0.400         0.000         0.300         0.000         0.000
 Y              0.200         0.400         0.150         0.300         0.000
 C0             0.000         0.000         0.000         0.000         0.000
 C0C0           0.000         0.000         0.000         0.000         0.000
 L1L1           0.000         0.000         0.000         0.000         0.000
 L2L2           0.000         0.000         0.000         0.000         0.000


           BETA
              C0            C0C0          L1L1          L2L2
              ________      ________      ________      ________
 A1             0.000         0.000         0.000         0.000
 A2             0.000         0.000         0.000         0.000
 L1             0.100         0.100         0.000         0.000
 L2             0.100         0.100         0.150         0.000
 Y              0.100         0.100         0.150         0.300
 C0             0.000         0.000         0.000         0.000
 C0C0           0.000         0.000         0.000         0.000
 L1L1           0.000         0.000         0.000         0.000
 L2L2           0.000         0.000         0.000         0.000


           PSI
              A1            A2            L1            L2            Y
              ________      ________      ________      ________      ________
 A1             1.000
 A2             0.000         1.000
 L1             0.000         0.000         0.500
 L2             0.000         0.000         0.000         0.500
 Y              0.000         0.000         0.000         0.000         0.500
 C0             0.000         0.000         0.000         0.000         0.000
 C0C0           0.000         0.000         0.000         0.000         0.000
 L1L1           0.000         0.000         0.000         0.000         0.000
 L2L2           0.000         0.000         0.000         0.000         0.000


           PSI
              C0            C0C0          L1L1          L2L2
              ________      ________      ________      ________
 C0             0.500
 C0C0           0.000         0.500
 L1L1           0.000         0.000         0.500
 L2L2           0.000         0.000         0.000         0.500


     STARTING VALUES FOR THE ADDITIONAL PARAMETERS


           NEW/ADDITIONAL PARAMETERS
              JTE_A1        AVN
              ________      ________
                0.320         0.720


RESULTS SAVING INFORMATION

  Order of data

    Replication number
    Parameter estimates
     (saved in order shown in Technical 1 output)
    Standard errors
     (saved in order shown in Technical 1 output)
    Number of Free Parameters
    H0 Loglikelihood
    Akaike (AIC)
    Bayesian (BIC)
    Sample-Size Adjusted BIC
    Entropy
    Condition Number

  Save file
    results_correct_condition14.dat

  Save file format           Free


     Beginning Time:  16:42:32
        Ending Time:  16:43:12
       Elapsed Time:  00:00:40



MUTHEN & MUTHEN
3463 Stoner Ave.
Los Angeles, CA  90066

Tel: (310) 391-9971
Fax: (310) 391-8971
Web: www.StatModel.com
Support: Support@StatModel.com

Copyright (c) 1998-2024 Muthen & Muthen
