Mplus VERSION 8.11
MUTHEN & MUTHEN
01/13/2025   5:27 PM

INPUT INSTRUCTIONS

  TITLE:
     Traditional path analysis for estimating joint effects
     and prolongued exposure effect.
     - K = 2 (waves)
     - Model correctly specified

  DATA:
      FILE = repList_condition9.dat;
      TYPE = MONTECARLO;

  VARIABLE:
      NAMES = C0 L1 A1 L2 A2 Y
              Pr_A1 Pr_A2 ps1 ps2 W W_correct;
      USEVARIABLES = C0-Y C0C0 L1L1 L2L2;
      MISSING = .;
      CATEGORICAL = A1 A2;

  DEFINE:
      CENTER C0 L1 L2 (GRANDMEAN);
      C0C0 = C0**2;
      L1L1 = L1**2;
      L2L2 = L2**2;

  ANALYSIS:
     ESTIMATOR = ML;
     LINK = PROBIT;

  MODEL:
      ! Lagged effects on Y
      Y ON A1*0.2 A2*0.4 (B_A1Y B_A2Y);
      Y ON L1*0.15 L2*0.3 (B_L1Y B_L2Y);
      Y ON C0*0.1 (B_C0Y);
      Y ON C0C0*0.1 L1L1*0.15 L2L2*0.3;

      ! Lagged effects on L
      L2 ON L1*0.3 A1*0.4 C0*0.1 (B_L1L2 B_A1L2 B_C0L2);
      L1 ON C0*0.1;

      ! Lagged effects on A
      A2 ON C0 A1 L1 L2;
      A1 ON C0 L1;

      ! Variance
      C0;

      ! Residual variances
      L1 L2 Y;

      ! Thresholds
      [A1$1 A2$1] (tau1 tau2);

  MODEL CONSTRAINT:
      NEW(JTE_A1*0.32);
      JTE_A1 = B_A1L2*B_L2Y + B_A1Y;

      NEW(AvN*0.72);
      AvN = JTE_A1 + B_A2Y;

  SAVEDATA:
      RESULTS = results_correct_condition9.dat;



INPUT READING TERMINATED NORMALLY




Traditional path analysis for estimating joint effects
and prolongued exposure effect.
- K = 2 (waves)
- Model correctly specified

SUMMARY OF ANALYSIS

Number of groups                                                 1
Average number of observations                                 150

Number of replications
    Requested                                                 1000
    Completed                                                 1000

Number of dependent variables                                    5
Number of independent variables                                  4
Number of continuous latent variables                            0

Observed dependent variables

  Continuous
   L1          L2          Y

  Binary and ordered categorical (ordinal)
   A1          A2

Observed independent variables
   C0          C0C0        L1L1        L2L2

Variables with special functions

  Centering (GRANDMEAN)
   C0          L1          L2


Estimator                                                       ML
Information matrix                                        OBSERVED
Optimization Specifications for the Quasi-Newton Algorithm for
Continuous Outcomes
  Maximum number of iterations                                 100
  Convergence criterion                                  0.100D-05
Optimization Specifications for the EM Algorithm
  Maximum number of iterations                                 500
  Convergence criteria
    Loglikelihood change                                 0.100D-02
    Relative loglikelihood change                        0.100D-05
    Derivative                                           0.100D-02
Optimization Specifications for the M step of the EM Algorithm for
Categorical Latent variables
  Number of M step iterations                                    1
  M step convergence criterion                           0.100D-02
  Basis for M step termination                           ITERATION
Optimization Specifications for the M step of the EM Algorithm for
Censored, Binary or Ordered Categorical (Ordinal), Unordered
Categorical (Nominal) and Count Outcomes
  Number of M step iterations                                    1
  M step convergence criterion                           0.100D-02
  Basis for M step termination                           ITERATION
  Maximum value for logit thresholds                            10
  Minimum value for logit thresholds                           -10
  Minimum expected cell size for chi-square              0.100D-01
Maximum number of iterations for H1                           2000
Convergence criterion for H1                             0.100D-03
Optimization algorithm                                         EMA
Integration Specifications
  Type                                                    STANDARD
  Number of integration points                                  15
  Dimensions of numerical integration                            0
  Adaptive quadrature                                           ON
Link                                                        PROBIT
Cholesky                                                        ON

Input data file(s)
  Multiple data files from
    repList_condition9.dat
Input data format  FREE


SUMMARY OF DATA FOR THE FIRST REPLICATION

     Number of missing data patterns             1
     Number of y missing data patterns           1
     Number of u missing data patterns           1


SUMMARY OF MISSING DATA PATTERNS FOR THE FIRST REPLICATION


     MISSING DATA PATTERNS FOR Y (x = not missing)

           1
 L1        x
 L2        x
 Y         x
 C0        x
 C0C0      x
 L1L1      x
 L2L2      x


     MISSING DATA PATTERN FREQUENCIES FOR Y

    Pattern   Frequency
          1         150


COVARIANCE COVERAGE OF DATA FOR THE FIRST REPLICATION

Minimum covariance coverage value   0.100


     PROPORTION OF DATA PRESENT FOR Y


           Covariance Coverage
              L1            L2            Y             C0            C0C0
              ________      ________      ________      ________      ________
 L1             1.000
 L2             1.000         1.000
 Y              1.000         1.000         1.000
 C0             1.000         1.000         1.000         1.000
 C0C0           1.000         1.000         1.000         1.000         1.000
 L1L1           1.000         1.000         1.000         1.000         1.000
 L2L2           1.000         1.000         1.000         1.000         1.000


           Covariance Coverage
              L1L1          L2L2
              ________      ________
 L1L1           1.000
 L2L2           1.000         1.000


UNIVARIATE PROPORTIONS FOR CATEGORICAL VARIABLES

NOTE:  These are average results over 1000 data sets.

    A1
      Category 1    0.099
      Category 2    0.901
    A2
      Category 1    0.099
      Category 2    0.901


SAMPLE STATISTICS

NOTE:  These are average results over 1000 data sets.


     SAMPLE STATISTICS


           Means
              L1            L2            Y             C0            C0C0
              ________      ________      ________      ________      ________
                0.000         0.000         2.393         0.000         0.995


           Means
              L1L1          L2L2
              ________      ________
                1.009         1.125


           Covariances
              L1            L2            Y             C0            C0C0
              ________      ________      ________      ________      ________
 L1             1.009
 L2             0.326         1.125
 Y              0.284         0.429         1.509
 C0             0.101         0.133         0.163         0.995
 C0C0           0.004         0.005         0.212        -0.009         1.971
 L1L1           0.008        -0.006         0.353         0.002         0.015
 L2L2          -0.017        -0.020         0.747        -0.001         0.028


           Covariances
              L1L1          L2L2
              ________      ________
 L1L1           2.014
 L2L2           0.207         2.510


           Correlations
              L1            L2            Y             C0            C0C0
              ________      ________      ________      ________      ________
 L1             1.000
 L2             0.306         1.000
 Y              0.230         0.330         1.000
 C0             0.101         0.126         0.133         1.000
 C0C0           0.003         0.003         0.123        -0.006         1.000
 L1L1           0.006        -0.004         0.203         0.001         0.008
 L2L2          -0.011        -0.012         0.384         0.000         0.012


           Correlations
              L1L1          L2L2
              ________      ________
 L1L1           1.000
 L2L2           0.092         1.000




MODEL FIT INFORMATION

Number of Free Parameters                       28

Loglikelihood

    H0 Value

        Mean                              -929.261
        Std Dev                             21.326
        Number of successful computations     1000

             Proportions                   Percentiles
        Expected    Observed         Expected       Observed
           0.990       0.987         -978.871       -982.270
           0.980       0.979         -973.058       -975.681
           0.950       0.952         -964.340       -964.209
           0.900       0.906         -956.592       -955.905
           0.800       0.812         -947.209       -946.434
           0.700       0.702         -940.444       -940.401
           0.500       0.499         -929.261       -929.341
           0.300       0.304         -918.078       -917.796
           0.200       0.174         -911.313       -912.669
           0.100       0.098         -901.930       -902.537
           0.050       0.048         -894.182       -895.200
           0.020       0.019         -885.464       -886.030
           0.010       0.013         -879.651       -879.162

Information Criteria

    Akaike (AIC)

        Mean                              1914.522
        Std Dev                             42.651
        Number of successful computations     1000

             Proportions                   Percentiles
        Expected    Observed         Expected       Observed
           0.990       0.987         1815.302       1813.591
           0.980       0.981         1826.929       1827.371
           0.950       0.952         1844.365       1845.838
           0.900       0.902         1859.860       1860.208
           0.800       0.826         1878.627       1881.235
           0.700       0.696         1892.156       1891.427
           0.500       0.501         1914.522       1914.638
           0.300       0.298         1936.889       1936.565
           0.200       0.188         1950.418       1948.562
           0.100       0.094         1969.184       1967.173
           0.050       0.048         1984.680       1984.227
           0.020       0.021         2002.116       2006.954
           0.010       0.013         2013.742       2017.872

    Bayesian (BIC)

        Mean                              1998.820
        Std Dev                             42.651
        Number of successful computations     1000

             Proportions                   Percentiles
        Expected    Observed         Expected       Observed
           0.990       0.987         1899.600       1897.889
           0.980       0.981         1911.227       1911.668
           0.950       0.952         1928.662       1930.135
           0.900       0.902         1944.158       1944.506
           0.800       0.826         1962.924       1965.532
           0.700       0.696         1976.453       1975.725
           0.500       0.501         1998.820       1998.936
           0.300       0.298         2021.186       2020.862
           0.200       0.188         2034.715       2032.859
           0.100       0.094         2053.482       2051.471
           0.050       0.048         2068.977       2068.525
           0.020       0.021         2086.413       2091.251
           0.010       0.013         2098.040       2102.170

    Sample-Size Adjusted BIC (n* = (n + 2) / 24)

        Mean                              1910.205
        Std Dev                             42.651
        Number of successful computations     1000

             Proportions                   Percentiles
        Expected    Observed         Expected       Observed
           0.990       0.987         1810.985       1809.274
           0.980       0.981         1822.612       1823.054
           0.950       0.952         1840.048       1841.521
           0.900       0.902         1855.543       1855.891
           0.800       0.826         1874.310       1876.918
           0.700       0.696         1887.839       1887.111
           0.500       0.501         1910.205       1910.321
           0.300       0.298         1932.572       1932.248
           0.200       0.188         1946.101       1944.245
           0.100       0.094         1964.867       1962.856
           0.050       0.048         1980.363       1979.911
           0.020       0.021         1997.799       2002.637
           0.010       0.013         2009.425       2013.555



MODEL RESULTS

                              ESTIMATES              S. E.     M. S. E.  95%  % Sig
                 Population   Average   Std. Dev.   Average             Cover Coeff

 Y          ON
  A1                  0.200     0.1798     0.2955     0.2866     0.0877 0.932 0.109
  A2                  0.400     0.3903     0.2839     0.2875     0.0806 0.959 0.288
  L1                  0.150     0.1537     0.0913     0.0867     0.0083 0.932 0.431
  L2                  0.300     0.3017     0.0972     0.0830     0.0094 0.899 0.926
  C0                  0.100     0.0984     0.0859     0.0831     0.0074 0.937 0.218
  C0C0                0.100     0.1028     0.0655     0.0600     0.0043 0.936 0.409
  L1L1                0.150     0.1473     0.0610     0.0599     0.0037 0.951 0.702
  L2L2                0.300     0.2951     0.0569     0.0539     0.0033 0.932 0.999

 L2         ON
  L1                  0.300     0.2954     0.0846     0.0824     0.0072 0.941 0.948
  A1                  0.400     0.4012     0.2902     0.2806     0.0841 0.941 0.319
  C0                  0.100     0.0976     0.0812     0.0822     0.0066 0.955 0.225

 L1         ON
  C0                  0.100     0.1012     0.0820     0.0818     0.0067 0.951 0.243

 A2         ON
  C0                  0.000     0.0586     0.1762     0.1621     0.0344 0.924 0.076
  A1                  0.000     0.3390     0.8081     1.0361     0.7673 0.780 0.220
  L1                  0.000     0.1343     0.1733     0.1697     0.0481 0.890 0.110
  L2                  0.000     0.2866     0.1795     0.1654     0.1143 0.589 0.411

 A1         ON
  C0                  0.000     0.0580     0.1640     0.1526     0.0302 0.930 0.070
  L1                  0.000     0.2770     0.1673     0.1561     0.1047 0.595 0.405

 Means
  C0                  0.000     0.0000     0.0000     0.0813     0.0000 1.000 0.000

 Intercepts
  L1                  0.000     0.0000     0.0000     0.0812     0.0000 1.000 0.000
  L2                  0.000    -0.3615     0.2638     0.2662     0.2002 0.712 0.288
  Y                   2.408     1.2965     0.3972     0.3776     1.3930 0.180 0.902

 Thresholds
  A1$1               -1.263    -1.3837     0.1771     0.1589     0.0459 0.912 1.000
  A2$1               -1.040    -1.1760     0.7913     1.0163     0.6441 0.962 0.708

 Variances
  C0                  0.500     0.9953     0.1164     0.1149     0.2589 0.000 1.000

 Residual Variances
  L1                  0.500     0.9917     0.1153     0.1145     0.2551 0.000 1.000
  L2                  0.500     0.9760     0.1160     0.1127     0.2400 0.000 1.000
  Y                   0.500     0.9440     0.1122     0.1090     0.2097 0.002 1.000

New/Additional Parameters
  JTE_A1              0.320     0.3008     0.3069     0.2978     0.0945 0.938 0.183
  AVN                 0.720     0.6911     0.3970     0.3891     0.1583 0.938 0.448


QUALITY OF NUMERICAL RESULTS

     Average Condition Number for the Information Matrix      0.178E-03
       (ratio of smallest to largest eigenvalue)


TECHNICAL 1 OUTPUT


     PARAMETER SPECIFICATION


           TAU
              A1$1          A2$1
              ________      ________
                   27            28


           NU
              A1            A2            L1            L2            Y
              ________      ________      ________      ________      ________
                    0             0             0             0             0


           NU
              C0            C0C0          L1L1          L2L2
              ________      ________      ________      ________
                    0             0             0             0


           LAMBDA
              A1            A2            L1            L2            Y
              ________      ________      ________      ________      ________
 A1                 0             0             0             0             0
 A2                 0             0             0             0             0
 L1                 0             0             0             0             0
 L2                 0             0             0             0             0
 Y                  0             0             0             0             0
 C0                 0             0             0             0             0
 C0C0               0             0             0             0             0
 L1L1               0             0             0             0             0
 L2L2               0             0             0             0             0


           LAMBDA
              C0            C0C0          L1L1          L2L2
              ________      ________      ________      ________
 A1                 0             0             0             0
 A2                 0             0             0             0
 L1                 0             0             0             0
 L2                 0             0             0             0
 Y                  0             0             0             0
 C0                 0             0             0             0
 C0C0               0             0             0             0
 L1L1               0             0             0             0
 L2L2               0             0             0             0


           THETA
              A1            A2            L1            L2            Y
              ________      ________      ________      ________      ________
 A1                 0
 A2                 0             0
 L1                 0             0             0
 L2                 0             0             0             0
 Y                  0             0             0             0             0
 C0                 0             0             0             0             0
 C0C0               0             0             0             0             0
 L1L1               0             0             0             0             0
 L2L2               0             0             0             0             0


           THETA
              C0            C0C0          L1L1          L2L2
              ________      ________      ________      ________
 C0                 0
 C0C0               0             0
 L1L1               0             0             0
 L2L2               0             0             0             0


           ALPHA
              A1            A2            L1            L2            Y
              ________      ________      ________      ________      ________
                    0             0             1             2             3


           ALPHA
              C0            C0C0          L1L1          L2L2
              ________      ________      ________      ________
                    4             0             0             0


           BETA
              A1            A2            L1            L2            Y
              ________      ________      ________      ________      ________
 A1                 0             0             5             0             0
 A2                 7             0             8             9             0
 L1                 0             0             0             0             0
 L2                12             0            13             0             0
 Y                 15            16            17            18             0
 C0                 0             0             0             0             0
 C0C0               0             0             0             0             0
 L1L1               0             0             0             0             0
 L2L2               0             0             0             0             0


           BETA
              C0            C0C0          L1L1          L2L2
              ________      ________      ________      ________
 A1                 6             0             0             0
 A2                10             0             0             0
 L1                11             0             0             0
 L2                14             0             0             0
 Y                 19            20            21            22
 C0                 0             0             0             0
 C0C0               0             0             0             0
 L1L1               0             0             0             0
 L2L2               0             0             0             0


           PSI
              A1            A2            L1            L2            Y
              ________      ________      ________      ________      ________
 A1                 0
 A2                 0             0
 L1                 0             0            23
 L2                 0             0             0            24
 Y                  0             0             0             0            25
 C0                 0             0             0             0             0
 C0C0               0             0             0             0             0
 L1L1               0             0             0             0             0
 L2L2               0             0             0             0             0


           PSI
              C0            C0C0          L1L1          L2L2
              ________      ________      ________      ________
 C0                26
 C0C0               0             0
 L1L1               0             0             0
 L2L2               0             0             0             0


     PARAMETER SPECIFICATION FOR THE ADDITIONAL PARAMETERS


           NEW/ADDITIONAL PARAMETERS
              JTE_A1        AVN
              ________      ________
                   29            30


     STARTING VALUES


           TAU
              A1$1          A2$1
              ________      ________
               -1.263        -1.040


           NU
              A1            A2            L1            L2            Y
              ________      ________      ________      ________      ________
                0.000         0.000         0.000         0.000         0.000


           NU
              C0            C0C0          L1L1          L2L2
              ________      ________      ________      ________
                0.000         0.000         0.000         0.000


           LAMBDA
              A1            A2            L1            L2            Y
              ________      ________      ________      ________      ________
 A1             1.000         0.000         0.000         0.000         0.000
 A2             0.000         1.000         0.000         0.000         0.000
 L1             0.000         0.000         1.000         0.000         0.000
 L2             0.000         0.000         0.000         1.000         0.000
 Y              0.000         0.000         0.000         0.000         1.000
 C0             0.000         0.000         0.000         0.000         0.000
 C0C0           0.000         0.000         0.000         0.000         0.000
 L1L1           0.000         0.000         0.000         0.000         0.000
 L2L2           0.000         0.000         0.000         0.000         0.000


           LAMBDA
              C0            C0C0          L1L1          L2L2
              ________      ________      ________      ________
 A1             0.000         0.000         0.000         0.000
 A2             0.000         0.000         0.000         0.000
 L1             0.000         0.000         0.000         0.000
 L2             0.000         0.000         0.000         0.000
 Y              0.000         0.000         0.000         0.000
 C0             1.000         0.000         0.000         0.000
 C0C0           0.000         1.000         0.000         0.000
 L1L1           0.000         0.000         1.000         0.000
 L2L2           0.000         0.000         0.000         1.000


           THETA
              A1            A2            L1            L2            Y
              ________      ________      ________      ________      ________
 A1             0.000
 A2             0.000         0.000
 L1             0.000         0.000         0.000
 L2             0.000         0.000         0.000         0.000
 Y              0.000         0.000         0.000         0.000         0.000
 C0             0.000         0.000         0.000         0.000         0.000
 C0C0           0.000         0.000         0.000         0.000         0.000
 L1L1           0.000         0.000         0.000         0.000         0.000
 L2L2           0.000         0.000         0.000         0.000         0.000


           THETA
              C0            C0C0          L1L1          L2L2
              ________      ________      ________      ________
 C0             0.000
 C0C0           0.000         0.000
 L1L1           0.000         0.000         0.000
 L2L2           0.000         0.000         0.000         0.000


           ALPHA
              A1            A2            L1            L2            Y
              ________      ________      ________      ________      ________
                0.000         0.000         0.000         0.000         2.408


           ALPHA
              C0            C0C0          L1L1          L2L2
              ________      ________      ________      ________
                0.000         0.000         0.000         0.000


           BETA
              A1            A2            L1            L2            Y
              ________      ________      ________      ________      ________
 A1             0.000         0.000         0.000         0.000         0.000
 A2             0.000         0.000         0.000         0.000         0.000
 L1             0.000         0.000         0.000         0.000         0.000
 L2             0.400         0.000         0.300         0.000         0.000
 Y              0.200         0.400         0.150         0.300         0.000
 C0             0.000         0.000         0.000         0.000         0.000
 C0C0           0.000         0.000         0.000         0.000         0.000
 L1L1           0.000         0.000         0.000         0.000         0.000
 L2L2           0.000         0.000         0.000         0.000         0.000


           BETA
              C0            C0C0          L1L1          L2L2
              ________      ________      ________      ________
 A1             0.000         0.000         0.000         0.000
 A2             0.000         0.000         0.000         0.000
 L1             0.100         0.000         0.000         0.000
 L2             0.100         0.000         0.000         0.000
 Y              0.100         0.100         0.150         0.300
 C0             0.000         0.000         0.000         0.000
 C0C0           0.000         0.000         0.000         0.000
 L1L1           0.000         0.000         0.000         0.000
 L2L2           0.000         0.000         0.000         0.000


           PSI
              A1            A2            L1            L2            Y
              ________      ________      ________      ________      ________
 A1             1.000
 A2             0.000         1.000
 L1             0.000         0.000         0.500
 L2             0.000         0.000         0.000         0.500
 Y              0.000         0.000         0.000         0.000         0.500
 C0             0.000         0.000         0.000         0.000         0.000
 C0C0           0.000         0.000         0.000         0.000         0.000
 L1L1           0.000         0.000         0.000         0.000         0.000
 L2L2           0.000         0.000         0.000         0.000         0.000


           PSI
              C0            C0C0          L1L1          L2L2
              ________      ________      ________      ________
 C0             0.500
 C0C0           0.000         0.500
 L1L1           0.000         0.000         0.500
 L2L2           0.000         0.000         0.000         0.500


     STARTING VALUES FOR THE ADDITIONAL PARAMETERS


           NEW/ADDITIONAL PARAMETERS
              JTE_A1        AVN
              ________      ________
                0.320         0.720


RESULTS SAVING INFORMATION

  Order of data

    Replication number
    Parameter estimates
     (saved in order shown in Technical 1 output)
    Standard errors
     (saved in order shown in Technical 1 output)
    Number of Free Parameters
    H0 Loglikelihood
    Akaike (AIC)
    Bayesian (BIC)
    Sample-Size Adjusted BIC
    Entropy
    Condition Number

  Save file
    results_correct_condition9.dat

  Save file format           Free


     Beginning Time:  17:27:00
        Ending Time:  17:27:30
       Elapsed Time:  00:00:30



MUTHEN & MUTHEN
3463 Stoner Ave.
Los Angeles, CA  90066

Tel: (310) 391-9971
Fax: (310) 391-8971
Web: www.StatModel.com
Support: Support@StatModel.com

Copyright (c) 1998-2024 Muthen & Muthen
