Mplus VERSION 8.11
MUTHEN & MUTHEN
01/13/2025   4:44 PM

INPUT INSTRUCTIONS

  TITLE:
     Traditional path analysis for estimating joint effects
     and prolongued exposure effect.
     - K = 2 (waves)
     - All effects assumed linear

  DATA:
      FILE = repList_condition15.dat;
      TYPE = MONTECARLO;

  VARIABLE:
      NAMES = C0 L1 A1 L2 A2 Y
              Pr_A1 Pr_A2 ps1 ps2 W W_correct;
      USEVARIABLES = C0-Y;
      MISSING = .;
      CATEGORICAL = A1 A2;

  ANALYSIS:
     ESTIMATOR = ML;
     LINK = PROBIT;

  MODEL:
      ! Lagged effects on Y
      Y ON A1*0.2 A2*0.4 (B_A1Y B_A2Y);
      Y ON L1*0.15 L2*0.3 (B_L1Y B_L2Y);
      Y ON C0*0.1 (B_C0Y);

      ! Lagged effects on L
      L2 ON L1*0.3 A1*0.4 C0*0.1 (B_L1L2 B_A1L2 B_C0L2);
      L1 ON C0*0.1;

      ! Lagged effects on A
      A2 ON C0 A1 L1 L2;
      A1 ON C0 L1;

      ! Variance
      C0;

      ! Residual variances
      L1 L2 Y;

      ! Thresholds
      [A1$1 A2$1] (tau1 tau2);

  MODEL CONSTRAINT:
      NEW(JTE_A1*0.32);
      JTE_A1 = B_A1L2*B_L2Y + B_A1Y;

      NEW(AvN*0.72);
      AvN = JTE_A1 + B_A2Y;

  SAVEDATA:
      RESULTS = results_condition15.dat;



INPUT READING TERMINATED NORMALLY




Traditional path analysis for estimating joint effects
and prolongued exposure effect.
- K = 2 (waves)
- All effects assumed linear

SUMMARY OF ANALYSIS

Number of groups                                                 1
Average number of observations                                 150

Number of replications
    Requested                                                 1000
    Completed                                                 1000

Number of dependent variables                                    5
Number of independent variables                                  1
Number of continuous latent variables                            0

Observed dependent variables

  Continuous
   L1          L2          Y

  Binary and ordered categorical (ordinal)
   A1          A2

Observed independent variables
   C0


Estimator                                                       ML
Information matrix                                        OBSERVED
Optimization Specifications for the Quasi-Newton Algorithm for
Continuous Outcomes
  Maximum number of iterations                                 100
  Convergence criterion                                  0.100D-05
Optimization Specifications for the EM Algorithm
  Maximum number of iterations                                 500
  Convergence criteria
    Loglikelihood change                                 0.100D-02
    Relative loglikelihood change                        0.100D-05
    Derivative                                           0.100D-02
Optimization Specifications for the M step of the EM Algorithm for
Categorical Latent variables
  Number of M step iterations                                    1
  M step convergence criterion                           0.100D-02
  Basis for M step termination                           ITERATION
Optimization Specifications for the M step of the EM Algorithm for
Censored, Binary or Ordered Categorical (Ordinal), Unordered
Categorical (Nominal) and Count Outcomes
  Number of M step iterations                                    1
  M step convergence criterion                           0.100D-02
  Basis for M step termination                           ITERATION
  Maximum value for logit thresholds                            10
  Minimum value for logit thresholds                           -10
  Minimum expected cell size for chi-square              0.100D-01
Maximum number of iterations for H1                           2000
Convergence criterion for H1                             0.100D-03
Optimization algorithm                                         EMA
Integration Specifications
  Type                                                    STANDARD
  Number of integration points                                  15
  Dimensions of numerical integration                            0
  Adaptive quadrature                                           ON
Link                                                        PROBIT
Cholesky                                                        ON

Input data file(s)
  Multiple data files from
    repList_condition15.dat
Input data format  FREE


SUMMARY OF DATA FOR THE FIRST REPLICATION

     Number of missing data patterns             1
     Number of y missing data patterns           1
     Number of u missing data patterns           1


SUMMARY OF MISSING DATA PATTERNS FOR THE FIRST REPLICATION


     MISSING DATA PATTERNS FOR Y (x = not missing)

           1
 L1        x
 L2        x
 Y         x
 C0        x


     MISSING DATA PATTERN FREQUENCIES FOR Y

    Pattern   Frequency
          1         150


COVARIANCE COVERAGE OF DATA FOR THE FIRST REPLICATION

Minimum covariance coverage value   0.100


     PROPORTION OF DATA PRESENT FOR Y


           Covariance Coverage
              L1            L2            Y             C0
              ________      ________      ________      ________
 L1             1.000
 L2             1.000         1.000
 Y              1.000         1.000         1.000
 C0             1.000         1.000         1.000         1.000


UNIVARIATE PROPORTIONS FOR CATEGORICAL VARIABLES

NOTE:  These are average results over 1000 data sets.

    A1
      Category 1    0.100
      Category 2    0.900
    A2
      Category 1    0.101
      Category 2    0.899


SAMPLE STATISTICS

NOTE:  These are average results over 1000 data sets.


     SAMPLE STATISTICS


           Means
              L1            L2            Y             C0
              ________      ________      ________      ________
                1.498         2.624         2.622         3.998


           Covariances
              L1            L2            Y             C0
              ________      ________      ________      ________
 L1             1.030
 L2             0.350         1.372
 Y              0.450         0.799         2.135
 C0             0.097         0.143         0.206         0.990


           Correlations
              L1            L2            Y             C0
              ________      ________      ________      ________
 L1             1.000
 L2             0.295         1.000
 Y              0.304         0.467         1.000
 C0             0.096         0.123         0.142         1.000




MODEL FIT INFORMATION

Number of Free Parameters                       25

Loglikelihood

    H0 Value

        Mean                              -982.819
        Std Dev                             26.747
        Number of successful computations     1000

             Proportions                   Percentiles
        Expected    Observed         Expected       Observed
           0.990       0.989        -1045.041      -1045.594
           0.980       0.985        -1037.749      -1036.093
           0.950       0.949        -1026.815      -1027.149
           0.900       0.887        -1017.098      -1018.924
           0.800       0.795        -1005.329      -1005.977
           0.700       0.703         -996.845       -996.402
           0.500       0.524         -982.819       -981.277
           0.300       0.317         -968.793       -967.714
           0.200       0.208         -960.309       -959.867
           0.100       0.089         -948.540       -950.266
           0.050       0.042         -938.823       -941.522
           0.020       0.011         -927.889       -931.124
           0.010       0.004         -920.597       -925.319

Information Criteria

    Akaike (AIC)

        Mean                              2015.638
        Std Dev                             53.494
        Number of successful computations     1000

             Proportions                   Percentiles
        Expected    Observed         Expected       Observed
           0.990       0.996         1891.195       1897.508
           0.980       0.989         1905.777       1912.199
           0.950       0.958         1927.646       1932.982
           0.900       0.911         1947.080       1950.056
           0.800       0.792         1970.618       1969.381
           0.700       0.683         1987.586       1985.344
           0.500       0.476         2015.638       2012.330
           0.300       0.297         2043.690       2042.800
           0.200       0.205         2060.659       2061.533
           0.100       0.113         2084.196       2087.449
           0.050       0.051         2103.631       2104.249
           0.020       0.015         2125.499       2120.637
           0.010       0.011         2140.081       2140.508

    Bayesian (BIC)

        Mean                              2090.904
        Std Dev                             53.494
        Number of successful computations     1000

             Proportions                   Percentiles
        Expected    Observed         Expected       Observed
           0.990       0.996         1966.461       1972.774
           0.980       0.989         1981.043       1987.465
           0.950       0.958         2002.912       2008.248
           0.900       0.911         2022.346       2025.321
           0.800       0.792         2045.883       2044.647
           0.700       0.683         2062.852       2060.610
           0.500       0.476         2090.904       2087.596
           0.300       0.297         2118.956       2118.066
           0.200       0.205         2135.925       2136.799
           0.100       0.113         2159.462       2162.715
           0.050       0.051         2178.896       2179.515
           0.020       0.015         2200.765       2195.903
           0.010       0.011         2215.347       2215.774

    Sample-Size Adjusted BIC (n* = (n + 2) / 24)

        Mean                              2011.784
        Std Dev                             53.494
        Number of successful computations     1000

             Proportions                   Percentiles
        Expected    Observed         Expected       Observed
           0.990       0.996         1887.341       1893.654
           0.980       0.989         1901.923       1908.344
           0.950       0.958         1923.791       1929.128
           0.900       0.911         1943.226       1946.201
           0.800       0.792         1966.763       1965.526
           0.700       0.683         1983.732       1981.490
           0.500       0.476         2011.784       2008.475
           0.300       0.297         2039.836       2038.946
           0.200       0.205         2056.804       2057.678
           0.100       0.113         2080.342       2083.595
           0.050       0.051         2099.776       2100.395
           0.020       0.015         2121.645       2116.783
           0.010       0.011         2136.227       2136.654



MODEL RESULTS

                              ESTIMATES              S. E.     M. S. E.  95%  % Sig
                 Population   Average   Std. Dev.   Average             Cover Coeff

 Y          ON
  A1                  0.200     0.1000     0.3644     0.3495     0.1426 0.936 0.077
  A2                  0.400     0.6221     0.3165     0.3456     0.1494 0.923 0.446
  L1                  0.150     0.2445     0.1243     0.1041     0.0244 0.818 0.618
  L2                  0.300     0.4789     0.1476     0.0916     0.0538 0.535 0.985
  C0                  0.100     0.1039     0.1126     0.1023     0.0127 0.929 0.187

 L2         ON
  L1                  0.300     0.3164     0.1064     0.0890     0.0116 0.898 0.899
  A1                  0.400     0.5497     0.2822     0.3058     0.1020 0.945 0.453
  C0                  0.100     0.1075     0.0941     0.0907     0.0089 0.943 0.223

 L1         ON
  C0                  0.100     0.0976     0.0825     0.0829     0.0068 0.946 0.224

 A2         ON
  C0                  0.000     0.0490     0.1624     0.1602     0.0287 0.944 0.056
  A1                  0.000     0.3152     0.8195     1.0354     0.7703 0.809 0.191
  L1                  0.000     0.0908     0.1523     0.1688     0.0314 0.951 0.049
  L2                  0.000     0.1568     0.1269     0.1494     0.0407 0.875 0.125

 A1         ON
  C0                  0.000     0.0478     0.1561     0.1518     0.0266 0.940 0.060
  L1                  0.000     0.1583     0.1268     0.1532     0.0411 0.906 0.094

 Means
  C0                  3.974     3.9979     0.0804     0.0811     0.0070 0.931 1.000

 Intercepts
  L1                  1.603     1.1077     0.3357     0.3415     0.3575 0.691 0.913
  L2                  2.803     1.2220     0.4705     0.4632     2.7223 0.077 0.743
  Y                   2.694    -0.0727     0.6347     0.5868     8.0581 0.008 0.061

 Thresholds
  A1$1               -1.008    -0.9092     0.6369     0.6330     0.4151 0.953 0.293
  A2$1               -1.221    -0.3712     1.0174     1.3626     1.7557 0.772 0.031

 Variances
  C0                  0.500     0.9901     0.1147     0.1143     0.2533 0.001 1.000

 Residual Variances
  L1                  0.500     1.0139     0.1168     0.1171     0.2778 0.000 1.000
  L2                  0.500     1.1872     0.1459     0.1371     0.4935 0.000 1.000
  Y                   0.500     1.4817     0.2933     0.1711     1.0497 0.000 1.000

New/Additional Parameters
  JTE_A1              0.320     0.3663     0.3380     0.3772     0.1163 0.965 0.148
  AVN                 0.720     0.9883     0.4218     0.4851     0.2498 0.942 0.550


QUALITY OF NUMERICAL RESULTS

     Average Condition Number for the Information Matrix      0.924E-04
       (ratio of smallest to largest eigenvalue)


TECHNICAL 1 OUTPUT


     PARAMETER SPECIFICATION


           TAU
              A1$1          A2$1
              ________      ________
                   24            25


           NU
              A1            A2            L1            L2            Y
              ________      ________      ________      ________      ________
                    0             0             0             0             0


           NU
              C0
              ________
                    0


           LAMBDA
              A1            A2            L1            L2            Y
              ________      ________      ________      ________      ________
 A1                 0             0             0             0             0
 A2                 0             0             0             0             0
 L1                 0             0             0             0             0
 L2                 0             0             0             0             0
 Y                  0             0             0             0             0
 C0                 0             0             0             0             0


           LAMBDA
              C0
              ________
 A1                 0
 A2                 0
 L1                 0
 L2                 0
 Y                  0
 C0                 0


           THETA
              A1            A2            L1            L2            Y
              ________      ________      ________      ________      ________
 A1                 0
 A2                 0             0
 L1                 0             0             0
 L2                 0             0             0             0
 Y                  0             0             0             0             0
 C0                 0             0             0             0             0


           THETA
              C0
              ________
 C0                 0


           ALPHA
              A1            A2            L1            L2            Y
              ________      ________      ________      ________      ________
                    0             0             1             2             3


           ALPHA
              C0
              ________
                    4


           BETA
              A1            A2            L1            L2            Y
              ________      ________      ________      ________      ________
 A1                 0             0             5             0             0
 A2                 7             0             8             9             0
 L1                 0             0             0             0             0
 L2                12             0            13             0             0
 Y                 15            16            17            18             0
 C0                 0             0             0             0             0


           BETA
              C0
              ________
 A1                 6
 A2                10
 L1                11
 L2                14
 Y                 19
 C0                 0


           PSI
              A1            A2            L1            L2            Y
              ________      ________      ________      ________      ________
 A1                 0
 A2                 0             0
 L1                 0             0            20
 L2                 0             0             0            21
 Y                  0             0             0             0            22
 C0                 0             0             0             0             0


           PSI
              C0
              ________
 C0                23


     PARAMETER SPECIFICATION FOR THE ADDITIONAL PARAMETERS


           NEW/ADDITIONAL PARAMETERS
              JTE_A1        AVN
              ________      ________
                   26            27


     STARTING VALUES


           TAU
              A1$1          A2$1
              ________      ________
               -1.008        -1.221


           NU
              A1            A2            L1            L2            Y
              ________      ________      ________      ________      ________
                0.000         0.000         0.000         0.000         0.000


           NU
              C0
              ________
                0.000


           LAMBDA
              A1            A2            L1            L2            Y
              ________      ________      ________      ________      ________
 A1             1.000         0.000         0.000         0.000         0.000
 A2             0.000         1.000         0.000         0.000         0.000
 L1             0.000         0.000         1.000         0.000         0.000
 L2             0.000         0.000         0.000         1.000         0.000
 Y              0.000         0.000         0.000         0.000         1.000
 C0             0.000         0.000         0.000         0.000         0.000


           LAMBDA
              C0
              ________
 A1             0.000
 A2             0.000
 L1             0.000
 L2             0.000
 Y              0.000
 C0             1.000


           THETA
              A1            A2            L1            L2            Y
              ________      ________      ________      ________      ________
 A1             0.000
 A2             0.000         0.000
 L1             0.000         0.000         0.000
 L2             0.000         0.000         0.000         0.000
 Y              0.000         0.000         0.000         0.000         0.000
 C0             0.000         0.000         0.000         0.000         0.000


           THETA
              C0
              ________
 C0             0.000


           ALPHA
              A1            A2            L1            L2            Y
              ________      ________      ________      ________      ________
                0.000         0.000         1.603         2.803         2.694


           ALPHA
              C0
              ________
                3.974


           BETA
              A1            A2            L1            L2            Y
              ________      ________      ________      ________      ________
 A1             0.000         0.000         0.000         0.000         0.000
 A2             0.000         0.000         0.000         0.000         0.000
 L1             0.000         0.000         0.000         0.000         0.000
 L2             0.400         0.000         0.300         0.000         0.000
 Y              0.200         0.400         0.150         0.300         0.000
 C0             0.000         0.000         0.000         0.000         0.000


           BETA
              C0
              ________
 A1             0.000
 A2             0.000
 L1             0.100
 L2             0.100
 Y              0.100
 C0             0.000


           PSI
              A1            A2            L1            L2            Y
              ________      ________      ________      ________      ________
 A1             1.000
 A2             0.000         1.000
 L1             0.000         0.000         0.500
 L2             0.000         0.000         0.000         0.500
 Y              0.000         0.000         0.000         0.000         0.500
 C0             0.000         0.000         0.000         0.000         0.000


           PSI
              C0
              ________
 C0             0.500


     STARTING VALUES FOR THE ADDITIONAL PARAMETERS


           NEW/ADDITIONAL PARAMETERS
              JTE_A1        AVN
              ________      ________
                0.320         0.720


RESULTS SAVING INFORMATION

  Order of data

    Replication number
    Parameter estimates
     (saved in order shown in Technical 1 output)
    Standard errors
     (saved in order shown in Technical 1 output)
    Number of Free Parameters
    H0 Loglikelihood
    Akaike (AIC)
    Bayesian (BIC)
    Sample-Size Adjusted BIC
    Entropy
    Condition Number

  Save file
    results_condition15.dat

  Save file format           Free


     Beginning Time:  16:44:27
        Ending Time:  16:45:04
       Elapsed Time:  00:00:37



MUTHEN & MUTHEN
3463 Stoner Ave.
Los Angeles, CA  90066

Tel: (310) 391-9971
Fax: (310) 391-8971
Web: www.StatModel.com
Support: Support@StatModel.com

Copyright (c) 1998-2024 Muthen & Muthen
