Mplus VERSION 8.11
MUTHEN & MUTHEN
01/13/2025   5:12 PM

INPUT INSTRUCTIONS

  TITLE:
     Traditional path analysis for estimating joint effects
     and prolongued exposure effect.
     - K = 2 (waves)
     - Model correctly specified

  DATA:
      FILE = repList_condition28.dat;
      TYPE = MONTECARLO;

  VARIABLE:
      NAMES = C0 L1 A1 L2 A2 Y
              Pr_A1 Pr_A2 ps1 ps2 W W_correct;
      USEVARIABLES = C0-Y C0C0 L1L1 L2L2;
      MISSING = .;
      CATEGORICAL = A1 A2;

  DEFINE:
      CENTER C0 L1 L2 (GRANDMEAN);
      C0C0 = C0**2;
      L1L1 = L1**2;
      L2L2 = L2**2;

  ANALYSIS:
     ESTIMATOR = ML;
     LINK = PROBIT;

  MODEL:
      ! Lagged effects on Y
      Y ON A1*0.2 A2*0.4 (B_A1Y B_A2Y);
      Y ON L1*0.15 L2*0.3 (B_L1Y B_L2Y);
      Y ON C0*0.1 (B_C0Y);
      Y ON C0C0*0.1 L1L1*0.15 L2L2*0.3;

      ! Lagged effects on L
      L2 ON L1*0.3 A1*0.4 C0*0.1 (B_L1L2 B_A1L2 B_C0L2);
      L2 ON C0C0*0.1 L1L1*0.15;
      L1 ON C0*0.1 C0C0*0.1;

      ! Lagged effects on A
      A2 ON C0 A1 L1 L2 L1L1 L2L2;
      A1 ON C0 L1 L1L1;

      ! Variance
      C0;

      ! Residual variances
      L1 L2 Y;

      ! Thresholds
      [A1$1 A2$1] (tau1 tau2);

  MODEL CONSTRAINT:
      NEW(JTE_A1*0.32);
      JTE_A1 = B_A1L2*B_L2Y + B_A1Y;

      NEW(AvN*0.72);
      AvN = JTE_A1 + B_A2Y;

  SAVEDATA:
      RESULTS = results_correct_condition28.dat;



INPUT READING TERMINATED NORMALLY




Traditional path analysis for estimating joint effects
and prolongued exposure effect.
- K = 2 (waves)
- Model correctly specified

SUMMARY OF ANALYSIS

Number of groups                                                 1
Average number of observations                                 500

Number of replications
    Requested                                                 1000
    Completed                                                 1000

Number of dependent variables                                    5
Number of independent variables                                  4
Number of continuous latent variables                            0

Observed dependent variables

  Continuous
   L1          L2          Y

  Binary and ordered categorical (ordinal)
   A1          A2

Observed independent variables
   C0          C0C0        L1L1        L2L2

Variables with special functions

  Centering (GRANDMEAN)
   C0          L1          L2


Estimator                                                       ML
Information matrix                                        OBSERVED
Optimization Specifications for the Quasi-Newton Algorithm for
Continuous Outcomes
  Maximum number of iterations                                 100
  Convergence criterion                                  0.100D-05
Optimization Specifications for the EM Algorithm
  Maximum number of iterations                                 500
  Convergence criteria
    Loglikelihood change                                 0.100D-02
    Relative loglikelihood change                        0.100D-05
    Derivative                                           0.100D-02
Optimization Specifications for the M step of the EM Algorithm for
Categorical Latent variables
  Number of M step iterations                                    1
  M step convergence criterion                           0.100D-02
  Basis for M step termination                           ITERATION
Optimization Specifications for the M step of the EM Algorithm for
Censored, Binary or Ordered Categorical (Ordinal), Unordered
Categorical (Nominal) and Count Outcomes
  Number of M step iterations                                    1
  M step convergence criterion                           0.100D-02
  Basis for M step termination                           ITERATION
  Maximum value for logit thresholds                            10
  Minimum value for logit thresholds                           -10
  Minimum expected cell size for chi-square              0.100D-01
Maximum number of iterations for H1                           2000
Convergence criterion for H1                             0.100D-03
Optimization algorithm                                         EMA
Integration Specifications
  Type                                                    STANDARD
  Number of integration points                                  15
  Dimensions of numerical integration                            0
  Adaptive quadrature                                           ON
Link                                                        PROBIT
Cholesky                                                        ON

Input data file(s)
  Multiple data files from
    repList_condition28.dat
Input data format  FREE


SUMMARY OF DATA FOR THE FIRST REPLICATION

     Number of missing data patterns             1
     Number of y missing data patterns           1
     Number of u missing data patterns           1


SUMMARY OF MISSING DATA PATTERNS FOR THE FIRST REPLICATION


     MISSING DATA PATTERNS FOR Y (x = not missing)

           1
 L1        x
 L2        x
 Y         x
 C0        x
 C0C0      x
 L1L1      x
 L2L2      x


     MISSING DATA PATTERN FREQUENCIES FOR Y

    Pattern   Frequency
          1         500


COVARIANCE COVERAGE OF DATA FOR THE FIRST REPLICATION

Minimum covariance coverage value   0.100


     PROPORTION OF DATA PRESENT FOR Y


           Covariance Coverage
              L1            L2            Y             C0            C0C0
              ________      ________      ________      ________      ________
 L1             1.000
 L2             1.000         1.000
 Y              1.000         1.000         1.000
 C0             1.000         1.000         1.000         1.000
 C0C0           1.000         1.000         1.000         1.000         1.000
 L1L1           1.000         1.000         1.000         1.000         1.000
 L2L2           1.000         1.000         1.000         1.000         1.000


           Covariance Coverage
              L1L1          L2L2
              ________      ________
 L1L1           1.000
 L2L2           1.000         1.000


UNIVARIATE PROPORTIONS FOR CATEGORICAL VARIABLES

NOTE:  These are average results over 1000 data sets.

    A1
      Category 1    0.899
      Category 2    0.101
    A2
      Category 1    0.900
      Category 2    0.100


SAMPLE STATISTICS

NOTE:  These are average results over 1000 data sets.


     SAMPLE STATISTICS


           Means
              L1            L2            Y             C0            C0C0
              ________      ________      ________      ________      ________
                0.000         0.000         2.056         0.000         0.998


           Means
              L1L1          L2L2
              ________      ________
                1.031         1.412


           Covariances
              L1            L2            Y             C0            C0C0
              ________      ________      ________      ________      ________
 L1             1.031
 L2             0.372         1.412
 Y              0.507         0.920         2.430
 C0             0.101         0.148         0.229         0.998
 C0C0           0.199         0.297         0.473         0.006         1.987
 L1L1           0.014         0.717         1.044         0.039         0.095
 L2L2           0.556         0.694         2.439         0.167         0.391


           Covariances
              L1L1          L2L2
              ________      ________
 L1L1           2.125
 L2L2           1.329         5.720


           Correlations
              L1            L2            Y             C0            C0C0
              ________      ________      ________      ________      ________
 L1             1.000
 L2             0.308         1.000
 Y              0.320         0.496         1.000
 C0             0.099         0.125         0.147         1.000
 C0C0           0.139         0.177         0.215         0.004         1.000
 L1L1           0.010         0.414         0.459         0.027         0.046
 L2L2           0.229         0.244         0.654         0.070         0.116


           Correlations
              L1L1          L2L2
              ________      ________
 L1L1           1.000
 L2L2           0.381         1.000




MODEL FIT INFORMATION

Number of Free Parameters                       34

Loglikelihood

    H0 Value

        Mean                             -3055.514
        Std Dev                             41.000
        Number of successful computations     1000

             Proportions                   Percentiles
        Expected    Observed         Expected       Observed
           0.990       0.990        -3150.891      -3151.050
           0.980       0.982        -3139.715      -3138.413
           0.950       0.954        -3122.954      -3120.824
           0.900       0.897        -3108.059      -3109.742
           0.800       0.802        -3090.019      -3089.889
           0.700       0.697        -3077.014      -3077.369
           0.500       0.504        -3055.514      -3055.354
           0.300       0.295        -3034.014      -3034.407
           0.200       0.204        -3021.009      -3020.554
           0.100       0.101        -3002.969      -3002.920
           0.050       0.056        -2988.074      -2986.424
           0.020       0.022        -2971.313      -2969.496
           0.010       0.013        -2960.137      -2955.452

Information Criteria

    Akaike (AIC)

        Mean                              6179.028
        Std Dev                             81.999
        Number of successful computations     1000

             Proportions                   Percentiles
        Expected    Observed         Expected       Observed
           0.990       0.987         5988.274       5978.774
           0.980       0.978         6010.626       6003.178
           0.950       0.944         6044.148       6038.990
           0.900       0.899         6073.938       6073.432
           0.800       0.796         6110.018       6108.786
           0.700       0.705         6136.028       6136.667
           0.500       0.496         6179.028       6177.902
           0.300       0.303         6222.028       6222.335
           0.200       0.198         6248.038       6247.304
           0.100       0.103         6284.118       6286.257
           0.050       0.046         6313.908       6308.205
           0.020       0.018         6347.429       6341.425
           0.010       0.010         6369.782       6366.997

    Bayesian (BIC)

        Mean                              6322.325
        Std Dev                             81.999
        Number of successful computations     1000

             Proportions                   Percentiles
        Expected    Observed         Expected       Observed
           0.990       0.987         6131.570       6122.071
           0.980       0.978         6153.923       6146.475
           0.950       0.944         6187.444       6182.287
           0.900       0.899         6217.235       6216.729
           0.800       0.796         6253.314       6252.083
           0.700       0.705         6279.324       6279.964
           0.500       0.496         6322.325       6321.199
           0.300       0.303         6365.325       6365.632
           0.200       0.198         6391.335       6390.601
           0.100       0.103         6427.415       6429.553
           0.050       0.046         6457.205       6451.502
           0.020       0.018         6490.726       6484.721
           0.010       0.010         6513.079       6510.293

    Sample-Size Adjusted BIC (n* = (n + 2) / 24)

        Mean                              6214.406
        Std Dev                             81.999
        Number of successful computations     1000

             Proportions                   Percentiles
        Expected    Observed         Expected       Observed
           0.990       0.987         6023.652       6014.153
           0.980       0.978         6046.005       6038.557
           0.950       0.944         6079.526       6074.369
           0.900       0.899         6109.317       6108.810
           0.800       0.796         6145.396       6144.165
           0.700       0.705         6171.406       6172.045
           0.500       0.496         6214.406       6213.281
           0.300       0.303         6257.407       6257.714
           0.200       0.198         6283.417       6282.683
           0.100       0.103         6319.496       6321.635
           0.050       0.046         6349.287       6343.584
           0.020       0.018         6382.808       6376.803
           0.010       0.010         6405.161       6402.375



MODEL RESULTS

                              ESTIMATES              S. E.     M. S. E.  95%  % Sig
                 Population   Average   Std. Dev.   Average             Cover Coeff

 Y          ON
  A1                  0.200     0.2029     0.1632     0.1656     0.0266 0.947 0.232
  A2                  0.400     0.4011     0.1907     0.1867     0.0363 0.952 0.569
  L1                  0.150     0.1463     0.0508     0.0491     0.0026 0.937 0.822
  L2                  0.300     0.3012     0.0515     0.0460     0.0027 0.923 1.000
  C0                  0.100     0.0991     0.0452     0.0453     0.0020 0.946 0.590
  C0C0                0.100     0.1008     0.0326     0.0328     0.0011 0.945 0.872
  L1L1                0.150     0.1494     0.0385     0.0379     0.0015 0.947 0.970
  L2L2                0.300     0.3008     0.0235     0.0234     0.0006 0.951 1.000

 L2         ON
  L1                  0.300     0.3007     0.0494     0.0460     0.0024 0.933 1.000
  A1                  0.400     0.4002     0.1706     0.1631     0.0291 0.936 0.704
  C0                  0.100     0.0984     0.0457     0.0451     0.0021 0.948 0.599
  C0C0                0.100     0.1004     0.0321     0.0324     0.0010 0.961 0.869
  L1L1                0.150     0.3016     0.0327     0.0330     0.0241 0.007 1.000

 L1         ON
  C0                  0.100     0.1003     0.0464     0.0449     0.0022 0.947 0.601
  C0C0                0.100     0.0998     0.0323     0.0321     0.0010 0.949 0.870

 A2         ON
  C0                  0.000     0.0592     0.1025     0.0991     0.0140 0.896 0.104
  A1                  0.000     0.4219     0.2970     0.2925     0.2661 0.650 0.350
  L1                  0.000     0.1341     0.0994     0.0957     0.0278 0.717 0.283
  L2                  0.000     0.2830     0.0895     0.0852     0.0881 0.071 0.929
  L1L1                0.000     0.1339     0.0710     0.0722     0.0230 0.545 0.455
  L2L2                0.000     0.2775     0.0513     0.0501     0.0796 0.003 0.997

 A1         ON
  C0                  0.000     0.0505     0.0855     0.0838     0.0099 0.899 0.101
  L1                  0.000     0.2797     0.0726     0.0735     0.0835 0.024 0.976
  L1L1                0.000     0.2792     0.0525     0.0514     0.0807 0.000 1.000

 Means
  C0                  0.000     0.0000     0.0001     0.0446     0.0000 1.000 0.000

 Intercepts
  L1                  0.000    -0.0996     0.0327     0.0549     0.0110 0.602 0.398
  L2                  0.000    -0.4514     0.0510     0.0629     0.2064 0.000 1.000
  Y                   2.021     1.3158     0.0699     0.0678     0.5021 0.000 1.000

 Thresholds
  A1$1                1.299     1.7189     0.1168     0.1130     0.1899 0.012 1.000
  A2$1                1.233     2.1869     0.1688     0.1621     0.9382 0.000 1.000

 Variances
  C0                  0.500     0.9977     0.0633     0.0631     0.2517 0.000 1.000

 Residual Variances
  L1                  0.500     0.9968     0.0649     0.0630     0.2510 0.000 1.000
  L2                  0.500     0.9874     0.0646     0.0625     0.2418 0.000 1.000
  Y                   0.500     0.9796     0.0620     0.0620     0.2339 0.000 1.000

New/Additional Parameters
  JTE_A1              0.320     0.3232     0.1728     0.1723     0.0298 0.948 0.471
  AVN                 0.720     0.7244     0.2387     0.2384     0.0570 0.949 0.852


QUALITY OF NUMERICAL RESULTS

     Average Condition Number for the Information Matrix      0.159E-03
       (ratio of smallest to largest eigenvalue)


TECHNICAL 1 OUTPUT


     PARAMETER SPECIFICATION


           TAU
              A1$1          A2$1
              ________      ________
                   33            34


           NU
              A1            A2            L1            L2            Y
              ________      ________      ________      ________      ________
                    0             0             0             0             0


           NU
              C0            C0C0          L1L1          L2L2
              ________      ________      ________      ________
                    0             0             0             0


           LAMBDA
              A1            A2            L1            L2            Y
              ________      ________      ________      ________      ________
 A1                 0             0             0             0             0
 A2                 0             0             0             0             0
 L1                 0             0             0             0             0
 L2                 0             0             0             0             0
 Y                  0             0             0             0             0
 C0                 0             0             0             0             0
 C0C0               0             0             0             0             0
 L1L1               0             0             0             0             0
 L2L2               0             0             0             0             0


           LAMBDA
              C0            C0C0          L1L1          L2L2
              ________      ________      ________      ________
 A1                 0             0             0             0
 A2                 0             0             0             0
 L1                 0             0             0             0
 L2                 0             0             0             0
 Y                  0             0             0             0
 C0                 0             0             0             0
 C0C0               0             0             0             0
 L1L1               0             0             0             0
 L2L2               0             0             0             0


           THETA
              A1            A2            L1            L2            Y
              ________      ________      ________      ________      ________
 A1                 0
 A2                 0             0
 L1                 0             0             0
 L2                 0             0             0             0
 Y                  0             0             0             0             0
 C0                 0             0             0             0             0
 C0C0               0             0             0             0             0
 L1L1               0             0             0             0             0
 L2L2               0             0             0             0             0


           THETA
              C0            C0C0          L1L1          L2L2
              ________      ________      ________      ________
 C0                 0
 C0C0               0             0
 L1L1               0             0             0
 L2L2               0             0             0             0


           ALPHA
              A1            A2            L1            L2            Y
              ________      ________      ________      ________      ________
                    0             0             1             2             3


           ALPHA
              C0            C0C0          L1L1          L2L2
              ________      ________      ________      ________
                    4             0             0             0


           BETA
              A1            A2            L1            L2            Y
              ________      ________      ________      ________      ________
 A1                 0             0             5             0             0
 A2                 8             0             9            10             0
 L1                 0             0             0             0             0
 L2                16             0            17             0             0
 Y                 21            22            23            24             0
 C0                 0             0             0             0             0
 C0C0               0             0             0             0             0
 L1L1               0             0             0             0             0
 L2L2               0             0             0             0             0


           BETA
              C0            C0C0          L1L1          L2L2
              ________      ________      ________      ________
 A1                 6             0             7             0
 A2                11             0            12            13
 L1                14            15             0             0
 L2                18            19            20             0
 Y                 25            26            27            28
 C0                 0             0             0             0
 C0C0               0             0             0             0
 L1L1               0             0             0             0
 L2L2               0             0             0             0


           PSI
              A1            A2            L1            L2            Y
              ________      ________      ________      ________      ________
 A1                 0
 A2                 0             0
 L1                 0             0            29
 L2                 0             0             0            30
 Y                  0             0             0             0            31
 C0                 0             0             0             0             0
 C0C0               0             0             0             0             0
 L1L1               0             0             0             0             0
 L2L2               0             0             0             0             0


           PSI
              C0            C0C0          L1L1          L2L2
              ________      ________      ________      ________
 C0                32
 C0C0               0             0
 L1L1               0             0             0
 L2L2               0             0             0             0


     PARAMETER SPECIFICATION FOR THE ADDITIONAL PARAMETERS


           NEW/ADDITIONAL PARAMETERS
              JTE_A1        AVN
              ________      ________
                   35            36


     STARTING VALUES


           TAU
              A1$1          A2$1
              ________      ________
                1.299         1.233


           NU
              A1            A2            L1            L2            Y
              ________      ________      ________      ________      ________
                0.000         0.000         0.000         0.000         0.000


           NU
              C0            C0C0          L1L1          L2L2
              ________      ________      ________      ________
                0.000         0.000         0.000         0.000


           LAMBDA
              A1            A2            L1            L2            Y
              ________      ________      ________      ________      ________
 A1             1.000         0.000         0.000         0.000         0.000
 A2             0.000         1.000         0.000         0.000         0.000
 L1             0.000         0.000         1.000         0.000         0.000
 L2             0.000         0.000         0.000         1.000         0.000
 Y              0.000         0.000         0.000         0.000         1.000
 C0             0.000         0.000         0.000         0.000         0.000
 C0C0           0.000         0.000         0.000         0.000         0.000
 L1L1           0.000         0.000         0.000         0.000         0.000
 L2L2           0.000         0.000         0.000         0.000         0.000


           LAMBDA
              C0            C0C0          L1L1          L2L2
              ________      ________      ________      ________
 A1             0.000         0.000         0.000         0.000
 A2             0.000         0.000         0.000         0.000
 L1             0.000         0.000         0.000         0.000
 L2             0.000         0.000         0.000         0.000
 Y              0.000         0.000         0.000         0.000
 C0             1.000         0.000         0.000         0.000
 C0C0           0.000         1.000         0.000         0.000
 L1L1           0.000         0.000         1.000         0.000
 L2L2           0.000         0.000         0.000         1.000


           THETA
              A1            A2            L1            L2            Y
              ________      ________      ________      ________      ________
 A1             0.000
 A2             0.000         0.000
 L1             0.000         0.000         0.000
 L2             0.000         0.000         0.000         0.000
 Y              0.000         0.000         0.000         0.000         0.000
 C0             0.000         0.000         0.000         0.000         0.000
 C0C0           0.000         0.000         0.000         0.000         0.000
 L1L1           0.000         0.000         0.000         0.000         0.000
 L2L2           0.000         0.000         0.000         0.000         0.000


           THETA
              C0            C0C0          L1L1          L2L2
              ________      ________      ________      ________
 C0             0.000
 C0C0           0.000         0.000
 L1L1           0.000         0.000         0.000
 L2L2           0.000         0.000         0.000         0.000


           ALPHA
              A1            A2            L1            L2            Y
              ________      ________      ________      ________      ________
                0.000         0.000         0.000         0.000         2.021


           ALPHA
              C0            C0C0          L1L1          L2L2
              ________      ________      ________      ________
                0.000         0.000         0.000         0.000


           BETA
              A1            A2            L1            L2            Y
              ________      ________      ________      ________      ________
 A1             0.000         0.000         0.000         0.000         0.000
 A2             0.000         0.000         0.000         0.000         0.000
 L1             0.000         0.000         0.000         0.000         0.000
 L2             0.400         0.000         0.300         0.000         0.000
 Y              0.200         0.400         0.150         0.300         0.000
 C0             0.000         0.000         0.000         0.000         0.000
 C0C0           0.000         0.000         0.000         0.000         0.000
 L1L1           0.000         0.000         0.000         0.000         0.000
 L2L2           0.000         0.000         0.000         0.000         0.000


           BETA
              C0            C0C0          L1L1          L2L2
              ________      ________      ________      ________
 A1             0.000         0.000         0.000         0.000
 A2             0.000         0.000         0.000         0.000
 L1             0.100         0.100         0.000         0.000
 L2             0.100         0.100         0.150         0.000
 Y              0.100         0.100         0.150         0.300
 C0             0.000         0.000         0.000         0.000
 C0C0           0.000         0.000         0.000         0.000
 L1L1           0.000         0.000         0.000         0.000
 L2L2           0.000         0.000         0.000         0.000


           PSI
              A1            A2            L1            L2            Y
              ________      ________      ________      ________      ________
 A1             1.000
 A2             0.000         1.000
 L1             0.000         0.000         0.500
 L2             0.000         0.000         0.000         0.500
 Y              0.000         0.000         0.000         0.000         0.500
 C0             0.000         0.000         0.000         0.000         0.000
 C0C0           0.000         0.000         0.000         0.000         0.000
 L1L1           0.000         0.000         0.000         0.000         0.000
 L2L2           0.000         0.000         0.000         0.000         0.000


           PSI
              C0            C0C0          L1L1          L2L2
              ________      ________      ________      ________
 C0             0.500
 C0C0           0.000         0.500
 L1L1           0.000         0.000         0.500
 L2L2           0.000         0.000         0.000         0.500


     STARTING VALUES FOR THE ADDITIONAL PARAMETERS


           NEW/ADDITIONAL PARAMETERS
              JTE_A1        AVN
              ________      ________
                0.320         0.720


RESULTS SAVING INFORMATION

  Order of data

    Replication number
    Parameter estimates
     (saved in order shown in Technical 1 output)
    Standard errors
     (saved in order shown in Technical 1 output)
    Number of Free Parameters
    H0 Loglikelihood
    Akaike (AIC)
    Bayesian (BIC)
    Sample-Size Adjusted BIC
    Entropy
    Condition Number

  Save file
    results_correct_condition28.dat

  Save file format           Free


     Beginning Time:  17:12:03
        Ending Time:  17:13:23
       Elapsed Time:  00:01:20



MUTHEN & MUTHEN
3463 Stoner Ave.
Los Angeles, CA  90066

Tel: (310) 391-9971
Fax: (310) 391-8971
Web: www.StatModel.com
Support: Support@StatModel.com

Copyright (c) 1998-2024 Muthen & Muthen
