Mplus VERSION 8.11
MUTHEN & MUTHEN
01/13/2025   5:23 PM

INPUT INSTRUCTIONS

  TITLE:
     Traditional path analysis for estimating joint effects
     and prolongued exposure effect.
     - K = 2 (waves)
     - Model correctly specified

  DATA:
      FILE = repList_condition6.dat;
      TYPE = MONTECARLO;

  VARIABLE:
      NAMES = C0 L1 A1 L2 A2 Y
              Pr_A1 Pr_A2 ps1 ps2 W W_correct;
      USEVARIABLES = C0-Y C0C0 L1L1;
      MISSING = .;
      CATEGORICAL = A1 A2;

  DEFINE:
      CENTER C0 L1 (GRANDMEAN);
      C0C0 = C0**2;
      L1L1 = L1**2;

  ANALYSIS:
     ESTIMATOR = ML;
     LINK = PROBIT;

  MODEL:
      ! Lagged effects on Y
      Y ON A1*0.2 A2*0.4 (B_A1Y B_A2Y);
      Y ON L1*0.15 L2*0.3 (B_L1Y B_L2Y);
      Y ON C0*0.1 (B_C0Y);

      ! Lagged effects on L
      L2 ON L1*0.3 A1*0.4 C0*0.1 (B_L1L2 B_A1L2 B_C0L2);
      L2 ON C0C0*0.1 L1L1*0.3;
      L1 ON C0*0.1 C0C0*0.1;

      ! Lagged effects on A
      A2 ON C0 A1 L1 L2;
      A1 ON C0 L1;

      ! Variance
      C0;

      ! Residual variances
      L1 L2 Y;

      ! Thresholds
      [A1$1 A2$1] (tau1 tau2);

  MODEL CONSTRAINT:
      NEW(JTE_A1*0.32);
      JTE_A1 = B_A1L2*B_L2Y + B_A1Y;

      NEW(AvN*0.72);
      AvN = JTE_A1 + B_A2Y;

  SAVEDATA:
      RESULTS = results_correct_condition6.dat;



INPUT READING TERMINATED NORMALLY




Traditional path analysis for estimating joint effects
and prolongued exposure effect.
- K = 2 (waves)
- Model correctly specified

SUMMARY OF ANALYSIS

Number of groups                                                 1
Average number of observations                                 150

Number of replications
    Requested                                                 1000
    Completed                                                 1000

Number of dependent variables                                    5
Number of independent variables                                  3
Number of continuous latent variables                            0

Observed dependent variables

  Continuous
   L1          L2          Y

  Binary and ordered categorical (ordinal)
   A1          A2

Observed independent variables
   C0          C0C0        L1L1

Variables with special functions

  Centering (GRANDMEAN)
   C0          L1


Estimator                                                       ML
Information matrix                                        OBSERVED
Optimization Specifications for the Quasi-Newton Algorithm for
Continuous Outcomes
  Maximum number of iterations                                 100
  Convergence criterion                                  0.100D-05
Optimization Specifications for the EM Algorithm
  Maximum number of iterations                                 500
  Convergence criteria
    Loglikelihood change                                 0.100D-02
    Relative loglikelihood change                        0.100D-05
    Derivative                                           0.100D-02
Optimization Specifications for the M step of the EM Algorithm for
Categorical Latent variables
  Number of M step iterations                                    1
  M step convergence criterion                           0.100D-02
  Basis for M step termination                           ITERATION
Optimization Specifications for the M step of the EM Algorithm for
Censored, Binary or Ordered Categorical (Ordinal), Unordered
Categorical (Nominal) and Count Outcomes
  Number of M step iterations                                    1
  M step convergence criterion                           0.100D-02
  Basis for M step termination                           ITERATION
  Maximum value for logit thresholds                            10
  Minimum value for logit thresholds                           -10
  Minimum expected cell size for chi-square              0.100D-01
Maximum number of iterations for H1                           2000
Convergence criterion for H1                             0.100D-03
Optimization algorithm                                         EMA
Integration Specifications
  Type                                                    STANDARD
  Number of integration points                                  15
  Dimensions of numerical integration                            0
  Adaptive quadrature                                           ON
Link                                                        PROBIT
Cholesky                                                        ON

Input data file(s)
  Multiple data files from
    repList_condition6.dat
Input data format  FREE


SUMMARY OF DATA FOR THE FIRST REPLICATION

     Number of missing data patterns             1
     Number of y missing data patterns           1
     Number of u missing data patterns           1


SUMMARY OF MISSING DATA PATTERNS FOR THE FIRST REPLICATION


     MISSING DATA PATTERNS FOR Y (x = not missing)

           1
 L1        x
 L2        x
 Y         x
 C0        x
 C0C0      x
 L1L1      x


     MISSING DATA PATTERN FREQUENCIES FOR Y

    Pattern   Frequency
          1         150


COVARIANCE COVERAGE OF DATA FOR THE FIRST REPLICATION

Minimum covariance coverage value   0.100


     PROPORTION OF DATA PRESENT FOR Y


           Covariance Coverage
              L1            L2            Y             C0            C0C0
              ________      ________      ________      ________      ________
 L1             1.000
 L2             1.000         1.000
 Y              1.000         1.000         1.000
 C0             1.000         1.000         1.000         1.000
 C0C0           1.000         1.000         1.000         1.000         1.000
 L1L1           1.000         1.000         1.000         1.000         1.000


           Covariance Coverage
              L1L1
              ________
 L1L1           1.000


UNIVARIATE PROPORTIONS FOR CATEGORICAL VARIABLES

NOTE:  These are average results over 1000 data sets.

    A1
      Category 1    0.102
      Category 2    0.898
    A2
      Category 1    0.100
      Category 2    0.900


SAMPLE STATISTICS

NOTE:  These are average results over 1000 data sets.


     SAMPLE STATISTICS


           Means
              L1            L2            Y             C0            C0C0
              ________      ________      ________      ________      ________
                0.000         2.619         1.948         0.000         0.990


           Means
              L1L1
              ________
                1.021


           Covariances
              L1            L2            Y             C0            C0C0
              ________      ________      ________      ________      ________
 L1             1.021
 L2             0.360         1.359
 Y              0.292         0.510         1.242
 C0             0.101         0.146         0.162         0.990
 C0C0           0.193         0.283         0.122        -0.007         1.932
 L1L1           0.014         0.633         0.202         0.038         0.103


           Covariances
              L1L1
              ________
 L1L1           2.068


           Correlations
              L1            L2            Y             C0            C0C0
              ________      ________      ________      ________      ________
 L1             1.000
 L2             0.306         1.000
 Y              0.260         0.393         1.000
 C0             0.101         0.126         0.146         1.000
 C0C0           0.138         0.174         0.078        -0.005         1.000
 L1L1           0.009         0.377         0.126         0.026         0.051


           Correlations
              L1L1
              ________
 L1L1           1.000




MODEL FIT INFORMATION

Number of Free Parameters                       28

Loglikelihood

    H0 Value

        Mean                              -929.922
        Std Dev                             20.832
        Number of successful computations     1000

             Proportions                   Percentiles
        Expected    Observed         Expected       Observed
           0.990       0.995         -978.384       -977.018
           0.980       0.985         -972.705       -969.896
           0.950       0.951         -964.189       -963.950
           0.900       0.899         -956.620       -956.735
           0.800       0.792         -947.454       -948.549
           0.700       0.694         -940.846       -941.165
           0.500       0.508         -929.922       -929.709
           0.300       0.298         -918.997       -919.030
           0.200       0.198         -912.389       -912.674
           0.100       0.102         -903.223       -902.956
           0.050       0.049         -895.655       -895.791
           0.020       0.024         -887.138       -886.570
           0.010       0.009         -881.460       -883.252

Information Criteria

    Akaike (AIC)

        Mean                              1915.843
        Std Dev                             41.664
        Number of successful computations     1000

             Proportions                   Percentiles
        Expected    Observed         Expected       Observed
           0.990       0.991         1818.919       1822.332
           0.980       0.976         1830.277       1829.119
           0.950       0.951         1847.309       1847.371
           0.900       0.898         1862.446       1861.534
           0.800       0.802         1880.778       1881.185
           0.700       0.702         1893.994       1894.041
           0.500       0.492         1915.843       1915.378
           0.300       0.306         1937.692       1938.283
           0.200       0.208         1950.908       1952.247
           0.100       0.101         1969.240       1969.313
           0.050       0.049         1984.377       1983.781
           0.020       0.015         2001.410       1995.556
           0.010       0.005         2012.767       2003.303

    Bayesian (BIC)

        Mean                              2000.141
        Std Dev                             41.664
        Number of successful computations     1000

             Proportions                   Percentiles
        Expected    Observed         Expected       Observed
           0.990       0.991         1903.217       1906.629
           0.980       0.976         1914.575       1913.417
           0.950       0.951         1931.607       1931.668
           0.900       0.898         1946.744       1945.831
           0.800       0.802         1965.076       1965.483
           0.700       0.702         1978.292       1978.339
           0.500       0.492         2000.141       1999.675
           0.300       0.306         2021.990       2022.580
           0.200       0.208         2035.206       2036.544
           0.100       0.101         2053.538       2053.611
           0.050       0.049         2068.675       2068.079
           0.020       0.015         2085.707       2079.853
           0.010       0.005         2097.065       2087.601

    Sample-Size Adjusted BIC (n* = (n + 2) / 24)

        Mean                              1911.526
        Std Dev                             41.664
        Number of successful computations     1000

             Proportions                   Percentiles
        Expected    Observed         Expected       Observed
           0.990       0.991         1814.602       1818.015
           0.980       0.976         1825.960       1824.802
           0.950       0.951         1842.992       1843.054
           0.900       0.898         1858.129       1857.217
           0.800       0.802         1876.462       1876.868
           0.700       0.702         1889.677       1889.724
           0.500       0.492         1911.526       1911.061
           0.300       0.306         1933.375       1933.966
           0.200       0.208         1946.591       1947.930
           0.100       0.101         1964.924       1964.997
           0.050       0.049         1980.060       1979.464
           0.020       0.015         1997.093       1991.239
           0.010       0.005         2008.450       1998.986



MODEL RESULTS

                              ESTIMATES              S. E.     M. S. E.  95%  % Sig
                 Population   Average   Std. Dev.   Average             Cover Coeff

 Y          ON
  A1                  0.200     0.1858     0.2949     0.2810     0.0871 0.949 0.112
  A2                  0.400     0.3853     0.2976     0.2827     0.0887 0.933 0.289
  L1                  0.150     0.1502     0.0868     0.0856     0.0075 0.949 0.425
  L2                  0.300     0.3007     0.0777     0.0751     0.0060 0.937 0.971
  C0                  0.100     0.0960     0.0840     0.0828     0.0071 0.943 0.226

 L2         ON
  L1                  0.300     0.3013     0.0901     0.0833     0.0081 0.927 0.939
  A1                  0.400     0.4099     0.2841     0.2781     0.0807 0.943 0.327
  C0                  0.100     0.1008     0.0864     0.0830     0.0075 0.948 0.250
  C0C0                0.100     0.0986     0.0630     0.0615     0.0040 0.951 0.386
  L1L1                0.300     0.3000     0.0605     0.0591     0.0037 0.944 0.995

 L1         ON
  C0                  0.100     0.1025     0.0838     0.0822     0.0070 0.944 0.248
  C0C0                0.100     0.0997     0.0616     0.0606     0.0038 0.947 0.398

 A2         ON
  C0                  0.000     0.0417     0.1745     0.1681     0.0322 0.948 0.052
  A1                  0.000     0.3257     0.7471     0.9372     0.6637 0.819 0.181
  L1                  0.000     0.1317     0.1793     0.1765     0.0495 0.901 0.099
  L2                  0.000     0.2856     0.1669     0.1542     0.1094 0.550 0.450

 A1         ON
  C0                  0.000     0.0485     0.1635     0.1552     0.0290 0.938 0.062
  L1                  0.000     0.2760     0.1630     0.1539     0.1027 0.569 0.431

 Means
  C0                  0.000     0.0000     0.0000     0.0811     0.0000 1.000 0.000

 Intercepts
  L1                  0.000    -0.0989     0.0612     0.1001     0.0135 0.937 0.063
  L2                  2.532     1.8463     0.2860     0.2784     0.5514 0.313 1.000
  Y                   1.759     0.6462     0.3744     0.3743     1.3789 0.166 0.425

 Thresholds
  A1$1               -1.040    -1.3669     0.1687     0.1571     0.1354 0.463 1.000
  A2$1               -1.107    -0.4334     0.7970     1.0072     1.0882 0.644 0.068

 Variances
  C0                  0.500     0.9900     0.1129     0.1143     0.2529 0.000 1.000

 Residual Variances
  L1                  0.500     0.9777     0.1145     0.1129     0.2413 0.000 1.000
  L2                  0.500     0.9639     0.1152     0.1113     0.2285 0.001 1.000
  Y                   0.500     0.9628     0.1182     0.1112     0.2282 0.002 1.000

New/Additional Parameters
  JTE_A1              0.320     0.3091     0.3018     0.2925     0.0911 0.945 0.196
  AVN                 0.720     0.6944     0.3934     0.3831     0.1552 0.945 0.446


QUALITY OF NUMERICAL RESULTS

     Average Condition Number for the Information Matrix      0.129E-03
       (ratio of smallest to largest eigenvalue)


TECHNICAL 1 OUTPUT


     PARAMETER SPECIFICATION


           TAU
              A1$1          A2$1
              ________      ________
                   27            28


           NU
              A1            A2            L1            L2            Y
              ________      ________      ________      ________      ________
                    0             0             0             0             0


           NU
              C0            C0C0          L1L1
              ________      ________      ________
                    0             0             0


           LAMBDA
              A1            A2            L1            L2            Y
              ________      ________      ________      ________      ________
 A1                 0             0             0             0             0
 A2                 0             0             0             0             0
 L1                 0             0             0             0             0
 L2                 0             0             0             0             0
 Y                  0             0             0             0             0
 C0                 0             0             0             0             0
 C0C0               0             0             0             0             0
 L1L1               0             0             0             0             0


           LAMBDA
              C0            C0C0          L1L1
              ________      ________      ________
 A1                 0             0             0
 A2                 0             0             0
 L1                 0             0             0
 L2                 0             0             0
 Y                  0             0             0
 C0                 0             0             0
 C0C0               0             0             0
 L1L1               0             0             0


           THETA
              A1            A2            L1            L2            Y
              ________      ________      ________      ________      ________
 A1                 0
 A2                 0             0
 L1                 0             0             0
 L2                 0             0             0             0
 Y                  0             0             0             0             0
 C0                 0             0             0             0             0
 C0C0               0             0             0             0             0
 L1L1               0             0             0             0             0


           THETA
              C0            C0C0          L1L1
              ________      ________      ________
 C0                 0
 C0C0               0             0
 L1L1               0             0             0


           ALPHA
              A1            A2            L1            L2            Y
              ________      ________      ________      ________      ________
                    0             0             1             2             3


           ALPHA
              C0            C0C0          L1L1
              ________      ________      ________
                    4             0             0


           BETA
              A1            A2            L1            L2            Y
              ________      ________      ________      ________      ________
 A1                 0             0             5             0             0
 A2                 7             0             8             9             0
 L1                 0             0             0             0             0
 L2                13             0            14             0             0
 Y                 18            19            20            21             0
 C0                 0             0             0             0             0
 C0C0               0             0             0             0             0
 L1L1               0             0             0             0             0


           BETA
              C0            C0C0          L1L1
              ________      ________      ________
 A1                 6             0             0
 A2                10             0             0
 L1                11            12             0
 L2                15            16            17
 Y                 22             0             0
 C0                 0             0             0
 C0C0               0             0             0
 L1L1               0             0             0


           PSI
              A1            A2            L1            L2            Y
              ________      ________      ________      ________      ________
 A1                 0
 A2                 0             0
 L1                 0             0            23
 L2                 0             0             0            24
 Y                  0             0             0             0            25
 C0                 0             0             0             0             0
 C0C0               0             0             0             0             0
 L1L1               0             0             0             0             0


           PSI
              C0            C0C0          L1L1
              ________      ________      ________
 C0                26
 C0C0               0             0
 L1L1               0             0             0


     PARAMETER SPECIFICATION FOR THE ADDITIONAL PARAMETERS


           NEW/ADDITIONAL PARAMETERS
              JTE_A1        AVN
              ________      ________
                   29            30


     STARTING VALUES


           TAU
              A1$1          A2$1
              ________      ________
               -1.040        -1.107


           NU
              A1            A2            L1            L2            Y
              ________      ________      ________      ________      ________
                0.000         0.000         0.000         0.000         0.000


           NU
              C0            C0C0          L1L1
              ________      ________      ________
                0.000         0.000         0.000


           LAMBDA
              A1            A2            L1            L2            Y
              ________      ________      ________      ________      ________
 A1             1.000         0.000         0.000         0.000         0.000
 A2             0.000         1.000         0.000         0.000         0.000
 L1             0.000         0.000         1.000         0.000         0.000
 L2             0.000         0.000         0.000         1.000         0.000
 Y              0.000         0.000         0.000         0.000         1.000
 C0             0.000         0.000         0.000         0.000         0.000
 C0C0           0.000         0.000         0.000         0.000         0.000
 L1L1           0.000         0.000         0.000         0.000         0.000


           LAMBDA
              C0            C0C0          L1L1
              ________      ________      ________
 A1             0.000         0.000         0.000
 A2             0.000         0.000         0.000
 L1             0.000         0.000         0.000
 L2             0.000         0.000         0.000
 Y              0.000         0.000         0.000
 C0             1.000         0.000         0.000
 C0C0           0.000         1.000         0.000
 L1L1           0.000         0.000         1.000


           THETA
              A1            A2            L1            L2            Y
              ________      ________      ________      ________      ________
 A1             0.000
 A2             0.000         0.000
 L1             0.000         0.000         0.000
 L2             0.000         0.000         0.000         0.000
 Y              0.000         0.000         0.000         0.000         0.000
 C0             0.000         0.000         0.000         0.000         0.000
 C0C0           0.000         0.000         0.000         0.000         0.000
 L1L1           0.000         0.000         0.000         0.000         0.000


           THETA
              C0            C0C0          L1L1
              ________      ________      ________
 C0             0.000
 C0C0           0.000         0.000
 L1L1           0.000         0.000         0.000


           ALPHA
              A1            A2            L1            L2            Y
              ________      ________      ________      ________      ________
                0.000         0.000         0.000         2.532         1.759


           ALPHA
              C0            C0C0          L1L1
              ________      ________      ________
                0.000         0.000         0.000


           BETA
              A1            A2            L1            L2            Y
              ________      ________      ________      ________      ________
 A1             0.000         0.000         0.000         0.000         0.000
 A2             0.000         0.000         0.000         0.000         0.000
 L1             0.000         0.000         0.000         0.000         0.000
 L2             0.400         0.000         0.300         0.000         0.000
 Y              0.200         0.400         0.150         0.300         0.000
 C0             0.000         0.000         0.000         0.000         0.000
 C0C0           0.000         0.000         0.000         0.000         0.000
 L1L1           0.000         0.000         0.000         0.000         0.000


           BETA
              C0            C0C0          L1L1
              ________      ________      ________
 A1             0.000         0.000         0.000
 A2             0.000         0.000         0.000
 L1             0.100         0.100         0.000
 L2             0.100         0.100         0.300
 Y              0.100         0.000         0.000
 C0             0.000         0.000         0.000
 C0C0           0.000         0.000         0.000
 L1L1           0.000         0.000         0.000


           PSI
              A1            A2            L1            L2            Y
              ________      ________      ________      ________      ________
 A1             1.000
 A2             0.000         1.000
 L1             0.000         0.000         0.500
 L2             0.000         0.000         0.000         0.500
 Y              0.000         0.000         0.000         0.000         0.500
 C0             0.000         0.000         0.000         0.000         0.000
 C0C0           0.000         0.000         0.000         0.000         0.000
 L1L1           0.000         0.000         0.000         0.000         0.000


           PSI
              C0            C0C0          L1L1
              ________      ________      ________
 C0             0.500
 C0C0           0.000         0.500
 L1L1           0.000         0.000         0.500


     STARTING VALUES FOR THE ADDITIONAL PARAMETERS


           NEW/ADDITIONAL PARAMETERS
              JTE_A1        AVN
              ________      ________
                0.320         0.720


RESULTS SAVING INFORMATION

  Order of data

    Replication number
    Parameter estimates
     (saved in order shown in Technical 1 output)
    Standard errors
     (saved in order shown in Technical 1 output)
    Number of Free Parameters
    H0 Loglikelihood
    Akaike (AIC)
    Bayesian (BIC)
    Sample-Size Adjusted BIC
    Entropy
    Condition Number

  Save file
    results_correct_condition6.dat

  Save file format           Free


     Beginning Time:  17:23:11
        Ending Time:  17:23:55
       Elapsed Time:  00:00:44



MUTHEN & MUTHEN
3463 Stoner Ave.
Los Angeles, CA  90066

Tel: (310) 391-9971
Fax: (310) 391-8971
Web: www.StatModel.com
Support: Support@StatModel.com

Copyright (c) 1998-2024 Muthen & Muthen
