Mplus VERSION 8.11
MUTHEN & MUTHEN
01/13/2025   5:23 PM

INPUT INSTRUCTIONS

  TITLE:
     Traditional path analysis for estimating joint effects
     and prolongued exposure effect.
     - K = 2 (waves)
     - All effects assumed linear

  DATA:
      FILE = repList_condition6.dat;
      TYPE = MONTECARLO;

  VARIABLE:
      NAMES = C0 L1 A1 L2 A2 Y
              Pr_A1 Pr_A2 ps1 ps2 W W_correct;
      USEVARIABLES = C0-Y;
      MISSING = .;
      CATEGORICAL = A1 A2;

  ANALYSIS:
     ESTIMATOR = ML;
     LINK = PROBIT;

  MODEL:
      ! Lagged effects on Y
      Y ON A1*0.2 A2*0.4 (B_A1Y B_A2Y);
      Y ON L1*0.15 L2*0.3 (B_L1Y B_L2Y);
      Y ON C0*0.1 (B_C0Y);

      ! Lagged effects on L
      L2 ON L1*0.3 A1*0.4 C0*0.1 (B_L1L2 B_A1L2 B_C0L2);
      L1 ON C0*0.1;

      ! Lagged effects on A
      A2 ON C0 A1 L1 L2;
      A1 ON C0 L1;

      ! Variance
      C0;

      ! Residual variances
      L1 L2 Y;

      ! Thresholds
      [A1$1 A2$1] (tau1 tau2);

  MODEL CONSTRAINT:
      NEW(JTE_A1*0.32);
      JTE_A1 = B_A1L2*B_L2Y + B_A1Y;

      NEW(AvN*0.72);
      AvN = JTE_A1 + B_A2Y;

  SAVEDATA:
      RESULTS = results_condition6.dat;



INPUT READING TERMINATED NORMALLY




Traditional path analysis for estimating joint effects
and prolongued exposure effect.
- K = 2 (waves)
- All effects assumed linear

SUMMARY OF ANALYSIS

Number of groups                                                 1
Average number of observations                                 150

Number of replications
    Requested                                                 1000
    Completed                                                 1000

Number of dependent variables                                    5
Number of independent variables                                  1
Number of continuous latent variables                            0

Observed dependent variables

  Continuous
   L1          L2          Y

  Binary and ordered categorical (ordinal)
   A1          A2

Observed independent variables
   C0


Estimator                                                       ML
Information matrix                                        OBSERVED
Optimization Specifications for the Quasi-Newton Algorithm for
Continuous Outcomes
  Maximum number of iterations                                 100
  Convergence criterion                                  0.100D-05
Optimization Specifications for the EM Algorithm
  Maximum number of iterations                                 500
  Convergence criteria
    Loglikelihood change                                 0.100D-02
    Relative loglikelihood change                        0.100D-05
    Derivative                                           0.100D-02
Optimization Specifications for the M step of the EM Algorithm for
Categorical Latent variables
  Number of M step iterations                                    1
  M step convergence criterion                           0.100D-02
  Basis for M step termination                           ITERATION
Optimization Specifications for the M step of the EM Algorithm for
Censored, Binary or Ordered Categorical (Ordinal), Unordered
Categorical (Nominal) and Count Outcomes
  Number of M step iterations                                    1
  M step convergence criterion                           0.100D-02
  Basis for M step termination                           ITERATION
  Maximum value for logit thresholds                            10
  Minimum value for logit thresholds                           -10
  Minimum expected cell size for chi-square              0.100D-01
Maximum number of iterations for H1                           2000
Convergence criterion for H1                             0.100D-03
Optimization algorithm                                         EMA
Integration Specifications
  Type                                                    STANDARD
  Number of integration points                                  15
  Dimensions of numerical integration                            0
  Adaptive quadrature                                           ON
Link                                                        PROBIT
Cholesky                                                        ON

Input data file(s)
  Multiple data files from
    repList_condition6.dat
Input data format  FREE


SUMMARY OF DATA FOR THE FIRST REPLICATION

     Number of missing data patterns             1
     Number of y missing data patterns           1
     Number of u missing data patterns           1


SUMMARY OF MISSING DATA PATTERNS FOR THE FIRST REPLICATION


     MISSING DATA PATTERNS FOR Y (x = not missing)

           1
 L1        x
 L2        x
 Y         x
 C0        x


     MISSING DATA PATTERN FREQUENCIES FOR Y

    Pattern   Frequency
          1         150


COVARIANCE COVERAGE OF DATA FOR THE FIRST REPLICATION

Minimum covariance coverage value   0.100


     PROPORTION OF DATA PRESENT FOR Y


           Covariance Coverage
              L1            L2            Y             C0
              ________      ________      ________      ________
 L1             1.000
 L2             1.000         1.000
 Y              1.000         1.000         1.000
 C0             1.000         1.000         1.000         1.000


UNIVARIATE PROPORTIONS FOR CATEGORICAL VARIABLES

NOTE:  These are average results over 1000 data sets.

    A1
      Category 1    0.102
      Category 2    0.898
    A2
      Category 1    0.100
      Category 2    0.900


SAMPLE STATISTICS

NOTE:  These are average results over 1000 data sets.


     SAMPLE STATISTICS


           Means
              L1            L2            Y             C0
              ________      ________      ________      ________
                1.498         2.619         1.948         4.002


           Covariances
              L1            L2            Y             C0
              ________      ________      ________      ________
 L1             1.021
 L2             0.360         1.359
 Y              0.292         0.510         1.242
 C0             0.101         0.146         0.162         0.990


           Correlations
              L1            L2            Y             C0
              ________      ________      ________      ________
 L1             1.000
 L2             0.306         1.000
 Y              0.260         0.393         1.000
 C0             0.101         0.126         0.146         1.000




MODEL FIT INFORMATION

Number of Free Parameters                       25

Loglikelihood

    H0 Value

        Mean                              -946.948
        Std Dev                             22.317
        Number of successful computations     1000

             Proportions                   Percentiles
        Expected    Observed         Expected       Observed
           0.990       0.990         -998.864      -1000.385
           0.980       0.985         -992.781       -990.353
           0.950       0.946         -983.658       -983.998
           0.900       0.896         -975.550       -976.141
           0.800       0.794         -965.730       -966.377
           0.700       0.703         -958.651       -958.518
           0.500       0.502         -946.948       -946.912
           0.300       0.300         -935.246       -935.315
           0.200       0.197         -928.167       -928.643
           0.100       0.103         -918.347       -918.178
           0.050       0.048         -910.239       -910.585
           0.020       0.022         -901.116       -899.601
           0.010       0.009         -895.033       -895.536

Information Criteria

    Akaike (AIC)

        Mean                              1943.897
        Std Dev                             44.634
        Number of successful computations     1000

             Proportions                   Percentiles
        Expected    Observed         Expected       Observed
           0.990       0.991         1840.065       1840.663
           0.980       0.978         1852.233       1847.966
           0.950       0.952         1870.479       1871.019
           0.900       0.897         1886.694       1886.259
           0.800       0.803         1906.333       1906.791
           0.700       0.700         1920.491       1920.479
           0.500       0.498         1943.897       1943.700
           0.300       0.297         1967.303       1966.966
           0.200       0.206         1981.461       1982.289
           0.100       0.104         2001.100       2001.829
           0.050       0.054         2017.315       2017.581
           0.020       0.015         2035.561       2030.569
           0.010       0.010         2047.729       2042.427

    Bayesian (BIC)

        Mean                              2019.163
        Std Dev                             44.634
        Number of successful computations     1000

             Proportions                   Percentiles
        Expected    Observed         Expected       Observed
           0.990       0.991         1915.331       1915.928
           0.980       0.978         1927.498       1923.232
           0.950       0.952         1945.745       1946.284
           0.900       0.897         1961.960       1961.525
           0.800       0.803         1981.599       1982.056
           0.700       0.700         1995.757       1995.744
           0.500       0.498         2019.163       2018.966
           0.300       0.297         2042.569       2042.232
           0.200       0.206         2056.727       2057.555
           0.100       0.104         2076.366       2077.095
           0.050       0.054         2092.581       2092.847
           0.020       0.015         2110.827       2105.835
           0.010       0.010         2122.994       2117.693

    Sample-Size Adjusted BIC (n* = (n + 2) / 24)

        Mean                              1940.043
        Std Dev                             44.634
        Number of successful computations     1000

             Proportions                   Percentiles
        Expected    Observed         Expected       Observed
           0.990       0.991         1836.211       1836.808
           0.980       0.978         1848.378       1844.111
           0.950       0.952         1866.625       1867.164
           0.900       0.897         1882.840       1882.405
           0.800       0.803         1902.479       1902.936
           0.700       0.700         1916.637       1916.624
           0.500       0.498         1940.043       1939.845
           0.300       0.297         1963.449       1963.111
           0.200       0.206         1977.606       1978.435
           0.100       0.104         1997.245       1997.975
           0.050       0.054         2013.461       2013.727
           0.020       0.015         2031.707       2026.714
           0.010       0.010         2043.874       2038.573



MODEL RESULTS

                              ESTIMATES              S. E.     M. S. E.  95%  % Sig
                 Population   Average   Std. Dev.   Average             Cover Coeff

 Y          ON
  A1                  0.200     0.1857     0.2949     0.2810     0.0871 0.949 0.112
  A2                  0.400     0.3853     0.2975     0.2827     0.0887 0.933 0.289
  L1                  0.150     0.1502     0.0868     0.0856     0.0075 0.949 0.425
  L2                  0.300     0.3007     0.0777     0.0751     0.0060 0.937 0.971
  C0                  0.100     0.0960     0.0840     0.0828     0.0071 0.943 0.226

 L2         ON
  L1                  0.300     0.3264     0.1098     0.0900     0.0127 0.883 0.915
  A1                  0.400     0.3513     0.3104     0.3049     0.0986 0.947 0.226
  C0                  0.100     0.1085     0.1000     0.0905     0.0101 0.926 0.260

 L1         ON
  C0                  0.100     0.1022     0.0857     0.0825     0.0073 0.943 0.252

 A2         ON
  C0                  0.000     0.0418     0.1745     0.1681     0.0322 0.948 0.052
  A1                  0.000     0.3257     0.7471     0.9372     0.6637 0.819 0.181
  L1                  0.000     0.1317     0.1793     0.1765     0.0494 0.901 0.099
  L2                  0.000     0.2856     0.1669     0.1542     0.1094 0.550 0.450

 A1         ON
  C0                  0.000     0.0485     0.1635     0.1552     0.0290 0.938 0.062
  L1                  0.000     0.2760     0.1630     0.1539     0.1027 0.569 0.431

 Means
  C0                  4.041     4.0023     0.0838     0.0811     0.0085 0.905 1.000

 Intercepts
  L1                  1.494     1.0882     0.3507     0.3400     0.2876 0.760 0.877
  L2                  2.532     1.3767     0.5142     0.4566     1.5978 0.319 0.828
  Y                   1.759     0.0368     0.4789     0.4695     3.1957 0.044 0.053

 Thresholds
  A1$1               -1.040    -0.7599     0.6631     0.6415     0.5177 0.928 0.222
  A2$1               -1.107    -0.0690     1.0628     1.2869     2.2057 0.694 0.046

 Variances
  C0                  0.500     0.9900     0.1129     0.1143     0.2529 0.000 1.000

 Residual Variances
  L1                  0.500     1.0034     0.1168     0.1159     0.2670 0.000 1.000
  L2                  0.500     1.1796     0.1497     0.1362     0.4842 0.000 1.000
  Y                   0.500     0.9628     0.1182     0.1112     0.2282 0.002 1.000

New/Additional Parameters
  JTE_A1              0.320     0.2918     0.3032     0.2948     0.0926 0.948 0.173
  AVN                 0.720     0.6771     0.3964     0.3853     0.1588 0.942 0.421


QUALITY OF NUMERICAL RESULTS

     Average Condition Number for the Information Matrix      0.100E-03
       (ratio of smallest to largest eigenvalue)


TECHNICAL 1 OUTPUT


     PARAMETER SPECIFICATION


           TAU
              A1$1          A2$1
              ________      ________
                   24            25


           NU
              A1            A2            L1            L2            Y
              ________      ________      ________      ________      ________
                    0             0             0             0             0


           NU
              C0
              ________
                    0


           LAMBDA
              A1            A2            L1            L2            Y
              ________      ________      ________      ________      ________
 A1                 0             0             0             0             0
 A2                 0             0             0             0             0
 L1                 0             0             0             0             0
 L2                 0             0             0             0             0
 Y                  0             0             0             0             0
 C0                 0             0             0             0             0


           LAMBDA
              C0
              ________
 A1                 0
 A2                 0
 L1                 0
 L2                 0
 Y                  0
 C0                 0


           THETA
              A1            A2            L1            L2            Y
              ________      ________      ________      ________      ________
 A1                 0
 A2                 0             0
 L1                 0             0             0
 L2                 0             0             0             0
 Y                  0             0             0             0             0
 C0                 0             0             0             0             0


           THETA
              C0
              ________
 C0                 0


           ALPHA
              A1            A2            L1            L2            Y
              ________      ________      ________      ________      ________
                    0             0             1             2             3


           ALPHA
              C0
              ________
                    4


           BETA
              A1            A2            L1            L2            Y
              ________      ________      ________      ________      ________
 A1                 0             0             5             0             0
 A2                 7             0             8             9             0
 L1                 0             0             0             0             0
 L2                12             0            13             0             0
 Y                 15            16            17            18             0
 C0                 0             0             0             0             0


           BETA
              C0
              ________
 A1                 6
 A2                10
 L1                11
 L2                14
 Y                 19
 C0                 0


           PSI
              A1            A2            L1            L2            Y
              ________      ________      ________      ________      ________
 A1                 0
 A2                 0             0
 L1                 0             0            20
 L2                 0             0             0            21
 Y                  0             0             0             0            22
 C0                 0             0             0             0             0


           PSI
              C0
              ________
 C0                23


     PARAMETER SPECIFICATION FOR THE ADDITIONAL PARAMETERS


           NEW/ADDITIONAL PARAMETERS
              JTE_A1        AVN
              ________      ________
                   26            27


     STARTING VALUES


           TAU
              A1$1          A2$1
              ________      ________
               -1.040        -1.107


           NU
              A1            A2            L1            L2            Y
              ________      ________      ________      ________      ________
                0.000         0.000         0.000         0.000         0.000


           NU
              C0
              ________
                0.000


           LAMBDA
              A1            A2            L1            L2            Y
              ________      ________      ________      ________      ________
 A1             1.000         0.000         0.000         0.000         0.000
 A2             0.000         1.000         0.000         0.000         0.000
 L1             0.000         0.000         1.000         0.000         0.000
 L2             0.000         0.000         0.000         1.000         0.000
 Y              0.000         0.000         0.000         0.000         1.000
 C0             0.000         0.000         0.000         0.000         0.000


           LAMBDA
              C0
              ________
 A1             0.000
 A2             0.000
 L1             0.000
 L2             0.000
 Y              0.000
 C0             1.000


           THETA
              A1            A2            L1            L2            Y
              ________      ________      ________      ________      ________
 A1             0.000
 A2             0.000         0.000
 L1             0.000         0.000         0.000
 L2             0.000         0.000         0.000         0.000
 Y              0.000         0.000         0.000         0.000         0.000
 C0             0.000         0.000         0.000         0.000         0.000


           THETA
              C0
              ________
 C0             0.000


           ALPHA
              A1            A2            L1            L2            Y
              ________      ________      ________      ________      ________
                0.000         0.000         1.494         2.532         1.759


           ALPHA
              C0
              ________
                4.041


           BETA
              A1            A2            L1            L2            Y
              ________      ________      ________      ________      ________
 A1             0.000         0.000         0.000         0.000         0.000
 A2             0.000         0.000         0.000         0.000         0.000
 L1             0.000         0.000         0.000         0.000         0.000
 L2             0.400         0.000         0.300         0.000         0.000
 Y              0.200         0.400         0.150         0.300         0.000
 C0             0.000         0.000         0.000         0.000         0.000


           BETA
              C0
              ________
 A1             0.000
 A2             0.000
 L1             0.100
 L2             0.100
 Y              0.100
 C0             0.000


           PSI
              A1            A2            L1            L2            Y
              ________      ________      ________      ________      ________
 A1             1.000
 A2             0.000         1.000
 L1             0.000         0.000         0.500
 L2             0.000         0.000         0.000         0.500
 Y              0.000         0.000         0.000         0.000         0.500
 C0             0.000         0.000         0.000         0.000         0.000


           PSI
              C0
              ________
 C0             0.500


     STARTING VALUES FOR THE ADDITIONAL PARAMETERS


           NEW/ADDITIONAL PARAMETERS
              JTE_A1        AVN
              ________      ________
                0.320         0.720


RESULTS SAVING INFORMATION

  Order of data

    Replication number
    Parameter estimates
     (saved in order shown in Technical 1 output)
    Standard errors
     (saved in order shown in Technical 1 output)
    Number of Free Parameters
    H0 Loglikelihood
    Akaike (AIC)
    Bayesian (BIC)
    Sample-Size Adjusted BIC
    Entropy
    Condition Number

  Save file
    results_condition6.dat

  Save file format           Free


     Beginning Time:  17:23:56
        Ending Time:  17:24:31
       Elapsed Time:  00:00:35



MUTHEN & MUTHEN
3463 Stoner Ave.
Los Angeles, CA  90066

Tel: (310) 391-9971
Fax: (310) 391-8971
Web: www.StatModel.com
Support: Support@StatModel.com

Copyright (c) 1998-2024 Muthen & Muthen
