Mplus VERSION 8.11
MUTHEN & MUTHEN
01/13/2025   5:11 PM

INPUT INSTRUCTIONS

  TITLE:
     Traditional path analysis for estimating joint effects
     and prolongued exposure effect.
     - K = 2 (waves)
     - All effects assumed linear

  DATA:
      FILE = repList_condition27.dat;
      TYPE = MONTECARLO;

  VARIABLE:
      NAMES = C0 L1 A1 L2 A2 Y
              Pr_A1 Pr_A2 ps1 ps2 W W_correct;
      USEVARIABLES = C0-Y;
      MISSING = .;
      CATEGORICAL = A1 A2;

  ANALYSIS:
     ESTIMATOR = ML;
     LINK = PROBIT;

  MODEL:
      ! Lagged effects on Y
      Y ON A1*0.2 A2*0.4 (B_A1Y B_A2Y);
      Y ON L1*0.15 L2*0.3 (B_L1Y B_L2Y);
      Y ON C0*0.1 (B_C0Y);

      ! Lagged effects on L
      L2 ON L1*0.3 A1*0.4 C0*0.1 (B_L1L2 B_A1L2 B_C0L2);
      L1 ON C0*0.1;

      ! Lagged effects on A
      A2 ON C0 A1 L1 L2;
      A1 ON C0 L1;

      ! Variance
      C0;

      ! Residual variances
      L1 L2 Y;

      ! Thresholds
      [A1$1 A2$1] (tau1 tau2);

  MODEL CONSTRAINT:
      NEW(JTE_A1*0.32);
      JTE_A1 = B_A1L2*B_L2Y + B_A1Y;

      NEW(AvN*0.72);
      AvN = JTE_A1 + B_A2Y;

  SAVEDATA:
      RESULTS = results_condition27.dat;



INPUT READING TERMINATED NORMALLY




Traditional path analysis for estimating joint effects
and prolongued exposure effect.
- K = 2 (waves)
- All effects assumed linear

SUMMARY OF ANALYSIS

Number of groups                                                 1
Average number of observations                                 500

Number of replications
    Requested                                                 1000
    Completed                                                 1000

Number of dependent variables                                    5
Number of independent variables                                  1
Number of continuous latent variables                            0

Observed dependent variables

  Continuous
   L1          L2          Y

  Binary and ordered categorical (ordinal)
   A1          A2

Observed independent variables
   C0


Estimator                                                       ML
Information matrix                                        OBSERVED
Optimization Specifications for the Quasi-Newton Algorithm for
Continuous Outcomes
  Maximum number of iterations                                 100
  Convergence criterion                                  0.100D-05
Optimization Specifications for the EM Algorithm
  Maximum number of iterations                                 500
  Convergence criteria
    Loglikelihood change                                 0.100D-02
    Relative loglikelihood change                        0.100D-05
    Derivative                                           0.100D-02
Optimization Specifications for the M step of the EM Algorithm for
Categorical Latent variables
  Number of M step iterations                                    1
  M step convergence criterion                           0.100D-02
  Basis for M step termination                           ITERATION
Optimization Specifications for the M step of the EM Algorithm for
Censored, Binary or Ordered Categorical (Ordinal), Unordered
Categorical (Nominal) and Count Outcomes
  Number of M step iterations                                    1
  M step convergence criterion                           0.100D-02
  Basis for M step termination                           ITERATION
  Maximum value for logit thresholds                            10
  Minimum value for logit thresholds                           -10
  Minimum expected cell size for chi-square              0.100D-01
Maximum number of iterations for H1                           2000
Convergence criterion for H1                             0.100D-03
Optimization algorithm                                         EMA
Integration Specifications
  Type                                                    STANDARD
  Number of integration points                                  15
  Dimensions of numerical integration                            0
  Adaptive quadrature                                           ON
Link                                                        PROBIT
Cholesky                                                        ON

Input data file(s)
  Multiple data files from
    repList_condition27.dat
Input data format  FREE


SUMMARY OF DATA FOR THE FIRST REPLICATION

     Number of missing data patterns             1
     Number of y missing data patterns           1
     Number of u missing data patterns           1


SUMMARY OF MISSING DATA PATTERNS FOR THE FIRST REPLICATION


     MISSING DATA PATTERNS FOR Y (x = not missing)

           1
 L1        x
 L2        x
 Y         x
 C0        x


     MISSING DATA PATTERN FREQUENCIES FOR Y

    Pattern   Frequency
          1         500


COVARIANCE COVERAGE OF DATA FOR THE FIRST REPLICATION

Minimum covariance coverage value   0.100


     PROPORTION OF DATA PRESENT FOR Y


           Covariance Coverage
              L1            L2            Y             C0
              ________      ________      ________      ________
 L1             1.000
 L2             1.000         1.000
 Y              1.000         1.000         1.000
 C0             1.000         1.000         1.000         1.000


UNIVARIATE PROPORTIONS FOR CATEGORICAL VARIABLES

NOTE:  These are average results over 1000 data sets.

    A1
      Category 1    0.100
      Category 2    0.900
    A2
      Category 1    0.099
      Category 2    0.901


SAMPLE STATISTICS

NOTE:  These are average results over 1000 data sets.


     SAMPLE STATISTICS


           Means
              L1            L2            Y             C0
              ________      ________      ________      ________
                1.400         2.181         1.804         3.998


           Covariances
              L1            L2            Y             C0
              ________      ________      ________      ________
 L1             1.008
 L2             0.321         1.127
 Y              0.269         0.420         1.208
 C0             0.101         0.135         0.160         0.998


           Correlations
              L1            L2            Y             C0
              ________      ________      ________      ________
 L1             1.000
 L2             0.301         1.000
 Y              0.244         0.360         1.000
 C0             0.101         0.127         0.146         1.000




MODEL FIT INFORMATION

Number of Free Parameters                       25

Loglikelihood

    H0 Value

        Mean                             -3142.478
        Std Dev                             37.093
        Number of successful computations     1000

             Proportions                   Percentiles
        Expected    Observed         Expected       Observed
           0.990       0.992        -3228.766      -3227.007
           0.980       0.981        -3218.655      -3218.512
           0.950       0.953        -3203.491      -3202.912
           0.900       0.893        -3190.015      -3191.792
           0.800       0.809        -3173.695      -3172.443
           0.700       0.711        -3161.929      -3161.005
           0.500       0.492        -3142.478      -3143.297
           0.300       0.295        -3123.026      -3123.887
           0.200       0.206        -3111.261      -3110.604
           0.100       0.098        -3094.940      -3095.102
           0.050       0.054        -3081.464      -3081.022
           0.020       0.020        -3066.301      -3066.368
           0.010       0.012        -3056.189      -3053.658

Information Criteria

    Akaike (AIC)

        Mean                              6334.955
        Std Dev                             74.185
        Number of successful computations     1000

             Proportions                   Percentiles
        Expected    Observed         Expected       Observed
           0.990       0.988         6162.379       6155.678
           0.980       0.980         6182.601       6180.436
           0.950       0.946         6212.928       6211.213
           0.900       0.902         6239.880       6240.007
           0.800       0.794         6272.521       6270.869
           0.700       0.705         6296.053       6297.701
           0.500       0.508         6334.955       6336.390
           0.300       0.289         6373.858       6371.894
           0.200       0.191         6397.390       6393.959
           0.100       0.107         6430.031       6432.951
           0.050       0.047         6456.982       6455.599
           0.020       0.019         6487.309       6483.762
           0.010       0.008         6507.532       6503.466

    Bayesian (BIC)

        Mean                              6440.321
        Std Dev                             74.185
        Number of successful computations     1000

             Proportions                   Percentiles
        Expected    Observed         Expected       Observed
           0.990       0.988         6267.744       6261.043
           0.980       0.980         6287.967       6285.801
           0.950       0.946         6318.294       6316.578
           0.900       0.902         6345.245       6345.373
           0.800       0.794         6377.886       6376.234
           0.700       0.705         6401.418       6403.067
           0.500       0.508         6440.321       6441.755
           0.300       0.289         6479.223       6477.259
           0.200       0.191         6502.755       6499.324
           0.100       0.107         6535.396       6538.316
           0.050       0.047         6562.348       6560.964
           0.020       0.019         6592.674       6589.127
           0.010       0.008         6612.897       6608.831

    Sample-Size Adjusted BIC (n* = (n + 2) / 24)

        Mean                              6360.969
        Std Dev                             74.185
        Number of successful computations     1000

             Proportions                   Percentiles
        Expected    Observed         Expected       Observed
           0.990       0.988         6188.392       6181.691
           0.980       0.980         6208.615       6206.449
           0.950       0.946         6238.942       6237.227
           0.900       0.902         6265.893       6266.021
           0.800       0.794         6298.535       6296.883
           0.700       0.705         6322.066       6323.715
           0.500       0.508         6360.969       6362.403
           0.300       0.289         6399.872       6397.908
           0.200       0.191         6423.403       6419.972
           0.100       0.107         6456.045       6458.965
           0.050       0.047         6482.996       6481.613
           0.020       0.019         6513.323       6509.775
           0.010       0.008         6533.546       6529.480



MODEL RESULTS

                              ESTIMATES              S. E.     M. S. E.  95%  % Sig
                 Population   Average   Std. Dev.   Average             Cover Coeff

 Y          ON
  A1                  0.200     0.1989     0.1500     0.1520     0.0225 0.957 0.248
  A2                  0.400     0.4006     0.1522     0.1523     0.0232 0.951 0.753
  L1                  0.150     0.1480     0.0474     0.0468     0.0022 0.942 0.901
  L2                  0.300     0.3003     0.0455     0.0448     0.0021 0.947 1.000
  C0                  0.100     0.0974     0.0454     0.0452     0.0021 0.947 0.574

 L2         ON
  L1                  0.300     0.2987     0.0457     0.0449     0.0021 0.947 1.000
  A1                  0.400     0.4139     0.1483     0.1500     0.0222 0.965 0.791
  C0                  0.100     0.1006     0.0445     0.0450     0.0020 0.952 0.606

 L1         ON
  C0                  0.100     0.1012     0.0453     0.0447     0.0021 0.955 0.621

 A2         ON
  C0                  0.000     0.0518     0.0818     0.0808     0.0094 0.902 0.098
  A1                  0.000     0.4502     0.2352     0.2277     0.2579 0.463 0.537
  L1                  0.000     0.0809     0.0783     0.0864     0.0127 0.874 0.126
  L2                  0.000     0.1227     0.0667     0.0832     0.0195 0.720 0.280

 A1         ON
  C0                  0.000     0.0470     0.0803     0.0786     0.0087 0.906 0.094
  L1                  0.000     0.1506     0.0667     0.0817     0.0271 0.543 0.457

 Means
  C0                  3.979     3.9983     0.0461     0.0447     0.0025 0.912 1.000

 Intercepts
  L1                  1.334     0.9949     0.1873     0.1843     0.1501 0.553 1.000
  L2                  2.141     0.9886     0.2255     0.2274     1.3796 0.001 0.993
  Y                   1.697     0.0126     0.2538     0.2564     2.9024 0.000 0.040

 Thresholds
  A1$1               -1.299    -0.9080     0.3258     0.3258     0.2589 0.776 0.808
  A2$1               -1.313    -0.3526     0.3878     0.3874     1.0727 0.301 0.125

 Variances
  C0                  0.500     0.9983     0.0630     0.0631     0.2523 0.000 1.000

 Residual Variances
  L1                  0.500     0.9959     0.0621     0.0630     0.2498 0.000 1.000
  L2                  0.500     0.9925     0.0639     0.0628     0.2466 0.000 1.000
  Y                   0.500     0.9877     0.0604     0.0625     0.2415 0.000 1.000

New/Additional Parameters
  JTE_A1              0.320     0.3234     0.1533     0.1576     0.0235 0.961 0.533
  AVN                 0.720     0.7240     0.2077     0.2072     0.0431 0.948 0.939


QUALITY OF NUMERICAL RESULTS

     Average Condition Number for the Information Matrix      0.575E-04
       (ratio of smallest to largest eigenvalue)


TECHNICAL 1 OUTPUT


     PARAMETER SPECIFICATION


           TAU
              A1$1          A2$1
              ________      ________
                   24            25


           NU
              A1            A2            L1            L2            Y
              ________      ________      ________      ________      ________
                    0             0             0             0             0


           NU
              C0
              ________
                    0


           LAMBDA
              A1            A2            L1            L2            Y
              ________      ________      ________      ________      ________
 A1                 0             0             0             0             0
 A2                 0             0             0             0             0
 L1                 0             0             0             0             0
 L2                 0             0             0             0             0
 Y                  0             0             0             0             0
 C0                 0             0             0             0             0


           LAMBDA
              C0
              ________
 A1                 0
 A2                 0
 L1                 0
 L2                 0
 Y                  0
 C0                 0


           THETA
              A1            A2            L1            L2            Y
              ________      ________      ________      ________      ________
 A1                 0
 A2                 0             0
 L1                 0             0             0
 L2                 0             0             0             0
 Y                  0             0             0             0             0
 C0                 0             0             0             0             0


           THETA
              C0
              ________
 C0                 0


           ALPHA
              A1            A2            L1            L2            Y
              ________      ________      ________      ________      ________
                    0             0             1             2             3


           ALPHA
              C0
              ________
                    4


           BETA
              A1            A2            L1            L2            Y
              ________      ________      ________      ________      ________
 A1                 0             0             5             0             0
 A2                 7             0             8             9             0
 L1                 0             0             0             0             0
 L2                12             0            13             0             0
 Y                 15            16            17            18             0
 C0                 0             0             0             0             0


           BETA
              C0
              ________
 A1                 6
 A2                10
 L1                11
 L2                14
 Y                 19
 C0                 0


           PSI
              A1            A2            L1            L2            Y
              ________      ________      ________      ________      ________
 A1                 0
 A2                 0             0
 L1                 0             0            20
 L2                 0             0             0            21
 Y                  0             0             0             0            22
 C0                 0             0             0             0             0


           PSI
              C0
              ________
 C0                23


     PARAMETER SPECIFICATION FOR THE ADDITIONAL PARAMETERS


           NEW/ADDITIONAL PARAMETERS
              JTE_A1        AVN
              ________      ________
                   26            27


     STARTING VALUES


           TAU
              A1$1          A2$1
              ________      ________
               -1.299        -1.313


           NU
              A1            A2            L1            L2            Y
              ________      ________      ________      ________      ________
                0.000         0.000         0.000         0.000         0.000


           NU
              C0
              ________
                0.000


           LAMBDA
              A1            A2            L1            L2            Y
              ________      ________      ________      ________      ________
 A1             1.000         0.000         0.000         0.000         0.000
 A2             0.000         1.000         0.000         0.000         0.000
 L1             0.000         0.000         1.000         0.000         0.000
 L2             0.000         0.000         0.000         1.000         0.000
 Y              0.000         0.000         0.000         0.000         1.000
 C0             0.000         0.000         0.000         0.000         0.000


           LAMBDA
              C0
              ________
 A1             0.000
 A2             0.000
 L1             0.000
 L2             0.000
 Y              0.000
 C0             1.000


           THETA
              A1            A2            L1            L2            Y
              ________      ________      ________      ________      ________
 A1             0.000
 A2             0.000         0.000
 L1             0.000         0.000         0.000
 L2             0.000         0.000         0.000         0.000
 Y              0.000         0.000         0.000         0.000         0.000
 C0             0.000         0.000         0.000         0.000         0.000


           THETA
              C0
              ________
 C0             0.000


           ALPHA
              A1            A2            L1            L2            Y
              ________      ________      ________      ________      ________
                0.000         0.000         1.334         2.141         1.697


           ALPHA
              C0
              ________
                3.979


           BETA
              A1            A2            L1            L2            Y
              ________      ________      ________      ________      ________
 A1             0.000         0.000         0.000         0.000         0.000
 A2             0.000         0.000         0.000         0.000         0.000
 L1             0.000         0.000         0.000         0.000         0.000
 L2             0.400         0.000         0.300         0.000         0.000
 Y              0.200         0.400         0.150         0.300         0.000
 C0             0.000         0.000         0.000         0.000         0.000


           BETA
              C0
              ________
 A1             0.000
 A2             0.000
 L1             0.100
 L2             0.100
 Y              0.100
 C0             0.000


           PSI
              A1            A2            L1            L2            Y
              ________      ________      ________      ________      ________
 A1             1.000
 A2             0.000         1.000
 L1             0.000         0.000         0.500
 L2             0.000         0.000         0.000         0.500
 Y              0.000         0.000         0.000         0.000         0.500
 C0             0.000         0.000         0.000         0.000         0.000


           PSI
              C0
              ________
 C0             0.500


     STARTING VALUES FOR THE ADDITIONAL PARAMETERS


           NEW/ADDITIONAL PARAMETERS
              JTE_A1        AVN
              ________      ________
                0.320         0.720


RESULTS SAVING INFORMATION

  Order of data

    Replication number
    Parameter estimates
     (saved in order shown in Technical 1 output)
    Standard errors
     (saved in order shown in Technical 1 output)
    Number of Free Parameters
    H0 Loglikelihood
    Akaike (AIC)
    Bayesian (BIC)
    Sample-Size Adjusted BIC
    Entropy
    Condition Number

  Save file
    results_condition27.dat

  Save file format           Free


     Beginning Time:  17:11:03
        Ending Time:  17:12:02
       Elapsed Time:  00:00:59



MUTHEN & MUTHEN
3463 Stoner Ave.
Los Angeles, CA  90066

Tel: (310) 391-9971
Fax: (310) 391-8971
Web: www.StatModel.com
Support: Support@StatModel.com

Copyright (c) 1998-2024 Muthen & Muthen
