Mplus VERSION 8.11
MUTHEN & MUTHEN
01/13/2025   4:41 PM

INPUT INSTRUCTIONS

  TITLE:
     Traditional path analysis for estimating joint effects
     and prolongued exposure effect.
     - K = 2 (waves)
     - Model correctly specified

  DATA:
      FILE = repList_condition13.dat;
      TYPE = MONTECARLO;

  VARIABLE:
      NAMES = C0 L1 A1 L2 A2 Y
              Pr_A1 Pr_A2 ps1 ps2 W W_correct;
      USEVARIABLES = C0-Y C0C0 L1L1 L2L2;
      MISSING = .;
      CATEGORICAL = A1 A2;

  DEFINE:
      CENTER C0 L1 L2 (GRANDMEAN);
      C0C0 = C0**2;
      L1L1 = L1**2;
      L2L2 = L2**2;

  ANALYSIS:
     ESTIMATOR = ML;
     LINK = PROBIT;

  MODEL:
      ! Lagged effects on Y
      Y ON A1*0.2 A2*0.4 (B_A1Y B_A2Y);
      Y ON L1*0.15 L2*0.3 (B_L1Y B_L2Y);
      Y ON C0*0.1 (B_C0Y);
      Y ON C0C0*0.1 L1L1*0.15 L2L2*0.3;

      ! Lagged effects on L
      L2 ON L1*0.3 A1*0.4 C0*0.1 (B_L1L2 B_A1L2 B_C0L2);
      L2 ON C0C0*0.1 L1L1*0.15;
      L1 ON C0*0.1 C0C0*0.1;

      ! Lagged effects on A
      A2 ON C0 A1 L1 L2 L1L1 L2L2;
      A1 ON C0 L1 L1L1;

      ! Variance
      C0;

      ! Residual variances
      L1 L2 Y;

      ! Thresholds
      [A1$1 A2$1] (tau1 tau2);

  MODEL CONSTRAINT:
      NEW(JTE_A1*0.32);
      JTE_A1 = B_A1L2*B_L2Y + B_A1Y;

      NEW(AvN*0.72);
      AvN = JTE_A1 + B_A2Y;

  SAVEDATA:
      RESULTS = results_correct_condition13.dat;



INPUT READING TERMINATED NORMALLY




Traditional path analysis for estimating joint effects
and prolongued exposure effect.
- K = 2 (waves)
- Model correctly specified

SUMMARY OF ANALYSIS

Number of groups                                                 1
Average number of observations                                 150

Number of replications
    Requested                                                 1000
    Completed                                                 1000

Number of dependent variables                                    5
Number of independent variables                                  4
Number of continuous latent variables                            0

Observed dependent variables

  Continuous
   L1          L2          Y

  Binary and ordered categorical (ordinal)
   A1          A2

Observed independent variables
   C0          C0C0        L1L1        L2L2

Variables with special functions

  Centering (GRANDMEAN)
   C0          L1          L2


Estimator                                                       ML
Information matrix                                        OBSERVED
Optimization Specifications for the Quasi-Newton Algorithm for
Continuous Outcomes
  Maximum number of iterations                                 100
  Convergence criterion                                  0.100D-05
Optimization Specifications for the EM Algorithm
  Maximum number of iterations                                 500
  Convergence criteria
    Loglikelihood change                                 0.100D-02
    Relative loglikelihood change                        0.100D-05
    Derivative                                           0.100D-02
Optimization Specifications for the M step of the EM Algorithm for
Categorical Latent variables
  Number of M step iterations                                    1
  M step convergence criterion                           0.100D-02
  Basis for M step termination                           ITERATION
Optimization Specifications for the M step of the EM Algorithm for
Censored, Binary or Ordered Categorical (Ordinal), Unordered
Categorical (Nominal) and Count Outcomes
  Number of M step iterations                                    1
  M step convergence criterion                           0.100D-02
  Basis for M step termination                           ITERATION
  Maximum value for logit thresholds                            10
  Minimum value for logit thresholds                           -10
  Minimum expected cell size for chi-square              0.100D-01
Maximum number of iterations for H1                           2000
Convergence criterion for H1                             0.100D-03
Optimization algorithm                                         EMA
Integration Specifications
  Type                                                    STANDARD
  Number of integration points                                  15
  Dimensions of numerical integration                            0
  Adaptive quadrature                                           ON
Link                                                        PROBIT
Cholesky                                                        ON

Input data file(s)
  Multiple data files from
    repList_condition13.dat
Input data format  FREE


SUMMARY OF DATA FOR THE FIRST REPLICATION

     Number of missing data patterns             1
     Number of y missing data patterns           1
     Number of u missing data patterns           1


SUMMARY OF MISSING DATA PATTERNS FOR THE FIRST REPLICATION


     MISSING DATA PATTERNS FOR Y (x = not missing)

           1
 L1        x
 L2        x
 Y         x
 C0        x
 C0C0      x
 L1L1      x
 L2L2      x


     MISSING DATA PATTERN FREQUENCIES FOR Y

    Pattern   Frequency
          1         150


COVARIANCE COVERAGE OF DATA FOR THE FIRST REPLICATION

Minimum covariance coverage value   0.100


     PROPORTION OF DATA PRESENT FOR Y


           Covariance Coverage
              L1            L2            Y             C0            C0C0
              ________      ________      ________      ________      ________
 L1             1.000
 L2             1.000         1.000
 Y              1.000         1.000         1.000
 C0             1.000         1.000         1.000         1.000
 C0C0           1.000         1.000         1.000         1.000         1.000
 L1L1           1.000         1.000         1.000         1.000         1.000
 L2L2           1.000         1.000         1.000         1.000         1.000


           Covariance Coverage
              L1L1          L2L2
              ________      ________
 L1L1           1.000
 L2L2           1.000         1.000


UNIVARIATE PROPORTIONS FOR CATEGORICAL VARIABLES

NOTE:  These are average results over 1000 data sets.

    A1
      Category 1    0.899
      Category 2    0.101
    A2
      Category 1    0.901
      Category 2    0.099


SAMPLE STATISTICS

NOTE:  These are average results over 1000 data sets.


     SAMPLE STATISTICS


           Means
              L1            L2            Y             C0            C0C0
              ________      ________      ________      ________      ________
                0.000         0.000         2.048         0.000         0.993


           Means
              L1L1          L2L2
              ________      ________
                1.028         1.403


           Covariances
              L1            L2            Y             C0            C0C0
              ________      ________      ________      ________      ________
 L1             1.028
 L2             0.368         1.403
 Y              0.506         0.915         2.412
 C0             0.098         0.153         0.236         0.993
 C0C0           0.200         0.293         0.472         0.008         1.958
 L1L1           0.010         0.708         1.026         0.037         0.102
 L2L2           0.549         0.677         2.376         0.172         0.391


           Covariances
              L1L1          L2L2
              ________      ________
 L1L1           2.112
 L2L2           1.289         5.557


           Correlations
              L1            L2            Y             C0            C0C0
              ________      ________      ________      ________      ________
 L1             1.000
 L2             0.306         1.000
 Y              0.321         0.497         1.000
 C0             0.097         0.130         0.153         1.000
 C0C0           0.141         0.177         0.217         0.006         1.000
 L1L1           0.007         0.411         0.455         0.026         0.050
 L2L2           0.230         0.243         0.649         0.073         0.119


           Correlations
              L1L1          L2L2
              ________      ________
 L1L1           1.000
 L2L2           0.376         1.000




MODEL FIT INFORMATION

Number of Free Parameters                       34

Loglikelihood

    H0 Value

        Mean                              -903.922
        Std Dev                             22.401
        Number of successful computations     1000

             Proportions                   Percentiles
        Expected    Observed         Expected       Observed
           0.990       0.992         -956.034       -955.762
           0.980       0.975         -949.927       -952.677
           0.950       0.954         -940.770       -940.348
           0.900       0.904         -932.631       -932.322
           0.800       0.801         -922.775       -922.799
           0.700       0.687         -915.669       -916.364
           0.500       0.498         -903.922       -904.094
           0.300       0.297         -892.175       -892.379
           0.200       0.201         -885.069       -885.012
           0.100       0.102         -875.213       -874.765
           0.050       0.051         -867.075       -866.368
           0.020       0.018         -857.917       -859.870
           0.010       0.010         -851.811       -852.822

Information Criteria

    Akaike (AIC)

        Mean                              1875.844
        Std Dev                             44.802
        Number of successful computations     1000

             Proportions                   Percentiles
        Expected    Observed         Expected       Observed
           0.990       0.990         1771.621       1770.981
           0.980       0.982         1783.834       1787.463
           0.950       0.949         1802.149       1800.407
           0.900       0.898         1818.426       1816.773
           0.800       0.799         1838.139       1837.392
           0.700       0.703         1852.350       1852.652
           0.500       0.502         1875.844       1876.181
           0.300       0.313         1899.338       1900.654
           0.200       0.199         1913.550       1913.211
           0.100       0.096         1933.263       1932.468
           0.050       0.046         1949.539       1948.313
           0.020       0.025         1967.854       1973.257
           0.010       0.008         1980.067       1979.405

    Bayesian (BIC)

        Mean                              1978.206
        Std Dev                             44.802
        Number of successful computations     1000

             Proportions                   Percentiles
        Expected    Observed         Expected       Observed
           0.990       0.990         1873.983       1873.343
           0.980       0.982         1886.196       1889.824
           0.950       0.949         1904.511       1902.769
           0.900       0.898         1920.788       1919.135
           0.800       0.799         1940.501       1939.753
           0.700       0.703         1954.712       1955.013
           0.500       0.502         1978.206       1978.542
           0.300       0.313         2001.700       2003.016
           0.200       0.199         2015.911       2015.572
           0.100       0.096         2035.624       2034.830
           0.050       0.046         2051.901       2050.675
           0.020       0.025         2070.216       2075.618
           0.010       0.008         2082.429       2081.767

    Sample-Size Adjusted BIC (n* = (n + 2) / 24)

        Mean                              1870.602
        Std Dev                             44.802
        Number of successful computations     1000

             Proportions                   Percentiles
        Expected    Observed         Expected       Observed
           0.990       0.990         1766.380       1765.739
           0.980       0.982         1778.593       1782.221
           0.950       0.949         1796.908       1795.165
           0.900       0.898         1813.184       1811.531
           0.800       0.799         1832.897       1832.150
           0.700       0.703         1847.108       1847.410
           0.500       0.502         1870.602       1870.939
           0.300       0.313         1894.097       1895.412
           0.200       0.199         1908.308       1907.969
           0.100       0.096         1928.021       1927.226
           0.050       0.046         1944.297       1943.072
           0.020       0.025         1962.612       1968.015
           0.010       0.008         1974.825       1974.164



MODEL RESULTS

                              ESTIMATES              S. E.     M. S. E.  95%  % Sig
                 Population   Average   Std. Dev.   Average             Cover Coeff

 Y          ON
  A1                  0.200     0.2004     0.3287     0.3108     0.1079 0.948 0.114
  A2                  0.400     0.4087     0.3901     0.3531     0.1521 0.921 0.243
  L1                  0.150     0.1480     0.0960     0.0904     0.0092 0.935 0.397
  L2                  0.300     0.3023     0.0965     0.0847     0.0093 0.924 0.924
  C0                  0.100     0.1032     0.0892     0.0834     0.0080 0.924 0.254
  C0C0                0.100     0.1017     0.0663     0.0620     0.0044 0.930 0.388
  L1L1                0.150     0.1511     0.0732     0.0710     0.0053 0.942 0.585
  L2L2                0.300     0.2984     0.0498     0.0464     0.0025 0.934 0.998

 L2         ON
  L1                  0.300     0.2987     0.0906     0.0843     0.0082 0.935 0.935
  A1                  0.400     0.4072     0.3173     0.3038     0.1006 0.951 0.305
  C0                  0.100     0.1064     0.0860     0.0826     0.0074 0.944 0.271
  C0C0                0.100     0.0977     0.0636     0.0609     0.0040 0.941 0.378
  L1L1                0.150     0.2976     0.0677     0.0618     0.0264 0.345 0.989

 L1         ON
  C0                  0.100     0.0981     0.0851     0.0823     0.0072 0.944 0.231
  C0C0                0.100     0.1011     0.0607     0.0604     0.0037 0.949 0.404

 A2         ON
  C0                  0.000     0.1154     0.8934     0.4586     0.8107 0.949 0.051
  A1                  0.000     0.4695     2.6652     1.9781     7.3167 0.873 0.127
  L1                  0.000     0.1434     4.6542     1.6789    21.6605 0.918 0.082
  L2                  0.000     0.9047    15.8984     2.6618   253.3235 0.629 0.371
  L1L1                0.000     0.1932     1.8647     0.7734     3.5110 0.836 0.164
  L2L2                0.000     0.2806     2.8421     0.7862     8.1483 0.269 0.731

 A1         ON
  C0                  0.000     0.0520     0.1723     0.1633     0.0324 0.945 0.055
  L1                  0.000     0.3160     0.2238     0.1626     0.1499 0.486 0.514
  L1L1                0.000     0.2764     0.1303     0.1108     0.0933 0.229 0.771

 Means
  C0                  0.000     0.0000     0.0000     0.0812     0.0000 1.000 0.000

 Intercepts
  L1                  0.000    -0.1006     0.0611     0.1003     0.0139 0.939 0.061
  L2                  0.000    -0.4447     0.0973     0.1148     0.2072 0.014 0.986
  Y                   1.927     1.3120     0.1374     0.1249     0.3976 0.002 1.000

 Thresholds
  A1$1                1.308     1.7817     0.2783     0.2273     0.3014 0.454 0.999
  A2$1                1.357     3.5004    20.9254     4.8192   442.0278 0.094 0.989

 Variances
  C0                  0.500     0.9928     0.1154     0.1146     0.2562 0.000 1.000

 Residual Variances
  L1                  0.500     0.9843     0.1153     0.1137     0.2479 0.000 1.000
  L2                  0.500     0.9575     0.1119     0.1106     0.2218 0.002 1.000
  Y                   0.500     0.9407     0.1110     0.1086     0.2065 0.004 1.000

New/Additional Parameters
  JTE_A1              0.320     0.3256     0.3434     0.3234     0.1179 0.945 0.191
  AVN                 0.720     0.7342     0.4878     0.4511     0.2379 0.937 0.404


QUALITY OF NUMERICAL RESULTS

     Average Condition Number for the Information Matrix      0.114E-03
       (ratio of smallest to largest eigenvalue)


TECHNICAL 1 OUTPUT


     PARAMETER SPECIFICATION


           TAU
              A1$1          A2$1
              ________      ________
                   33            34


           NU
              A1            A2            L1            L2            Y
              ________      ________      ________      ________      ________
                    0             0             0             0             0


           NU
              C0            C0C0          L1L1          L2L2
              ________      ________      ________      ________
                    0             0             0             0


           LAMBDA
              A1            A2            L1            L2            Y
              ________      ________      ________      ________      ________
 A1                 0             0             0             0             0
 A2                 0             0             0             0             0
 L1                 0             0             0             0             0
 L2                 0             0             0             0             0
 Y                  0             0             0             0             0
 C0                 0             0             0             0             0
 C0C0               0             0             0             0             0
 L1L1               0             0             0             0             0
 L2L2               0             0             0             0             0


           LAMBDA
              C0            C0C0          L1L1          L2L2
              ________      ________      ________      ________
 A1                 0             0             0             0
 A2                 0             0             0             0
 L1                 0             0             0             0
 L2                 0             0             0             0
 Y                  0             0             0             0
 C0                 0             0             0             0
 C0C0               0             0             0             0
 L1L1               0             0             0             0
 L2L2               0             0             0             0


           THETA
              A1            A2            L1            L2            Y
              ________      ________      ________      ________      ________
 A1                 0
 A2                 0             0
 L1                 0             0             0
 L2                 0             0             0             0
 Y                  0             0             0             0             0
 C0                 0             0             0             0             0
 C0C0               0             0             0             0             0
 L1L1               0             0             0             0             0
 L2L2               0             0             0             0             0


           THETA
              C0            C0C0          L1L1          L2L2
              ________      ________      ________      ________
 C0                 0
 C0C0               0             0
 L1L1               0             0             0
 L2L2               0             0             0             0


           ALPHA
              A1            A2            L1            L2            Y
              ________      ________      ________      ________      ________
                    0             0             1             2             3


           ALPHA
              C0            C0C0          L1L1          L2L2
              ________      ________      ________      ________
                    4             0             0             0


           BETA
              A1            A2            L1            L2            Y
              ________      ________      ________      ________      ________
 A1                 0             0             5             0             0
 A2                 8             0             9            10             0
 L1                 0             0             0             0             0
 L2                16             0            17             0             0
 Y                 21            22            23            24             0
 C0                 0             0             0             0             0
 C0C0               0             0             0             0             0
 L1L1               0             0             0             0             0
 L2L2               0             0             0             0             0


           BETA
              C0            C0C0          L1L1          L2L2
              ________      ________      ________      ________
 A1                 6             0             7             0
 A2                11             0            12            13
 L1                14            15             0             0
 L2                18            19            20             0
 Y                 25            26            27            28
 C0                 0             0             0             0
 C0C0               0             0             0             0
 L1L1               0             0             0             0
 L2L2               0             0             0             0


           PSI
              A1            A2            L1            L2            Y
              ________      ________      ________      ________      ________
 A1                 0
 A2                 0             0
 L1                 0             0            29
 L2                 0             0             0            30
 Y                  0             0             0             0            31
 C0                 0             0             0             0             0
 C0C0               0             0             0             0             0
 L1L1               0             0             0             0             0
 L2L2               0             0             0             0             0


           PSI
              C0            C0C0          L1L1          L2L2
              ________      ________      ________      ________
 C0                32
 C0C0               0             0
 L1L1               0             0             0
 L2L2               0             0             0             0


     PARAMETER SPECIFICATION FOR THE ADDITIONAL PARAMETERS


           NEW/ADDITIONAL PARAMETERS
              JTE_A1        AVN
              ________      ________
                   35            36


     STARTING VALUES


           TAU
              A1$1          A2$1
              ________      ________
                1.308         1.357


           NU
              A1            A2            L1            L2            Y
              ________      ________      ________      ________      ________
                0.000         0.000         0.000         0.000         0.000


           NU
              C0            C0C0          L1L1          L2L2
              ________      ________      ________      ________
                0.000         0.000         0.000         0.000


           LAMBDA
              A1            A2            L1            L2            Y
              ________      ________      ________      ________      ________
 A1             1.000         0.000         0.000         0.000         0.000
 A2             0.000         1.000         0.000         0.000         0.000
 L1             0.000         0.000         1.000         0.000         0.000
 L2             0.000         0.000         0.000         1.000         0.000
 Y              0.000         0.000         0.000         0.000         1.000
 C0             0.000         0.000         0.000         0.000         0.000
 C0C0           0.000         0.000         0.000         0.000         0.000
 L1L1           0.000         0.000         0.000         0.000         0.000
 L2L2           0.000         0.000         0.000         0.000         0.000


           LAMBDA
              C0            C0C0          L1L1          L2L2
              ________      ________      ________      ________
 A1             0.000         0.000         0.000         0.000
 A2             0.000         0.000         0.000         0.000
 L1             0.000         0.000         0.000         0.000
 L2             0.000         0.000         0.000         0.000
 Y              0.000         0.000         0.000         0.000
 C0             1.000         0.000         0.000         0.000
 C0C0           0.000         1.000         0.000         0.000
 L1L1           0.000         0.000         1.000         0.000
 L2L2           0.000         0.000         0.000         1.000


           THETA
              A1            A2            L1            L2            Y
              ________      ________      ________      ________      ________
 A1             0.000
 A2             0.000         0.000
 L1             0.000         0.000         0.000
 L2             0.000         0.000         0.000         0.000
 Y              0.000         0.000         0.000         0.000         0.000
 C0             0.000         0.000         0.000         0.000         0.000
 C0C0           0.000         0.000         0.000         0.000         0.000
 L1L1           0.000         0.000         0.000         0.000         0.000
 L2L2           0.000         0.000         0.000         0.000         0.000


           THETA
              C0            C0C0          L1L1          L2L2
              ________      ________      ________      ________
 C0             0.000
 C0C0           0.000         0.000
 L1L1           0.000         0.000         0.000
 L2L2           0.000         0.000         0.000         0.000


           ALPHA
              A1            A2            L1            L2            Y
              ________      ________      ________      ________      ________
                0.000         0.000         0.000         0.000         1.927


           ALPHA
              C0            C0C0          L1L1          L2L2
              ________      ________      ________      ________
                0.000         0.000         0.000         0.000


           BETA
              A1            A2            L1            L2            Y
              ________      ________      ________      ________      ________
 A1             0.000         0.000         0.000         0.000         0.000
 A2             0.000         0.000         0.000         0.000         0.000
 L1             0.000         0.000         0.000         0.000         0.000
 L2             0.400         0.000         0.300         0.000         0.000
 Y              0.200         0.400         0.150         0.300         0.000
 C0             0.000         0.000         0.000         0.000         0.000
 C0C0           0.000         0.000         0.000         0.000         0.000
 L1L1           0.000         0.000         0.000         0.000         0.000
 L2L2           0.000         0.000         0.000         0.000         0.000


           BETA
              C0            C0C0          L1L1          L2L2
              ________      ________      ________      ________
 A1             0.000         0.000         0.000         0.000
 A2             0.000         0.000         0.000         0.000
 L1             0.100         0.100         0.000         0.000
 L2             0.100         0.100         0.150         0.000
 Y              0.100         0.100         0.150         0.300
 C0             0.000         0.000         0.000         0.000
 C0C0           0.000         0.000         0.000         0.000
 L1L1           0.000         0.000         0.000         0.000
 L2L2           0.000         0.000         0.000         0.000


           PSI
              A1            A2            L1            L2            Y
              ________      ________      ________      ________      ________
 A1             1.000
 A2             0.000         1.000
 L1             0.000         0.000         0.500
 L2             0.000         0.000         0.000         0.500
 Y              0.000         0.000         0.000         0.000         0.500
 C0             0.000         0.000         0.000         0.000         0.000
 C0C0           0.000         0.000         0.000         0.000         0.000
 L1L1           0.000         0.000         0.000         0.000         0.000
 L2L2           0.000         0.000         0.000         0.000         0.000


           PSI
              C0            C0C0          L1L1          L2L2
              ________      ________      ________      ________
 C0             0.500
 C0C0           0.000         0.500
 L1L1           0.000         0.000         0.500
 L2L2           0.000         0.000         0.000         0.500


     STARTING VALUES FOR THE ADDITIONAL PARAMETERS


           NEW/ADDITIONAL PARAMETERS
              JTE_A1        AVN
              ________      ________
                0.320         0.720


RESULTS SAVING INFORMATION

  Order of data

    Replication number
    Parameter estimates
     (saved in order shown in Technical 1 output)
    Standard errors
     (saved in order shown in Technical 1 output)
    Number of Free Parameters
    H0 Loglikelihood
    Akaike (AIC)
    Bayesian (BIC)
    Sample-Size Adjusted BIC
    Entropy
    Condition Number

  Save file
    results_correct_condition13.dat

  Save file format           Free


     Beginning Time:  16:41:23
        Ending Time:  16:42:00
       Elapsed Time:  00:00:37



MUTHEN & MUTHEN
3463 Stoner Ave.
Los Angeles, CA  90066

Tel: (310) 391-9971
Fax: (310) 391-8971
Web: www.StatModel.com
Support: Support@StatModel.com

Copyright (c) 1998-2024 Muthen & Muthen
