Mplus VERSION 8.11
MUTHEN & MUTHEN
01/13/2025   5:07 PM

INPUT INSTRUCTIONS

  TITLE:
     Traditional path analysis for estimating joint effects
     and prolongued exposure effect.
     - K = 2 (waves)
     - Model correctly specified

  DATA:
      FILE = repList_condition26.dat;
      TYPE = MONTECARLO;

  VARIABLE:
      NAMES = C0 L1 A1 L2 A2 Y
              Pr_A1 Pr_A2 ps1 ps2 W W_correct;
      USEVARIABLES = C0-Y L1L1 L2L2;
      MISSING = .;
      CATEGORICAL = A1 A2;

  DEFINE:
      CENTER L1 L2 (GRANDMEAN);
      L1L1 = L1**2;
      L2L2 = L2**2;

  ANALYSIS:
     ESTIMATOR = ML;
     LINK = PROBIT;

  MODEL:
      ! Lagged effects on Y
      Y ON A1*0.2 A2*0.4 (B_A1Y B_A2Y);
      Y ON L1*0.15 L2*0.3 (B_L1Y B_L2Y);
      Y ON C0*0.1 (B_C0Y);

      ! Lagged effects on L
      L2 ON L1*0.3 A1*0.4 C0*0.1 (B_L1L2 B_A1L2 B_C0L2);
      L1 ON C0*0.1;

      ! Lagged effects on A
      A2 ON C0 A1 L1 L2 L1L1 L2L2;
      A1 ON C0 L1 L1L1;

      ! Variance
      C0;

      ! Residual variances
      L1 L2 Y;

      ! Thresholds
      [A1$1 A2$1] (tau1 tau2);

  MODEL CONSTRAINT:
      NEW(JTE_A1*0.32);
      JTE_A1 = B_A1L2*B_L2Y + B_A1Y;

      NEW(AvN*0.72);
      AvN = JTE_A1 + B_A2Y;

  SAVEDATA:
      RESULTS = results_correct_condition26.dat;



INPUT READING TERMINATED NORMALLY




Traditional path analysis for estimating joint effects
and prolongued exposure effect.
- K = 2 (waves)
- Model correctly specified

SUMMARY OF ANALYSIS

Number of groups                                                 1
Average number of observations                                 500

Number of replications
    Requested                                                 1000
    Completed                                                 1000

Number of dependent variables                                    5
Number of independent variables                                  3
Number of continuous latent variables                            0

Observed dependent variables

  Continuous
   L1          L2          Y

  Binary and ordered categorical (ordinal)
   A1          A2

Observed independent variables
   C0          L1L1        L2L2

Variables with special functions

  Centering (GRANDMEAN)
   L1          L2


Estimator                                                       ML
Information matrix                                        OBSERVED
Optimization Specifications for the Quasi-Newton Algorithm for
Continuous Outcomes
  Maximum number of iterations                                 100
  Convergence criterion                                  0.100D-05
Optimization Specifications for the EM Algorithm
  Maximum number of iterations                                 500
  Convergence criteria
    Loglikelihood change                                 0.100D-02
    Relative loglikelihood change                        0.100D-05
    Derivative                                           0.100D-02
Optimization Specifications for the M step of the EM Algorithm for
Categorical Latent variables
  Number of M step iterations                                    1
  M step convergence criterion                           0.100D-02
  Basis for M step termination                           ITERATION
Optimization Specifications for the M step of the EM Algorithm for
Censored, Binary or Ordered Categorical (Ordinal), Unordered
Categorical (Nominal) and Count Outcomes
  Number of M step iterations                                    1
  M step convergence criterion                           0.100D-02
  Basis for M step termination                           ITERATION
  Maximum value for logit thresholds                            10
  Minimum value for logit thresholds                           -10
  Minimum expected cell size for chi-square              0.100D-01
Maximum number of iterations for H1                           2000
Convergence criterion for H1                             0.100D-03
Optimization algorithm                                         EMA
Integration Specifications
  Type                                                    STANDARD
  Number of integration points                                  15
  Dimensions of numerical integration                            0
  Adaptive quadrature                                           ON
Link                                                        PROBIT
Cholesky                                                        ON

Input data file(s)
  Multiple data files from
    repList_condition26.dat
Input data format  FREE


SUMMARY OF DATA FOR THE FIRST REPLICATION

     Number of missing data patterns             1
     Number of y missing data patterns           1
     Number of u missing data patterns           1


SUMMARY OF MISSING DATA PATTERNS FOR THE FIRST REPLICATION


     MISSING DATA PATTERNS FOR Y (x = not missing)

           1
 L1        x
 L2        x
 Y         x
 C0        x
 L1L1      x
 L2L2      x


     MISSING DATA PATTERN FREQUENCIES FOR Y

    Pattern   Frequency
          1         500


COVARIANCE COVERAGE OF DATA FOR THE FIRST REPLICATION

Minimum covariance coverage value   0.100


     PROPORTION OF DATA PRESENT FOR Y


           Covariance Coverage
              L1            L2            Y             C0            L1L1
              ________      ________      ________      ________      ________
 L1             1.000
 L2             1.000         1.000
 Y              1.000         1.000         1.000
 C0             1.000         1.000         1.000         1.000
 L1L1           1.000         1.000         1.000         1.000         1.000
 L2L2           1.000         1.000         1.000         1.000         1.000


           Covariance Coverage
              L2L2
              ________
 L2L2           1.000


UNIVARIATE PROPORTIONS FOR CATEGORICAL VARIABLES

NOTE:  These are average results over 1000 data sets.

    A1
      Category 1    0.499
      Category 2    0.501
    A2
      Category 1    0.500
      Category 2    0.500


SAMPLE STATISTICS

NOTE:  These are average results over 1000 data sets.


     SAMPLE STATISTICS


           Means
              L1            L2            Y             C0            L1L1
              ________      ________      ________      ________      ________
                0.000         0.000         1.518         4.001         1.006


           Means
              L2L2
              ________
                1.167


           Covariances
              L1            L2            Y             C0            L1L1
              ________      ________      ________      ________      ________
 L1             1.006
 L2             0.349         1.167
 Y              0.317         0.495         1.306
 C0             0.098         0.146         0.181         0.994
 L1L1          -0.004         0.063         0.103        -0.003         2.027
 L2L2           0.042         0.022         0.095         0.006         0.222


           Covariances
              L2L2
              ________
 L2L2           2.712


           Correlations
              L1            L2            Y             C0            L1L1
              ________      ________      ________      ________      ________
 L1             1.000
 L2             0.323         1.000
 Y              0.276         0.401         1.000
 C0             0.098         0.135         0.159         1.000
 L1L1          -0.003         0.041         0.063        -0.002         1.000
 L2L2           0.025         0.012         0.050         0.003         0.095


           Correlations
              L2L2
              ________
 L2L2           1.000




MODEL FIT INFORMATION

Number of Free Parameters                       28

Loglikelihood

    H0 Value

        Mean                             -3430.942
        Std Dev                             31.479
        Number of successful computations     1000

             Proportions                   Percentiles
        Expected    Observed         Expected       Observed
           0.990       0.991        -3504.172      -3502.297
           0.980       0.984        -3495.591      -3493.649
           0.950       0.945        -3482.722      -3483.768
           0.900       0.895        -3471.286      -3472.511
           0.800       0.791        -3457.435      -3458.251
           0.700       0.696        -3447.450      -3447.927
           0.500       0.503        -3430.942      -3430.795
           0.300       0.301        -3414.435      -3414.245
           0.200       0.199        -3404.450      -3404.955
           0.100       0.110        -3390.599      -3389.054
           0.050       0.048        -3379.163      -3379.697
           0.020       0.020        -3366.294      -3367.851
           0.010       0.010        -3357.713      -3358.990

Information Criteria

    Akaike (AIC)

        Mean                              6917.885
        Std Dev                             62.958
        Number of successful computations     1000

             Proportions                   Percentiles
        Expected    Observed         Expected       Observed
           0.990       0.990         6771.426       6769.150
           0.980       0.980         6788.588       6787.284
           0.950       0.952         6814.325       6815.263
           0.900       0.890         6837.198       6833.446
           0.800       0.801         6864.900       6864.562
           0.700       0.699         6884.870       6884.258
           0.500       0.497         6917.885       6917.588
           0.300       0.304         6950.900       6951.851
           0.200       0.209         6970.870       6972.315
           0.100       0.105         6998.572       7000.816
           0.050       0.055         7021.445       7023.067
           0.020       0.016         7047.182       7042.696
           0.010       0.009         7064.344       7060.521

    Bayesian (BIC)

        Mean                              7035.894
        Std Dev                             62.958
        Number of successful computations     1000

             Proportions                   Percentiles
        Expected    Observed         Expected       Observed
           0.990       0.990         6889.435       6887.159
           0.980       0.980         6906.597       6905.293
           0.950       0.952         6932.334       6933.272
           0.900       0.890         6955.207       6951.455
           0.800       0.801         6982.909       6982.571
           0.700       0.699         7002.879       7002.267
           0.500       0.497         7035.894       7035.597
           0.300       0.304         7068.909       7069.860
           0.200       0.209         7088.879       7090.324
           0.100       0.105         7116.581       7118.825
           0.050       0.055         7139.454       7141.076
           0.020       0.016         7165.191       7160.705
           0.010       0.009         7182.353       7178.531

    Sample-Size Adjusted BIC (n* = (n + 2) / 24)

        Mean                              6947.020
        Std Dev                             62.958
        Number of successful computations     1000

             Proportions                   Percentiles
        Expected    Observed         Expected       Observed
           0.990       0.990         6800.561       6798.285
           0.980       0.980         6817.723       6816.419
           0.950       0.952         6843.461       6844.399
           0.900       0.890         6866.333       6862.581
           0.800       0.801         6894.035       6893.697
           0.700       0.699         6914.005       6913.393
           0.500       0.497         6947.020       6946.723
           0.300       0.304         6980.035       6980.987
           0.200       0.209         7000.006       7001.451
           0.100       0.105         7027.707       7029.952
           0.050       0.055         7050.580       7052.202
           0.020       0.016         7076.317       7071.831
           0.010       0.009         7093.479       7089.657



MODEL RESULTS

                              ESTIMATES              S. E.     M. S. E.  95%  % Sig
                 Population   Average   Std. Dev.   Average             Cover Coeff

 Y          ON
  A1                  0.200     0.2046     0.0956     0.0950     0.0092 0.949 0.588
  A2                  0.400     0.3945     0.0918     0.0948     0.0084 0.949 0.989
  L1                  0.150     0.1471     0.0481     0.0476     0.0023 0.940 0.872
  L2                  0.300     0.3013     0.0449     0.0453     0.0020 0.953 1.000
  C0                  0.100     0.1013     0.0439     0.0454     0.0019 0.965 0.615

 L2         ON
  L1                  0.300     0.3006     0.0462     0.0454     0.0021 0.944 1.000
  A1                  0.400     0.3959     0.0945     0.0909     0.0089 0.942 0.987
  C0                  0.100     0.1040     0.0438     0.0450     0.0019 0.951 0.629

 L1         ON
  C0                  0.100     0.0985     0.0444     0.0448     0.0020 0.956 0.583

 A2         ON
  C0                  0.000     0.0600     0.0614     0.0622     0.0074 0.846 0.154
  A1                  0.000     0.4958     0.1267     0.1280     0.2618 0.019 0.981
  L1                  0.000     0.1501     0.0698     0.0684     0.0274 0.415 0.585
  L2                  0.000     0.2986     0.0762     0.0700     0.0950 0.010 0.990
  L1L1                0.000     0.1512     0.0536     0.0520     0.0257 0.151 0.849
  L2L2                0.000     0.3054     0.0543     0.0521     0.0962 0.000 1.000

 A1         ON
  C0                  0.000     0.0658     0.0596     0.0591     0.0079 0.805 0.195
  L1                  0.000     0.3058     0.0714     0.0667     0.0986 0.003 0.997
  L1L1                0.000     0.3076     0.0594     0.0548     0.0981 0.000 1.000

 Means
  C0                  4.029     4.0009     0.0434     0.0446     0.0027 0.908 1.000

 Intercepts
  L1                  0.000    -0.3941     0.1778     0.1847     0.1869 0.446 0.554
  L2                  0.000    -0.6148     0.1778     0.1889     0.4095 0.073 0.927
  Y                   1.548     0.8125     0.1898     0.1937     0.5768 0.028 0.985

 Thresholds
  A1$1                0.085     0.5294     0.2497     0.2485     0.2601 0.573 0.583
  A2$1               -0.013     0.9224     0.2698     0.2705     0.9484 0.067 0.925

 Variances
  C0                  0.500     0.9937     0.0621     0.0628     0.2476 0.000 1.000

 Residual Variances
  L1                  0.500     0.9948     0.0634     0.0629     0.2488 0.000 1.000
  L2                  0.500     0.9887     0.0612     0.0625     0.2426 0.000 1.000
  Y                   0.500     0.9893     0.0623     0.0626     0.2433 0.000 1.000

New/Additional Parameters
  JTE_A1              0.320     0.3238     0.0995     0.0978     0.0099 0.948 0.898
  AVN                 0.720     0.7183     0.1193     0.1192     0.0142 0.953 1.000


QUALITY OF NUMERICAL RESULTS

     Average Condition Number for the Information Matrix      0.941E-04
       (ratio of smallest to largest eigenvalue)


TECHNICAL 1 OUTPUT


     PARAMETER SPECIFICATION


           TAU
              A1$1          A2$1
              ________      ________
                   27            28


           NU
              A1            A2            L1            L2            Y
              ________      ________      ________      ________      ________
                    0             0             0             0             0


           NU
              C0            L1L1          L2L2
              ________      ________      ________
                    0             0             0


           LAMBDA
              A1            A2            L1            L2            Y
              ________      ________      ________      ________      ________
 A1                 0             0             0             0             0
 A2                 0             0             0             0             0
 L1                 0             0             0             0             0
 L2                 0             0             0             0             0
 Y                  0             0             0             0             0
 C0                 0             0             0             0             0
 L1L1               0             0             0             0             0
 L2L2               0             0             0             0             0


           LAMBDA
              C0            L1L1          L2L2
              ________      ________      ________
 A1                 0             0             0
 A2                 0             0             0
 L1                 0             0             0
 L2                 0             0             0
 Y                  0             0             0
 C0                 0             0             0
 L1L1               0             0             0
 L2L2               0             0             0


           THETA
              A1            A2            L1            L2            Y
              ________      ________      ________      ________      ________
 A1                 0
 A2                 0             0
 L1                 0             0             0
 L2                 0             0             0             0
 Y                  0             0             0             0             0
 C0                 0             0             0             0             0
 L1L1               0             0             0             0             0
 L2L2               0             0             0             0             0


           THETA
              C0            L1L1          L2L2
              ________      ________      ________
 C0                 0
 L1L1               0             0
 L2L2               0             0             0


           ALPHA
              A1            A2            L1            L2            Y
              ________      ________      ________      ________      ________
                    0             0             1             2             3


           ALPHA
              C0            L1L1          L2L2
              ________      ________      ________
                    4             0             0


           BETA
              A1            A2            L1            L2            Y
              ________      ________      ________      ________      ________
 A1                 0             0             5             0             0
 A2                 8             0             9            10             0
 L1                 0             0             0             0             0
 L2                15             0            16             0             0
 Y                 18            19            20            21             0
 C0                 0             0             0             0             0
 L1L1               0             0             0             0             0
 L2L2               0             0             0             0             0


           BETA
              C0            L1L1          L2L2
              ________      ________      ________
 A1                 6             7             0
 A2                11            12            13
 L1                14             0             0
 L2                17             0             0
 Y                 22             0             0
 C0                 0             0             0
 L1L1               0             0             0
 L2L2               0             0             0


           PSI
              A1            A2            L1            L2            Y
              ________      ________      ________      ________      ________
 A1                 0
 A2                 0             0
 L1                 0             0            23
 L2                 0             0             0            24
 Y                  0             0             0             0            25
 C0                 0             0             0             0             0
 L1L1               0             0             0             0             0
 L2L2               0             0             0             0             0


           PSI
              C0            L1L1          L2L2
              ________      ________      ________
 C0                26
 L1L1               0             0
 L2L2               0             0             0


     PARAMETER SPECIFICATION FOR THE ADDITIONAL PARAMETERS


           NEW/ADDITIONAL PARAMETERS
              JTE_A1        AVN
              ________      ________
                   29            30


     STARTING VALUES


           TAU
              A1$1          A2$1
              ________      ________
                0.085        -0.013


           NU
              A1            A2            L1            L2            Y
              ________      ________      ________      ________      ________
                0.000         0.000         0.000         0.000         0.000


           NU
              C0            L1L1          L2L2
              ________      ________      ________
                0.000         0.000         0.000


           LAMBDA
              A1            A2            L1            L2            Y
              ________      ________      ________      ________      ________
 A1             1.000         0.000         0.000         0.000         0.000
 A2             0.000         1.000         0.000         0.000         0.000
 L1             0.000         0.000         1.000         0.000         0.000
 L2             0.000         0.000         0.000         1.000         0.000
 Y              0.000         0.000         0.000         0.000         1.000
 C0             0.000         0.000         0.000         0.000         0.000
 L1L1           0.000         0.000         0.000         0.000         0.000
 L2L2           0.000         0.000         0.000         0.000         0.000


           LAMBDA
              C0            L1L1          L2L2
              ________      ________      ________
 A1             0.000         0.000         0.000
 A2             0.000         0.000         0.000
 L1             0.000         0.000         0.000
 L2             0.000         0.000         0.000
 Y              0.000         0.000         0.000
 C0             1.000         0.000         0.000
 L1L1           0.000         1.000         0.000
 L2L2           0.000         0.000         1.000


           THETA
              A1            A2            L1            L2            Y
              ________      ________      ________      ________      ________
 A1             0.000
 A2             0.000         0.000
 L1             0.000         0.000         0.000
 L2             0.000         0.000         0.000         0.000
 Y              0.000         0.000         0.000         0.000         0.000
 C0             0.000         0.000         0.000         0.000         0.000
 L1L1           0.000         0.000         0.000         0.000         0.000
 L2L2           0.000         0.000         0.000         0.000         0.000


           THETA
              C0            L1L1          L2L2
              ________      ________      ________
 C0             0.000
 L1L1           0.000         0.000
 L2L2           0.000         0.000         0.000


           ALPHA
              A1            A2            L1            L2            Y
              ________      ________      ________      ________      ________
                0.000         0.000         0.000         0.000         1.548


           ALPHA
              C0            L1L1          L2L2
              ________      ________      ________
                4.029         0.000         0.000


           BETA
              A1            A2            L1            L2            Y
              ________      ________      ________      ________      ________
 A1             0.000         0.000         0.000         0.000         0.000
 A2             0.000         0.000         0.000         0.000         0.000
 L1             0.000         0.000         0.000         0.000         0.000
 L2             0.400         0.000         0.300         0.000         0.000
 Y              0.200         0.400         0.150         0.300         0.000
 C0             0.000         0.000         0.000         0.000         0.000
 L1L1           0.000         0.000         0.000         0.000         0.000
 L2L2           0.000         0.000         0.000         0.000         0.000


           BETA
              C0            L1L1          L2L2
              ________      ________      ________
 A1             0.000         0.000         0.000
 A2             0.000         0.000         0.000
 L1             0.100         0.000         0.000
 L2             0.100         0.000         0.000
 Y              0.100         0.000         0.000
 C0             0.000         0.000         0.000
 L1L1           0.000         0.000         0.000
 L2L2           0.000         0.000         0.000


           PSI
              A1            A2            L1            L2            Y
              ________      ________      ________      ________      ________
 A1             1.000
 A2             0.000         1.000
 L1             0.000         0.000         0.500
 L2             0.000         0.000         0.000         0.500
 Y              0.000         0.000         0.000         0.000         0.500
 C0             0.000         0.000         0.000         0.000         0.000
 L1L1           0.000         0.000         0.000         0.000         0.000
 L2L2           0.000         0.000         0.000         0.000         0.000


           PSI
              C0            L1L1          L2L2
              ________      ________      ________
 C0             0.500
 L1L1           0.000         0.500
 L2L2           0.000         0.000         0.500


     STARTING VALUES FOR THE ADDITIONAL PARAMETERS


           NEW/ADDITIONAL PARAMETERS
              JTE_A1        AVN
              ________      ________
                0.320         0.720


RESULTS SAVING INFORMATION

  Order of data

    Replication number
    Parameter estimates
     (saved in order shown in Technical 1 output)
    Standard errors
     (saved in order shown in Technical 1 output)
    Number of Free Parameters
    H0 Loglikelihood
    Akaike (AIC)
    Bayesian (BIC)
    Sample-Size Adjusted BIC
    Entropy
    Condition Number

  Save file
    results_correct_condition26.dat

  Save file format           Free


     Beginning Time:  17:07:15
        Ending Time:  17:08:39
       Elapsed Time:  00:01:24



MUTHEN & MUTHEN
3463 Stoner Ave.
Los Angeles, CA  90066

Tel: (310) 391-9971
Fax: (310) 391-8971
Web: www.StatModel.com
Support: Support@StatModel.com

Copyright (c) 1998-2024 Muthen & Muthen
