Mplus VERSION 8.11
MUTHEN & MUTHEN
01/13/2025   5:27 PM

INPUT INSTRUCTIONS

  TITLE:
     Traditional path analysis for estimating joint effects
     and prolongued exposure effect.
     - K = 2 (waves)
     - All effects assumed linear

  DATA:
      FILE = repList_condition9.dat;
      TYPE = MONTECARLO;

  VARIABLE:
      NAMES = C0 L1 A1 L2 A2 Y
              Pr_A1 Pr_A2 ps1 ps2 W W_correct;
      USEVARIABLES = C0-Y;
      MISSING = .;
      CATEGORICAL = A1 A2;

  ANALYSIS:
     ESTIMATOR = ML;
     LINK = PROBIT;

  MODEL:
      ! Lagged effects on Y
      Y ON A1*0.2 A2*0.4 (B_A1Y B_A2Y);
      Y ON L1*0.15 L2*0.3 (B_L1Y B_L2Y);
      Y ON C0*0.1 (B_C0Y);

      ! Lagged effects on L
      L2 ON L1*0.3 A1*0.4 C0*0.1 (B_L1L2 B_A1L2 B_C0L2);
      L1 ON C0*0.1;

      ! Lagged effects on A
      A2 ON C0 A1 L1 L2;
      A1 ON C0 L1;

      ! Variance
      C0;

      ! Residual variances
      L1 L2 Y;

      ! Thresholds
      [A1$1 A2$1] (tau1 tau2);

  MODEL CONSTRAINT:
      NEW(JTE_A1*0.32);
      JTE_A1 = B_A1L2*B_L2Y + B_A1Y;

      NEW(AvN*0.72);
      AvN = JTE_A1 + B_A2Y;

  SAVEDATA:
      RESULTS = results_condition9.dat;



INPUT READING TERMINATED NORMALLY




Traditional path analysis for estimating joint effects
and prolongued exposure effect.
- K = 2 (waves)
- All effects assumed linear

SUMMARY OF ANALYSIS

Number of groups                                                 1
Average number of observations                                 150

Number of replications
    Requested                                                 1000
    Completed                                                 1000

Number of dependent variables                                    5
Number of independent variables                                  1
Number of continuous latent variables                            0

Observed dependent variables

  Continuous
   L1          L2          Y

  Binary and ordered categorical (ordinal)
   A1          A2

Observed independent variables
   C0


Estimator                                                       ML
Information matrix                                        OBSERVED
Optimization Specifications for the Quasi-Newton Algorithm for
Continuous Outcomes
  Maximum number of iterations                                 100
  Convergence criterion                                  0.100D-05
Optimization Specifications for the EM Algorithm
  Maximum number of iterations                                 500
  Convergence criteria
    Loglikelihood change                                 0.100D-02
    Relative loglikelihood change                        0.100D-05
    Derivative                                           0.100D-02
Optimization Specifications for the M step of the EM Algorithm for
Categorical Latent variables
  Number of M step iterations                                    1
  M step convergence criterion                           0.100D-02
  Basis for M step termination                           ITERATION
Optimization Specifications for the M step of the EM Algorithm for
Censored, Binary or Ordered Categorical (Ordinal), Unordered
Categorical (Nominal) and Count Outcomes
  Number of M step iterations                                    1
  M step convergence criterion                           0.100D-02
  Basis for M step termination                           ITERATION
  Maximum value for logit thresholds                            10
  Minimum value for logit thresholds                           -10
  Minimum expected cell size for chi-square              0.100D-01
Maximum number of iterations for H1                           2000
Convergence criterion for H1                             0.100D-03
Optimization algorithm                                         EMA
Integration Specifications
  Type                                                    STANDARD
  Number of integration points                                  15
  Dimensions of numerical integration                            0
  Adaptive quadrature                                           ON
Link                                                        PROBIT
Cholesky                                                        ON

Input data file(s)
  Multiple data files from
    repList_condition9.dat
Input data format  FREE


SUMMARY OF DATA FOR THE FIRST REPLICATION

     Number of missing data patterns             1
     Number of y missing data patterns           1
     Number of u missing data patterns           1


SUMMARY OF MISSING DATA PATTERNS FOR THE FIRST REPLICATION


     MISSING DATA PATTERNS FOR Y (x = not missing)

           1
 L1        x
 L2        x
 Y         x
 C0        x


     MISSING DATA PATTERN FREQUENCIES FOR Y

    Pattern   Frequency
          1         150


COVARIANCE COVERAGE OF DATA FOR THE FIRST REPLICATION

Minimum covariance coverage value   0.100


     PROPORTION OF DATA PRESENT FOR Y


           Covariance Coverage
              L1            L2            Y             C0
              ________      ________      ________      ________
 L1             1.000
 L2             1.000         1.000
 Y              1.000         1.000         1.000
 C0             1.000         1.000         1.000         1.000


UNIVARIATE PROPORTIONS FOR CATEGORICAL VARIABLES

NOTE:  These are average results over 1000 data sets.

    A1
      Category 1    0.099
      Category 2    0.901
    A2
      Category 1    0.099
      Category 2    0.901


SAMPLE STATISTICS

NOTE:  These are average results over 1000 data sets.


     SAMPLE STATISTICS


           Means
              L1            L2            Y             C0
              ________      ________      ________      ________
                1.402         2.183         2.393         3.994


           Covariances
              L1            L2            Y             C0
              ________      ________      ________      ________
 L1             1.009
 L2             0.326         1.125
 Y              0.284         0.429         1.509
 C0             0.101         0.133         0.163         0.995


           Correlations
              L1            L2            Y             C0
              ________      ________      ________      ________
 L1             1.000
 L2             0.306         1.000
 Y              0.230         0.330         1.000
 C0             0.101         0.126         0.133         1.000




MODEL FIT INFORMATION

Number of Free Parameters                       25

Loglikelihood

    H0 Value

        Mean                              -950.260
        Std Dev                             23.117
        Number of successful computations     1000

             Proportions                   Percentiles
        Expected    Observed         Expected       Observed
           0.990       0.989        -1004.037      -1004.332
           0.980       0.979         -997.736       -998.164
           0.950       0.951         -988.285       -987.841
           0.900       0.902         -979.887       -979.872
           0.800       0.793         -969.715       -970.277
           0.700       0.698         -962.382       -962.569
           0.500       0.512         -950.260       -949.596
           0.300       0.292         -938.137       -938.732
           0.200       0.201         -930.804       -930.742
           0.100       0.104         -920.632       -919.999
           0.050       0.054         -912.234       -911.805
           0.020       0.019         -902.784       -903.025
           0.010       0.011         -896.482       -895.670

Information Criteria

    Akaike (AIC)

        Mean                              1950.519
        Std Dev                             46.235
        Number of successful computations     1000

             Proportions                   Percentiles
        Expected    Observed         Expected       Observed
           0.990       0.989         1842.963       1840.857
           0.980       0.981         1855.567       1855.824
           0.950       0.946         1874.468       1873.558
           0.900       0.896         1891.265       1888.855
           0.800       0.799         1911.608       1911.397
           0.700       0.708         1926.274       1927.463
           0.500       0.488         1950.519       1949.061
           0.300       0.302         1974.765       1975.114
           0.200       0.207         1989.430       1990.122
           0.100       0.098         2009.773       2009.308
           0.050       0.049         2026.570       2025.626
           0.020       0.021         2045.471       2046.270
           0.010       0.011         2058.075       2058.088

    Bayesian (BIC)

        Mean                              2025.785
        Std Dev                             46.235
        Number of successful computations     1000

             Proportions                   Percentiles
        Expected    Observed         Expected       Observed
           0.990       0.989         1918.229       1916.123
           0.980       0.981         1930.833       1931.090
           0.950       0.946         1949.734       1948.824
           0.900       0.896         1966.531       1964.121
           0.800       0.799         1986.874       1986.663
           0.700       0.708         2001.540       2002.728
           0.500       0.488         2025.785       2024.327
           0.300       0.302         2050.030       2050.380
           0.200       0.207         2064.696       2065.388
           0.100       0.098         2085.039       2084.573
           0.050       0.049         2101.836       2100.892
           0.020       0.021         2120.737       2121.535
           0.010       0.011         2133.341       2133.354

    Sample-Size Adjusted BIC (n* = (n + 2) / 24)

        Mean                              1946.665
        Std Dev                             46.235
        Number of successful computations     1000

             Proportions                   Percentiles
        Expected    Observed         Expected       Observed
           0.990       0.989         1839.109       1837.003
           0.980       0.981         1851.713       1851.970
           0.950       0.946         1870.613       1869.704
           0.900       0.896         1887.410       1885.001
           0.800       0.799         1907.754       1907.542
           0.700       0.708         1922.419       1923.608
           0.500       0.488         1946.665       1945.206
           0.300       0.302         1970.910       1971.260
           0.200       0.207         1985.576       1986.268
           0.100       0.098         2005.919       2005.453
           0.050       0.049         2022.716       2021.772
           0.020       0.021         2041.617       2042.415
           0.010       0.011         2054.220       2054.234



MODEL RESULTS

                              ESTIMATES              S. E.     M. S. E.  95%  % Sig
                 Population   Average   Std. Dev.   Average             Cover Coeff

 Y          ON
  A1                  0.200     0.0777     0.3410     0.3252     0.1311 0.931 0.067
  A2                  0.400     0.2544     0.3296     0.3260     0.1297 0.925 0.131
  L1                  0.150     0.1604     0.1053     0.0981     0.0112 0.928 0.378
  L2                  0.300     0.3098     0.1140     0.0940     0.0131 0.890 0.863
  C0                  0.100     0.1019     0.0981     0.0941     0.0096 0.955 0.207

 L2         ON
  L1                  0.300     0.2954     0.0846     0.0824     0.0072 0.941 0.948
  A1                  0.400     0.4012     0.2902     0.2806     0.0841 0.941 0.319
  C0                  0.100     0.0976     0.0812     0.0822     0.0066 0.955 0.225

 L1         ON
  C0                  0.100     0.1012     0.0819     0.0818     0.0067 0.951 0.243

 A2         ON
  C0                  0.000     0.0586     0.1762     0.1621     0.0344 0.924 0.076
  A1                  0.000     0.3396     0.8061     1.0216     0.7645 0.780 0.220
  L1                  0.000     0.1343     0.1733     0.1697     0.0480 0.890 0.110
  L2                  0.000     0.2866     0.1795     0.1654     0.1143 0.589 0.411

 A1         ON
  C0                  0.000     0.0580     0.1640     0.1526     0.0302 0.930 0.070
  L1                  0.000     0.2770     0.1673     0.1561     0.1047 0.595 0.405

 Means
  C0                  3.938     3.9938     0.0844     0.0813     0.0102 0.878 1.000

 Intercepts
  L1                  1.508     0.9976     0.3390     0.3366     0.3750 0.663 0.839
  L2                  2.172     1.0175     0.4064     0.4144     1.4985 0.203 0.675
  Y                   2.408     0.7822     0.5529     0.5279     2.9485 0.155 0.325

 Thresholds
  A1$1               -1.263    -0.7631     0.6619     0.6248     0.6877 0.851 0.222
  A2$1               -1.040    -0.1282     1.0300     1.3193     1.8909 0.720 0.042

 Variances
  C0                  0.500     0.9954     0.1164     0.1149     0.2589 0.000 1.000

 Residual Variances
  L1                  0.500     0.9917     0.1153     0.1145     0.2551 0.000 1.000
  L2                  0.500     0.9759     0.1160     0.1127     0.2400 0.000 1.000
  Y                   0.500     1.2513     0.1672     0.1445     0.5924 0.000 1.000

New/Additional Parameters
  JTE_A1              0.320     0.2027     0.3334     0.3357     0.1248 0.944 0.086
  AVN                 0.720     0.4571     0.4381     0.4384     0.2608 0.905 0.187


QUALITY OF NUMERICAL RESULTS

     Average Condition Number for the Information Matrix      0.123E-03
       (ratio of smallest to largest eigenvalue)


TECHNICAL 1 OUTPUT


     PARAMETER SPECIFICATION


           TAU
              A1$1          A2$1
              ________      ________
                   24            25


           NU
              A1            A2            L1            L2            Y
              ________      ________      ________      ________      ________
                    0             0             0             0             0


           NU
              C0
              ________
                    0


           LAMBDA
              A1            A2            L1            L2            Y
              ________      ________      ________      ________      ________
 A1                 0             0             0             0             0
 A2                 0             0             0             0             0
 L1                 0             0             0             0             0
 L2                 0             0             0             0             0
 Y                  0             0             0             0             0
 C0                 0             0             0             0             0


           LAMBDA
              C0
              ________
 A1                 0
 A2                 0
 L1                 0
 L2                 0
 Y                  0
 C0                 0


           THETA
              A1            A2            L1            L2            Y
              ________      ________      ________      ________      ________
 A1                 0
 A2                 0             0
 L1                 0             0             0
 L2                 0             0             0             0
 Y                  0             0             0             0             0
 C0                 0             0             0             0             0


           THETA
              C0
              ________
 C0                 0


           ALPHA
              A1            A2            L1            L2            Y
              ________      ________      ________      ________      ________
                    0             0             1             2             3


           ALPHA
              C0
              ________
                    4


           BETA
              A1            A2            L1            L2            Y
              ________      ________      ________      ________      ________
 A1                 0             0             5             0             0
 A2                 7             0             8             9             0
 L1                 0             0             0             0             0
 L2                12             0            13             0             0
 Y                 15            16            17            18             0
 C0                 0             0             0             0             0


           BETA
              C0
              ________
 A1                 6
 A2                10
 L1                11
 L2                14
 Y                 19
 C0                 0


           PSI
              A1            A2            L1            L2            Y
              ________      ________      ________      ________      ________
 A1                 0
 A2                 0             0
 L1                 0             0            20
 L2                 0             0             0            21
 Y                  0             0             0             0            22
 C0                 0             0             0             0             0


           PSI
              C0
              ________
 C0                23


     PARAMETER SPECIFICATION FOR THE ADDITIONAL PARAMETERS


           NEW/ADDITIONAL PARAMETERS
              JTE_A1        AVN
              ________      ________
                   26            27


     STARTING VALUES


           TAU
              A1$1          A2$1
              ________      ________
               -1.263        -1.040


           NU
              A1            A2            L1            L2            Y
              ________      ________      ________      ________      ________
                0.000         0.000         0.000         0.000         0.000


           NU
              C0
              ________
                0.000


           LAMBDA
              A1            A2            L1            L2            Y
              ________      ________      ________      ________      ________
 A1             1.000         0.000         0.000         0.000         0.000
 A2             0.000         1.000         0.000         0.000         0.000
 L1             0.000         0.000         1.000         0.000         0.000
 L2             0.000         0.000         0.000         1.000         0.000
 Y              0.000         0.000         0.000         0.000         1.000
 C0             0.000         0.000         0.000         0.000         0.000


           LAMBDA
              C0
              ________
 A1             0.000
 A2             0.000
 L1             0.000
 L2             0.000
 Y              0.000
 C0             1.000


           THETA
              A1            A2            L1            L2            Y
              ________      ________      ________      ________      ________
 A1             0.000
 A2             0.000         0.000
 L1             0.000         0.000         0.000
 L2             0.000         0.000         0.000         0.000
 Y              0.000         0.000         0.000         0.000         0.000
 C0             0.000         0.000         0.000         0.000         0.000


           THETA
              C0
              ________
 C0             0.000


           ALPHA
              A1            A2            L1            L2            Y
              ________      ________      ________      ________      ________
                0.000         0.000         1.508         2.172         2.408


           ALPHA
              C0
              ________
                3.938


           BETA
              A1            A2            L1            L2            Y
              ________      ________      ________      ________      ________
 A1             0.000         0.000         0.000         0.000         0.000
 A2             0.000         0.000         0.000         0.000         0.000
 L1             0.000         0.000         0.000         0.000         0.000
 L2             0.400         0.000         0.300         0.000         0.000
 Y              0.200         0.400         0.150         0.300         0.000
 C0             0.000         0.000         0.000         0.000         0.000


           BETA
              C0
              ________
 A1             0.000
 A2             0.000
 L1             0.100
 L2             0.100
 Y              0.100
 C0             0.000


           PSI
              A1            A2            L1            L2            Y
              ________      ________      ________      ________      ________
 A1             1.000
 A2             0.000         1.000
 L1             0.000         0.000         0.500
 L2             0.000         0.000         0.000         0.500
 Y              0.000         0.000         0.000         0.000         0.500
 C0             0.000         0.000         0.000         0.000         0.000


           PSI
              C0
              ________
 C0             0.500


     STARTING VALUES FOR THE ADDITIONAL PARAMETERS


           NEW/ADDITIONAL PARAMETERS
              JTE_A1        AVN
              ________      ________
                0.320         0.720


RESULTS SAVING INFORMATION

  Order of data

    Replication number
    Parameter estimates
     (saved in order shown in Technical 1 output)
    Standard errors
     (saved in order shown in Technical 1 output)
    Number of Free Parameters
    H0 Loglikelihood
    Akaike (AIC)
    Bayesian (BIC)
    Sample-Size Adjusted BIC
    Entropy
    Condition Number

  Save file
    results_condition9.dat

  Save file format           Free


     Beginning Time:  17:27:30
        Ending Time:  17:28:04
       Elapsed Time:  00:00:34



MUTHEN & MUTHEN
3463 Stoner Ave.
Los Angeles, CA  90066

Tel: (310) 391-9971
Fax: (310) 391-8971
Web: www.StatModel.com
Support: Support@StatModel.com

Copyright (c) 1998-2024 Muthen & Muthen
