Mplus VERSION 8.11
MUTHEN & MUTHEN
01/13/2025   5:14 PM

INPUT INSTRUCTIONS

  TITLE:
     Traditional path analysis for estimating joint effects
     and prolongued exposure effect.
     - K = 2 (waves)
     - Model correctly specified

  DATA:
      FILE = repList_condition29.dat;
      TYPE = MONTECARLO;

  VARIABLE:
      NAMES = C0 L1 A1 L2 A2 Y
              Pr_A1 Pr_A2 ps1 ps2 W W_correct;
      USEVARIABLES = C0-Y C0C0 L1L1 L2L2;
      MISSING = .;
      CATEGORICAL = A1 A2;

  DEFINE:
      CENTER C0 L1 L2 (GRANDMEAN);
      C0C0 = C0**2;
      L1L1 = L1**2;
      L2L2 = L2**2;

  ANALYSIS:
     ESTIMATOR = ML;
     LINK = PROBIT;

  MODEL:
      ! Lagged effects on Y
      Y ON A1*0.2 A2*0.4 (B_A1Y B_A2Y);
      Y ON L1*0.15 L2*0.3 (B_L1Y B_L2Y);
      Y ON C0*0.1 (B_C0Y);
      Y ON C0C0*0.1 L1L1*0.15 L2L2*0.3;

      ! Lagged effects on L
      L2 ON L1*0.3 A1*0.4 C0*0.1 (B_L1L2 B_A1L2 B_C0L2);
      L2 ON C0C0*0.1 L1L1*0.15;
      L1 ON C0*0.1 C0C0*0.1;

      ! Lagged effects on A
      A2 ON C0 A1 L1 L2 L1L1 L2L2;
      A1 ON C0 L1 L1L1;

      ! Variance
      C0;

      ! Residual variances
      L1 L2 Y;

      ! Thresholds
      [A1$1 A2$1] (tau1 tau2);

  MODEL CONSTRAINT:
      NEW(JTE_A1*0.32);
      JTE_A1 = B_A1L2*B_L2Y + B_A1Y;

      NEW(AvN*0.72);
      AvN = JTE_A1 + B_A2Y;

  SAVEDATA:
      RESULTS = results_correct_condition29.dat;



INPUT READING TERMINATED NORMALLY




Traditional path analysis for estimating joint effects
and prolongued exposure effect.
- K = 2 (waves)
- Model correctly specified

SUMMARY OF ANALYSIS

Number of groups                                                 1
Average number of observations                                 500

Number of replications
    Requested                                                 1000
    Completed                                                 1000

Number of dependent variables                                    5
Number of independent variables                                  4
Number of continuous latent variables                            0

Observed dependent variables

  Continuous
   L1          L2          Y

  Binary and ordered categorical (ordinal)
   A1          A2

Observed independent variables
   C0          C0C0        L1L1        L2L2

Variables with special functions

  Centering (GRANDMEAN)
   C0          L1          L2


Estimator                                                       ML
Information matrix                                        OBSERVED
Optimization Specifications for the Quasi-Newton Algorithm for
Continuous Outcomes
  Maximum number of iterations                                 100
  Convergence criterion                                  0.100D-05
Optimization Specifications for the EM Algorithm
  Maximum number of iterations                                 500
  Convergence criteria
    Loglikelihood change                                 0.100D-02
    Relative loglikelihood change                        0.100D-05
    Derivative                                           0.100D-02
Optimization Specifications for the M step of the EM Algorithm for
Categorical Latent variables
  Number of M step iterations                                    1
  M step convergence criterion                           0.100D-02
  Basis for M step termination                           ITERATION
Optimization Specifications for the M step of the EM Algorithm for
Censored, Binary or Ordered Categorical (Ordinal), Unordered
Categorical (Nominal) and Count Outcomes
  Number of M step iterations                                    1
  M step convergence criterion                           0.100D-02
  Basis for M step termination                           ITERATION
  Maximum value for logit thresholds                            10
  Minimum value for logit thresholds                           -10
  Minimum expected cell size for chi-square              0.100D-01
Maximum number of iterations for H1                           2000
Convergence criterion for H1                             0.100D-03
Optimization algorithm                                         EMA
Integration Specifications
  Type                                                    STANDARD
  Number of integration points                                  15
  Dimensions of numerical integration                            0
  Adaptive quadrature                                           ON
Link                                                        PROBIT
Cholesky                                                        ON

Input data file(s)
  Multiple data files from
    repList_condition29.dat
Input data format  FREE


SUMMARY OF DATA FOR THE FIRST REPLICATION

     Number of missing data patterns             1
     Number of y missing data patterns           1
     Number of u missing data patterns           1


SUMMARY OF MISSING DATA PATTERNS FOR THE FIRST REPLICATION


     MISSING DATA PATTERNS FOR Y (x = not missing)

           1
 L1        x
 L2        x
 Y         x
 C0        x
 C0C0      x
 L1L1      x
 L2L2      x


     MISSING DATA PATTERN FREQUENCIES FOR Y

    Pattern   Frequency
          1         500


COVARIANCE COVERAGE OF DATA FOR THE FIRST REPLICATION

Minimum covariance coverage value   0.100


     PROPORTION OF DATA PRESENT FOR Y


           Covariance Coverage
              L1            L2            Y             C0            C0C0
              ________      ________      ________      ________      ________
 L1             1.000
 L2             1.000         1.000
 Y              1.000         1.000         1.000
 C0             1.000         1.000         1.000         1.000
 C0C0           1.000         1.000         1.000         1.000         1.000
 L1L1           1.000         1.000         1.000         1.000         1.000
 L2L2           1.000         1.000         1.000         1.000         1.000


           Covariance Coverage
              L1L1          L2L2
              ________      ________
 L1L1           1.000
 L2L2           1.000         1.000


UNIVARIATE PROPORTIONS FOR CATEGORICAL VARIABLES

NOTE:  These are average results over 1000 data sets.

    A1
      Category 1    0.500
      Category 2    0.500
    A2
      Category 1    0.499
      Category 2    0.501


SAMPLE STATISTICS

NOTE:  These are average results over 1000 data sets.


     SAMPLE STATISTICS


           Means
              L1            L2            Y             C0            C0C0
              ________      ________      ________      ________      ________
                0.000         0.000         2.356         0.000         0.997


           Means
              L1L1          L2L2
              ________      ________
                1.029         1.457


           Covariances
              L1            L2            Y             C0            C0C0
              ________      ________      ________      ________      ________
 L1             1.029
 L2             0.382         1.457
 Y              0.518         0.945         2.462
 C0             0.101         0.159         0.245         0.997
 C0C0           0.203         0.302         0.473        -0.001         1.984
 L1L1           0.013         0.725         1.033         0.042         0.101
 L2L2           0.532         0.631         2.361         0.172         0.386


           Covariances
              L1L1          L2L2
              ________      ________
 L1L1           2.114
 L2L2           1.262         5.665


           Correlations
              L1            L2            Y             C0            C0C0
              ________      ________      ________      ________      ________
 L1             1.000
 L2             0.312         1.000
 Y              0.326         0.499         1.000
 C0             0.100         0.132         0.157         1.000
 C0C0           0.142         0.178         0.214        -0.001         1.000
 L1L1           0.009         0.413         0.453         0.029         0.050
 L2L2           0.221         0.220         0.632         0.072         0.115


           Correlations
              L1L1          L2L2
              ________      ________
 L1L1           1.000
 L2L2           0.365         1.000




MODEL FIT INFORMATION

Number of Free Parameters                       34

Loglikelihood

    H0 Value

        Mean                             -3422.998
        Std Dev                             31.895
        Number of successful computations     1000

             Proportions                   Percentiles
        Expected    Observed         Expected       Observed
           0.990       0.992        -3497.196      -3495.292
           0.980       0.986        -3488.502      -3485.771
           0.950       0.955        -3475.463      -3474.766
           0.900       0.896        -3463.875      -3465.426
           0.800       0.802        -3449.841      -3449.591
           0.700       0.707        -3439.724      -3439.080
           0.500       0.482        -3422.998      -3424.442
           0.300       0.297        -3406.272      -3406.878
           0.200       0.214        -3396.155      -3394.975
           0.100       0.104        -3382.121      -3380.225
           0.050       0.049        -3370.534      -3371.490
           0.020       0.024        -3357.495      -3356.491
           0.010       0.010        -3348.800      -3351.139

Information Criteria

    Akaike (AIC)

        Mean                              6913.997
        Std Dev                             63.791
        Number of successful computations     1000

             Proportions                   Percentiles
        Expected    Observed         Expected       Observed
           0.990       0.990         6765.601       6765.063
           0.980       0.976         6782.990       6780.689
           0.950       0.951         6809.067       6810.381
           0.900       0.896         6832.243       6828.063
           0.800       0.786         6860.310       6857.843
           0.700       0.703         6880.545       6881.561
           0.500       0.518         6913.997       6916.735
           0.300       0.293         6947.448       6945.986
           0.200       0.198         6967.683       6966.559
           0.100       0.104         6995.750       6997.975
           0.050       0.045         7018.926       7016.611
           0.020       0.014         7045.003       7036.967
           0.010       0.008         7062.392       7056.131

    Bayesian (BIC)

        Mean                              7057.293
        Std Dev                             63.791
        Number of successful computations     1000

             Proportions                   Percentiles
        Expected    Observed         Expected       Observed
           0.990       0.990         6908.897       6908.360
           0.980       0.976         6926.287       6923.986
           0.950       0.951         6952.364       6953.677
           0.900       0.896         6975.539       6971.360
           0.800       0.786         7003.607       7001.140
           0.700       0.703         7023.841       7024.857
           0.500       0.518         7057.293       7060.032
           0.300       0.293         7090.745       7089.282
           0.200       0.198         7110.979       7109.855
           0.100       0.104         7139.047       7141.271
           0.050       0.045         7162.222       7159.908
           0.020       0.014         7188.300       7180.264
           0.010       0.008         7205.689       7199.427

    Sample-Size Adjusted BIC (n* = (n + 2) / 24)

        Mean                              6949.375
        Std Dev                             63.791
        Number of successful computations     1000

             Proportions                   Percentiles
        Expected    Observed         Expected       Observed
           0.990       0.990         6800.979       6800.442
           0.980       0.976         6818.368       6816.068
           0.950       0.951         6844.446       6845.759
           0.900       0.896         6867.621       6863.442
           0.800       0.786         6895.689       6893.222
           0.700       0.703         6915.923       6916.939
           0.500       0.518         6949.375       6952.114
           0.300       0.293         6982.827       6981.364
           0.200       0.198         7003.061       7001.937
           0.100       0.104         7031.129       7033.353
           0.050       0.045         7054.304       7051.990
           0.020       0.014         7080.382       7072.346
           0.010       0.008         7097.771       7091.509



MODEL RESULTS

                              ESTIMATES              S. E.     M. S. E.  95%  % Sig
                 Population   Average   Std. Dev.   Average             Cover Coeff

 Y          ON
  A1                  0.200     0.2008     0.0987     0.0974     0.0097 0.951 0.553
  A2                  0.400     0.4011     0.1004     0.0978     0.0101 0.937 0.977
  L1                  0.150     0.1509     0.0513     0.0488     0.0026 0.943 0.856
  L2                  0.300     0.3009     0.0530     0.0450     0.0028 0.910 1.000
  C0                  0.100     0.1005     0.0472     0.0454     0.0022 0.931 0.592
  C0C0                0.100     0.1006     0.0338     0.0328     0.0011 0.944 0.868
  L1L1                0.150     0.1493     0.0377     0.0371     0.0014 0.940 0.977
  L2L2                0.300     0.3002     0.0227     0.0219     0.0005 0.941 1.000

 L2         ON
  L1                  0.300     0.3008     0.0512     0.0457     0.0026 0.920 1.000
  A1                  0.400     0.4013     0.0952     0.0941     0.0091 0.954 0.992
  C0                  0.100     0.1027     0.0459     0.0452     0.0021 0.943 0.628
  C0C0                0.100     0.1012     0.0325     0.0325     0.0011 0.961 0.862
  L1L1                0.150     0.3006     0.0326     0.0321     0.0238 0.006 1.000

 L1         ON
  C0                  0.100     0.1009     0.0446     0.0448     0.0020 0.943 0.618
  C0C0                0.100     0.1018     0.0317     0.0320     0.0010 0.950 0.879

 A2         ON
  C0                  0.000     0.0633     0.0672     0.0645     0.0085 0.836 0.164
  A1                  0.000     0.4921     0.1252     0.1287     0.2578 0.020 0.980
  L1                  0.000     0.1528     0.0775     0.0742     0.0293 0.469 0.531
  L2                  0.000     0.3019     0.0794     0.0724     0.0974 0.012 0.988
  L1L1                0.000     0.1548     0.0638     0.0623     0.0280 0.297 0.703
  L2L2                0.000     0.3031     0.0514     0.0504     0.0945 0.000 1.000

 A1         ON
  C0                  0.000     0.0610     0.0590     0.0597     0.0072 0.824 0.176
  L1                  0.000     0.3039     0.0711     0.0661     0.0974 0.005 0.995
  L1L1                0.000     0.3068     0.0551     0.0542     0.0971 0.000 1.000

 Means
  C0                  0.000     0.0000     0.0001     0.0446     0.0000 1.000 0.000

 Intercepts
  L1                  0.000    -0.1016     0.0326     0.0548     0.0114 0.562 0.438
  L2                  0.000    -0.6105     0.0630     0.0739     0.3767 0.000 1.000
  Y                   2.309     1.3630     0.0884     0.0869     0.9035 0.000 1.000

 Thresholds
  A1$1                0.036     0.2746     0.0736     0.0736     0.0625 0.094 0.963
  A2$1               -0.004     0.6859     0.1106     0.1096     0.4888 0.000 1.000

 Variances
  C0                  0.500     0.9969     0.0612     0.0630     0.2506 0.000 1.000

 Residual Variances
  L1                  0.500     0.9940     0.0635     0.0629     0.2480 0.000 1.000
  L2                  0.500     0.9915     0.0639     0.0627     0.2457 0.000 1.000
  Y                   0.500     0.9813     0.0618     0.0621     0.2354 0.000 1.000

New/Additional Parameters
  JTE_A1              0.320     0.3216     0.1026     0.1003     0.0105 0.947 0.885
  AVN                 0.720     0.7227     0.1279     0.1249     0.0163 0.945 1.000


QUALITY OF NUMERICAL RESULTS

     Average Condition Number for the Information Matrix      0.166E-03
       (ratio of smallest to largest eigenvalue)


TECHNICAL 1 OUTPUT


     PARAMETER SPECIFICATION


           TAU
              A1$1          A2$1
              ________      ________
                   33            34


           NU
              A1            A2            L1            L2            Y
              ________      ________      ________      ________      ________
                    0             0             0             0             0


           NU
              C0            C0C0          L1L1          L2L2
              ________      ________      ________      ________
                    0             0             0             0


           LAMBDA
              A1            A2            L1            L2            Y
              ________      ________      ________      ________      ________
 A1                 0             0             0             0             0
 A2                 0             0             0             0             0
 L1                 0             0             0             0             0
 L2                 0             0             0             0             0
 Y                  0             0             0             0             0
 C0                 0             0             0             0             0
 C0C0               0             0             0             0             0
 L1L1               0             0             0             0             0
 L2L2               0             0             0             0             0


           LAMBDA
              C0            C0C0          L1L1          L2L2
              ________      ________      ________      ________
 A1                 0             0             0             0
 A2                 0             0             0             0
 L1                 0             0             0             0
 L2                 0             0             0             0
 Y                  0             0             0             0
 C0                 0             0             0             0
 C0C0               0             0             0             0
 L1L1               0             0             0             0
 L2L2               0             0             0             0


           THETA
              A1            A2            L1            L2            Y
              ________      ________      ________      ________      ________
 A1                 0
 A2                 0             0
 L1                 0             0             0
 L2                 0             0             0             0
 Y                  0             0             0             0             0
 C0                 0             0             0             0             0
 C0C0               0             0             0             0             0
 L1L1               0             0             0             0             0
 L2L2               0             0             0             0             0


           THETA
              C0            C0C0          L1L1          L2L2
              ________      ________      ________      ________
 C0                 0
 C0C0               0             0
 L1L1               0             0             0
 L2L2               0             0             0             0


           ALPHA
              A1            A2            L1            L2            Y
              ________      ________      ________      ________      ________
                    0             0             1             2             3


           ALPHA
              C0            C0C0          L1L1          L2L2
              ________      ________      ________      ________
                    4             0             0             0


           BETA
              A1            A2            L1            L2            Y
              ________      ________      ________      ________      ________
 A1                 0             0             5             0             0
 A2                 8             0             9            10             0
 L1                 0             0             0             0             0
 L2                16             0            17             0             0
 Y                 21            22            23            24             0
 C0                 0             0             0             0             0
 C0C0               0             0             0             0             0
 L1L1               0             0             0             0             0
 L2L2               0             0             0             0             0


           BETA
              C0            C0C0          L1L1          L2L2
              ________      ________      ________      ________
 A1                 6             0             7             0
 A2                11             0            12            13
 L1                14            15             0             0
 L2                18            19            20             0
 Y                 25            26            27            28
 C0                 0             0             0             0
 C0C0               0             0             0             0
 L1L1               0             0             0             0
 L2L2               0             0             0             0


           PSI
              A1            A2            L1            L2            Y
              ________      ________      ________      ________      ________
 A1                 0
 A2                 0             0
 L1                 0             0            29
 L2                 0             0             0            30
 Y                  0             0             0             0            31
 C0                 0             0             0             0             0
 C0C0               0             0             0             0             0
 L1L1               0             0             0             0             0
 L2L2               0             0             0             0             0


           PSI
              C0            C0C0          L1L1          L2L2
              ________      ________      ________      ________
 C0                32
 C0C0               0             0
 L1L1               0             0             0
 L2L2               0             0             0             0


     PARAMETER SPECIFICATION FOR THE ADDITIONAL PARAMETERS


           NEW/ADDITIONAL PARAMETERS
              JTE_A1        AVN
              ________      ________
                   35            36


     STARTING VALUES


           TAU
              A1$1          A2$1
              ________      ________
                0.036        -0.004


           NU
              A1            A2            L1            L2            Y
              ________      ________      ________      ________      ________
                0.000         0.000         0.000         0.000         0.000


           NU
              C0            C0C0          L1L1          L2L2
              ________      ________      ________      ________
                0.000         0.000         0.000         0.000


           LAMBDA
              A1            A2            L1            L2            Y
              ________      ________      ________      ________      ________
 A1             1.000         0.000         0.000         0.000         0.000
 A2             0.000         1.000         0.000         0.000         0.000
 L1             0.000         0.000         1.000         0.000         0.000
 L2             0.000         0.000         0.000         1.000         0.000
 Y              0.000         0.000         0.000         0.000         1.000
 C0             0.000         0.000         0.000         0.000         0.000
 C0C0           0.000         0.000         0.000         0.000         0.000
 L1L1           0.000         0.000         0.000         0.000         0.000
 L2L2           0.000         0.000         0.000         0.000         0.000


           LAMBDA
              C0            C0C0          L1L1          L2L2
              ________      ________      ________      ________
 A1             0.000         0.000         0.000         0.000
 A2             0.000         0.000         0.000         0.000
 L1             0.000         0.000         0.000         0.000
 L2             0.000         0.000         0.000         0.000
 Y              0.000         0.000         0.000         0.000
 C0             1.000         0.000         0.000         0.000
 C0C0           0.000         1.000         0.000         0.000
 L1L1           0.000         0.000         1.000         0.000
 L2L2           0.000         0.000         0.000         1.000


           THETA
              A1            A2            L1            L2            Y
              ________      ________      ________      ________      ________
 A1             0.000
 A2             0.000         0.000
 L1             0.000         0.000         0.000
 L2             0.000         0.000         0.000         0.000
 Y              0.000         0.000         0.000         0.000         0.000
 C0             0.000         0.000         0.000         0.000         0.000
 C0C0           0.000         0.000         0.000         0.000         0.000
 L1L1           0.000         0.000         0.000         0.000         0.000
 L2L2           0.000         0.000         0.000         0.000         0.000


           THETA
              C0            C0C0          L1L1          L2L2
              ________      ________      ________      ________
 C0             0.000
 C0C0           0.000         0.000
 L1L1           0.000         0.000         0.000
 L2L2           0.000         0.000         0.000         0.000


           ALPHA
              A1            A2            L1            L2            Y
              ________      ________      ________      ________      ________
                0.000         0.000         0.000         0.000         2.309


           ALPHA
              C0            C0C0          L1L1          L2L2
              ________      ________      ________      ________
                0.000         0.000         0.000         0.000


           BETA
              A1            A2            L1            L2            Y
              ________      ________      ________      ________      ________
 A1             0.000         0.000         0.000         0.000         0.000
 A2             0.000         0.000         0.000         0.000         0.000
 L1             0.000         0.000         0.000         0.000         0.000
 L2             0.400         0.000         0.300         0.000         0.000
 Y              0.200         0.400         0.150         0.300         0.000
 C0             0.000         0.000         0.000         0.000         0.000
 C0C0           0.000         0.000         0.000         0.000         0.000
 L1L1           0.000         0.000         0.000         0.000         0.000
 L2L2           0.000         0.000         0.000         0.000         0.000


           BETA
              C0            C0C0          L1L1          L2L2
              ________      ________      ________      ________
 A1             0.000         0.000         0.000         0.000
 A2             0.000         0.000         0.000         0.000
 L1             0.100         0.100         0.000         0.000
 L2             0.100         0.100         0.150         0.000
 Y              0.100         0.100         0.150         0.300
 C0             0.000         0.000         0.000         0.000
 C0C0           0.000         0.000         0.000         0.000
 L1L1           0.000         0.000         0.000         0.000
 L2L2           0.000         0.000         0.000         0.000


           PSI
              A1            A2            L1            L2            Y
              ________      ________      ________      ________      ________
 A1             1.000
 A2             0.000         1.000
 L1             0.000         0.000         0.500
 L2             0.000         0.000         0.000         0.500
 Y              0.000         0.000         0.000         0.000         0.500
 C0             0.000         0.000         0.000         0.000         0.000
 C0C0           0.000         0.000         0.000         0.000         0.000
 L1L1           0.000         0.000         0.000         0.000         0.000
 L2L2           0.000         0.000         0.000         0.000         0.000


           PSI
              C0            C0C0          L1L1          L2L2
              ________      ________      ________      ________
 C0             0.500
 C0C0           0.000         0.500
 L1L1           0.000         0.000         0.500
 L2L2           0.000         0.000         0.000         0.500


     STARTING VALUES FOR THE ADDITIONAL PARAMETERS


           NEW/ADDITIONAL PARAMETERS
              JTE_A1        AVN
              ________      ________
                0.320         0.720


RESULTS SAVING INFORMATION

  Order of data

    Replication number
    Parameter estimates
     (saved in order shown in Technical 1 output)
    Standard errors
     (saved in order shown in Technical 1 output)
    Number of Free Parameters
    H0 Loglikelihood
    Akaike (AIC)
    Bayesian (BIC)
    Sample-Size Adjusted BIC
    Entropy
    Condition Number

  Save file
    results_correct_condition29.dat

  Save file format           Free


     Beginning Time:  17:14:21
        Ending Time:  17:15:47
       Elapsed Time:  00:01:26



MUTHEN & MUTHEN
3463 Stoner Ave.
Los Angeles, CA  90066

Tel: (310) 391-9971
Fax: (310) 391-8971
Web: www.StatModel.com
Support: Support@StatModel.com

Copyright (c) 1998-2024 Muthen & Muthen
